TIME: 2025-12-11 18:47:06.319525
--- FULL USER INPUT ---

        "*** YOUR PROMPT HERE ***" 
            请输出SOUTH
            
        
输出最终行动，格式必须严格如下：<action>行动</action>。其中"行动"必须是以下之一: North, South, East, West, Stop
 例如：<action>North</action>
--- RESPONSE ---
<action>South</action>
--- ACTION ---
South
------------------------------
TIME: 2025-12-11 18:47:06.691075
--- FULL USER INPUT ---

        "*** YOUR PROMPT HERE ***" 
            请输出SOUTH
            
        
输出最终行动，格式必须严格如下：<action>行动</action>。其中"行动"必须是以下之一: North, South, East, West, Stop
 例如：<action>North</action>
--- RESPONSE ---
<action>South</action>
--- ACTION ---
South
------------------------------
TIME: 2025-12-11 18:47:07.075678
--- FULL USER INPUT ---

        "*** YOUR PROMPT HERE ***" 
            请输出SOUTH
            
        
输出最终行动，格式必须严格如下：<action>行动</action>。其中"行动"必须是以下之一: North, South, East, West, Stop
 例如：<action>North</action>
--- RESPONSE ---
<action>South</action>
--- ACTION ---
South
------------------------------
TIME: 2025-12-11 18:47:07.497655
--- FULL USER INPUT ---

        "*** YOUR PROMPT HERE ***" 
            请输出SOUTH
            
        
输出最终行动，格式必须严格如下：<action>行动</action>。其中"行动"必须是以下之一: North, South, East, West, Stop
 例如：<action>North</action>
--- RESPONSE ---
<action>South</action>
--- ACTION ---
South
------------------------------
TIME: 2025-12-11 18:47:07.817477
--- FULL USER INPUT ---

        "*** YOUR PROMPT HERE ***" 
            请输出SOUTH
            
        
输出最终行动，格式必须严格如下：<action>行动</action>。其中"行动"必须是以下之一: North, South, East, West, Stop
 例如：<action>North</action>
--- RESPONSE ---
<action>South</action>
--- ACTION ---
South
------------------------------
TIME: 2025-12-11 18:47:08.190958
--- FULL USER INPUT ---

        "*** YOUR PROMPT HERE ***" 
            请输出SOUTH
            
        
输出最终行动，格式必须严格如下：<action>行动</action>。其中"行动"必须是以下之一: North, South, East, West, Stop
 例如：<action>North</action>
--- RESPONSE ---
<action>South</action>
--- ACTION ---
South
------------------------------
TIME: 2025-12-11 18:47:08.526637
--- FULL USER INPUT ---

        "*** YOUR PROMPT HERE ***" 
            请输出SOUTH
            
        
输出最终行动，格式必须严格如下：<action>行动</action>。其中"行动"必须是以下之一: North, South, East, West, Stop
 例如：<action>North</action>
--- RESPONSE ---
<action>South</action>
--- ACTION ---
South
------------------------------
TIME: 2025-12-11 18:47:08.903692
--- FULL USER INPUT ---

        "*** YOUR PROMPT HERE ***" 
            请输出SOUTH
            
        
输出最终行动，格式必须严格如下：<action>行动</action>。其中"行动"必须是以下之一: North, South, East, West, Stop
 例如：<action>North</action>
--- RESPONSE ---
<action>South</action>
--- ACTION ---
South
------------------------------
TIME: 2025-12-11 18:47:09.240756
--- FULL USER INPUT ---

        "*** YOUR PROMPT HERE ***" 
            请输出SOUTH
            
        
输出最终行动，格式必须严格如下：<action>行动</action>。其中"行动"必须是以下之一: North, South, East, West, Stop
 例如：<action>North</action>
--- RESPONSE ---
<action>South</action>
--- ACTION ---
South
------------------------------
TIME: 2025-12-11 18:47:09.567401
--- FULL USER INPUT ---

        "*** YOUR PROMPT HERE ***" 
            请输出SOUTH
            
        
输出最终行动，格式必须严格如下：<action>行动</action>。其中"行动"必须是以下之一: North, South, East, West, Stop
 例如：<action>North</action>
--- RESPONSE ---
<action>South</action>
--- ACTION ---
South
------------------------------
TIME: 2025-12-11 18:47:09.904654
--- FULL USER INPUT ---

        "*** YOUR PROMPT HERE ***" 
            请输出SOUTH
            
        
输出最终行动，格式必须严格如下：<action>行动</action>。其中"行动"必须是以下之一: North, South, East, West, Stop
 例如：<action>North</action>
--- RESPONSE ---
<action>South</action>
--- ACTION ---
South
------------------------------
TIME: 2025-12-11 18:47:10.430455
--- FULL USER INPUT ---

        "*** YOUR PROMPT HERE ***" 
            请输出SOUTH
            
        
输出最终行动，格式必须严格如下：<action>行动</action>。其中"行动"必须是以下之一: North, South, East, West, Stop
 例如：<action>North</action>
--- RESPONSE ---
<action>South</action>
--- ACTION ---
South
------------------------------
TIME: 2025-12-11 18:47:10.809837
--- FULL USER INPUT ---

        "*** YOUR PROMPT HERE ***" 
            请输出SOUTH
            
        
输出最终行动，格式必须严格如下：<action>行动</action>。其中"行动"必须是以下之一: North, South, East, West, Stop
 例如：<action>North</action>
--- RESPONSE ---
<action>South</action>
--- ACTION ---
South
------------------------------
TIME: 2025-12-11 18:47:11.158243
--- FULL USER INPUT ---

        "*** YOUR PROMPT HERE ***" 
            请输出SOUTH
            
        
输出最终行动，格式必须严格如下：<action>行动</action>。其中"行动"必须是以下之一: North, South, East, West, Stop
 例如：<action>North</action>
--- RESPONSE ---
<action>South</action>
--- ACTION ---
South
------------------------------
