TIME: 2025-12-03 17:35:23.568916
--- FULL USER INPUT ---

        "*** YOUR PROMPT HERE ***" 
        你现在是一个吃豆人。你要在避开ghosts的前提下，吃掉图中的所有食物。
        这个是当前的游戏数据：
        {'layout_list': ['(0,0)=Wall,(1,0)=Wall,(2,0)=Wall,(3,0)=Wall,(4,0)=Wall,(5,0)=Wall,(6,0)=Wall', '(0,1)=Wall,(1,1)=Empty,(2,1)=Pacman,(3,1)=Empty,(4,1)=Empty,(5,1)=Empty,(6,1)=Wall', '(0,2)=Wall,(1,2)=Empty,(2,2)=Wall,(3,2)=Wall,(4,2)=Wall,(5,2)=Empty,(6,2)=Wall', '(0,3)=Wall,(1,3)=Empty,(2,3)=Wall,(3,3)=Food,(4,3)=Empty,(5,3)=Empty,(6,3)=Wall', '(0,4)=Wall,(1,4)=Empty,(2,4)=Wall,(3,4)=Wall,(4,4)=Wall,(5,4)=Empty,(6,4)=Wall', '(0,5)=Wall,(1,5)=Food,(2,5)=Empty,(3,5)=Ghost1,(4,5)=Empty,(5,5)=Empty,(6,5)=Wall', '(0,6)=Wall,(1,6)=Wall,(2,6)=Wall,(3,6)=Wall,(4,6)=Wall,(5,6)=Wall,(6,6)=Wall'], 'pacman_pos': [2, 1], 'ghost_pos': [[3, 5]], 'score': 0.0, 'food_count': 2, 'legal_actions': ['West', 'Stop', 'East']}
        1. layout_list: (List of Strings) ["(0,0)=Wall", "(1,0)=Pacman"...]
        2. pacman_pos: (List of Integers) [x, y]
        3. ghost_pos: (List of Lists) [[x, y], [x, y]]
        4. score: (Integer)
        5. food_count: (Integer)
        6. legal_actions: (List of Strings) ['North', 'South', ...]
        你的思路应该如下：
        1. ghosts在我旁边了吗？
            - 如果是，那么请你往原理ghosts的方向走，直接返回最终行动
            - 如果否，考虑下面的要点
        2. 食物在我旁边了吗？
            - 如果是，可以直接走到食物的格子
            - 如果否，可以向靠近食物的方向行走。
        好的请遵守游戏规则，并且牢记你的两个目标，完成任务吧。
        
输出最终行动，格式必须严格如下：<action>行动</action>。其中"行动"必须是以下之一: North, South, East, West, Stop
 例如：<action>North</action>
--- RESPONSE ---
<action>East</action>
--- ACTION ---
East
------------------------------
TIME: 2025-12-03 17:35:24.000395
--- FULL USER INPUT ---

        "*** YOUR PROMPT HERE ***" 
        你现在是一个吃豆人。你要在避开ghosts的前提下，吃掉图中的所有食物。
        这个是当前的游戏数据：
        {'layout_list': ['(0,0)=Wall,(1,0)=Wall,(2,0)=Wall,(3,0)=Wall,(4,0)=Wall,(5,0)=Wall,(6,0)=Wall', '(0,1)=Wall,(1,1)=Empty,(2,1)=Empty,(3,1)=Pacman,(4,1)=Empty,(5,1)=Empty,(6,1)=Wall', '(0,2)=Wall,(1,2)=Empty,(2,2)=Wall,(3,2)=Wall,(4,2)=Wall,(5,2)=Empty,(6,2)=Wall', '(0,3)=Wall,(1,3)=Empty,(2,3)=Wall,(3,3)=Food,(4,3)=Empty,(5,3)=Empty,(6,3)=Wall', '(0,4)=Wall,(1,4)=Empty,(2,4)=Wall,(3,4)=Wall,(4,4)=Wall,(5,4)=Empty,(6,4)=Wall', '(0,5)=Wall,(1,5)=Food,(2,5)=Ghost1,(3,5)=Empty,(4,5)=Empty,(5,5)=Empty,(6,5)=Wall', '(0,6)=Wall,(1,6)=Wall,(2,6)=Wall,(3,6)=Wall,(4,6)=Wall,(5,6)=Wall,(6,6)=Wall'], 'pacman_pos': [3, 1], 'ghost_pos': [[2, 5]], 'score': -1.0, 'food_count': 2, 'legal_actions': ['West', 'Stop', 'East']}
        1. layout_list: (List of Strings) ["(0,0)=Wall", "(1,0)=Pacman"...]
        2. pacman_pos: (List of Integers) [x, y]
        3. ghost_pos: (List of Lists) [[x, y], [x, y]]
        4. score: (Integer)
        5. food_count: (Integer)
        6. legal_actions: (List of Strings) ['North', 'South', ...]
        你的思路应该如下：
        1. ghosts在我旁边了吗？
            - 如果是，那么请你往原理ghosts的方向走，直接返回最终行动
            - 如果否，考虑下面的要点
        2. 食物在我旁边了吗？
            - 如果是，可以直接走到食物的格子
            - 如果否，可以向靠近食物的方向行走。
        好的请遵守游戏规则，并且牢记你的两个目标，完成任务吧。
        
输出最终行动，格式必须严格如下：<action>行动</action>。其中"行动"必须是以下之一: North, South, East, West, Stop
 例如：<action>North</action>
--- RESPONSE ---
<action>East</action>
--- ACTION ---
East
------------------------------
TIME: 2025-12-03 17:35:24.424531
--- FULL USER INPUT ---

        "*** YOUR PROMPT HERE ***" 
        你现在是一个吃豆人。你要在避开ghosts的前提下，吃掉图中的所有食物。
        这个是当前的游戏数据：
        {'layout_list': ['(0,0)=Wall,(1,0)=Wall,(2,0)=Wall,(3,0)=Wall,(4,0)=Wall,(5,0)=Wall,(6,0)=Wall', '(0,1)=Wall,(1,1)=Empty,(2,1)=Empty,(3,1)=Empty,(4,1)=Pacman,(5,1)=Empty,(6,1)=Wall', '(0,2)=Wall,(1,2)=Empty,(2,2)=Wall,(3,2)=Wall,(4,2)=Wall,(5,2)=Empty,(6,2)=Wall', '(0,3)=Wall,(1,3)=Empty,(2,3)=Wall,(3,3)=Food,(4,3)=Empty,(5,3)=Empty,(6,3)=Wall', '(0,4)=Wall,(1,4)=Empty,(2,4)=Wall,(3,4)=Wall,(4,4)=Wall,(5,4)=Empty,(6,4)=Wall', '(0,5)=Wall,(1,5)=Ghost1,(2,5)=Empty,(3,5)=Empty,(4,5)=Empty,(5,5)=Empty,(6,5)=Wall', '(0,6)=Wall,(1,6)=Wall,(2,6)=Wall,(3,6)=Wall,(4,6)=Wall,(5,6)=Wall,(6,6)=Wall'], 'pacman_pos': [4, 1], 'ghost_pos': [[1, 5]], 'score': -2.0, 'food_count': 2, 'legal_actions': ['West', 'Stop', 'East']}
        1. layout_list: (List of Strings) ["(0,0)=Wall", "(1,0)=Pacman"...]
        2. pacman_pos: (List of Integers) [x, y]
        3. ghost_pos: (List of Lists) [[x, y], [x, y]]
        4. score: (Integer)
        5. food_count: (Integer)
        6. legal_actions: (List of Strings) ['North', 'South', ...]
        你的思路应该如下：
        1. ghosts在我旁边了吗？
            - 如果是，那么请你往原理ghosts的方向走，直接返回最终行动
            - 如果否，考虑下面的要点
        2. 食物在我旁边了吗？
            - 如果是，可以直接走到食物的格子
            - 如果否，可以向靠近食物的方向行走。
        好的请遵守游戏规则，并且牢记你的两个目标，完成任务吧。
        
输出最终行动，格式必须严格如下：<action>行动</action>。其中"行动"必须是以下之一: North, South, East, West, Stop
 例如：<action>North</action>
--- RESPONSE ---
<action>West</action>
--- ACTION ---
West
------------------------------
TIME: 2025-12-03 17:35:24.830191
--- FULL USER INPUT ---

        "*** YOUR PROMPT HERE ***" 
        你现在是一个吃豆人。你要在避开ghosts的前提下，吃掉图中的所有食物。
        这个是当前的游戏数据：
        {'layout_list': ['(0,0)=Wall,(1,0)=Wall,(2,0)=Wall,(3,0)=Wall,(4,0)=Wall,(5,0)=Wall,(6,0)=Wall', '(0,1)=Wall,(1,1)=Empty,(2,1)=Empty,(3,1)=Pacman,(4,1)=Empty,(5,1)=Empty,(6,1)=Wall', '(0,2)=Wall,(1,2)=Empty,(2,2)=Wall,(3,2)=Wall,(4,2)=Wall,(5,2)=Empty,(6,2)=Wall', '(0,3)=Wall,(1,3)=Empty,(2,3)=Wall,(3,3)=Food,(4,3)=Empty,(5,3)=Empty,(6,3)=Wall', '(0,4)=Wall,(1,4)=Ghost1,(2,4)=Wall,(3,4)=Wall,(4,4)=Wall,(5,4)=Empty,(6,4)=Wall', '(0,5)=Wall,(1,5)=Food,(2,5)=Empty,(3,5)=Empty,(4,5)=Empty,(5,5)=Empty,(6,5)=Wall', '(0,6)=Wall,(1,6)=Wall,(2,6)=Wall,(3,6)=Wall,(4,6)=Wall,(5,6)=Wall,(6,6)=Wall'], 'pacman_pos': [3, 1], 'ghost_pos': [[1, 4]], 'score': -3.0, 'food_count': 2, 'legal_actions': ['West', 'Stop', 'East']}
        1. layout_list: (List of Strings) ["(0,0)=Wall", "(1,0)=Pacman"...]
        2. pacman_pos: (List of Integers) [x, y]
        3. ghost_pos: (List of Lists) [[x, y], [x, y]]
        4. score: (Integer)
        5. food_count: (Integer)
        6. legal_actions: (List of Strings) ['North', 'South', ...]
        你的思路应该如下：
        1. ghosts在我旁边了吗？
            - 如果是，那么请你往原理ghosts的方向走，直接返回最终行动
            - 如果否，考虑下面的要点
        2. 食物在我旁边了吗？
            - 如果是，可以直接走到食物的格子
            - 如果否，可以向靠近食物的方向行走。
        好的请遵守游戏规则，并且牢记你的两个目标，完成任务吧。
        
输出最终行动，格式必须严格如下：<action>行动</action>。其中"行动"必须是以下之一: North, South, East, West, Stop
 例如：<action>North</action>
--- RESPONSE ---
<action>East</action>
--- ACTION ---
East
------------------------------
TIME: 2025-12-03 17:35:25.244433
--- FULL USER INPUT ---

        "*** YOUR PROMPT HERE ***" 
        你现在是一个吃豆人。你要在避开ghosts的前提下，吃掉图中的所有食物。
        这个是当前的游戏数据：
        {'layout_list': ['(0,0)=Wall,(1,0)=Wall,(2,0)=Wall,(3,0)=Wall,(4,0)=Wall,(5,0)=Wall,(6,0)=Wall', '(0,1)=Wall,(1,1)=Empty,(2,1)=Empty,(3,1)=Empty,(4,1)=Pacman,(5,1)=Empty,(6,1)=Wall', '(0,2)=Wall,(1,2)=Empty,(2,2)=Wall,(3,2)=Wall,(4,2)=Wall,(5,2)=Empty,(6,2)=Wall', '(0,3)=Wall,(1,3)=Ghost1,(2,3)=Wall,(3,3)=Food,(4,3)=Empty,(5,3)=Empty,(6,3)=Wall', '(0,4)=Wall,(1,4)=Empty,(2,4)=Wall,(3,4)=Wall,(4,4)=Wall,(5,4)=Empty,(6,4)=Wall', '(0,5)=Wall,(1,5)=Food,(2,5)=Empty,(3,5)=Empty,(4,5)=Empty,(5,5)=Empty,(6,5)=Wall', '(0,6)=Wall,(1,6)=Wall,(2,6)=Wall,(3,6)=Wall,(4,6)=Wall,(5,6)=Wall,(6,6)=Wall'], 'pacman_pos': [4, 1], 'ghost_pos': [[1, 3]], 'score': -4.0, 'food_count': 2, 'legal_actions': ['West', 'Stop', 'East']}
        1. layout_list: (List of Strings) ["(0,0)=Wall", "(1,0)=Pacman"...]
        2. pacman_pos: (List of Integers) [x, y]
        3. ghost_pos: (List of Lists) [[x, y], [x, y]]
        4. score: (Integer)
        5. food_count: (Integer)
        6. legal_actions: (List of Strings) ['North', 'South', ...]
        你的思路应该如下：
        1. ghosts在我旁边了吗？
            - 如果是，那么请你往原理ghosts的方向走，直接返回最终行动
            - 如果否，考虑下面的要点
        2. 食物在我旁边了吗？
            - 如果是，可以直接走到食物的格子
            - 如果否，可以向靠近食物的方向行走。
        好的请遵守游戏规则，并且牢记你的两个目标，完成任务吧。
        
输出最终行动，格式必须严格如下：<action>行动</action>。其中"行动"必须是以下之一: North, South, East, West, Stop
 例如：<action>North</action>
--- RESPONSE ---
<action>West</action>
--- ACTION ---
West
------------------------------
TIME: 2025-12-03 17:35:25.645101
--- FULL USER INPUT ---

        "*** YOUR PROMPT HERE ***" 
        你现在是一个吃豆人。你要在避开ghosts的前提下，吃掉图中的所有食物。
        这个是当前的游戏数据：
        {'layout_list': ['(0,0)=Wall,(1,0)=Wall,(2,0)=Wall,(3,0)=Wall,(4,0)=Wall,(5,0)=Wall,(6,0)=Wall', '(0,1)=Wall,(1,1)=Empty,(2,1)=Empty,(3,1)=Pacman,(4,1)=Empty,(5,1)=Empty,(6,1)=Wall', '(0,2)=Wall,(1,2)=Ghost1,(2,2)=Wall,(3,2)=Wall,(4,2)=Wall,(5,2)=Empty,(6,2)=Wall', '(0,3)=Wall,(1,3)=Empty,(2,3)=Wall,(3,3)=Food,(4,3)=Empty,(5,3)=Empty,(6,3)=Wall', '(0,4)=Wall,(1,4)=Empty,(2,4)=Wall,(3,4)=Wall,(4,4)=Wall,(5,4)=Empty,(6,4)=Wall', '(0,5)=Wall,(1,5)=Food,(2,5)=Empty,(3,5)=Empty,(4,5)=Empty,(5,5)=Empty,(6,5)=Wall', '(0,6)=Wall,(1,6)=Wall,(2,6)=Wall,(3,6)=Wall,(4,6)=Wall,(5,6)=Wall,(6,6)=Wall'], 'pacman_pos': [3, 1], 'ghost_pos': [[1, 2]], 'score': -5.0, 'food_count': 2, 'legal_actions': ['West', 'Stop', 'East']}
        1. layout_list: (List of Strings) ["(0,0)=Wall", "(1,0)=Pacman"...]
        2. pacman_pos: (List of Integers) [x, y]
        3. ghost_pos: (List of Lists) [[x, y], [x, y]]
        4. score: (Integer)
        5. food_count: (Integer)
        6. legal_actions: (List of Strings) ['North', 'South', ...]
        你的思路应该如下：
        1. ghosts在我旁边了吗？
            - 如果是，那么请你往原理ghosts的方向走，直接返回最终行动
            - 如果否，考虑下面的要点
        2. 食物在我旁边了吗？
            - 如果是，可以直接走到食物的格子
            - 如果否，可以向靠近食物的方向行走。
        好的请遵守游戏规则，并且牢记你的两个目标，完成任务吧。
        
输出最终行动，格式必须严格如下：<action>行动</action>。其中"行动"必须是以下之一: North, South, East, West, Stop
 例如：<action>North</action>
--- RESPONSE ---
<action>East</action>
--- ACTION ---
East
------------------------------
TIME: 2025-12-03 17:35:26.119033
--- FULL USER INPUT ---

        "*** YOUR PROMPT HERE ***" 
        你现在是一个吃豆人。你要在避开ghosts的前提下，吃掉图中的所有食物。
        这个是当前的游戏数据：
        {'layout_list': ['(0,0)=Wall,(1,0)=Wall,(2,0)=Wall,(3,0)=Wall,(4,0)=Wall,(5,0)=Wall,(6,0)=Wall', '(0,1)=Wall,(1,1)=Ghost1,(2,1)=Empty,(3,1)=Empty,(4,1)=Pacman,(5,1)=Empty,(6,1)=Wall', '(0,2)=Wall,(1,2)=Empty,(2,2)=Wall,(3,2)=Wall,(4,2)=Wall,(5,2)=Empty,(6,2)=Wall', '(0,3)=Wall,(1,3)=Empty,(2,3)=Wall,(3,3)=Food,(4,3)=Empty,(5,3)=Empty,(6,3)=Wall', '(0,4)=Wall,(1,4)=Empty,(2,4)=Wall,(3,4)=Wall,(4,4)=Wall,(5,4)=Empty,(6,4)=Wall', '(0,5)=Wall,(1,5)=Food,(2,5)=Empty,(3,5)=Empty,(4,5)=Empty,(5,5)=Empty,(6,5)=Wall', '(0,6)=Wall,(1,6)=Wall,(2,6)=Wall,(3,6)=Wall,(4,6)=Wall,(5,6)=Wall,(6,6)=Wall'], 'pacman_pos': [4, 1], 'ghost_pos': [[1, 1]], 'score': -6.0, 'food_count': 2, 'legal_actions': ['West', 'Stop', 'East']}
        1. layout_list: (List of Strings) ["(0,0)=Wall", "(1,0)=Pacman"...]
        2. pacman_pos: (List of Integers) [x, y]
        3. ghost_pos: (List of Lists) [[x, y], [x, y]]
        4. score: (Integer)
        5. food_count: (Integer)
        6. legal_actions: (List of Strings) ['North', 'South', ...]
        你的思路应该如下：
        1. ghosts在我旁边了吗？
            - 如果是，那么请你往原理ghosts的方向走，直接返回最终行动
            - 如果否，考虑下面的要点
        2. 食物在我旁边了吗？
            - 如果是，可以直接走到食物的格子
            - 如果否，可以向靠近食物的方向行走。
        好的请遵守游戏规则，并且牢记你的两个目标，完成任务吧。
        
输出最终行动，格式必须严格如下：<action>行动</action>。其中"行动"必须是以下之一: North, South, East, West, Stop
 例如：<action>North</action>
--- RESPONSE ---
<action>East</action>
--- ACTION ---
East
------------------------------
TIME: 2025-12-03 17:35:26.547015
--- FULL USER INPUT ---

        "*** YOUR PROMPT HERE ***" 
        你现在是一个吃豆人。你要在避开ghosts的前提下，吃掉图中的所有食物。
        这个是当前的游戏数据：
        {'layout_list': ['(0,0)=Wall,(1,0)=Wall,(2,0)=Wall,(3,0)=Wall,(4,0)=Wall,(5,0)=Wall,(6,0)=Wall', '(0,1)=Wall,(1,1)=Empty,(2,1)=Ghost1,(3,1)=Empty,(4,1)=Empty,(5,1)=Pacman,(6,1)=Wall', '(0,2)=Wall,(1,2)=Empty,(2,2)=Wall,(3,2)=Wall,(4,2)=Wall,(5,2)=Empty,(6,2)=Wall', '(0,3)=Wall,(1,3)=Empty,(2,3)=Wall,(3,3)=Food,(4,3)=Empty,(5,3)=Empty,(6,3)=Wall', '(0,4)=Wall,(1,4)=Empty,(2,4)=Wall,(3,4)=Wall,(4,4)=Wall,(5,4)=Empty,(6,4)=Wall', '(0,5)=Wall,(1,5)=Food,(2,5)=Empty,(3,5)=Empty,(4,5)=Empty,(5,5)=Empty,(6,5)=Wall', '(0,6)=Wall,(1,6)=Wall,(2,6)=Wall,(3,6)=Wall,(4,6)=Wall,(5,6)=Wall,(6,6)=Wall'], 'pacman_pos': [5, 1], 'ghost_pos': [[2, 1]], 'score': -7.0, 'food_count': 2, 'legal_actions': ['West', 'Stop', 'South']}
        1. layout_list: (List of Strings) ["(0,0)=Wall", "(1,0)=Pacman"...]
        2. pacman_pos: (List of Integers) [x, y]
        3. ghost_pos: (List of Lists) [[x, y], [x, y]]
        4. score: (Integer)
        5. food_count: (Integer)
        6. legal_actions: (List of Strings) ['North', 'South', ...]
        你的思路应该如下：
        1. ghosts在我旁边了吗？
            - 如果是，那么请你往原理ghosts的方向走，直接返回最终行动
            - 如果否，考虑下面的要点
        2. 食物在我旁边了吗？
            - 如果是，可以直接走到食物的格子
            - 如果否，可以向靠近食物的方向行走。
        好的请遵守游戏规则，并且牢记你的两个目标，完成任务吧。
        
输出最终行动，格式必须严格如下：<action>行动</action>。其中"行动"必须是以下之一: North, South, East, West, Stop
 例如：<action>North</action>
--- RESPONSE ---
<action>West</action>
--- ACTION ---
West
------------------------------
TIME: 2025-12-03 17:35:26.956672
--- FULL USER INPUT ---

        "*** YOUR PROMPT HERE ***" 
        你现在是一个吃豆人。你要在避开ghosts的前提下，吃掉图中的所有食物。
        这个是当前的游戏数据：
        {'layout_list': ['(0,0)=Wall,(1,0)=Wall,(2,0)=Wall,(3,0)=Wall,(4,0)=Wall,(5,0)=Wall,(6,0)=Wall', '(0,1)=Wall,(1,1)=Empty,(2,1)=Empty,(3,1)=Ghost1,(4,1)=Pacman,(5,1)=Empty,(6,1)=Wall', '(0,2)=Wall,(1,2)=Empty,(2,2)=Wall,(3,2)=Wall,(4,2)=Wall,(5,2)=Empty,(6,2)=Wall', '(0,3)=Wall,(1,3)=Empty,(2,3)=Wall,(3,3)=Food,(4,3)=Empty,(5,3)=Empty,(6,3)=Wall', '(0,4)=Wall,(1,4)=Empty,(2,4)=Wall,(3,4)=Wall,(4,4)=Wall,(5,4)=Empty,(6,4)=Wall', '(0,5)=Wall,(1,5)=Food,(2,5)=Empty,(3,5)=Empty,(4,5)=Empty,(5,5)=Empty,(6,5)=Wall', '(0,6)=Wall,(1,6)=Wall,(2,6)=Wall,(3,6)=Wall,(4,6)=Wall,(5,6)=Wall,(6,6)=Wall'], 'pacman_pos': [4, 1], 'ghost_pos': [[3, 1]], 'score': -8.0, 'food_count': 2, 'legal_actions': ['West', 'Stop', 'East']}
        1. layout_list: (List of Strings) ["(0,0)=Wall", "(1,0)=Pacman"...]
        2. pacman_pos: (List of Integers) [x, y]
        3. ghost_pos: (List of Lists) [[x, y], [x, y]]
        4. score: (Integer)
        5. food_count: (Integer)
        6. legal_actions: (List of Strings) ['North', 'South', ...]
        你的思路应该如下：
        1. ghosts在我旁边了吗？
            - 如果是，那么请你往原理ghosts的方向走，直接返回最终行动
            - 如果否，考虑下面的要点
        2. 食物在我旁边了吗？
            - 如果是，可以直接走到食物的格子
            - 如果否，可以向靠近食物的方向行走。
        好的请遵守游戏规则，并且牢记你的两个目标，完成任务吧。
        
输出最终行动，格式必须严格如下：<action>行动</action>。其中"行动"必须是以下之一: North, South, East, West, Stop
 例如：<action>North</action>
--- RESPONSE ---
<action>West</action>
--- ACTION ---
West
------------------------------
