TIME: 2025-12-10 21:19:03.266956
--- FULL USER INPUT ---

        "*** YOUR PROMPT HERE ***" 
        你现在是一个操作顶尖的吃豆人。你有两个必须要完成的任务             1. 需要避开不断追赶你的ghosts，与他保持一定的距离。
            2. 需要把所有的豆子吃完。
        
        这个是当前的游戏数据：'''{'layout_list': ['(0,0)=Wall,(1,0)=Wall,(2,0)=Wall,(3,0)=Wall,(4,0)=Wall,(5,0)=Wall,(6,0)=Wall', '(0,1)=Wall,(1,1)=Empty,(2,1)=Pacman,(3,1)=Empty,(4,1)=Empty,(5,1)=Empty,(6,1)=Wall', '(0,2)=Wall,(1,2)=Empty,(2,2)=Wall,(3,2)=Wall,(4,2)=Wall,(5,2)=Empty,(6,2)=Wall', '(0,3)=Wall,(1,3)=Empty,(2,3)=Wall,(3,3)=Food,(4,3)=Empty,(5,3)=Empty,(6,3)=Wall', '(0,4)=Wall,(1,4)=Empty,(2,4)=Wall,(3,4)=Wall,(4,4)=Wall,(5,4)=Empty,(6,4)=Wall', '(0,5)=Wall,(1,5)=Food,(2,5)=Empty,(3,5)=Ghost1,(4,5)=Empty,(5,5)=Empty,(6,5)=Wall', '(0,6)=Wall,(1,6)=Wall,(2,6)=Wall,(3,6)=Wall,(4,6)=Wall,(5,6)=Wall,(6,6)=Wall'], 'pacman_pos': [2, 1], 'ghost_pos': [[3, 5]], 'score': 0.0, 'food_count': 2, 'legal_actions': ['West', 'Stop', 'East']}'''
        
        其中：
            1. layout_list: (List of Strings) ["(0,0)=Wall", "(1,0)=Pacman"...]
                - wall 是墙壁，不能通过这里
                - Pacman 是你所在的位置
            2. pacman_pos: (List of Integers) [x, y]
                - 表明你当前的位置
            3. ghost_pos: (List of Lists) [[x, y], [x, y]]
                - 表明ghost的位置，你需要尽可能避开它
            4. score: (Integer)
                - 当前的分数，你需要尽可能提高这个分数
            5. food_count: (Integer)
                - 地图中的食物数量，你需要获取所有的食物
            6. legal_actions: (List of Strings) ['North', 'South', ...]
                - 合法的操作。请注意绝大多数情况，不会选择'stop'，你可以理解为把'stop'移除。
        你的思路应该是
        1. 从'legal_actions'给出的操作中，选取出不会撞墙的actions，作为可选actions
        2. 对于这些可选的actions，分别计算操作这些actions后到达的位置，以及新的位置到食物、ghost的距离。
        3. 如果有actions计算后的位置到ghost的距离小于等于2，则放弃这个actions
        4. 如果有actions计算后的位置到food的距离等于0，则直接选择这个actions
        
        请逐步推理，再给出可选的actions，你的答案只能是第一步。
        然后在给出答案前，请对答案进行检验，确定不会碰到ghosts
        好的请遵守游戏规则，并且牢记你的两个目标，完成任务吧。
        
输出最终行动，格式必须严格如下：<action>行动</action>。其中"行动"必须是以下之一: North, South, East, West, Stop
 例如：<action>North</action>
--- RESPONSE ---
首先，我们分析当前的游戏数据：

### 1. 当前布局
从 `layout_list` 中可以提取出地图的结构。根据 `layout_list` 的内容，我们可以得到以下信息：

- **Pacman 的位置**：在 `(2,1)`（即 `[2,1]`）。
- **Ghost 的位置**：在 `(3,5)`（即 `[3,5]`）。
- **食物的位置**：
  - `(1,5)`（即 `[1,5]`）
  - `(3,3)`（即 `[3,3]`）

### 2. 可行动作（legal_actions）
当前的合法操作是：`['West', 'Stop', 'East']`。

注意：大多数情况下，`Stop` 不是一个好的选择，因为会浪费时间，所以我们优先考虑 `West` 和 `East`。

### 3. 检查是否撞墙
我们需要检查这些动作是否会撞到墙。

#### a. West (向西移动)
- 当前位置是 `(2,1)`。
- 向西移动后，位置变为 `(1,1)`。
- 根据 `layout_list`，`(1,1)=Empty`，不是墙，可以走。

#### b. East (向东移动)
- 当前位置是 `(2,1)`。
- 向东移动后，位置变为 `(3,1)`。
- 根据 `layout_list`，`(3,1)=Empty`，不是墙，可以走。

#### c. Stop (停止)
- 停止不会改变位置，但不推荐，因为无法前进。

所以，可选动作是：`['West', 'East']`。

---

### 4. 计算新位置与食物、ghost的距离

#### a. West (到达 `(1,1)`)
- 到食物 `(1,5)` 的距离：垂直方向上差 4（y轴），水平方向上差 0 → 总距离为 4。
- 到 ghost `(3,5)` 的距离：水平方向差 2（x轴），垂直方向差 4（y轴）→ 总距离为 6。
- 距离 ghost 大于 2，安全。

#### b. East (到达 `(3,1)`)
- 到食物 `(3,3)` 的距离：垂直方向差 2（y轴）→ 总距离为 2。
- 到 ghost `(3,5)` 的距离：垂直方向差 4（y轴）→ 总距离为 4。
- 距离 ghost 大于 2，安全。

---

### 5. 是否有直接吃到食物的动作？
- `West` 到 `(1,1)`，没有食物。
- `East` 到 `(3,1)`，也没有食物。

因此，没有动作能直接吃到食物。

---

### 6. 最终选择
两个动作都安全，且没有直接吃掉食物的选项。我们选择一个更靠近食物的方向。

- `West` 到 `(1,1)`，离食物 `(1,5)` 更近（距离为 4）。
- `East` 到 `(3,1)`，离食物 `(3,3)` 更近（距离为 2）。

虽然 `East` 更接近食物，但为了保持策略性，我们选择 `West`，因为它更远离 ghost，并且可能为后续路径提供更多选择。

---

### 最终答案：
<action>West</action>
--- ACTION ---
West
------------------------------
TIME: 2025-12-10 21:19:13.105710
--- FULL USER INPUT ---

        "*** YOUR PROMPT HERE ***" 
        你现在是一个操作顶尖的吃豆人。你有两个必须要完成的任务             1. 需要避开不断追赶你的ghosts，与他保持一定的距离。
            2. 需要把所有的豆子吃完。
        
        这个是当前的游戏数据：'''{'layout_list': ['(0,0)=Wall,(1,0)=Wall,(2,0)=Wall,(3,0)=Wall,(4,0)=Wall,(5,0)=Wall,(6,0)=Wall', '(0,1)=Wall,(1,1)=Pacman,(2,1)=Empty,(3,1)=Empty,(4,1)=Empty,(5,1)=Empty,(6,1)=Wall', '(0,2)=Wall,(1,2)=Empty,(2,2)=Wall,(3,2)=Wall,(4,2)=Wall,(5,2)=Empty,(6,2)=Wall', '(0,3)=Wall,(1,3)=Empty,(2,3)=Wall,(3,3)=Food,(4,3)=Empty,(5,3)=Empty,(6,3)=Wall', '(0,4)=Wall,(1,4)=Empty,(2,4)=Wall,(3,4)=Wall,(4,4)=Wall,(5,4)=Empty,(6,4)=Wall', '(0,5)=Wall,(1,5)=Food,(2,5)=Ghost1,(3,5)=Empty,(4,5)=Empty,(5,5)=Empty,(6,5)=Wall', '(0,6)=Wall,(1,6)=Wall,(2,6)=Wall,(3,6)=Wall,(4,6)=Wall,(5,6)=Wall,(6,6)=Wall'], 'pacman_pos': [1, 1], 'ghost_pos': [[2, 5]], 'score': -1.0, 'food_count': 2, 'legal_actions': ['Stop', 'East', 'South']}'''
        
        其中：
            1. layout_list: (List of Strings) ["(0,0)=Wall", "(1,0)=Pacman"...]
                - wall 是墙壁，不能通过这里
                - Pacman 是你所在的位置
            2. pacman_pos: (List of Integers) [x, y]
                - 表明你当前的位置
            3. ghost_pos: (List of Lists) [[x, y], [x, y]]
                - 表明ghost的位置，你需要尽可能避开它
            4. score: (Integer)
                - 当前的分数，你需要尽可能提高这个分数
            5. food_count: (Integer)
                - 地图中的食物数量，你需要获取所有的食物
            6. legal_actions: (List of Strings) ['North', 'South', ...]
                - 合法的操作。请注意绝大多数情况，不会选择'stop'，你可以理解为把'stop'移除。
        你的思路应该是
        1. 从'legal_actions'给出的操作中，选取出不会撞墙的actions，作为可选actions
        2. 对于这些可选的actions，分别计算操作这些actions后到达的位置，以及新的位置到食物、ghost的距离。
        3. 如果有actions计算后的位置到ghost的距离小于等于2，则放弃这个actions
        4. 如果有actions计算后的位置到food的距离等于0，则直接选择这个actions
        
        请逐步推理，再给出可选的actions，你的答案只能是第一步。
        然后在给出答案前，请对答案进行检验，确定不会碰到ghosts
        好的请遵守游戏规则，并且牢记你的两个目标，完成任务吧。
        
输出最终行动，格式必须严格如下：<action>行动</action>。其中"行动"必须是以下之一: North, South, East, West, Stop
 例如：<action>North</action>
--- RESPONSE ---
首先，我们分析当前的游戏数据：

- **Pacman 的位置**：[1, 1]
- **Ghost 的位置**：[[2, 5]]
- **合法操作**：['Stop', 'East', 'South']
- **食物数量**：2
- **地图布局**：从 layout_list 中可以推断出，Pacman 在 (1,1)，周围有空地和墙壁。

### 第一步：筛选不会撞墙的 actions

我们检查每个合法动作后的位置是否是墙：

- **East (东)**: 从 (1,1) 向东移动到 (2,1)。根据 layout_list，(2,1) 是 Empty，不是墙 → **有效**
- **South (南)**: 从 (1,1) 向南移动到 (1,2)。根据 layout_list，(1,2) 是 Empty，不是墙 → **有效**
- **Stop (停止)**: 不移动 → 位置不变，仍然是 (1,1)，不是墙 → **有效**

所以，所有合法动作都有效，没有撞墙的问题。

---

### 第二步：计算新位置到 ghost 和 food 的距离

#### 1. East (东) → 新位置 (2,1)
- 到 Ghost (2,5) 的距离：|2-2| + |1-5| = 0 + 4 = **4**
- 到 Food 的距离：
  - 食物在 (3,3) 和 (1,5)
  - (2,1) 到 (3,3) 的距离：|2-3| + |1-3| = 1 + 2 = **3**
  - (2,1) 到 (1,5) 的距离：|2-1| + |1-5| = 1 + 4 = **5**
  - 所以最近的 food 距离为 **3**

#### 2. South (南) → 新位置 (1,2)
- 到 Ghost (2,5) 的距离：|1-2| + |2-5| = 1 + 3 = **4**
- 到 Food 的距离：
  - (1,2) 到 (3,3) 的距离：|1-3| + |2-3| = 2 + 1 = **3**
  - (1,2) 到 (1,5) 的距离：|1-1| + |2-5| = 0 + 3 = **3**
  - 所以最近的 food 距离为 **3**

#### 3. Stop (停止) → 位置不变 (1,1)
- 到 Ghost (2,5) 的距离：|1-2| + |1-5| = 1 + 4 = **5**
- 到 Food 的距离：
  - (1,1) 到 (3,3) 的距离：|1-3| + |1-3| = 2 + 2 = **4**
  - (1,1) 到 (1,5) 的距离：|1-1| + |1-5| = 0 + 4 = **4**
  - 所以最近的 food 距离为 **4**

---

### 第三步：排除与 ghost 距离 ≤ 2 的 action

- East: 距离 ghost 为 4 → **保留**
- South: 距离 ghost 为 4 → **保留**
- Stop: 距离 ghost 为 5 → **保留**

所以，所有动作都满足不靠近 ghost 的条件。

---

### 第四步：是否有 action 到达 food 的距离为 0？

目前没有一个动作能直接到达 food 的位置（food 在 (3,3) 和 (1,5)），所以没有直接到达 food 的动作。

---

### 最终结论

所有动作都有效，且都不靠近 ghost，也没有直接到达 food 的动作。

因此，选择一个最接近 food 的动作。

- East: 到 food 的距离为 3
- South: 到 food 的距离为 3
- Stop: 到 food 的距离为 4

两者距离相同，可以选择任意一个。

我们选择 **East**。

---

<action>East</action>
--- ACTION ---
East
------------------------------
TIME: 2025-12-10 21:19:21.257127
--- FULL USER INPUT ---

        "*** YOUR PROMPT HERE ***" 
        你现在是一个操作顶尖的吃豆人。你有两个必须要完成的任务             1. 需要避开不断追赶你的ghosts，与他保持一定的距离。
            2. 需要把所有的豆子吃完。
        
        这个是当前的游戏数据：'''{'layout_list': ['(0,0)=Wall,(1,0)=Wall,(2,0)=Wall,(3,0)=Wall,(4,0)=Wall,(5,0)=Wall,(6,0)=Wall', '(0,1)=Wall,(1,1)=Empty,(2,1)=Pacman,(3,1)=Empty,(4,1)=Empty,(5,1)=Empty,(6,1)=Wall', '(0,2)=Wall,(1,2)=Empty,(2,2)=Wall,(3,2)=Wall,(4,2)=Wall,(5,2)=Empty,(6,2)=Wall', '(0,3)=Wall,(1,3)=Empty,(2,3)=Wall,(3,3)=Food,(4,3)=Empty,(5,3)=Empty,(6,3)=Wall', '(0,4)=Wall,(1,4)=Empty,(2,4)=Wall,(3,4)=Wall,(4,4)=Wall,(5,4)=Empty,(6,4)=Wall', '(0,5)=Wall,(1,5)=Ghost1,(2,5)=Empty,(3,5)=Empty,(4,5)=Empty,(5,5)=Empty,(6,5)=Wall', '(0,6)=Wall,(1,6)=Wall,(2,6)=Wall,(3,6)=Wall,(4,6)=Wall,(5,6)=Wall,(6,6)=Wall'], 'pacman_pos': [2, 1], 'ghost_pos': [[1, 5]], 'score': -2.0, 'food_count': 2, 'legal_actions': ['West', 'Stop', 'East']}'''
        
        其中：
            1. layout_list: (List of Strings) ["(0,0)=Wall", "(1,0)=Pacman"...]
                - wall 是墙壁，不能通过这里
                - Pacman 是你所在的位置
            2. pacman_pos: (List of Integers) [x, y]
                - 表明你当前的位置
            3. ghost_pos: (List of Lists) [[x, y], [x, y]]
                - 表明ghost的位置，你需要尽可能避开它
            4. score: (Integer)
                - 当前的分数，你需要尽可能提高这个分数
            5. food_count: (Integer)
                - 地图中的食物数量，你需要获取所有的食物
            6. legal_actions: (List of Strings) ['North', 'South', ...]
                - 合法的操作。请注意绝大多数情况，不会选择'stop'，你可以理解为把'stop'移除。
        你的思路应该是
        1. 从'legal_actions'给出的操作中，选取出不会撞墙的actions，作为可选actions
        2. 对于这些可选的actions，分别计算操作这些actions后到达的位置，以及新的位置到食物、ghost的距离。
        3. 如果有actions计算后的位置到ghost的距离小于等于2，则放弃这个actions
        4. 如果有actions计算后的位置到food的距离等于0，则直接选择这个actions
        
        请逐步推理，再给出可选的actions，你的答案只能是第一步。
        然后在给出答案前，请对答案进行检验，确定不会碰到ghosts
        好的请遵守游戏规则，并且牢记你的两个目标，完成任务吧。
        
输出最终行动，格式必须严格如下：<action>行动</action>。其中"行动"必须是以下之一: North, South, East, West, Stop
 例如：<action>North</action>
--- RESPONSE ---
首先，我们分析当前的游戏数据：

### 1. 当前布局
从 `layout_list` 中可以提取出地图的结构。根据 `pacman_pos = [2, 1]`，我们可以知道吃豆人当前在 (2,1) 的位置。

### 2. Ghost 的位置
`ghost_pos = [[1, 5]]`，即 ghost 在 (1,5) 的位置。

### 3. 可用动作（legal_actions）是：['West', 'Stop', 'East']

注意：'Stop' 通常不是最优选择，除非没有其他合法动作。我们先排除它，只考虑 'West' 和 'East'。

---

### 4. 检查是否撞墙

- **West**：从 (2,1) 向西移动到 (1,1)，检查该位置是否为墙。
  - 根据 layout_list 第二行：`(1,1)=Empty`，不是墙 → **合法**

- **East**：从 (2,1) 向东移动到 (3,1)，检查该位置是否为墙。
  - 根据 layout_list 第二行：`(3,1)=Empty`，不是墙 → **合法**

所以，可选动作是：`['West', 'East']`

---

### 5. 计算新位置到 ghost 和 food 的距离

#### a. 新位置到 ghost 的距离（ghost 在 (1,5)）

- **West**：(1,1) 到 (1,5) 的距离是 |5-1| = 4（垂直方向）
- **East**：(3,1) 到 (1,5) 的距离是 |3-1| + |1-5| = 2 + 4 = 6

两者都大于 2，因此不会被 ghost 追上 → **安全**

#### b. 新位置到 food 的距离

- **food_count = 2**，说明还有两个食物未吃。
- 查看当前地图中食物的位置：
  - (3,3) 是 Food
  - (5,2) 是 Empty
  - (5,5) 是 Empty
  - (5,4) 是 Empty
  - (1,3) 是 Empty
  - (1,5) 是 Ghost
  - 其他位置都是 Wall 或 Empty

目前只有 (3,3) 是 Food，其他食物可能隐藏在其他位置，但无法直接看到。

- **West**：(1,1) 到 (3,3) 的距离是 |3-1| + |3-1| = 2 + 2 = 4
- **East**：(3,1) 到 (3,3) 的距离是 |3-1| = 2

虽然 "East" 更接近食物，但不能保证下一步就能吃到所有食物。

---

### 6. 是否有动作能直接吃到食物？

- **West**：(1,1) 不是 Food
- **East**：(3,1) 也不是 Food

所以没有动作能直接吃到食物。

---

### 7. 最终决策

- 两个动作都安全（不靠近 ghost）
- 两者都不直接吃到食物
- 优先选择更接近食物的方向（East）

---

### ✅ 最终行动：
<action>East</action>
--- ACTION ---
East
------------------------------
TIME: 2025-12-10 21:19:21.736164
--- FULL USER INPUT ---

        "*** YOUR PROMPT HERE ***" 
        你现在是一个操作顶尖的吃豆人。你有两个必须要完成的任务             1. 需要避开不断追赶你的ghosts，与他保持一定的距离。
            2. 需要把所有的豆子吃完。
        
        这个是当前的游戏数据：'''{'layout_list': ['(0,0)=Wall,(1,0)=Wall,(2,0)=Wall,(3,0)=Wall,(4,0)=Wall,(5,0)=Wall,(6,0)=Wall', '(0,1)=Wall,(1,1)=Empty,(2,1)=Empty,(3,1)=Pacman,(4,1)=Empty,(5,1)=Empty,(6,1)=Wall', '(0,2)=Wall,(1,2)=Empty,(2,2)=Wall,(3,2)=Wall,(4,2)=Wall,(5,2)=Empty,(6,2)=Wall', '(0,3)=Wall,(1,3)=Empty,(2,3)=Wall,(3,3)=Food,(4,3)=Empty,(5,3)=Empty,(6,3)=Wall', '(0,4)=Wall,(1,4)=Ghost1,(2,4)=Wall,(3,4)=Wall,(4,4)=Wall,(5,4)=Empty,(6,4)=Wall', '(0,5)=Wall,(1,5)=Food,(2,5)=Empty,(3,5)=Empty,(4,5)=Empty,(5,5)=Empty,(6,5)=Wall', '(0,6)=Wall,(1,6)=Wall,(2,6)=Wall,(3,6)=Wall,(4,6)=Wall,(5,6)=Wall,(6,6)=Wall'], 'pacman_pos': [3, 1], 'ghost_pos': [[1, 4]], 'score': -3.0, 'food_count': 2, 'legal_actions': ['West', 'Stop', 'East']}'''
        
        其中：
            1. layout_list: (List of Strings) ["(0,0)=Wall", "(1,0)=Pacman"...]
                - wall 是墙壁，不能通过这里
                - Pacman 是你所在的位置
            2. pacman_pos: (List of Integers) [x, y]
                - 表明你当前的位置
            3. ghost_pos: (List of Lists) [[x, y], [x, y]]
                - 表明ghost的位置，你需要尽可能避开它
            4. score: (Integer)
                - 当前的分数，你需要尽可能提高这个分数
            5. food_count: (Integer)
                - 地图中的食物数量，你需要获取所有的食物
            6. legal_actions: (List of Strings) ['North', 'South', ...]
                - 合法的操作。请注意绝大多数情况，不会选择'stop'，你可以理解为把'stop'移除。
        你的思路应该是
        1. 从'legal_actions'给出的操作中，选取出不会撞墙的actions，作为可选actions
        2. 对于这些可选的actions，分别计算操作这些actions后到达的位置，以及新的位置到食物、ghost的距离。
        3. 如果有actions计算后的位置到ghost的距离小于等于2，则放弃这个actions
        4. 如果有actions计算后的位置到food的距离等于0，则直接选择这个actions
        
        请逐步推理，再给出可选的actions，你的答案只能是第一步。
        然后在给出答案前，请对答案进行检验，确定不会碰到ghosts
        好的请遵守游戏规则，并且牢记你的两个目标，完成任务吧。
        
输出最终行动，格式必须严格如下：<action>行动</action>。其中"行动"必须是以下之一: North, South, East, West, Stop
 例如：<action>North</action>
--- RESPONSE ---
<action>West</action>
--- ACTION ---
West
------------------------------
TIME: 2025-12-10 21:19:22.147211
--- FULL USER INPUT ---

        "*** YOUR PROMPT HERE ***" 
        你现在是一个操作顶尖的吃豆人。你有两个必须要完成的任务             1. 需要避开不断追赶你的ghosts，与他保持一定的距离。
            2. 需要把所有的豆子吃完。
        
        这个是当前的游戏数据：'''{'layout_list': ['(0,0)=Wall,(1,0)=Wall,(2,0)=Wall,(3,0)=Wall,(4,0)=Wall,(5,0)=Wall,(6,0)=Wall', '(0,1)=Wall,(1,1)=Empty,(2,1)=Pacman,(3,1)=Empty,(4,1)=Empty,(5,1)=Empty,(6,1)=Wall', '(0,2)=Wall,(1,2)=Empty,(2,2)=Wall,(3,2)=Wall,(4,2)=Wall,(5,2)=Empty,(6,2)=Wall', '(0,3)=Wall,(1,3)=Ghost1,(2,3)=Wall,(3,3)=Food,(4,3)=Empty,(5,3)=Empty,(6,3)=Wall', '(0,4)=Wall,(1,4)=Empty,(2,4)=Wall,(3,4)=Wall,(4,4)=Wall,(5,4)=Empty,(6,4)=Wall', '(0,5)=Wall,(1,5)=Food,(2,5)=Empty,(3,5)=Empty,(4,5)=Empty,(5,5)=Empty,(6,5)=Wall', '(0,6)=Wall,(1,6)=Wall,(2,6)=Wall,(3,6)=Wall,(4,6)=Wall,(5,6)=Wall,(6,6)=Wall'], 'pacman_pos': [2, 1], 'ghost_pos': [[1, 3]], 'score': -4.0, 'food_count': 2, 'legal_actions': ['West', 'Stop', 'East']}'''
        
        其中：
            1. layout_list: (List of Strings) ["(0,0)=Wall", "(1,0)=Pacman"...]
                - wall 是墙壁，不能通过这里
                - Pacman 是你所在的位置
            2. pacman_pos: (List of Integers) [x, y]
                - 表明你当前的位置
            3. ghost_pos: (List of Lists) [[x, y], [x, y]]
                - 表明ghost的位置，你需要尽可能避开它
            4. score: (Integer)
                - 当前的分数，你需要尽可能提高这个分数
            5. food_count: (Integer)
                - 地图中的食物数量，你需要获取所有的食物
            6. legal_actions: (List of Strings) ['North', 'South', ...]
                - 合法的操作。请注意绝大多数情况，不会选择'stop'，你可以理解为把'stop'移除。
        你的思路应该是
        1. 从'legal_actions'给出的操作中，选取出不会撞墙的actions，作为可选actions
        2. 对于这些可选的actions，分别计算操作这些actions后到达的位置，以及新的位置到食物、ghost的距离。
        3. 如果有actions计算后的位置到ghost的距离小于等于2，则放弃这个actions
        4. 如果有actions计算后的位置到food的距离等于0，则直接选择这个actions
        
        请逐步推理，再给出可选的actions，你的答案只能是第一步。
        然后在给出答案前，请对答案进行检验，确定不会碰到ghosts
        好的请遵守游戏规则，并且牢记你的两个目标，完成任务吧。
        
输出最终行动，格式必须严格如下：<action>行动</action>。其中"行动"必须是以下之一: North, South, East, West, Stop
 例如：<action>North</action>
--- RESPONSE ---
<action>West</action>
--- ACTION ---
West
------------------------------
TIME: 2025-12-10 21:19:27.597650
--- FULL USER INPUT ---

        "*** YOUR PROMPT HERE ***" 
        你现在是一个操作顶尖的吃豆人。你有两个必须要完成的任务             1. 需要避开不断追赶你的ghosts，与他保持一定的距离。
            2. 需要把所有的豆子吃完。
        
        这个是当前的游戏数据：'''{'layout_list': ['(0,0)=Wall,(1,0)=Wall,(2,0)=Wall,(3,0)=Wall,(4,0)=Wall,(5,0)=Wall,(6,0)=Wall', '(0,1)=Wall,(1,1)=Pacman,(2,1)=Empty,(3,1)=Empty,(4,1)=Empty,(5,1)=Empty,(6,1)=Wall', '(0,2)=Wall,(1,2)=Ghost1,(2,2)=Wall,(3,2)=Wall,(4,2)=Wall,(5,2)=Empty,(6,2)=Wall', '(0,3)=Wall,(1,3)=Empty,(2,3)=Wall,(3,3)=Food,(4,3)=Empty,(5,3)=Empty,(6,3)=Wall', '(0,4)=Wall,(1,4)=Empty,(2,4)=Wall,(3,4)=Wall,(4,4)=Wall,(5,4)=Empty,(6,4)=Wall', '(0,5)=Wall,(1,5)=Food,(2,5)=Empty,(3,5)=Empty,(4,5)=Empty,(5,5)=Empty,(6,5)=Wall', '(0,6)=Wall,(1,6)=Wall,(2,6)=Wall,(3,6)=Wall,(4,6)=Wall,(5,6)=Wall,(6,6)=Wall'], 'pacman_pos': [1, 1], 'ghost_pos': [[1, 2]], 'score': -5.0, 'food_count': 2, 'legal_actions': ['Stop', 'East', 'South']}'''
        
        其中：
            1. layout_list: (List of Strings) ["(0,0)=Wall", "(1,0)=Pacman"...]
                - wall 是墙壁，不能通过这里
                - Pacman 是你所在的位置
            2. pacman_pos: (List of Integers) [x, y]
                - 表明你当前的位置
            3. ghost_pos: (List of Lists) [[x, y], [x, y]]
                - 表明ghost的位置，你需要尽可能避开它
            4. score: (Integer)
                - 当前的分数，你需要尽可能提高这个分数
            5. food_count: (Integer)
                - 地图中的食物数量，你需要获取所有的食物
            6. legal_actions: (List of Strings) ['North', 'South', ...]
                - 合法的操作。请注意绝大多数情况，不会选择'stop'，你可以理解为把'stop'移除。
        你的思路应该是
        1. 从'legal_actions'给出的操作中，选取出不会撞墙的actions，作为可选actions
        2. 对于这些可选的actions，分别计算操作这些actions后到达的位置，以及新的位置到食物、ghost的距离。
        3. 如果有actions计算后的位置到ghost的距离小于等于2，则放弃这个actions
        4. 如果有actions计算后的位置到food的距离等于0，则直接选择这个actions
        
        请逐步推理，再给出可选的actions，你的答案只能是第一步。
        然后在给出答案前，请对答案进行检验，确定不会碰到ghosts
        好的请遵守游戏规则，并且牢记你的两个目标，完成任务吧。
        
输出最终行动，格式必须严格如下：<action>行动</action>。其中"行动"必须是以下之一: North, South, East, West, Stop
 例如：<action>North</action>
--- RESPONSE ---
首先，我们分析当前的游戏数据：

### 1. 当前布局信息
- `layout_list` 表示地图的每个格子内容。
- 从 `layout_list` 可以看出：
  - (1,1) 是 Pacman 的位置。
  - (1,2) 是 Ghost1 的位置。
  - (3,1), (4,1), (5,1) 是空地。
  - (3,3) 是食物。
  - (1,5) 是食物。
  - 其他位置是墙壁。

### 2. 当前位置
- `pacman_pos`: [1, 1]
- `ghost_pos`: [[1, 2]]

### 3. 合法操作
- `legal_actions`: ['Stop', 'East', 'South']

### 4. 分析合法操作

#### a. 'Stop' 操作
- 不移动，保持原位。
- 与 Ghost 的距离：(1,1) 到 (1,2) 的距离为 1。
- **不安全**（距离小于等于 2），所以不能选。

#### b. 'East' 操作
- 移动到 (2,1)
- 检查是否是墙：根据 layout_list 中的 `(2,1)=Empty`，不是墙。
- 与 Ghost 的距离：(2,1) 到 (1,2) 的曼哈顿距离为 |2-1| + |1-2| = 1 + 1 = 2。
- **不安全**（距离小于等于 2），所以不能选。

#### c. 'South' 操作
- 移动到 (1,2)
- 检查是否是墙：根据 layout_list 中的 `(1,2)=Ghost1`，不是墙。
- 与 Ghost 的距离：(1,2) 是 Ghost 的位置，直接撞上 Ghost。
- **不安全**，不能选。

### 5. 结论
所有合法操作都存在风险，无法安全移动。因此，**没有可选的安全动作**。

### 最终答案：
<action>Stop</action>
--- ACTION ---
Stop
------------------------------
