TIME: 2025-12-10 22:40:08.838151
--- FULL USER INPUT ---

        "*** YOUR PROMPT HERE ***" 
            你现在是一个吃豆人。你要在避开ghosts的前提下，吃掉图中的所有食物。
            这个是当前的游戏数据：
            
            ================
            
            {'layout_list': ['(0,0)=Wall,(1,0)=Wall,(2,0)=Wall,(3,0)=Wall,(4,0)=Wall,(5,0)=Wall,(6,0)=Wall', '(0,1)=Wall,(1,1)=Empty,(2,1)=Pacman,(3,1)=Empty,(4,1)=Empty,(5,1)=Empty,(6,1)=Wall', '(0,2)=Wall,(1,2)=Empty,(2,2)=Wall,(3,2)=Wall,(4,2)=Wall,(5,2)=Empty,(6,2)=Wall', '(0,3)=Wall,(1,3)=Empty,(2,3)=Wall,(3,3)=Food,(4,3)=Empty,(5,3)=Empty,(6,3)=Wall', '(0,4)=Wall,(1,4)=Empty,(2,4)=Wall,(3,4)=Wall,(4,4)=Wall,(5,4)=Empty,(6,4)=Wall', '(0,5)=Wall,(1,5)=Food,(2,5)=Empty,(3,5)=Ghost1,(4,5)=Empty,(5,5)=Empty,(6,5)=Wall', '(0,6)=Wall,(1,6)=Wall,(2,6)=Wall,(3,6)=Wall,(4,6)=Wall,(5,6)=Wall,(6,6)=Wall'], 'pacman_pos': [2, 1], 'ghost_pos': [[3, 5]], 'score': 0.0, 'food_count': 2, 'legal_actions': ['West', 'Stop', 'East']}
            
            ================
            
            数据含义： 
            1. layout_list: (List of Strings) ["(0,0)=Wall", "(1,0)=Pacman"...]
            2. pacman_pos: (List of Integers) [x, y]
            3. ghost_pos: (List of Lists) [[x, y], [x, y]]
            4. score: (Integer)
            5. food_count: (Integer)
            6. legal_actions: (List of Strings) ['North', 'South', ...]
            
            ================
            
            方向声明：'north'会使 y 减小，'south'会使 y 增加，'west'会使 x 减小，'east'会使 x 增加
            
            你的思路应该是：
            1. 从'legal_actions'中剔除掉'stop'，然后对剩下的动作进行遍历，思考选择这个动作后到达的新位置                 再从这个位置出发，遍历'north', 'south', 'west', 'east'，然后判断指向那个方向后会不会到'wall',                     如果会的话就不选择那个方向；以及是否会回到上一个格子，如果会的话也不加到路径中。
            2. 判断这两条条路径上是否存在ghosts
                如果存在一条路径没有ghosts，选择这条路径的第一步。
                否则选择ghosts出现得最晚的路径。
            请逐步推理，再给出最终答案，你的答案只能是第一步。
            好的请遵守游戏规则，并且牢记你的两个目标，完成任务吧。
        
输出最终行动，格式必须严格如下：<action>行动</action>。其中"行动"必须是以下之一: North, South, East, West, Stop
 例如：<action>North</action>
--- RESPONSE ---
首先，我们分析当前的游戏数据：

- `pacman_pos` 是 `[2, 1]`。
- `ghost_pos` 是 `[[3, 5]]`。
- `legal_actions` 是 `['West', 'Stop', 'East']`。

根据规则，我们需要从 `legal_actions` 中剔除 `'Stop'`，剩下的动作是：`['West', 'East']`。

接下来，我们分析这两个动作的可行性：

### 1. 选择 `West`（向西移动）：
- 当前位置是 `[2, 1]`。
- 向西移动后的新位置是 `[1, 1]`。
- 检查这个新位置是否是墙或是否回到上一个格子（即 `[2, 1]`）。
  - 根据 `layout_list`，`(1,1)=Empty`，所以不是墙。
  - 新位置 `[1, 1]` 不是上一个格子 `[2, 1]`，因此是合法的。

### 2. 选择 `East`（向东移动）：
- 当前位置是 `[2, 1]`。
- 向东移动后的新位置是 `[3, 1]`。
- 检查这个新位置是否是墙或是否回到上一个格子（即 `[2, 1]`）。
  - 根据 `layout_list`，`(3,1)=Empty`，所以不是墙。
  - 新位置 `[3, 1]` 不是上一个格子 `[2, 1]`，因此是合法的。

现在我们有两个合法的动作：`West` 和 `East`。接下来判断这些路径上是否存在 ghosts。

- `West` 的路径是 `[1, 1]`，检查是否有 ghost 在该位置。
  - 根据 `ghost_pos`，ghost 的位置是 `[3, 5]`，不在 `[1, 1]`，所以没有 ghost。
- `East` 的路径是 `[3, 1]`，检查是否有 ghost 在该位置。
  - 根据 `ghost_pos`，ghost 的位置是 `[3, 5]`，不在 `[3, 1]`，所以也没有 ghost。

两个路径都没有 ghost，那么我们选择其中一条路径的第一步。由于题目中没有进一步的优先级说明，我们可以任选其一。

为了确保安全和效率，我们选择 `West`，因为它的下一步位置 `[1, 1]` 更靠近食物点 `(1, 5)`，这有助于后续吃掉所有食物。

最终答案是：

<action>West</action>
--- ACTION ---
West
------------------------------
TIME: 2025-12-10 22:40:15.889610
--- FULL USER INPUT ---

        "*** YOUR PROMPT HERE ***" 
            你现在是一个吃豆人。你要在避开ghosts的前提下，吃掉图中的所有食物。
            这个是当前的游戏数据：
            
            ================
            
            {'layout_list': ['(0,0)=Wall,(1,0)=Wall,(2,0)=Wall,(3,0)=Wall,(4,0)=Wall,(5,0)=Wall,(6,0)=Wall', '(0,1)=Wall,(1,1)=Pacman,(2,1)=Empty,(3,1)=Empty,(4,1)=Empty,(5,1)=Empty,(6,1)=Wall', '(0,2)=Wall,(1,2)=Empty,(2,2)=Wall,(3,2)=Wall,(4,2)=Wall,(5,2)=Empty,(6,2)=Wall', '(0,3)=Wall,(1,3)=Empty,(2,3)=Wall,(3,3)=Food,(4,3)=Empty,(5,3)=Empty,(6,3)=Wall', '(0,4)=Wall,(1,4)=Empty,(2,4)=Wall,(3,4)=Wall,(4,4)=Wall,(5,4)=Empty,(6,4)=Wall', '(0,5)=Wall,(1,5)=Food,(2,5)=Ghost1,(3,5)=Empty,(4,5)=Empty,(5,5)=Empty,(6,5)=Wall', '(0,6)=Wall,(1,6)=Wall,(2,6)=Wall,(3,6)=Wall,(4,6)=Wall,(5,6)=Wall,(6,6)=Wall'], 'pacman_pos': [1, 1], 'ghost_pos': [[2, 5]], 'score': -1.0, 'food_count': 2, 'legal_actions': ['Stop', 'East', 'South']}
            
            ================
            
            数据含义： 
            1. layout_list: (List of Strings) ["(0,0)=Wall", "(1,0)=Pacman"...]
            2. pacman_pos: (List of Integers) [x, y]
            3. ghost_pos: (List of Lists) [[x, y], [x, y]]
            4. score: (Integer)
            5. food_count: (Integer)
            6. legal_actions: (List of Strings) ['North', 'South', ...]
            
            ================
            
            方向声明：'north'会使 y 减小，'south'会使 y 增加，'west'会使 x 减小，'east'会使 x 增加
            
            你的思路应该是：
            1. 从'legal_actions'中剔除掉'stop'，然后对剩下的动作进行遍历，思考选择这个动作后到达的新位置                 再从这个位置出发，遍历'north', 'south', 'west', 'east'，然后判断指向那个方向后会不会到'wall',                     如果会的话就不选择那个方向；以及是否会回到上一个格子，如果会的话也不加到路径中。
            2. 判断这两条条路径上是否存在ghosts
                如果存在一条路径没有ghosts，选择这条路径的第一步。
                否则选择ghosts出现得最晚的路径。
            请逐步推理，再给出最终答案，你的答案只能是第一步。
            好的请遵守游戏规则，并且牢记你的两个目标，完成任务吧。
        
输出最终行动，格式必须严格如下：<action>行动</action>。其中"行动"必须是以下之一: North, South, East, West, Stop
 例如：<action>North</action>
--- RESPONSE ---
首先，我们分析当前的游戏数据：

- `pacman_pos` 是 `[1, 1]`，表示吃豆人当前位置是 (1,1)。
- `ghost_pos` 是 `[[2, 5]]`，表示幽灵的位置是 (2,5)。
- `food_count` 是 `2`，表示还有两个食物需要吃掉。
- `legal_actions` 是 `['Stop', 'East', 'South']`，表示可以执行的动作是 "Stop", "East", "South"。

根据规则，我们需要从 `legal_actions` 中剔除 "Stop"，然后对剩下的动作进行遍历，思考选择这个动作后到达的新位置。

### 第一步：分析每个合法动作的可能结果

#### 1. 选择 "East"（东）：
- 当前位置是 (1,1)，向东移动后，新位置是 (2,1)。
- 检查 (2,1) 是否是墙？根据 layout_list 的第二行：`(2,1)=Empty`，不是墙。
- 检查是否回到上一个格子？没有，因为这是第一次移动。
- 检查是否有幽灵在 (2,1)？幽灵在 (2,5)，所以没有幽灵。
- 所以 "East" 是一个可行路径。

#### 2. 选择 "South"（南）：
- 当前位置是 (1,1)，向南移动后，新位置是 (1,2)。
- 检查 (1,2) 是否是墙？根据 layout_list 的第三行：`(1,2)=Empty`，不是墙。
- 检查是否回到上一个格子？没有，因为这是第一次移动。
- 检查是否有幽灵在 (1,2)？幽灵在 (2,5)，所以没有幽灵。
- 所以 "South" 也是一个可行路径。

### 第二步：判断这两条路径上是否存在 ghosts

- 两条路径 (2,1) 和 (1,2) 都没有幽灵。
- 所以我们可以选择任意一条路径的第一步。

### 第三步：选择路径

由于两条路径都安全，我们可以选择其中任意一个。为了最大化后续可选路径，我们优先选择能带来更多探索机会的方向。

- "East" 带领我们进入 (2,1)，而 (2,1) 的右边是墙，所以只能往西或北/南走。
- "South" 带领我们进入 (1,2)，而 (1,2) 的下方是空地，有更多探索空间。

因此，选择 **"South"** 更有利于后续探索。

---

最终答案是：<action>South</action>
--- ACTION ---
South
------------------------------
TIME: 2025-12-10 22:40:16.348433
--- FULL USER INPUT ---

        "*** YOUR PROMPT HERE ***" 
            你现在是一个吃豆人。你要在避开ghosts的前提下，吃掉图中的所有食物。
            这个是当前的游戏数据：
            
            ================
            
            {'layout_list': ['(0,0)=Wall,(1,0)=Wall,(2,0)=Wall,(3,0)=Wall,(4,0)=Wall,(5,0)=Wall,(6,0)=Wall', '(0,1)=Wall,(1,1)=Empty,(2,1)=Empty,(3,1)=Empty,(4,1)=Empty,(5,1)=Empty,(6,1)=Wall', '(0,2)=Wall,(1,2)=Pacman,(2,2)=Wall,(3,2)=Wall,(4,2)=Wall,(5,2)=Empty,(6,2)=Wall', '(0,3)=Wall,(1,3)=Empty,(2,3)=Wall,(3,3)=Food,(4,3)=Empty,(5,3)=Empty,(6,3)=Wall', '(0,4)=Wall,(1,4)=Empty,(2,4)=Wall,(3,4)=Wall,(4,4)=Wall,(5,4)=Empty,(6,4)=Wall', '(0,5)=Wall,(1,5)=Ghost1,(2,5)=Empty,(3,5)=Empty,(4,5)=Empty,(5,5)=Empty,(6,5)=Wall', '(0,6)=Wall,(1,6)=Wall,(2,6)=Wall,(3,6)=Wall,(4,6)=Wall,(5,6)=Wall,(6,6)=Wall'], 'pacman_pos': [1, 2], 'ghost_pos': [[1, 5]], 'score': -2.0, 'food_count': 2, 'legal_actions': ['Stop', 'North', 'South']}
            
            ================
            
            数据含义： 
            1. layout_list: (List of Strings) ["(0,0)=Wall", "(1,0)=Pacman"...]
            2. pacman_pos: (List of Integers) [x, y]
            3. ghost_pos: (List of Lists) [[x, y], [x, y]]
            4. score: (Integer)
            5. food_count: (Integer)
            6. legal_actions: (List of Strings) ['North', 'South', ...]
            
            ================
            
            方向声明：'north'会使 y 减小，'south'会使 y 增加，'west'会使 x 减小，'east'会使 x 增加
            
            你的思路应该是：
            1. 从'legal_actions'中剔除掉'stop'，然后对剩下的动作进行遍历，思考选择这个动作后到达的新位置                 再从这个位置出发，遍历'north', 'south', 'west', 'east'，然后判断指向那个方向后会不会到'wall',                     如果会的话就不选择那个方向；以及是否会回到上一个格子，如果会的话也不加到路径中。
            2. 判断这两条条路径上是否存在ghosts
                如果存在一条路径没有ghosts，选择这条路径的第一步。
                否则选择ghosts出现得最晚的路径。
            请逐步推理，再给出最终答案，你的答案只能是第一步。
            好的请遵守游戏规则，并且牢记你的两个目标，完成任务吧。
        
输出最终行动，格式必须严格如下：<action>行动</action>。其中"行动"必须是以下之一: North, South, East, West, Stop
 例如：<action>North</action>
--- RESPONSE ---
<action>North</action>
--- ACTION ---
North
------------------------------
TIME: 2025-12-10 22:40:16.749811
--- FULL USER INPUT ---

        "*** YOUR PROMPT HERE ***" 
            你现在是一个吃豆人。你要在避开ghosts的前提下，吃掉图中的所有食物。
            这个是当前的游戏数据：
            
            ================
            
            {'layout_list': ['(0,0)=Wall,(1,0)=Wall,(2,0)=Wall,(3,0)=Wall,(4,0)=Wall,(5,0)=Wall,(6,0)=Wall', '(0,1)=Wall,(1,1)=Pacman,(2,1)=Empty,(3,1)=Empty,(4,1)=Empty,(5,1)=Empty,(6,1)=Wall', '(0,2)=Wall,(1,2)=Empty,(2,2)=Wall,(3,2)=Wall,(4,2)=Wall,(5,2)=Empty,(6,2)=Wall', '(0,3)=Wall,(1,3)=Empty,(2,3)=Wall,(3,3)=Food,(4,3)=Empty,(5,3)=Empty,(6,3)=Wall', '(0,4)=Wall,(1,4)=Ghost1,(2,4)=Wall,(3,4)=Wall,(4,4)=Wall,(5,4)=Empty,(6,4)=Wall', '(0,5)=Wall,(1,5)=Food,(2,5)=Empty,(3,5)=Empty,(4,5)=Empty,(5,5)=Empty,(6,5)=Wall', '(0,6)=Wall,(1,6)=Wall,(2,6)=Wall,(3,6)=Wall,(4,6)=Wall,(5,6)=Wall,(6,6)=Wall'], 'pacman_pos': [1, 1], 'ghost_pos': [[1, 4]], 'score': -3.0, 'food_count': 2, 'legal_actions': ['Stop', 'East', 'South']}
            
            ================
            
            数据含义： 
            1. layout_list: (List of Strings) ["(0,0)=Wall", "(1,0)=Pacman"...]
            2. pacman_pos: (List of Integers) [x, y]
            3. ghost_pos: (List of Lists) [[x, y], [x, y]]
            4. score: (Integer)
            5. food_count: (Integer)
            6. legal_actions: (List of Strings) ['North', 'South', ...]
            
            ================
            
            方向声明：'north'会使 y 减小，'south'会使 y 增加，'west'会使 x 减小，'east'会使 x 增加
            
            你的思路应该是：
            1. 从'legal_actions'中剔除掉'stop'，然后对剩下的动作进行遍历，思考选择这个动作后到达的新位置                 再从这个位置出发，遍历'north', 'south', 'west', 'east'，然后判断指向那个方向后会不会到'wall',                     如果会的话就不选择那个方向；以及是否会回到上一个格子，如果会的话也不加到路径中。
            2. 判断这两条条路径上是否存在ghosts
                如果存在一条路径没有ghosts，选择这条路径的第一步。
                否则选择ghosts出现得最晚的路径。
            请逐步推理，再给出最终答案，你的答案只能是第一步。
            好的请遵守游戏规则，并且牢记你的两个目标，完成任务吧。
        
输出最终行动，格式必须严格如下：<action>行动</action>。其中"行动"必须是以下之一: North, South, East, West, Stop
 例如：<action>North</action>
--- RESPONSE ---
<action>East</action>
--- ACTION ---
East
------------------------------
TIME: 2025-12-10 22:40:22.383732
--- FULL USER INPUT ---

        "*** YOUR PROMPT HERE ***" 
            你现在是一个吃豆人。你要在避开ghosts的前提下，吃掉图中的所有食物。
            这个是当前的游戏数据：
            
            ================
            
            {'layout_list': ['(0,0)=Wall,(1,0)=Wall,(2,0)=Wall,(3,0)=Wall,(4,0)=Wall,(5,0)=Wall,(6,0)=Wall', '(0,1)=Wall,(1,1)=Empty,(2,1)=Pacman,(3,1)=Empty,(4,1)=Empty,(5,1)=Empty,(6,1)=Wall', '(0,2)=Wall,(1,2)=Empty,(2,2)=Wall,(3,2)=Wall,(4,2)=Wall,(5,2)=Empty,(6,2)=Wall', '(0,3)=Wall,(1,3)=Ghost1,(2,3)=Wall,(3,3)=Food,(4,3)=Empty,(5,3)=Empty,(6,3)=Wall', '(0,4)=Wall,(1,4)=Empty,(2,4)=Wall,(3,4)=Wall,(4,4)=Wall,(5,4)=Empty,(6,4)=Wall', '(0,5)=Wall,(1,5)=Food,(2,5)=Empty,(3,5)=Empty,(4,5)=Empty,(5,5)=Empty,(6,5)=Wall', '(0,6)=Wall,(1,6)=Wall,(2,6)=Wall,(3,6)=Wall,(4,6)=Wall,(5,6)=Wall,(6,6)=Wall'], 'pacman_pos': [2, 1], 'ghost_pos': [[1, 3]], 'score': -4.0, 'food_count': 2, 'legal_actions': ['West', 'Stop', 'East']}
            
            ================
            
            数据含义： 
            1. layout_list: (List of Strings) ["(0,0)=Wall", "(1,0)=Pacman"...]
            2. pacman_pos: (List of Integers) [x, y]
            3. ghost_pos: (List of Lists) [[x, y], [x, y]]
            4. score: (Integer)
            5. food_count: (Integer)
            6. legal_actions: (List of Strings) ['North', 'South', ...]
            
            ================
            
            方向声明：'north'会使 y 减小，'south'会使 y 增加，'west'会使 x 减小，'east'会使 x 增加
            
            你的思路应该是：
            1. 从'legal_actions'中剔除掉'stop'，然后对剩下的动作进行遍历，思考选择这个动作后到达的新位置                 再从这个位置出发，遍历'north', 'south', 'west', 'east'，然后判断指向那个方向后会不会到'wall',                     如果会的话就不选择那个方向；以及是否会回到上一个格子，如果会的话也不加到路径中。
            2. 判断这两条条路径上是否存在ghosts
                如果存在一条路径没有ghosts，选择这条路径的第一步。
                否则选择ghosts出现得最晚的路径。
            请逐步推理，再给出最终答案，你的答案只能是第一步。
            好的请遵守游戏规则，并且牢记你的两个目标，完成任务吧。
        
输出最终行动，格式必须严格如下：<action>行动</action>。其中"行动"必须是以下之一: North, South, East, West, Stop
 例如：<action>North</action>
--- RESPONSE ---
首先，我们分析当前的游戏数据：

### 1. 当前布局
从 `layout_list` 中可以提取出地图的结构。我们可以将它转换为一个二维网格来更清晰地理解。

- **Pacman 的位置**：[2, 1]
- **Ghost 的位置**：[[1, 3]]
- **食物的位置**：
  - (3, 3)
  - (1, 5)

### 2. 可用动作
`legal_actions` 是 ['West', 'Stop', 'East']，但我们要剔除 'Stop'，所以可用动作是：['West', 'East']

### 3. 分析每个动作后的新位置
#### a. 选择 'West'
- Pacman 从 [2, 1] 向西移动，x 减小 → 新位置是 [1, 1]
- 检查这个位置是否是墙？根据 layout_list:
  - (1,1) = Empty → 不是墙
- 是否回到上一个格子？不是
- 是否有 ghost？ghost 在 [1, 3]，不在 [1, 1]，所以没有 ghost

#### b. 选择 'East'
- Pacman 从 [2, 1] 向东移动，x 增加 → 新位置是 [3, 1]
- 检查这个位置是否是墙？根据 layout_list:
  - (3,1) = Empty → 不是墙
- 是否回到上一个格子？不是
- 是否有 ghost？ghost 在 [1, 3]，不在 [3, 1]，所以没有 ghost

### 4. 判断路径是否有 ghost
两个动作（West 和 East）后的新位置都没有 ghost，因此都可以选择。

### 5. 选择哪条路径？
因为两条路径都安全，且没有 ghost，那么我们选择其中一条即可。由于题目要求“选择这条路径的第一步”，我们任选其一。

### 最终答案
<action>West</action>
--- ACTION ---
West
------------------------------
TIME: 2025-12-10 22:40:22.779907
--- FULL USER INPUT ---

        "*** YOUR PROMPT HERE ***" 
            你现在是一个吃豆人。你要在避开ghosts的前提下，吃掉图中的所有食物。
            这个是当前的游戏数据：
            
            ================
            
            {'layout_list': ['(0,0)=Wall,(1,0)=Wall,(2,0)=Wall,(3,0)=Wall,(4,0)=Wall,(5,0)=Wall,(6,0)=Wall', '(0,1)=Wall,(1,1)=Pacman,(2,1)=Empty,(3,1)=Empty,(4,1)=Empty,(5,1)=Empty,(6,1)=Wall', '(0,2)=Wall,(1,2)=Ghost1,(2,2)=Wall,(3,2)=Wall,(4,2)=Wall,(5,2)=Empty,(6,2)=Wall', '(0,3)=Wall,(1,3)=Empty,(2,3)=Wall,(3,3)=Food,(4,3)=Empty,(5,3)=Empty,(6,3)=Wall', '(0,4)=Wall,(1,4)=Empty,(2,4)=Wall,(3,4)=Wall,(4,4)=Wall,(5,4)=Empty,(6,4)=Wall', '(0,5)=Wall,(1,5)=Food,(2,5)=Empty,(3,5)=Empty,(4,5)=Empty,(5,5)=Empty,(6,5)=Wall', '(0,6)=Wall,(1,6)=Wall,(2,6)=Wall,(3,6)=Wall,(4,6)=Wall,(5,6)=Wall,(6,6)=Wall'], 'pacman_pos': [1, 1], 'ghost_pos': [[1, 2]], 'score': -5.0, 'food_count': 2, 'legal_actions': ['Stop', 'East', 'South']}
            
            ================
            
            数据含义： 
            1. layout_list: (List of Strings) ["(0,0)=Wall", "(1,0)=Pacman"...]
            2. pacman_pos: (List of Integers) [x, y]
            3. ghost_pos: (List of Lists) [[x, y], [x, y]]
            4. score: (Integer)
            5. food_count: (Integer)
            6. legal_actions: (List of Strings) ['North', 'South', ...]
            
            ================
            
            方向声明：'north'会使 y 减小，'south'会使 y 增加，'west'会使 x 减小，'east'会使 x 增加
            
            你的思路应该是：
            1. 从'legal_actions'中剔除掉'stop'，然后对剩下的动作进行遍历，思考选择这个动作后到达的新位置                 再从这个位置出发，遍历'north', 'south', 'west', 'east'，然后判断指向那个方向后会不会到'wall',                     如果会的话就不选择那个方向；以及是否会回到上一个格子，如果会的话也不加到路径中。
            2. 判断这两条条路径上是否存在ghosts
                如果存在一条路径没有ghosts，选择这条路径的第一步。
                否则选择ghosts出现得最晚的路径。
            请逐步推理，再给出最终答案，你的答案只能是第一步。
            好的请遵守游戏规则，并且牢记你的两个目标，完成任务吧。
        
输出最终行动，格式必须严格如下：<action>行动</action>。其中"行动"必须是以下之一: North, South, East, West, Stop
 例如：<action>North</action>
--- RESPONSE ---
<action>East</action>
--- ACTION ---
East
------------------------------
TIME: 2025-12-10 22:40:23.136999
--- FULL USER INPUT ---

        "*** YOUR PROMPT HERE ***" 
            你现在是一个吃豆人。你要在避开ghosts的前提下，吃掉图中的所有食物。
            这个是当前的游戏数据：
            
            ================
            
            {'layout_list': ['(0,0)=Wall,(1,0)=Wall,(2,0)=Wall,(3,0)=Wall,(4,0)=Wall,(5,0)=Wall,(6,0)=Wall', '(0,1)=Wall,(1,1)=Ghost1,(2,1)=Pacman,(3,1)=Empty,(4,1)=Empty,(5,1)=Empty,(6,1)=Wall', '(0,2)=Wall,(1,2)=Empty,(2,2)=Wall,(3,2)=Wall,(4,2)=Wall,(5,2)=Empty,(6,2)=Wall', '(0,3)=Wall,(1,3)=Empty,(2,3)=Wall,(3,3)=Food,(4,3)=Empty,(5,3)=Empty,(6,3)=Wall', '(0,4)=Wall,(1,4)=Empty,(2,4)=Wall,(3,4)=Wall,(4,4)=Wall,(5,4)=Empty,(6,4)=Wall', '(0,5)=Wall,(1,5)=Food,(2,5)=Empty,(3,5)=Empty,(4,5)=Empty,(5,5)=Empty,(6,5)=Wall', '(0,6)=Wall,(1,6)=Wall,(2,6)=Wall,(3,6)=Wall,(4,6)=Wall,(5,6)=Wall,(6,6)=Wall'], 'pacman_pos': [2, 1], 'ghost_pos': [[1, 1]], 'score': -6.0, 'food_count': 2, 'legal_actions': ['West', 'Stop', 'East']}
            
            ================
            
            数据含义： 
            1. layout_list: (List of Strings) ["(0,0)=Wall", "(1,0)=Pacman"...]
            2. pacman_pos: (List of Integers) [x, y]
            3. ghost_pos: (List of Lists) [[x, y], [x, y]]
            4. score: (Integer)
            5. food_count: (Integer)
            6. legal_actions: (List of Strings) ['North', 'South', ...]
            
            ================
            
            方向声明：'north'会使 y 减小，'south'会使 y 增加，'west'会使 x 减小，'east'会使 x 增加
            
            你的思路应该是：
            1. 从'legal_actions'中剔除掉'stop'，然后对剩下的动作进行遍历，思考选择这个动作后到达的新位置                 再从这个位置出发，遍历'north', 'south', 'west', 'east'，然后判断指向那个方向后会不会到'wall',                     如果会的话就不选择那个方向；以及是否会回到上一个格子，如果会的话也不加到路径中。
            2. 判断这两条条路径上是否存在ghosts
                如果存在一条路径没有ghosts，选择这条路径的第一步。
                否则选择ghosts出现得最晚的路径。
            请逐步推理，再给出最终答案，你的答案只能是第一步。
            好的请遵守游戏规则，并且牢记你的两个目标，完成任务吧。
        
输出最终行动，格式必须严格如下：<action>行动</action>。其中"行动"必须是以下之一: North, South, East, West, Stop
 例如：<action>North</action>
--- RESPONSE ---
<action>West</action>
--- ACTION ---
West
------------------------------
