TIME: 2025-12-10 22:00:23.884859
--- FULL USER INPUT ---

        "*** YOUR PROMPT HERE ***" 
        你现在是一个操作顶尖的吃豆人。你有两个必须要完成的任务：
        
        *** 游戏目标（优先级从高到低） ***
            1. 需要避开不断追赶你的ghosts，与他保持一定的距离。
            2. 需要把所有的food吃完。
        
        这个是当前的游戏数据：'''{'layout_list': ['(0,0)=Wall,(1,0)=Wall,(2,0)=Wall,(3,0)=Wall,(4,0)=Wall,(5,0)=Wall,(6,0)=Wall', '(0,1)=Wall,(1,1)=Empty,(2,1)=Pacman,(3,1)=Empty,(4,1)=Empty,(5,1)=Empty,(6,1)=Wall', '(0,2)=Wall,(1,2)=Empty,(2,2)=Wall,(3,2)=Wall,(4,2)=Wall,(5,2)=Empty,(6,2)=Wall', '(0,3)=Wall,(1,3)=Empty,(2,3)=Wall,(3,3)=Food,(4,3)=Empty,(5,3)=Empty,(6,3)=Wall', '(0,4)=Wall,(1,4)=Empty,(2,4)=Wall,(3,4)=Wall,(4,4)=Wall,(5,4)=Empty,(6,4)=Wall', '(0,5)=Wall,(1,5)=Food,(2,5)=Empty,(3,5)=Ghost1,(4,5)=Empty,(5,5)=Empty,(6,5)=Wall', '(0,6)=Wall,(1,6)=Wall,(2,6)=Wall,(3,6)=Wall,(4,6)=Wall,(5,6)=Wall,(6,6)=Wall'], 'pacman_pos': [2, 1], 'ghost_pos': [[3, 5]], 'score': 0.0, 'food_count': 2, 'legal_actions': ['West', 'Stop', 'East']}'''
        
        *** 数据解析 ***
        其中：
            1. layout_list: (List of Strings) ["(0,0)=Wall", "(1,0)=Pacman"...]
                - wall 是墙壁，不能通过这里
                - Pacman 是你所在的位置
            2. pacman_pos: (List of Integers) [x, y]
                - 表明你当前的位置
            3. ghost_pos: (List of Lists) [[x, y], [x, y]]
                - 表明ghost的位置，你需要尽可能避开它
            4. score: (Integer)
                - 当前的分数，你需要尽可能提高这个分数
            5. food_count: (Integer)
                - 地图中的食物数量，你需要获取所有的食物
            6. legal_actions: (List of Strings) ['North', 'South', ...]
                - 合法的操作。请注意绝大多数情况，不会选择'stop'，你可以理解为把'stop'移除。
        请注意，north会使y减小。
        
        *** 决策思路 ***

        从'legal_actions'中，分别计算操作这些actions后到达的位置，以及新的位置到所有food、所有ghost的距离，分别取最小距离作为
            这个actions后到food和ghost的距离。
        2. 如果所有actions距离ghost的距离都小于等于3，那么你应该果断选择远离ghost的路径。
        3. 如果存在有actions距离ghost的距离大于3，那么找计算后的位置到food的距离等于0，则直接选择这个actions
        4. 不到万不得已，不选上一步的反方向。
        5. 如果最后没得选，则选一个离ghost距离最远的，总之不能选stop。
        其中以上的距离全部是|x_1 - x| + |y_1 - y|。
        请逐步推理，再给出可选的actions，你的答案只能是第一步。
        然后在给出答案前，请对答案进行检验，确定不会碰到ghosts
        好的请遵守游戏规则，并且牢记你的两个目标，完成任务吧。
        
输出最终行动，格式必须严格如下：<action>行动</action>。其中"行动"必须是以下之一: North, South, East, West, Stop
 例如：<action>North</action>
--- RESPONSE ---
首先，我们分析当前的游戏数据：

- **Pacman 的位置**：[2, 1]
- **Ghost 的位置**：[[3, 5]]
- **合法操作**：['West', 'Stop', 'East']
- **食物数量**：2
- **地图布局**：从 layout_list 中可以提取出以下关键信息：
  - (1,1) = Empty
  - (2,1) = Pacman
  - (3,1) = Empty
  - (5,1) = Empty
  - (3,3) = Food
  - (1,5) = Food
  - (3,5) = Ghost1

---

### 第一步：计算每个合法动作后的新位置

#### 1. West（向西移动）：
- 当前位置 [2, 1] → 新位置 [1, 1]
- 检查是否是墙？(1,1) 是 Empty，合法。

#### 2. East（向东移动）：
- 当前位置 [2, 1] → 新位置 [3, 1]
- 检查是否是墙？(3,1) 是 Empty，合法。

#### 3. Stop（停止）：
- 不移动，位置不变。但根据规则，除非万不得已，不要选择 Stop。

---

### 第二步：计算每个新位置到所有 food 和 ghost 的距离

#### 1. West 后的位置 [1, 1]：
- 到 (3,3) 的距离：|1-3| + |1-3| = 2 + 2 = 4
- 到 (1,5) 的距离：|1-1| + |1-5| = 0 + 4 = 4
- 到 ghost (3,5) 的距离：|1-3| + |1-5| = 2 + 4 = 6

#### 2. East 后的位置 [3, 1]：
- 到 (3,3) 的距离：|3-3| + |1-3| = 0 + 2 = 2
- 到 (1,5) 的距离：|3-1| + |1-5| = 2 + 4 = 6
- 到 ghost (3,5) 的距离：|3-3| + |1-5| = 0 + 4 = 4

---

### 第三步：根据规则进行决策

- **规则 3**：如果存在一个动作使到 food 的距离为 0，则直接选择这个动作。
  - 在当前情况下，没有动作能到达 food 的位置（food 在 (3,3) 和 (1,5)），所以不适用。

- **规则 2**：如果所有动作到 ghost 的距离都小于等于 3，那么选择远离 ghost 的路径。
  - West 后的距离是 6，East 后的距离是 4，都不小于 3，因此不适用。

- **规则 4**：不到万不得已，不选上一步的反方向。
  - 上一步没有移动，所以这条规则不适用。

- **规则 5**：如果最后没得选，则选离 ghost 最远的。
  - West 后的位置距离 ghost 为 6，East 后的位置距离 ghost 为 4，所以 West 更安全。

---

### 第四步：验证是否可能碰到 ghost

- West 后的位置 [1, 1]，ghost 在 [3, 5]，两者之间没有障碍物，且距离为 6，足够安全。
- East 后的位置 [3, 1]，ghost 在 [3, 5]，距离为 4，也相对安全。

但根据规则 5，**应选择离 ghost 最远的路径**，即 **West**。

---

### 最终答案：

<action>West</action>
--- ACTION ---
West
------------------------------
TIME: 2025-12-10 22:00:35.734450
--- FULL USER INPUT ---

        "*** YOUR PROMPT HERE ***" 
        你现在是一个操作顶尖的吃豆人。你有两个必须要完成的任务：
        
        *** 游戏目标（优先级从高到低） ***
            1. 需要避开不断追赶你的ghosts，与他保持一定的距离。
            2. 需要把所有的food吃完。
        
        这个是当前的游戏数据：'''{'layout_list': ['(0,0)=Wall,(1,0)=Wall,(2,0)=Wall,(3,0)=Wall,(4,0)=Wall,(5,0)=Wall,(6,0)=Wall', '(0,1)=Wall,(1,1)=Pacman,(2,1)=Empty,(3,1)=Empty,(4,1)=Empty,(5,1)=Empty,(6,1)=Wall', '(0,2)=Wall,(1,2)=Empty,(2,2)=Wall,(3,2)=Wall,(4,2)=Wall,(5,2)=Empty,(6,2)=Wall', '(0,3)=Wall,(1,3)=Empty,(2,3)=Wall,(3,3)=Food,(4,3)=Empty,(5,3)=Empty,(6,3)=Wall', '(0,4)=Wall,(1,4)=Empty,(2,4)=Wall,(3,4)=Wall,(4,4)=Wall,(5,4)=Empty,(6,4)=Wall', '(0,5)=Wall,(1,5)=Food,(2,5)=Ghost1,(3,5)=Empty,(4,5)=Empty,(5,5)=Empty,(6,5)=Wall', '(0,6)=Wall,(1,6)=Wall,(2,6)=Wall,(3,6)=Wall,(4,6)=Wall,(5,6)=Wall,(6,6)=Wall'], 'pacman_pos': [1, 1], 'ghost_pos': [[2, 5]], 'score': -1.0, 'food_count': 2, 'legal_actions': ['Stop', 'East', 'South']}'''
        
        *** 数据解析 ***
        其中：
            1. layout_list: (List of Strings) ["(0,0)=Wall", "(1,0)=Pacman"...]
                - wall 是墙壁，不能通过这里
                - Pacman 是你所在的位置
            2. pacman_pos: (List of Integers) [x, y]
                - 表明你当前的位置
            3. ghost_pos: (List of Lists) [[x, y], [x, y]]
                - 表明ghost的位置，你需要尽可能避开它
            4. score: (Integer)
                - 当前的分数，你需要尽可能提高这个分数
            5. food_count: (Integer)
                - 地图中的食物数量，你需要获取所有的食物
            6. legal_actions: (List of Strings) ['North', 'South', ...]
                - 合法的操作。请注意绝大多数情况，不会选择'stop'，你可以理解为把'stop'移除。
        请注意，north会使y减小。
        
        *** 决策思路 ***

        从'legal_actions'中，分别计算操作这些actions后到达的位置，以及新的位置到所有food、所有ghost的距离，分别取最小距离作为
            这个actions后到food和ghost的距离。
        2. 如果所有actions距离ghost的距离都小于等于3，那么你应该果断选择远离ghost的路径。
        3. 如果存在有actions距离ghost的距离大于3，那么找计算后的位置到food的距离等于0，则直接选择这个actions
        4. 不到万不得已，不选上一步的反方向。
        5. 如果最后没得选，则选一个离ghost距离最远的，总之不能选stop。
        其中以上的距离全部是|x_1 - x| + |y_1 - y|。
        请逐步推理，再给出可选的actions，你的答案只能是第一步。
        然后在给出答案前，请对答案进行检验，确定不会碰到ghosts
        好的请遵守游戏规则，并且牢记你的两个目标，完成任务吧。
        
输出最终行动，格式必须严格如下：<action>行动</action>。其中"行动"必须是以下之一: North, South, East, West, Stop
 例如：<action>North</action>
--- RESPONSE ---
### **第一步：分析当前游戏数据**

#### **1. 当前地图布局（layout_list）**
- 从字符串中可以提取出地图的结构，其中：
  - `(0,0)=Wall` 表示 (0,0) 是墙
  - `(1,1)=Pacman` 表示 Pacman 在 (1,1)
  - `(2,5)=Ghost1` 表示 Ghost1 在 (2,5)
  - `(3,5)=Food` 表示食物在 (3,5)
  - `(1,5)=Food` 表示食物在 (1,5)

#### **2. 当前位置**
- `pacman_pos = [1, 1]`
- `ghost_pos = [[2, 5]]`

#### **3. 合法动作**
- `legal_actions = ['Stop', 'East', 'South']`

---

### **第二步：计算每个合法动作后的新位置**

我们只考虑 `'East'` 和 `'South'`（因为 `Stop` 不推荐）

#### **1. East（东）**
- 新位置: `[1 + 1, 1] = [2, 1]`
- 检查是否是墙？根据 layout_list 中的 `(2,1)=Empty`，不是墙 → 可行

#### **2. South（南）**
- 新位置: `[1, 1 + 1] = [1, 2]`
- 检查是否是墙？根据 layout_list 中的 `(1,2)=Empty`，不是墙 → 可行

---

### **第三步：计算新位置到 food 和 ghost 的距离**

#### **food 位置**:
- (1,5), (3,5)

#### **ghost 位置**:
- (2,5)

#### **1. East（[2,1]）**
- 到 (1,5): |2-1| + |1-5| = 1 + 4 = **5**
- 到 (3,5): |2-3| + |1-5| = 1 + 4 = **5**
- 到 ghost (2,5): |2-2| + |1-5| = 0 + 4 = **4**

#### **2. South（[1,2]）**
- 到 (1,5): |1-1| + |2-5| = 0 + 3 = **3**
- 到 (3,5): |1-3| + |2-5| = 2 + 3 = **5**
- 到 ghost (2,5): |1-2| + |2-5| = 1 + 3 = **4**

---

### **第四步：决策逻辑应用**

#### **1. 是否有动作到 food 的距离为 0？**
- 没有，所有动作到 food 的距离都大于 0。

#### **2. 是否有动作到 ghost 的距离 > 3？**
- East: 距离 ghost 为 4 → **满足条件**
- South: 距离 ghost 为 4 → **也满足条件**

#### **3. 选择哪个动作？**
- 两个动作都满足“远离 ghost”的条件。
- 但我们要优先吃掉食物。比较到 food 的距离：
  - East: 5
  - South: 3 → 更近

所以，**选择 South**，因为它更接近食物。

---

### **第五步：验证是否安全**

- **South** 后的位置是 [1,2]，检查是否是墙？
  - 根据 layout_list 中的 `(1,2)=Empty`，不是墙 → 安全
- 到 ghost 的距离是 4，足够远 → 安全

---

### ✅ 最终行动：

<action>South</action>
--- ACTION ---
South
------------------------------
TIME: 2025-12-10 22:00:36.150294
--- FULL USER INPUT ---

        "*** YOUR PROMPT HERE ***" 
        你现在是一个操作顶尖的吃豆人。你有两个必须要完成的任务：
        
        *** 游戏目标（优先级从高到低） ***
            1. 需要避开不断追赶你的ghosts，与他保持一定的距离。
            2. 需要把所有的food吃完。
        
        这个是当前的游戏数据：'''{'layout_list': ['(0,0)=Wall,(1,0)=Wall,(2,0)=Wall,(3,0)=Wall,(4,0)=Wall,(5,0)=Wall,(6,0)=Wall', '(0,1)=Wall,(1,1)=Empty,(2,1)=Empty,(3,1)=Empty,(4,1)=Empty,(5,1)=Empty,(6,1)=Wall', '(0,2)=Wall,(1,2)=Pacman,(2,2)=Wall,(3,2)=Wall,(4,2)=Wall,(5,2)=Empty,(6,2)=Wall', '(0,3)=Wall,(1,3)=Empty,(2,3)=Wall,(3,3)=Food,(4,3)=Empty,(5,3)=Empty,(6,3)=Wall', '(0,4)=Wall,(1,4)=Empty,(2,4)=Wall,(3,4)=Wall,(4,4)=Wall,(5,4)=Empty,(6,4)=Wall', '(0,5)=Wall,(1,5)=Ghost1,(2,5)=Empty,(3,5)=Empty,(4,5)=Empty,(5,5)=Empty,(6,5)=Wall', '(0,6)=Wall,(1,6)=Wall,(2,6)=Wall,(3,6)=Wall,(4,6)=Wall,(5,6)=Wall,(6,6)=Wall'], 'pacman_pos': [1, 2], 'ghost_pos': [[1, 5]], 'score': -2.0, 'food_count': 2, 'legal_actions': ['Stop', 'North', 'South']}'''
        
        *** 数据解析 ***
        其中：
            1. layout_list: (List of Strings) ["(0,0)=Wall", "(1,0)=Pacman"...]
                - wall 是墙壁，不能通过这里
                - Pacman 是你所在的位置
            2. pacman_pos: (List of Integers) [x, y]
                - 表明你当前的位置
            3. ghost_pos: (List of Lists) [[x, y], [x, y]]
                - 表明ghost的位置，你需要尽可能避开它
            4. score: (Integer)
                - 当前的分数，你需要尽可能提高这个分数
            5. food_count: (Integer)
                - 地图中的食物数量，你需要获取所有的食物
            6. legal_actions: (List of Strings) ['North', 'South', ...]
                - 合法的操作。请注意绝大多数情况，不会选择'stop'，你可以理解为把'stop'移除。
        请注意，north会使y减小。
        
        *** 决策思路 ***

        从'legal_actions'中，分别计算操作这些actions后到达的位置，以及新的位置到所有food、所有ghost的距离，分别取最小距离作为
            这个actions后到food和ghost的距离。
        2. 如果所有actions距离ghost的距离都小于等于3，那么你应该果断选择远离ghost的路径。
        3. 如果存在有actions距离ghost的距离大于3，那么找计算后的位置到food的距离等于0，则直接选择这个actions
        4. 不到万不得已，不选上一步的反方向。
        5. 如果最后没得选，则选一个离ghost距离最远的，总之不能选stop。
        其中以上的距离全部是|x_1 - x| + |y_1 - y|。
        请逐步推理，再给出可选的actions，你的答案只能是第一步。
        然后在给出答案前，请对答案进行检验，确定不会碰到ghosts
        好的请遵守游戏规则，并且牢记你的两个目标，完成任务吧。
        
输出最终行动，格式必须严格如下：<action>行动</action>。其中"行动"必须是以下之一: North, South, East, West, Stop
 例如：<action>North</action>
--- RESPONSE ---
<action>North</action>
--- ACTION ---
North
------------------------------
TIME: 2025-12-10 22:00:36.523267
--- FULL USER INPUT ---

        "*** YOUR PROMPT HERE ***" 
        你现在是一个操作顶尖的吃豆人。你有两个必须要完成的任务：
        
        *** 游戏目标（优先级从高到低） ***
            1. 需要避开不断追赶你的ghosts，与他保持一定的距离。
            2. 需要把所有的food吃完。
        
        这个是当前的游戏数据：'''{'layout_list': ['(0,0)=Wall,(1,0)=Wall,(2,0)=Wall,(3,0)=Wall,(4,0)=Wall,(5,0)=Wall,(6,0)=Wall', '(0,1)=Wall,(1,1)=Pacman,(2,1)=Empty,(3,1)=Empty,(4,1)=Empty,(5,1)=Empty,(6,1)=Wall', '(0,2)=Wall,(1,2)=Empty,(2,2)=Wall,(3,2)=Wall,(4,2)=Wall,(5,2)=Empty,(6,2)=Wall', '(0,3)=Wall,(1,3)=Empty,(2,3)=Wall,(3,3)=Food,(4,3)=Empty,(5,3)=Empty,(6,3)=Wall', '(0,4)=Wall,(1,4)=Ghost1,(2,4)=Wall,(3,4)=Wall,(4,4)=Wall,(5,4)=Empty,(6,4)=Wall', '(0,5)=Wall,(1,5)=Food,(2,5)=Empty,(3,5)=Empty,(4,5)=Empty,(5,5)=Empty,(6,5)=Wall', '(0,6)=Wall,(1,6)=Wall,(2,6)=Wall,(3,6)=Wall,(4,6)=Wall,(5,6)=Wall,(6,6)=Wall'], 'pacman_pos': [1, 1], 'ghost_pos': [[1, 4]], 'score': -3.0, 'food_count': 2, 'legal_actions': ['Stop', 'East', 'South']}'''
        
        *** 数据解析 ***
        其中：
            1. layout_list: (List of Strings) ["(0,0)=Wall", "(1,0)=Pacman"...]
                - wall 是墙壁，不能通过这里
                - Pacman 是你所在的位置
            2. pacman_pos: (List of Integers) [x, y]
                - 表明你当前的位置
            3. ghost_pos: (List of Lists) [[x, y], [x, y]]
                - 表明ghost的位置，你需要尽可能避开它
            4. score: (Integer)
                - 当前的分数，你需要尽可能提高这个分数
            5. food_count: (Integer)
                - 地图中的食物数量，你需要获取所有的食物
            6. legal_actions: (List of Strings) ['North', 'South', ...]
                - 合法的操作。请注意绝大多数情况，不会选择'stop'，你可以理解为把'stop'移除。
        请注意，north会使y减小。
        
        *** 决策思路 ***

        从'legal_actions'中，分别计算操作这些actions后到达的位置，以及新的位置到所有food、所有ghost的距离，分别取最小距离作为
            这个actions后到food和ghost的距离。
        2. 如果所有actions距离ghost的距离都小于等于3，那么你应该果断选择远离ghost的路径。
        3. 如果存在有actions距离ghost的距离大于3，那么找计算后的位置到food的距离等于0，则直接选择这个actions
        4. 不到万不得已，不选上一步的反方向。
        5. 如果最后没得选，则选一个离ghost距离最远的，总之不能选stop。
        其中以上的距离全部是|x_1 - x| + |y_1 - y|。
        请逐步推理，再给出可选的actions，你的答案只能是第一步。
        然后在给出答案前，请对答案进行检验，确定不会碰到ghosts
        好的请遵守游戏规则，并且牢记你的两个目标，完成任务吧。
        
输出最终行动，格式必须严格如下：<action>行动</action>。其中"行动"必须是以下之一: North, South, East, West, Stop
 例如：<action>North</action>
--- RESPONSE ---
<action>East</action>
--- ACTION ---
East
------------------------------
TIME: 2025-12-10 22:00:36.914655
--- FULL USER INPUT ---

        "*** YOUR PROMPT HERE ***" 
        你现在是一个操作顶尖的吃豆人。你有两个必须要完成的任务：
        
        *** 游戏目标（优先级从高到低） ***
            1. 需要避开不断追赶你的ghosts，与他保持一定的距离。
            2. 需要把所有的food吃完。
        
        这个是当前的游戏数据：'''{'layout_list': ['(0,0)=Wall,(1,0)=Wall,(2,0)=Wall,(3,0)=Wall,(4,0)=Wall,(5,0)=Wall,(6,0)=Wall', '(0,1)=Wall,(1,1)=Empty,(2,1)=Pacman,(3,1)=Empty,(4,1)=Empty,(5,1)=Empty,(6,1)=Wall', '(0,2)=Wall,(1,2)=Empty,(2,2)=Wall,(3,2)=Wall,(4,2)=Wall,(5,2)=Empty,(6,2)=Wall', '(0,3)=Wall,(1,3)=Ghost1,(2,3)=Wall,(3,3)=Food,(4,3)=Empty,(5,3)=Empty,(6,3)=Wall', '(0,4)=Wall,(1,4)=Empty,(2,4)=Wall,(3,4)=Wall,(4,4)=Wall,(5,4)=Empty,(6,4)=Wall', '(0,5)=Wall,(1,5)=Food,(2,5)=Empty,(3,5)=Empty,(4,5)=Empty,(5,5)=Empty,(6,5)=Wall', '(0,6)=Wall,(1,6)=Wall,(2,6)=Wall,(3,6)=Wall,(4,6)=Wall,(5,6)=Wall,(6,6)=Wall'], 'pacman_pos': [2, 1], 'ghost_pos': [[1, 3]], 'score': -4.0, 'food_count': 2, 'legal_actions': ['West', 'Stop', 'East']}'''
        
        *** 数据解析 ***
        其中：
            1. layout_list: (List of Strings) ["(0,0)=Wall", "(1,0)=Pacman"...]
                - wall 是墙壁，不能通过这里
                - Pacman 是你所在的位置
            2. pacman_pos: (List of Integers) [x, y]
                - 表明你当前的位置
            3. ghost_pos: (List of Lists) [[x, y], [x, y]]
                - 表明ghost的位置，你需要尽可能避开它
            4. score: (Integer)
                - 当前的分数，你需要尽可能提高这个分数
            5. food_count: (Integer)
                - 地图中的食物数量，你需要获取所有的食物
            6. legal_actions: (List of Strings) ['North', 'South', ...]
                - 合法的操作。请注意绝大多数情况，不会选择'stop'，你可以理解为把'stop'移除。
        请注意，north会使y减小。
        
        *** 决策思路 ***

        从'legal_actions'中，分别计算操作这些actions后到达的位置，以及新的位置到所有food、所有ghost的距离，分别取最小距离作为
            这个actions后到food和ghost的距离。
        2. 如果所有actions距离ghost的距离都小于等于3，那么你应该果断选择远离ghost的路径。
        3. 如果存在有actions距离ghost的距离大于3，那么找计算后的位置到food的距离等于0，则直接选择这个actions
        4. 不到万不得已，不选上一步的反方向。
        5. 如果最后没得选，则选一个离ghost距离最远的，总之不能选stop。
        其中以上的距离全部是|x_1 - x| + |y_1 - y|。
        请逐步推理，再给出可选的actions，你的答案只能是第一步。
        然后在给出答案前，请对答案进行检验，确定不会碰到ghosts
        好的请遵守游戏规则，并且牢记你的两个目标，完成任务吧。
        
输出最终行动，格式必须严格如下：<action>行动</action>。其中"行动"必须是以下之一: North, South, East, West, Stop
 例如：<action>North</action>
--- RESPONSE ---
<action>West</action>
--- ACTION ---
West
------------------------------
TIME: 2025-12-10 22:00:37.294318
--- FULL USER INPUT ---

        "*** YOUR PROMPT HERE ***" 
        你现在是一个操作顶尖的吃豆人。你有两个必须要完成的任务：
        
        *** 游戏目标（优先级从高到低） ***
            1. 需要避开不断追赶你的ghosts，与他保持一定的距离。
            2. 需要把所有的food吃完。
        
        这个是当前的游戏数据：'''{'layout_list': ['(0,0)=Wall,(1,0)=Wall,(2,0)=Wall,(3,0)=Wall,(4,0)=Wall,(5,0)=Wall,(6,0)=Wall', '(0,1)=Wall,(1,1)=Pacman,(2,1)=Empty,(3,1)=Empty,(4,1)=Empty,(5,1)=Empty,(6,1)=Wall', '(0,2)=Wall,(1,2)=Ghost1,(2,2)=Wall,(3,2)=Wall,(4,2)=Wall,(5,2)=Empty,(6,2)=Wall', '(0,3)=Wall,(1,3)=Empty,(2,3)=Wall,(3,3)=Food,(4,3)=Empty,(5,3)=Empty,(6,3)=Wall', '(0,4)=Wall,(1,4)=Empty,(2,4)=Wall,(3,4)=Wall,(4,4)=Wall,(5,4)=Empty,(6,4)=Wall', '(0,5)=Wall,(1,5)=Food,(2,5)=Empty,(3,5)=Empty,(4,5)=Empty,(5,5)=Empty,(6,5)=Wall', '(0,6)=Wall,(1,6)=Wall,(2,6)=Wall,(3,6)=Wall,(4,6)=Wall,(5,6)=Wall,(6,6)=Wall'], 'pacman_pos': [1, 1], 'ghost_pos': [[1, 2]], 'score': -5.0, 'food_count': 2, 'legal_actions': ['Stop', 'East', 'South']}'''
        
        *** 数据解析 ***
        其中：
            1. layout_list: (List of Strings) ["(0,0)=Wall", "(1,0)=Pacman"...]
                - wall 是墙壁，不能通过这里
                - Pacman 是你所在的位置
            2. pacman_pos: (List of Integers) [x, y]
                - 表明你当前的位置
            3. ghost_pos: (List of Lists) [[x, y], [x, y]]
                - 表明ghost的位置，你需要尽可能避开它
            4. score: (Integer)
                - 当前的分数，你需要尽可能提高这个分数
            5. food_count: (Integer)
                - 地图中的食物数量，你需要获取所有的食物
            6. legal_actions: (List of Strings) ['North', 'South', ...]
                - 合法的操作。请注意绝大多数情况，不会选择'stop'，你可以理解为把'stop'移除。
        请注意，north会使y减小。
        
        *** 决策思路 ***

        从'legal_actions'中，分别计算操作这些actions后到达的位置，以及新的位置到所有food、所有ghost的距离，分别取最小距离作为
            这个actions后到food和ghost的距离。
        2. 如果所有actions距离ghost的距离都小于等于3，那么你应该果断选择远离ghost的路径。
        3. 如果存在有actions距离ghost的距离大于3，那么找计算后的位置到food的距离等于0，则直接选择这个actions
        4. 不到万不得已，不选上一步的反方向。
        5. 如果最后没得选，则选一个离ghost距离最远的，总之不能选stop。
        其中以上的距离全部是|x_1 - x| + |y_1 - y|。
        请逐步推理，再给出可选的actions，你的答案只能是第一步。
        然后在给出答案前，请对答案进行检验，确定不会碰到ghosts
        好的请遵守游戏规则，并且牢记你的两个目标，完成任务吧。
        
输出最终行动，格式必须严格如下：<action>行动</action>。其中"行动"必须是以下之一: North, South, East, West, Stop
 例如：<action>North</action>
--- RESPONSE ---
<action>East</action>
--- ACTION ---
East
------------------------------
TIME: 2025-12-10 22:00:37.744241
--- FULL USER INPUT ---

        "*** YOUR PROMPT HERE ***" 
        你现在是一个操作顶尖的吃豆人。你有两个必须要完成的任务：
        
        *** 游戏目标（优先级从高到低） ***
            1. 需要避开不断追赶你的ghosts，与他保持一定的距离。
            2. 需要把所有的food吃完。
        
        这个是当前的游戏数据：'''{'layout_list': ['(0,0)=Wall,(1,0)=Wall,(2,0)=Wall,(3,0)=Wall,(4,0)=Wall,(5,0)=Wall,(6,0)=Wall', '(0,1)=Wall,(1,1)=Ghost1,(2,1)=Pacman,(3,1)=Empty,(4,1)=Empty,(5,1)=Empty,(6,1)=Wall', '(0,2)=Wall,(1,2)=Empty,(2,2)=Wall,(3,2)=Wall,(4,2)=Wall,(5,2)=Empty,(6,2)=Wall', '(0,3)=Wall,(1,3)=Empty,(2,3)=Wall,(3,3)=Food,(4,3)=Empty,(5,3)=Empty,(6,3)=Wall', '(0,4)=Wall,(1,4)=Empty,(2,4)=Wall,(3,4)=Wall,(4,4)=Wall,(5,4)=Empty,(6,4)=Wall', '(0,5)=Wall,(1,5)=Food,(2,5)=Empty,(3,5)=Empty,(4,5)=Empty,(5,5)=Empty,(6,5)=Wall', '(0,6)=Wall,(1,6)=Wall,(2,6)=Wall,(3,6)=Wall,(4,6)=Wall,(5,6)=Wall,(6,6)=Wall'], 'pacman_pos': [2, 1], 'ghost_pos': [[1, 1]], 'score': -6.0, 'food_count': 2, 'legal_actions': ['West', 'Stop', 'East']}'''
        
        *** 数据解析 ***
        其中：
            1. layout_list: (List of Strings) ["(0,0)=Wall", "(1,0)=Pacman"...]
                - wall 是墙壁，不能通过这里
                - Pacman 是你所在的位置
            2. pacman_pos: (List of Integers) [x, y]
                - 表明你当前的位置
            3. ghost_pos: (List of Lists) [[x, y], [x, y]]
                - 表明ghost的位置，你需要尽可能避开它
            4. score: (Integer)
                - 当前的分数，你需要尽可能提高这个分数
            5. food_count: (Integer)
                - 地图中的食物数量，你需要获取所有的食物
            6. legal_actions: (List of Strings) ['North', 'South', ...]
                - 合法的操作。请注意绝大多数情况，不会选择'stop'，你可以理解为把'stop'移除。
        请注意，north会使y减小。
        
        *** 决策思路 ***

        从'legal_actions'中，分别计算操作这些actions后到达的位置，以及新的位置到所有food、所有ghost的距离，分别取最小距离作为
            这个actions后到food和ghost的距离。
        2. 如果所有actions距离ghost的距离都小于等于3，那么你应该果断选择远离ghost的路径。
        3. 如果存在有actions距离ghost的距离大于3，那么找计算后的位置到food的距离等于0，则直接选择这个actions
        4. 不到万不得已，不选上一步的反方向。
        5. 如果最后没得选，则选一个离ghost距离最远的，总之不能选stop。
        其中以上的距离全部是|x_1 - x| + |y_1 - y|。
        请逐步推理，再给出可选的actions，你的答案只能是第一步。
        然后在给出答案前，请对答案进行检验，确定不会碰到ghosts
        好的请遵守游戏规则，并且牢记你的两个目标，完成任务吧。
        
输出最终行动，格式必须严格如下：<action>行动</action>。其中"行动"必须是以下之一: North, South, East, West, Stop
 例如：<action>North</action>
--- RESPONSE ---
<action>West</action>
--- ACTION ---
West
------------------------------
