TIME: 2025-12-11 18:46:20.173462
--- FULL USER INPUT ---

        "*** YOUR PROMPT HERE ***" 
            请输出你的模型型号
            
        
输出最终行动，格式必须严格如下：<action>行动</action>。其中"行动"必须是以下之一: North, South, East, West, Stop
 例如：<action>North</action>
--- RESPONSE ---
<action>Stop</action>
--- ACTION ---
Stop
------------------------------
TIME: 2025-12-11 18:46:20.530440
--- FULL USER INPUT ---

        "*** YOUR PROMPT HERE ***" 
            请输出你的模型型号
            
        
输出最终行动，格式必须严格如下：<action>行动</action>。其中"行动"必须是以下之一: North, South, East, West, Stop
 例如：<action>North</action>
--- RESPONSE ---
<action>Stop</action>
--- ACTION ---
Stop
------------------------------
TIME: 2025-12-11 18:46:21.002509
--- FULL USER INPUT ---

        "*** YOUR PROMPT HERE ***" 
            请输出你的模型型号
            
        
输出最终行动，格式必须严格如下：<action>行动</action>。其中"行动"必须是以下之一: North, South, East, West, Stop
 例如：<action>North</action>
--- RESPONSE ---
<action>Stop</action>
--- ACTION ---
Stop
------------------------------
TIME: 2025-12-11 18:46:21.379904
--- FULL USER INPUT ---

        "*** YOUR PROMPT HERE ***" 
            请输出你的模型型号
            
        
输出最终行动，格式必须严格如下：<action>行动</action>。其中"行动"必须是以下之一: North, South, East, West, Stop
 例如：<action>North</action>
--- RESPONSE ---
<action>Stop</action>
--- ACTION ---
Stop
------------------------------
TIME: 2025-12-11 18:46:21.750914
--- FULL USER INPUT ---

        "*** YOUR PROMPT HERE ***" 
            请输出你的模型型号
            
        
输出最终行动，格式必须严格如下：<action>行动</action>。其中"行动"必须是以下之一: North, South, East, West, Stop
 例如：<action>North</action>
--- RESPONSE ---
<action>Stop</action>
--- ACTION ---
Stop
------------------------------
TIME: 2025-12-11 18:46:22.092943
--- FULL USER INPUT ---

        "*** YOUR PROMPT HERE ***" 
            请输出你的模型型号
            
        
输出最终行动，格式必须严格如下：<action>行动</action>。其中"行动"必须是以下之一: North, South, East, West, Stop
 例如：<action>North</action>
--- RESPONSE ---
<action>Stop</action>
--- ACTION ---
Stop
------------------------------
TIME: 2025-12-11 18:46:22.438433
--- FULL USER INPUT ---

        "*** YOUR PROMPT HERE ***" 
            请输出你的模型型号
            
        
输出最终行动，格式必须严格如下：<action>行动</action>。其中"行动"必须是以下之一: North, South, East, West, Stop
 例如：<action>North</action>
--- RESPONSE ---
<action>Stop</action>
--- ACTION ---
Stop
------------------------------
