TIME: 2025-12-10 22:31:41.010391
--- FULL USER INPUT ---

        "*** YOUR PROMPT HERE ***" 
            你现在是一个吃豆人。你要在避开ghosts的前提下，吃掉图中的所有食物。
            这个是当前的游戏数据：
            
            ================
            
            {'layout_list': ['(0,0)=Wall,(1,0)=Wall,(2,0)=Wall,(3,0)=Wall,(4,0)=Wall,(5,0)=Wall,(6,0)=Wall', '(0,1)=Wall,(1,1)=Empty,(2,1)=Pacman,(3,1)=Empty,(4,1)=Empty,(5,1)=Empty,(6,1)=Wall', '(0,2)=Wall,(1,2)=Empty,(2,2)=Wall,(3,2)=Wall,(4,2)=Wall,(5,2)=Empty,(6,2)=Wall', '(0,3)=Wall,(1,3)=Empty,(2,3)=Wall,(3,3)=Food,(4,3)=Empty,(5,3)=Empty,(6,3)=Wall', '(0,4)=Wall,(1,4)=Empty,(2,4)=Wall,(3,4)=Wall,(4,4)=Wall,(5,4)=Empty,(6,4)=Wall', '(0,5)=Wall,(1,5)=Food,(2,5)=Empty,(3,5)=Ghost1,(4,5)=Empty,(5,5)=Empty,(6,5)=Wall', '(0,6)=Wall,(1,6)=Wall,(2,6)=Wall,(3,6)=Wall,(4,6)=Wall,(5,6)=Wall,(6,6)=Wall'], 'pacman_pos': [2, 1], 'ghost_pos': [[3, 5]], 'score': 0.0, 'food_count': 2, 'legal_actions': ['West', 'Stop', 'East']}
            
            ================
            
            数据含义： 
            1. layout_list: (List of Strings) ["(0,0)=Wall", "(1,0)=Pacman"...]
            2. pacman_pos: (List of Integers) [x, y]
            3. ghost_pos: (List of Lists) [[x, y], [x, y]]
            4. score: (Integer)
            5. food_count: (Integer)
            6. legal_actions: (List of Strings) ['North', 'South', ...]
            
            ================
            
            你的思路应该是：
            1. 从'legal_actions'中剔除掉'stop'，然后根据剩下的动作，向外延伸出两条长度为8的路径。
                此处的延伸是指，走出当前格子中，理论上'north', 'south', 'west', 'east'都是可选的，你需要进一步判断是不是'wall'
                不是'wall'的话，就是在那个格子中的可选路径。
                路径要求：
                    - 路径中不能包括'wall'。
                    - 中间不能有回头路，例如前一步是'west'，后一步是'east'
            2. 判断这两条条路径上是否存在ghosts
                如果存在一条路径没有ghosts，选择这条路径的第一步。
                否则选择ghosts出现得最晚的路径。
            请逐步推理，再给出最终答案，你的答案只能是第一步。
            好的请遵守游戏规则，并且牢记你的两个目标，完成任务吧。
        
输出最终行动，格式必须严格如下：<action>行动</action>。其中"行动"必须是以下之一: North, South, East, West, Stop
 例如：<action>North</action>
--- RESPONSE ---
<action>East</action>
--- ACTION ---
East
------------------------------
TIME: 2025-12-10 22:31:50.513632
--- FULL USER INPUT ---

        "*** YOUR PROMPT HERE ***" 
            你现在是一个吃豆人。你要在避开ghosts的前提下，吃掉图中的所有食物。
            这个是当前的游戏数据：
            
            ================
            
            {'layout_list': ['(0,0)=Wall,(1,0)=Wall,(2,0)=Wall,(3,0)=Wall,(4,0)=Wall,(5,0)=Wall,(6,0)=Wall', '(0,1)=Wall,(1,1)=Empty,(2,1)=Empty,(3,1)=Pacman,(4,1)=Empty,(5,1)=Empty,(6,1)=Wall', '(0,2)=Wall,(1,2)=Empty,(2,2)=Wall,(3,2)=Wall,(4,2)=Wall,(5,2)=Empty,(6,2)=Wall', '(0,3)=Wall,(1,3)=Empty,(2,3)=Wall,(3,3)=Food,(4,3)=Empty,(5,3)=Empty,(6,3)=Wall', '(0,4)=Wall,(1,4)=Empty,(2,4)=Wall,(3,4)=Wall,(4,4)=Wall,(5,4)=Empty,(6,4)=Wall', '(0,5)=Wall,(1,5)=Food,(2,5)=Ghost1,(3,5)=Empty,(4,5)=Empty,(5,5)=Empty,(6,5)=Wall', '(0,6)=Wall,(1,6)=Wall,(2,6)=Wall,(3,6)=Wall,(4,6)=Wall,(5,6)=Wall,(6,6)=Wall'], 'pacman_pos': [3, 1], 'ghost_pos': [[2, 5]], 'score': -1.0, 'food_count': 2, 'legal_actions': ['West', 'Stop', 'East']}
            
            ================
            
            数据含义： 
            1. layout_list: (List of Strings) ["(0,0)=Wall", "(1,0)=Pacman"...]
            2. pacman_pos: (List of Integers) [x, y]
            3. ghost_pos: (List of Lists) [[x, y], [x, y]]
            4. score: (Integer)
            5. food_count: (Integer)
            6. legal_actions: (List of Strings) ['North', 'South', ...]
            
            ================
            
            你的思路应该是：
            1. 从'legal_actions'中剔除掉'stop'，然后根据剩下的动作，向外延伸出两条长度为8的路径。
                此处的延伸是指，走出当前格子中，理论上'north', 'south', 'west', 'east'都是可选的，你需要进一步判断是不是'wall'
                不是'wall'的话，就是在那个格子中的可选路径。
                路径要求：
                    - 路径中不能包括'wall'。
                    - 中间不能有回头路，例如前一步是'west'，后一步是'east'
            2. 判断这两条条路径上是否存在ghosts
                如果存在一条路径没有ghosts，选择这条路径的第一步。
                否则选择ghosts出现得最晚的路径。
            请逐步推理，再给出最终答案，你的答案只能是第一步。
            好的请遵守游戏规则，并且牢记你的两个目标，完成任务吧。
        
输出最终行动，格式必须严格如下：<action>行动</action>。其中"行动"必须是以下之一: North, South, East, West, Stop
 例如：<action>North</action>
--- RESPONSE ---
首先，我们分析当前的游戏数据：

### 1. 当前布局
从 `layout_list` 中可以提取出地图的结构。我们可以将它转换为一个二维网格来更清晰地理解。

#### 布局解析（x, y）：
- (0,0) = Wall  
- (1,0) = Wall  
- (2,0) = Wall  
- (3,0) = Wall  
- (4,0) = Wall  
- (5,0) = Wall  
- (6,0) = Wall  
- (0,1) = Wall  
- (1,1) = Empty  
- (2,1) = Empty  
- (3,1) = Pacman  
- (4,1) = Empty  
- (5,1) = Empty  
- (6,1) = Wall  
- (0,2) = Wall  
- (1,2) = Empty  
- (2,2) = Wall  
- (3,2) = Wall  
- (4,2) = Wall  
- (5,2) = Empty  
- (6,2) = Wall  
- (0,3) = Wall  
- (1,3) = Empty  
- (2,3) = Wall  
- (3,3) = Food  
- (4,3) = Empty  
- (5,3) = Empty  
- (6,3) = Wall  
- (0,4) = Wall  
- (1,4) = Empty  
- (2,4) = Wall  
- (3,4) = Wall  
- (4,4) = Wall  
- (5,4) = Empty  
- (6,4) = Wall  
- (0,5) = Wall  
- (1,5) = Food  
- (2,5) = Ghost1  
- (3,5) = Empty  
- (4,5) = Empty  
- (5,5) = Empty  
- (6,5) = Wall  
- (0,6) = Wall  
- (1,6) = Wall  
- (2,6) = Wall  
- (3,6) = Wall  
- (4,6) = Wall  
- (5,6) = Wall  
- (6,6) = Wall  

### 2. 当前位置
- **Pacman** 的位置是 `[3, 1]`
- **Ghost1** 的位置是 `[2, 5]`

### 3. 可行动作
从 `legal_actions` 中剔除 `'Stop'`，剩下的动作是：`['West', 'East']`

### 4. 生成路径
我们需要从当前的位置 `[3, 1]` 出发，向外延伸两条长度为8的路径，每条路径只能包含非墙格子，并且不能有回头路。

#### 路径1: West
从 `[3, 1]` 向西走：
- [3,1] → [2,1] → [1,1] → [0,1]（Wall）→ ❌

无法继续向西，因为到 [0,1] 是墙。

#### 路径2: East
从 `[3, 1]` 向东走：
- [3,1] → [4,1] → [5,1] → [6,1]（Wall）→ ❌

也无法继续向东，因为到 [6,1] 是墙。

所以，只有两个方向可选：`West` 和 `East`，但都无法走满8步。

### 5. 检查路径中是否有 Ghosts
- **West** 方向：[3,1] → [2,1] → [1,1]  
  - 这些位置没有 Ghost。
- **East** 方向：[3,1] → [4,1] → [5,1]  
  - 这些位置也没有 Ghost。

### 6. 选择路径
两条路径都没有 Ghost，因此我们选择其中一条路径的第一步。

在 `legal_actions` 中，`West` 和 `East` 都是合法动作，但根据游戏规则，我们优先选择 `West`（因为通常先尝试左方向）。

---

### 最终答案：
<action>West</action>
--- ACTION ---
West
------------------------------
TIME: 2025-12-10 22:31:56.318998
--- FULL USER INPUT ---

        "*** YOUR PROMPT HERE ***" 
            你现在是一个吃豆人。你要在避开ghosts的前提下，吃掉图中的所有食物。
            这个是当前的游戏数据：
            
            ================
            
            {'layout_list': ['(0,0)=Wall,(1,0)=Wall,(2,0)=Wall,(3,0)=Wall,(4,0)=Wall,(5,0)=Wall,(6,0)=Wall', '(0,1)=Wall,(1,1)=Empty,(2,1)=Pacman,(3,1)=Empty,(4,1)=Empty,(5,1)=Empty,(6,1)=Wall', '(0,2)=Wall,(1,2)=Empty,(2,2)=Wall,(3,2)=Wall,(4,2)=Wall,(5,2)=Empty,(6,2)=Wall', '(0,3)=Wall,(1,3)=Empty,(2,3)=Wall,(3,3)=Food,(4,3)=Empty,(5,3)=Empty,(6,3)=Wall', '(0,4)=Wall,(1,4)=Empty,(2,4)=Wall,(3,4)=Wall,(4,4)=Wall,(5,4)=Empty,(6,4)=Wall', '(0,5)=Wall,(1,5)=Ghost1,(2,5)=Empty,(3,5)=Empty,(4,5)=Empty,(5,5)=Empty,(6,5)=Wall', '(0,6)=Wall,(1,6)=Wall,(2,6)=Wall,(3,6)=Wall,(4,6)=Wall,(5,6)=Wall,(6,6)=Wall'], 'pacman_pos': [2, 1], 'ghost_pos': [[1, 5]], 'score': -2.0, 'food_count': 2, 'legal_actions': ['West', 'Stop', 'East']}
            
            ================
            
            数据含义： 
            1. layout_list: (List of Strings) ["(0,0)=Wall", "(1,0)=Pacman"...]
            2. pacman_pos: (List of Integers) [x, y]
            3. ghost_pos: (List of Lists) [[x, y], [x, y]]
            4. score: (Integer)
            5. food_count: (Integer)
            6. legal_actions: (List of Strings) ['North', 'South', ...]
            
            ================
            
            你的思路应该是：
            1. 从'legal_actions'中剔除掉'stop'，然后根据剩下的动作，向外延伸出两条长度为8的路径。
                此处的延伸是指，走出当前格子中，理论上'north', 'south', 'west', 'east'都是可选的，你需要进一步判断是不是'wall'
                不是'wall'的话，就是在那个格子中的可选路径。
                路径要求：
                    - 路径中不能包括'wall'。
                    - 中间不能有回头路，例如前一步是'west'，后一步是'east'
            2. 判断这两条条路径上是否存在ghosts
                如果存在一条路径没有ghosts，选择这条路径的第一步。
                否则选择ghosts出现得最晚的路径。
            请逐步推理，再给出最终答案，你的答案只能是第一步。
            好的请遵守游戏规则，并且牢记你的两个目标，完成任务吧。
        
输出最终行动，格式必须严格如下：<action>行动</action>。其中"行动"必须是以下之一: North, South, East, West, Stop
 例如：<action>North</action>
--- RESPONSE ---
首先，我需要分析当前的游戏数据。

### 1. 当前布局
从 `layout_list` 中可以提取出地图的结构。根据提供的信息，我们可以绘制出一个简单的二维网格：

```
Row 0: Wall Wall Wall Wall Wall Wall Wall
Row 1: Wall Empty Pacman Empty Empty Empty Wall
Row 2: Wall Empty Wall Wall Wall Empty Wall
Row 3: Wall Empty Wall Food Empty Empty Wall
Row 4: Wall Empty Wall Wall Wall Empty Wall
Row 5: Wall Ghost1 Empty Empty Empty Empty Wall
Row 6: Wall Wall Wall Wall Wall Wall Wall
```

### 2. 当前位置
- **Pacman 的位置**：[2, 1]（即 x=2, y=1）
- **Ghost 的位置**：[[1, 5]]（即 x=1, y=5）

### 3. 可用动作
从 `legal_actions` 中，我们有：
- ['West', 'Stop', 'East']

我们需要剔除 'Stop'，所以可用动作是：['West', 'East']

### 4. 生成路径
现在，我需要为这两个动作（West 和 East）生成长度为 8 的路径，并确保路径中没有墙，且不能回头。

#### 从 [2, 1] 出发，尝试向 West 移动
- [2, 1] → [1, 1]（Empty）
- [1, 1] → [0, 1]（Wall）→ 无法继续

所以，West 路径只能走一步，之后遇到墙。

#### 从 [2, 1] 出发，尝试向 East 移动
- [2, 1] → [3, 1]（Empty）
- [3, 1] → [4, 1]（Empty）
- [4, 1] → [5, 1]（Empty）
- [5, 1] → [6, 1]（Wall）→ 无法继续

所以，East 路径可以走 4 步。

### 5. 检查路径上是否有 Ghosts
- **West 路径**：只有 [1, 1]，没有 Ghost。
- **East 路径**：[3, 1], [4, 1], [5, 1]，也没有 Ghost。

### 6. 选择路径
两条路径都没有 Ghost，但 East 路径更长，能走更多步，因此优先选择 East。

### 最终答案
<action>East</action>
--- ACTION ---
East
------------------------------
TIME: 2025-12-10 22:32:02.752159
--- FULL USER INPUT ---

        "*** YOUR PROMPT HERE ***" 
            你现在是一个吃豆人。你要在避开ghosts的前提下，吃掉图中的所有食物。
            这个是当前的游戏数据：
            
            ================
            
            {'layout_list': ['(0,0)=Wall,(1,0)=Wall,(2,0)=Wall,(3,0)=Wall,(4,0)=Wall,(5,0)=Wall,(6,0)=Wall', '(0,1)=Wall,(1,1)=Empty,(2,1)=Empty,(3,1)=Pacman,(4,1)=Empty,(5,1)=Empty,(6,1)=Wall', '(0,2)=Wall,(1,2)=Empty,(2,2)=Wall,(3,2)=Wall,(4,2)=Wall,(5,2)=Empty,(6,2)=Wall', '(0,3)=Wall,(1,3)=Empty,(2,3)=Wall,(3,3)=Food,(4,3)=Empty,(5,3)=Empty,(6,3)=Wall', '(0,4)=Wall,(1,4)=Ghost1,(2,4)=Wall,(3,4)=Wall,(4,4)=Wall,(5,4)=Empty,(6,4)=Wall', '(0,5)=Wall,(1,5)=Food,(2,5)=Empty,(3,5)=Empty,(4,5)=Empty,(5,5)=Empty,(6,5)=Wall', '(0,6)=Wall,(1,6)=Wall,(2,6)=Wall,(3,6)=Wall,(4,6)=Wall,(5,6)=Wall,(6,6)=Wall'], 'pacman_pos': [3, 1], 'ghost_pos': [[1, 4]], 'score': -3.0, 'food_count': 2, 'legal_actions': ['West', 'Stop', 'East']}
            
            ================
            
            数据含义： 
            1. layout_list: (List of Strings) ["(0,0)=Wall", "(1,0)=Pacman"...]
            2. pacman_pos: (List of Integers) [x, y]
            3. ghost_pos: (List of Lists) [[x, y], [x, y]]
            4. score: (Integer)
            5. food_count: (Integer)
            6. legal_actions: (List of Strings) ['North', 'South', ...]
            
            ================
            
            你的思路应该是：
            1. 从'legal_actions'中剔除掉'stop'，然后根据剩下的动作，向外延伸出两条长度为8的路径。
                此处的延伸是指，走出当前格子中，理论上'north', 'south', 'west', 'east'都是可选的，你需要进一步判断是不是'wall'
                不是'wall'的话，就是在那个格子中的可选路径。
                路径要求：
                    - 路径中不能包括'wall'。
                    - 中间不能有回头路，例如前一步是'west'，后一步是'east'
            2. 判断这两条条路径上是否存在ghosts
                如果存在一条路径没有ghosts，选择这条路径的第一步。
                否则选择ghosts出现得最晚的路径。
            请逐步推理，再给出最终答案，你的答案只能是第一步。
            好的请遵守游戏规则，并且牢记你的两个目标，完成任务吧。
        
输出最终行动，格式必须严格如下：<action>行动</action>。其中"行动"必须是以下之一: North, South, East, West, Stop
 例如：<action>North</action>
--- RESPONSE ---
首先，我们分析当前的游戏数据：

### 1. 当前布局
从 `layout_list` 中可以提取出地图的结构。我们可以将每个格子的类型记录下来，例如：
- Wall：墙，不能通过
- Empty：空地，可以移动
- Pacman：吃豆人所在位置
- Food：食物，需要吃掉
- Ghost1：幽灵，不能靠近

根据 `pacman_pos`，我们知道吃豆人当前位置是 `[3, 1]`。

根据 `ghost_pos`，幽灵的位置是 `[1, 4]`。

### 2. 可行动作
从 `legal_actions` 中，我们有：`['West', 'Stop', 'East']`。  
我们需要剔除 `'Stop'`，所以可选动作是：`['West', 'East']`。

### 3. 生成路径
我们从当前坐标 `[3, 1]` 出发，尝试向外延伸两条长度为8的路径，每条路径只能走一个方向（不能回头）。

#### 路径1：向西（West）
从 `[3, 1]` 向西走，即 x 坐标减少。
- [3, 1] → [2, 1] → [1, 1] → [0, 1]（注意：[0, 1] 是 Wall，不能继续）

这条路径在第3步就遇到墙，无法继续。

#### 路径2：向东（East）
从 `[3, 1]` 向东走，即 x 坐标增加。
- [3, 1] → [4, 1] → [5, 1] → [6, 1]（注意：[6, 1] 是 Wall，不能继续）

这条路径在第3步也遇到墙，无法继续。

因此，这两条路径都无法走满8步，但它们都未经过幽灵的位置 `[1, 4]`。

### 4. 判断是否有幽灵
- **West 路径**：从 `[3, 1]` 向西走，不会到达 `[1, 4]`，没有幽灵。
- **East 路径**：从 `[3, 1]` 向东走，也不会到达 `[1, 4]`，没有幽灵。

### 5. 选择路径
因为两条路径都没有幽灵，我们选择其中一条路径的第一步。

由于 `legal_actions` 中只有 `West` 和 `East`，我们优先选择 `West`（因为通常更安全，避免可能的障碍）。

---

### 最终答案：
<action>West</action>
--- ACTION ---
West
------------------------------
TIME: 2025-12-10 22:32:10.814650
--- FULL USER INPUT ---

        "*** YOUR PROMPT HERE ***" 
            你现在是一个吃豆人。你要在避开ghosts的前提下，吃掉图中的所有食物。
            这个是当前的游戏数据：
            
            ================
            
            {'layout_list': ['(0,0)=Wall,(1,0)=Wall,(2,0)=Wall,(3,0)=Wall,(4,0)=Wall,(5,0)=Wall,(6,0)=Wall', '(0,1)=Wall,(1,1)=Empty,(2,1)=Pacman,(3,1)=Empty,(4,1)=Empty,(5,1)=Empty,(6,1)=Wall', '(0,2)=Wall,(1,2)=Empty,(2,2)=Wall,(3,2)=Wall,(4,2)=Wall,(5,2)=Empty,(6,2)=Wall', '(0,3)=Wall,(1,3)=Ghost1,(2,3)=Wall,(3,3)=Food,(4,3)=Empty,(5,3)=Empty,(6,3)=Wall', '(0,4)=Wall,(1,4)=Empty,(2,4)=Wall,(3,4)=Wall,(4,4)=Wall,(5,4)=Empty,(6,4)=Wall', '(0,5)=Wall,(1,5)=Food,(2,5)=Empty,(3,5)=Empty,(4,5)=Empty,(5,5)=Empty,(6,5)=Wall', '(0,6)=Wall,(1,6)=Wall,(2,6)=Wall,(3,6)=Wall,(4,6)=Wall,(5,6)=Wall,(6,6)=Wall'], 'pacman_pos': [2, 1], 'ghost_pos': [[1, 3]], 'score': -4.0, 'food_count': 2, 'legal_actions': ['West', 'Stop', 'East']}
            
            ================
            
            数据含义： 
            1. layout_list: (List of Strings) ["(0,0)=Wall", "(1,0)=Pacman"...]
            2. pacman_pos: (List of Integers) [x, y]
            3. ghost_pos: (List of Lists) [[x, y], [x, y]]
            4. score: (Integer)
            5. food_count: (Integer)
            6. legal_actions: (List of Strings) ['North', 'South', ...]
            
            ================
            
            你的思路应该是：
            1. 从'legal_actions'中剔除掉'stop'，然后根据剩下的动作，向外延伸出两条长度为8的路径。
                此处的延伸是指，走出当前格子中，理论上'north', 'south', 'west', 'east'都是可选的，你需要进一步判断是不是'wall'
                不是'wall'的话，就是在那个格子中的可选路径。
                路径要求：
                    - 路径中不能包括'wall'。
                    - 中间不能有回头路，例如前一步是'west'，后一步是'east'
            2. 判断这两条条路径上是否存在ghosts
                如果存在一条路径没有ghosts，选择这条路径的第一步。
                否则选择ghosts出现得最晚的路径。
            请逐步推理，再给出最终答案，你的答案只能是第一步。
            好的请遵守游戏规则，并且牢记你的两个目标，完成任务吧。
        
输出最终行动，格式必须严格如下：<action>行动</action>。其中"行动"必须是以下之一: North, South, East, West, Stop
 例如：<action>North</action>
--- RESPONSE ---
首先，我们分析当前的游戏数据：

### 1. 当前布局
从 `layout_list` 中可以提取出地图的结构。我们可以将其转换为一个二维网格来更直观地理解。

- **Row 0**: All walls.
- **Row 1**: [Wall, Empty, Pacman, Empty, Empty, Empty, Wall]
- **Row 2**: [Wall, Empty, Wall, Wall, Wall, Empty, Wall]
- **Row 3**: [Wall, Ghost1, Wall, Food, Empty, Empty, Wall]
- **Row 4**: [Wall, Empty, Wall, Wall, Wall, Empty, Wall]
- **Row 5**: [Wall, Food, Empty, Empty, Empty, Empty, Wall]
- **Row 6**: All walls.

### 2. 当前位置
- **Pacman** is at position (2, 1)
- **Ghost1** is at position (1, 3)

### 3. Legal Actions
From the data: `['West', 'Stop', 'East']`

We are to **remove 'Stop'**, so the available actions are:
- West
- East

Now we need to **extend each of these two directions into a path of length 8**, ensuring that:
- No wall is in the path.
- No backtracking (e.g., if you go west, then east is not allowed).

---

### Step 1: Extend "West" path from (2,1)

Let's move west step by step:

- (2,1) → (1,1): Empty ✅
- (1,1) → (0,1): Wall ❌ (can't go further)

So the path for "West" is only 2 steps long and ends at a wall. Not valid for 8 steps.

---

### Step 2: Extend "East" path from (2,1)

- (2,1) → (3,1): Empty ✅
- (3,1) → (4,1): Empty ✅
- (4,1) → (5,1): Empty ✅
- (5,1) → (6,1): Wall ❌ (can't go further)

So the path for "East" is 4 steps long and ends at a wall. Also not valid for 8 steps.

---

### Step 3: Check for ghosts on the paths

- **West path**: (2,1) → (1,1). No ghost here.
- **East path**: (2,1) → (3,1) → (4,1) → (5,1). No ghost here.

Both paths are safe from ghosts.

---

### Step 4: Choose the best path

Since both paths are safe, but the **West path is shorter**, and we want to **maximize food collection**, it's better to choose the **East path** as it has more open space and potential to reach more food.

---

### Final Decision

The first move should be **East**.

<action>East</action>
--- ACTION ---
East
------------------------------
