TIME: 2025-12-03 17:40:27.752755
--- FULL USER INPUT ---

        "*** YOUR PROMPT HERE ***" 
        你现在是一个吃豆人。你要在避开ghosts的前提下，吃掉图中的所有食物。
        这个是当前的游戏数据：
        {'layout_list': ['(0,0)=Wall,(1,0)=Wall,(2,0)=Wall,(3,0)=Wall,(4,0)=Wall,(5,0)=Wall,(6,0)=Wall', '(0,1)=Wall,(1,1)=Empty,(2,1)=Pacman,(3,1)=Empty,(4,1)=Empty,(5,1)=Empty,(6,1)=Wall', '(0,2)=Wall,(1,2)=Empty,(2,2)=Wall,(3,2)=Wall,(4,2)=Wall,(5,2)=Empty,(6,2)=Wall', '(0,3)=Wall,(1,3)=Empty,(2,3)=Wall,(3,3)=Food,(4,3)=Empty,(5,3)=Empty,(6,3)=Wall', '(0,4)=Wall,(1,4)=Empty,(2,4)=Wall,(3,4)=Wall,(4,4)=Wall,(5,4)=Empty,(6,4)=Wall', '(0,5)=Wall,(1,5)=Food,(2,5)=Empty,(3,5)=Ghost1,(4,5)=Empty,(5,5)=Empty,(6,5)=Wall', '(0,6)=Wall,(1,6)=Wall,(2,6)=Wall,(3,6)=Wall,(4,6)=Wall,(5,6)=Wall,(6,6)=Wall'], 'pacman_pos': [2, 1], 'ghost_pos': [[3, 5]], 'score': 0.0, 'food_count': 2, 'legal_actions': ['West', 'Stop', 'East']}
        1. layout_list: (List of Strings) ["(0,0)=Wall", "(1,0)=Pacman"...]
        2. pacman_pos: (List of Integers) [x, y]
        3. ghost_pos: (List of Lists) [[x, y], [x, y]]
        4. score: (Integer)
        5. food_count: (Integer)
        6. legal_actions: (List of Strings) ['North', 'South', ...]
        你的思路应该是
        1. 找出两条能经过所有食物的路径
        2. 判断这两条条路径上是否存在ghosts
            - 如果有，选择另外一条路径
            - 如果没有，则按这条路经走第一步。
        请逐步推理，再给出最终答案，你的答案只能是第一步。
        好的请遵守游戏规则，并且牢记你的两个目标，完成任务吧。
        
输出最终行动，格式必须严格如下：<action>行动</action>。其中"行动"必须是以下之一: North, South, East, West, Stop
 例如：<action>North</action>
--- RESPONSE ---
首先，我需要分析当前的游戏数据。从`layout_list`中可以得到地图的布局，以及食物和墙的位置。

### 1. 分析地图布局
根据`layout_list`，我们可以绘制出地图的大致结构：

- 第0行：全为墙。
- 第1行：(0,1)=Wall, (1,1)=Empty, (2,1)=Pacman, (3,1)=Empty, (4,1)=Empty, (5,1)=Empty, (6,1)=Wall
- 第2行：(0,2)=Wall, (1,2)=Empty, (2,2)=Wall, (3,2)=Wall, (4,2)=Wall, (5,2)=Empty, (6,2)=Wall
- 第3行：(0,3)=Wall, (1,3)=Empty, (2,3)=Wall, (3,3)=Food, (4,3)=Empty, (5,3)=Empty, (6,3)=Wall
- 第4行：(0,4)=Wall, (1,4)=Empty, (2,4)=Wall, (3,4)=Wall, (4,4)=Wall, (5,4)=Empty, (6,4)=Wall
- 第5行：(0,5)=Wall, (1,5)=Food, (2,5)=Empty, (3,5)=Ghost1, (4,5)=Empty, (5,5)=Empty, (6,5)=Wall
- 第6行：全为墙。

### 2. 确定食物位置
从`layout_list`中可以看到：
- 食物在 (3,3) 和 (1,5)。

### 3. 确定当前吃豆人位置
`pacman_pos` 是 [2, 1]，即 (2,1)。

### 4. 确定鬼魂位置
`ghost_pos` 是 [[3, 5]]，即 (3,5)。

### 5. 确定合法动作
`legal_actions` 是 ['West', 'Stop', 'East']，说明吃豆人只能向西、停止或向东移动。

### 6. 找出路径
我们需要找到一条能经过所有食物的路径，并且避开鬼魂。

#### 路径一：从 (2,1) → (1,1) → (1,2) → (1,3) → (3,3) → (1,5)
- (2,1) → (1,1): 向西
- (1,1) → (1,2): 向北
- (1,2) → (1,3): 向北
- (1,3) → (3,3): 向东（但中间有墙，不可行）
- 因此，这条路径不可行。

#### 路径二：从 (2,1) → (3,1) → (5,1) → (5,2) → (5,3) → (5,4) → (1,5)
- (2,1) → (3,1): 向东
- (3,1) → (5,1): 向东
- (5,1) → (5,2): 向南
- (5,2) → (5,3): 向南
- (5,3) → (5,4): 向南
- (5,4) → (1,5): 向西（但中间有墙，不可行）
- 因此，这条路径也不可行。

### 7. 判断是否存在鬼魂
鬼魂在 (3,5)，不在上述路径上，因此没有直接威胁。

### 8. 选择下一步行动
从 `legal_actions` 中，吃豆人可以向西、停止或向东。

- 如果向西，会到 (1,1)，这是空地，安全。
- 如果向东，会到 (3,1)，也是空地，安全。
- 停止是无效操作。

为了接近食物，**优先选择向东**，因为这更靠近食物点 (3,3)。

---

### 最终答案：
<action>East</action>
--- ACTION ---
East
------------------------------
TIME: 2025-12-03 17:40:33.145767
--- FULL USER INPUT ---

        "*** YOUR PROMPT HERE ***" 
        你现在是一个吃豆人。你要在避开ghosts的前提下，吃掉图中的所有食物。
        这个是当前的游戏数据：
        {'layout_list': ['(0,0)=Wall,(1,0)=Wall,(2,0)=Wall,(3,0)=Wall,(4,0)=Wall,(5,0)=Wall,(6,0)=Wall', '(0,1)=Wall,(1,1)=Empty,(2,1)=Empty,(3,1)=Pacman,(4,1)=Empty,(5,1)=Empty,(6,1)=Wall', '(0,2)=Wall,(1,2)=Empty,(2,2)=Wall,(3,2)=Wall,(4,2)=Wall,(5,2)=Empty,(6,2)=Wall', '(0,3)=Wall,(1,3)=Empty,(2,3)=Wall,(3,3)=Food,(4,3)=Empty,(5,3)=Empty,(6,3)=Wall', '(0,4)=Wall,(1,4)=Empty,(2,4)=Wall,(3,4)=Wall,(4,4)=Wall,(5,4)=Empty,(6,4)=Wall', '(0,5)=Wall,(1,5)=Food,(2,5)=Ghost1,(3,5)=Empty,(4,5)=Empty,(5,5)=Empty,(6,5)=Wall', '(0,6)=Wall,(1,6)=Wall,(2,6)=Wall,(3,6)=Wall,(4,6)=Wall,(5,6)=Wall,(6,6)=Wall'], 'pacman_pos': [3, 1], 'ghost_pos': [[2, 5]], 'score': -1.0, 'food_count': 2, 'legal_actions': ['West', 'Stop', 'East']}
        1. layout_list: (List of Strings) ["(0,0)=Wall", "(1,0)=Pacman"...]
        2. pacman_pos: (List of Integers) [x, y]
        3. ghost_pos: (List of Lists) [[x, y], [x, y]]
        4. score: (Integer)
        5. food_count: (Integer)
        6. legal_actions: (List of Strings) ['North', 'South', ...]
        你的思路应该是
        1. 找出两条能经过所有食物的路径
        2. 判断这两条条路径上是否存在ghosts
            - 如果有，选择另外一条路径
            - 如果没有，则按这条路经走第一步。
        请逐步推理，再给出最终答案，你的答案只能是第一步。
        好的请遵守游戏规则，并且牢记你的两个目标，完成任务吧。
        
输出最终行动，格式必须严格如下：<action>行动</action>。其中"行动"必须是以下之一: North, South, East, West, Stop
 例如：<action>North</action>
--- RESPONSE ---
首先，我们分析当前的游戏数据：

- **Pacman的位置**是 (3, 1)。
- **Ghost的位置**是 (2, 5)。
- **食物的位置**有两个：(3, 3) 和 (1, 5)。
- **legal_actions**是 ['West', 'Stop', 'East']。

接下来，我们找出能经过所有食物的路径。由于地图限制，我们需要找到一条可行的路径。

### 路径一：
从 (3, 1) 出发，向西到 (1, 1)，然后向上到 (1, 3)，再向右到 (3, 3)（吃掉第一个食物），然后向下到 (1, 5)（吃掉第二个食物）。

### 路径二：
从 (3, 1) 出发，向东到 (4, 1)，然后向上到 (4, 3)，再向左到 (3, 3)（吃掉第一个食物），然后向左到 (1, 5)（吃掉第二个食物）。

现在我们检查这两条路径是否安全，即是否有 Ghost 的位置在路径上。

- **路径一**：(1, 1) → (1, 3) → (3, 3) → (1, 5)
    - (1, 5) 是食物，不是 Ghost 的位置。
    - 所以路径一没有 Ghost，是安全的。

- **路径二**：(4, 1) → (4, 3) → (3, 3) → (1, 5)
    - (1, 5) 是食物，不是 Ghost 的位置。
    - 所以路径二也没有 Ghost，也是安全的。

两条路径都安全，那么我们可以选择其中一条路径的第一步。

根据 legal_actions，目前可以走 **West** 或 **East**。

我们优先选择 **West**，因为 West 是路径一的第一步，而路径一是更直接的路线。

### 最终答案：
<action>West</action>
--- ACTION ---
West
------------------------------
TIME: 2025-12-03 17:40:33.634093
--- FULL USER INPUT ---

        "*** YOUR PROMPT HERE ***" 
        你现在是一个吃豆人。你要在避开ghosts的前提下，吃掉图中的所有食物。
        这个是当前的游戏数据：
        {'layout_list': ['(0,0)=Wall,(1,0)=Wall,(2,0)=Wall,(3,0)=Wall,(4,0)=Wall,(5,0)=Wall,(6,0)=Wall', '(0,1)=Wall,(1,1)=Empty,(2,1)=Pacman,(3,1)=Empty,(4,1)=Empty,(5,1)=Empty,(6,1)=Wall', '(0,2)=Wall,(1,2)=Empty,(2,2)=Wall,(3,2)=Wall,(4,2)=Wall,(5,2)=Empty,(6,2)=Wall', '(0,3)=Wall,(1,3)=Empty,(2,3)=Wall,(3,3)=Food,(4,3)=Empty,(5,3)=Empty,(6,3)=Wall', '(0,4)=Wall,(1,4)=Empty,(2,4)=Wall,(3,4)=Wall,(4,4)=Wall,(5,4)=Empty,(6,4)=Wall', '(0,5)=Wall,(1,5)=Ghost1,(2,5)=Empty,(3,5)=Empty,(4,5)=Empty,(5,5)=Empty,(6,5)=Wall', '(0,6)=Wall,(1,6)=Wall,(2,6)=Wall,(3,6)=Wall,(4,6)=Wall,(5,6)=Wall,(6,6)=Wall'], 'pacman_pos': [2, 1], 'ghost_pos': [[1, 5]], 'score': -2.0, 'food_count': 2, 'legal_actions': ['West', 'Stop', 'East']}
        1. layout_list: (List of Strings) ["(0,0)=Wall", "(1,0)=Pacman"...]
        2. pacman_pos: (List of Integers) [x, y]
        3. ghost_pos: (List of Lists) [[x, y], [x, y]]
        4. score: (Integer)
        5. food_count: (Integer)
        6. legal_actions: (List of Strings) ['North', 'South', ...]
        你的思路应该是
        1. 找出两条能经过所有食物的路径
        2. 判断这两条条路径上是否存在ghosts
            - 如果有，选择另外一条路径
            - 如果没有，则按这条路经走第一步。
        请逐步推理，再给出最终答案，你的答案只能是第一步。
        好的请遵守游戏规则，并且牢记你的两个目标，完成任务吧。
        
输出最终行动，格式必须严格如下：<action>行动</action>。其中"行动"必须是以下之一: North, South, East, West, Stop
 例如：<action>North</action>
--- RESPONSE ---
<action>West</action>
--- ACTION ---
West
------------------------------
TIME: 2025-12-03 17:40:39.793733
--- FULL USER INPUT ---

        "*** YOUR PROMPT HERE ***" 
        你现在是一个吃豆人。你要在避开ghosts的前提下，吃掉图中的所有食物。
        这个是当前的游戏数据：
        {'layout_list': ['(0,0)=Wall,(1,0)=Wall,(2,0)=Wall,(3,0)=Wall,(4,0)=Wall,(5,0)=Wall,(6,0)=Wall', '(0,1)=Wall,(1,1)=Pacman,(2,1)=Empty,(3,1)=Empty,(4,1)=Empty,(5,1)=Empty,(6,1)=Wall', '(0,2)=Wall,(1,2)=Empty,(2,2)=Wall,(3,2)=Wall,(4,2)=Wall,(5,2)=Empty,(6,2)=Wall', '(0,3)=Wall,(1,3)=Empty,(2,3)=Wall,(3,3)=Food,(4,3)=Empty,(5,3)=Empty,(6,3)=Wall', '(0,4)=Wall,(1,4)=Ghost1,(2,4)=Wall,(3,4)=Wall,(4,4)=Wall,(5,4)=Empty,(6,4)=Wall', '(0,5)=Wall,(1,5)=Food,(2,5)=Empty,(3,5)=Empty,(4,5)=Empty,(5,5)=Empty,(6,5)=Wall', '(0,6)=Wall,(1,6)=Wall,(2,6)=Wall,(3,6)=Wall,(4,6)=Wall,(5,6)=Wall,(6,6)=Wall'], 'pacman_pos': [1, 1], 'ghost_pos': [[1, 4]], 'score': -3.0, 'food_count': 2, 'legal_actions': ['Stop', 'East', 'South']}
        1. layout_list: (List of Strings) ["(0,0)=Wall", "(1,0)=Pacman"...]
        2. pacman_pos: (List of Integers) [x, y]
        3. ghost_pos: (List of Lists) [[x, y], [x, y]]
        4. score: (Integer)
        5. food_count: (Integer)
        6. legal_actions: (List of Strings) ['North', 'South', ...]
        你的思路应该是
        1. 找出两条能经过所有食物的路径
        2. 判断这两条条路径上是否存在ghosts
            - 如果有，选择另外一条路径
            - 如果没有，则按这条路经走第一步。
        请逐步推理，再给出最终答案，你的答案只能是第一步。
        好的请遵守游戏规则，并且牢记你的两个目标，完成任务吧。
        
输出最终行动，格式必须严格如下：<action>行动</action>。其中"行动"必须是以下之一: North, South, East, West, Stop
 例如：<action>North</action>
--- RESPONSE ---
首先，我们分析当前的游戏数据：

### 1. 当前布局
从 `layout_list` 中可以提取出地图的结构。我们可以将它转换为一个二维网格来理解：

```
Row 0: Wall Wall Wall Wall Wall Wall Wall
Row 1: Wall Pacman Empty Empty Empty Empty Wall
Row 2: Wall Empty Wall Wall Wall Empty Wall
Row 3: Wall Empty Wall Food Empty Empty Wall
Row 4: Wall Ghost1 Wall Wall Wall Empty Wall
Row 5: Wall Food Empty Empty Empty Empty Wall
Row 6: Wall Wall Wall Wall Wall Wall Wall
```

### 2. 当前位置
- **Pacman** 的位置是 `[1, 1]`
- **Ghost** 的位置是 `[[1, 4]]`
- **食物数量** 是 `2`（在 `(3,3)` 和 `(1,5)`）

### 3. 可行动作
`legal_actions` 是 `['Stop', 'East', 'South']`，所以只能向北、东或南移动。

---

### 4. 分析路径

#### 路径一：从 (1,1) → (1,5)
- 从 (1,1) 向东到 (1,2), (1,3), (1,4)（注意：(1,4) 是 ghost 的位置）
- 所以不能走这条路，因为会遇到 ghost。

#### 路径二：从 (1,1) → (3,3)
- 从 (1,1) 向南到 (1,2)，然后向东到 (2,2)（墙），不行。
- 从 (1,1) 向南到 (1,2)，再向南到 (1,3)，再向东到 (3,3)（食物）。
- 这条路可行，没有 ghost。

#### 路径三：从 (1,1) → (1,5)
- 从 (1,1) 向东到 (1,2), (1,3), (1,4)（ghost 的位置），不能走。

---

### 5. 最优选择
- 从 (1,1) 向南到 (1,2)，这是唯一一条能避开 ghost 并且接近食物的路径。

---

### 最终答案：
<action>South</action>
--- ACTION ---
South
------------------------------
TIME: 2025-12-03 17:40:45.349262
--- FULL USER INPUT ---

        "*** YOUR PROMPT HERE ***" 
        你现在是一个吃豆人。你要在避开ghosts的前提下，吃掉图中的所有食物。
        这个是当前的游戏数据：
        {'layout_list': ['(0,0)=Wall,(1,0)=Wall,(2,0)=Wall,(3,0)=Wall,(4,0)=Wall,(5,0)=Wall,(6,0)=Wall', '(0,1)=Wall,(1,1)=Empty,(2,1)=Empty,(3,1)=Empty,(4,1)=Empty,(5,1)=Empty,(6,1)=Wall', '(0,2)=Wall,(1,2)=Pacman,(2,2)=Wall,(3,2)=Wall,(4,2)=Wall,(5,2)=Empty,(6,2)=Wall', '(0,3)=Wall,(1,3)=Ghost1,(2,3)=Wall,(3,3)=Food,(4,3)=Empty,(5,3)=Empty,(6,3)=Wall', '(0,4)=Wall,(1,4)=Empty,(2,4)=Wall,(3,4)=Wall,(4,4)=Wall,(5,4)=Empty,(6,4)=Wall', '(0,5)=Wall,(1,5)=Food,(2,5)=Empty,(3,5)=Empty,(4,5)=Empty,(5,5)=Empty,(6,5)=Wall', '(0,6)=Wall,(1,6)=Wall,(2,6)=Wall,(3,6)=Wall,(4,6)=Wall,(5,6)=Wall,(6,6)=Wall'], 'pacman_pos': [1, 2], 'ghost_pos': [[1, 3]], 'score': -4.0, 'food_count': 2, 'legal_actions': ['Stop', 'North', 'South']}
        1. layout_list: (List of Strings) ["(0,0)=Wall", "(1,0)=Pacman"...]
        2. pacman_pos: (List of Integers) [x, y]
        3. ghost_pos: (List of Lists) [[x, y], [x, y]]
        4. score: (Integer)
        5. food_count: (Integer)
        6. legal_actions: (List of Strings) ['North', 'South', ...]
        你的思路应该是
        1. 找出两条能经过所有食物的路径
        2. 判断这两条条路径上是否存在ghosts
            - 如果有，选择另外一条路径
            - 如果没有，则按这条路经走第一步。
        请逐步推理，再给出最终答案，你的答案只能是第一步。
        好的请遵守游戏规则，并且牢记你的两个目标，完成任务吧。
        
输出最终行动，格式必须严格如下：<action>行动</action>。其中"行动"必须是以下之一: North, South, East, West, Stop
 例如：<action>North</action>
--- RESPONSE ---
首先，我需要分析当前的游戏数据，找出所有食物的位置，并尝试找到能够经过所有食物的路径。同时，要避开ghosts。

### 1. 分析布局
从`layout_list`中可以提取出地图的结构。根据数据，地图如下（x, y）：

```
Row 0: Wall Wall Wall Wall Wall Wall Wall
Row 1: Wall Empty Empty Empty Empty Empty Wall
Row 2: Wall Pacman Wall Wall Wall Empty Wall
Row 3: Wall Ghost1 Wall Food Empty Empty Wall
Row 4: Wall Empty Wall Wall Wall Empty Wall
Row 5: Wall Food Empty Empty Empty Empty Wall
Row 6: Wall Wall Wall Wall Wall Wall Wall
```

### 2. 找出食物位置
从布局中可以看到：
- 食物在 (3,3) 和 (1,5)
- 当前吃豆人位置是 (1,2)
- ghost 的位置是 (1,3)

### 3. 确定合法动作
根据 `legal_actions`，允许的动作是：`['Stop', 'North', 'South']`

### 4. 推测可能的路径
- **路径一**：从 (1,2) → (1,1) → (1,0)（不可行，因为 (1,0) 是墙）
- **路径二**：从 (1,2) → (1,1) → (1,2)（原地停留，无意义）
- **路径三**：从 (1,2) → (1,1) → (1,0)（不可行）

所以，目前只有 `North` 和 `South` 是可行的移动方向。

### 5. 判断是否安全
- **North**：(1,2) → (1,1)，该位置是 `Empty`，没有ghost。
- **South**：(1,2) → (1,3)，该位置是 `Ghost1`，不能走。

因此，唯一安全的下一步是 **North**。

### 最终答案：
<action>North</action>
--- ACTION ---
North
------------------------------
TIME: 2025-12-03 17:40:51.266664
--- FULL USER INPUT ---

        "*** YOUR PROMPT HERE ***" 
        你现在是一个吃豆人。你要在避开ghosts的前提下，吃掉图中的所有食物。
        这个是当前的游戏数据：
        {'layout_list': ['(0,0)=Wall,(1,0)=Wall,(2,0)=Wall,(3,0)=Wall,(4,0)=Wall,(5,0)=Wall,(6,0)=Wall', '(0,1)=Wall,(1,1)=Pacman,(2,1)=Empty,(3,1)=Empty,(4,1)=Empty,(5,1)=Empty,(6,1)=Wall', '(0,2)=Wall,(1,2)=Ghost1,(2,2)=Wall,(3,2)=Wall,(4,2)=Wall,(5,2)=Empty,(6,2)=Wall', '(0,3)=Wall,(1,3)=Empty,(2,3)=Wall,(3,3)=Food,(4,3)=Empty,(5,3)=Empty,(6,3)=Wall', '(0,4)=Wall,(1,4)=Empty,(2,4)=Wall,(3,4)=Wall,(4,4)=Wall,(5,4)=Empty,(6,4)=Wall', '(0,5)=Wall,(1,5)=Food,(2,5)=Empty,(3,5)=Empty,(4,5)=Empty,(5,5)=Empty,(6,5)=Wall', '(0,6)=Wall,(1,6)=Wall,(2,6)=Wall,(3,6)=Wall,(4,6)=Wall,(5,6)=Wall,(6,6)=Wall'], 'pacman_pos': [1, 1], 'ghost_pos': [[1, 2]], 'score': -5.0, 'food_count': 2, 'legal_actions': ['Stop', 'East', 'South']}
        1. layout_list: (List of Strings) ["(0,0)=Wall", "(1,0)=Pacman"...]
        2. pacman_pos: (List of Integers) [x, y]
        3. ghost_pos: (List of Lists) [[x, y], [x, y]]
        4. score: (Integer)
        5. food_count: (Integer)
        6. legal_actions: (List of Strings) ['North', 'South', ...]
        你的思路应该是
        1. 找出两条能经过所有食物的路径
        2. 判断这两条条路径上是否存在ghosts
            - 如果有，选择另外一条路径
            - 如果没有，则按这条路经走第一步。
        请逐步推理，再给出最终答案，你的答案只能是第一步。
        好的请遵守游戏规则，并且牢记你的两个目标，完成任务吧。
        
输出最终行动，格式必须严格如下：<action>行动</action>。其中"行动"必须是以下之一: North, South, East, West, Stop
 例如：<action>North</action>
--- RESPONSE ---
### 1. 分析当前游戏数据
- **Pacman的位置**：[1, 1]
- **Ghost的位置**：[[1, 2]]
- **食物数量**：2
- **合法动作**：['Stop', 'East', 'South']
- **地图布局**：
  - (1,1) 是 Pacman 的位置。
  - (1,2) 是 Ghost1 的位置。
  - (3,3) 是一个食物。
  - (1,5) 是另一个食物。

### 2. 找出所有食物的坐标
- 食物1: (3,3)
- 食物2: (1,5)

### 3. 确定可能的路径
从 Pacman 的当前位置 [1,1] 出发，可以尝试以下路径：

#### 路径一：[1,1] → [1,2]（被 Ghost 占据）→ 不可行
#### 路径二：[1,1] → [2,1]（空地）→ [3,1]（空地）→ [3,2]（墙）→ 不可行
#### 路径三：[1,1] → [1,0]（墙）→ 不可行
#### 路径四：[1,1] → [1,2]（被 Ghost 占据）→ 不可行
#### 路径五：[1,1] → [2,1]（空地）→ [2,2]（墙）→ 不可行
#### 路径六：[1,1] → [1,2]（被 Ghost 占据）→ 不可行

因此，目前只有 **East** 和 **South** 是合法动作。我们分析这两个方向：

- **East**: 移动到 [2,1]，是空地，没有 Ghost，可以继续探索。
- **South**: 移动到 [1,2]，是 Ghost 的位置，不能走。

### 4. 选择下一步行动
- **East** 是唯一安全且合法的动作，可以继续探索。

### 最终答案：
<action>East</action>
--- ACTION ---
East
------------------------------
TIME: 2025-12-03 17:40:56.895592
--- FULL USER INPUT ---

        "*** YOUR PROMPT HERE ***" 
        你现在是一个吃豆人。你要在避开ghosts的前提下，吃掉图中的所有食物。
        这个是当前的游戏数据：
        {'layout_list': ['(0,0)=Wall,(1,0)=Wall,(2,0)=Wall,(3,0)=Wall,(4,0)=Wall,(5,0)=Wall,(6,0)=Wall', '(0,1)=Wall,(1,1)=Ghost1,(2,1)=Pacman,(3,1)=Empty,(4,1)=Empty,(5,1)=Empty,(6,1)=Wall', '(0,2)=Wall,(1,2)=Empty,(2,2)=Wall,(3,2)=Wall,(4,2)=Wall,(5,2)=Empty,(6,2)=Wall', '(0,3)=Wall,(1,3)=Empty,(2,3)=Wall,(3,3)=Food,(4,3)=Empty,(5,3)=Empty,(6,3)=Wall', '(0,4)=Wall,(1,4)=Empty,(2,4)=Wall,(3,4)=Wall,(4,4)=Wall,(5,4)=Empty,(6,4)=Wall', '(0,5)=Wall,(1,5)=Food,(2,5)=Empty,(3,5)=Empty,(4,5)=Empty,(5,5)=Empty,(6,5)=Wall', '(0,6)=Wall,(1,6)=Wall,(2,6)=Wall,(3,6)=Wall,(4,6)=Wall,(5,6)=Wall,(6,6)=Wall'], 'pacman_pos': [2, 1], 'ghost_pos': [[1, 1]], 'score': -6.0, 'food_count': 2, 'legal_actions': ['West', 'Stop', 'East']}
        1. layout_list: (List of Strings) ["(0,0)=Wall", "(1,0)=Pacman"...]
        2. pacman_pos: (List of Integers) [x, y]
        3. ghost_pos: (List of Lists) [[x, y], [x, y]]
        4. score: (Integer)
        5. food_count: (Integer)
        6. legal_actions: (List of Strings) ['North', 'South', ...]
        你的思路应该是
        1. 找出两条能经过所有食物的路径
        2. 判断这两条条路径上是否存在ghosts
            - 如果有，选择另外一条路径
            - 如果没有，则按这条路经走第一步。
        请逐步推理，再给出最终答案，你的答案只能是第一步。
        好的请遵守游戏规则，并且牢记你的两个目标，完成任务吧。
        
输出最终行动，格式必须严格如下：<action>行动</action>。其中"行动"必须是以下之一: North, South, East, West, Stop
 例如：<action>North</action>
--- RESPONSE ---
首先，我们分析当前的游戏数据：

- **布局信息**：`layout_list` 表示地图的结构。每个字符串表示一个位置（x,y）和其内容。
- **吃豆人位置**：`pacman_pos = [2, 1]`
- **幽灵位置**：`ghost_pos = [[1, 1]]`
- **食物数量**：`food_count = 2`
- **合法动作**：`legal_actions = ['West', 'Stop', 'East']`

---

### 第一步：找出所有食物的位置

从 `layout_list` 中提取出所有食物的位置：
- `(3, 2)=Food`
- `(1, 5)=Food`

所以，我们需要找到一条路径，能够从当前位置 `[2, 1]` 出发，经过这两个食物点，并且避开幽灵。

---

### 第二步：分析当前可移动方向

根据 `legal_actions`，吃豆人可以向 **West**, **Stop**, 或 **East** 移动。

- **West**：从 `[2, 1]` 向西走是 `[1, 1]`，但该位置是幽灵（Ghost1），不能走。
- **East**：从 `[2, 1]` 向东走是 `[3, 1]`，该位置是 Empty，可以走。
- **Stop**：不移动。

因此，**West** 是危险的，不能选；**Stop** 不会前进，也不合适；**East** 是唯一安全的选择。

---

### 第三步：验证是否能到达所有食物

从 `[2, 1]` 向 East 移动到 `[3, 1]`，然后继续探索可能的路径。

- 从 `[3, 1]` 可以向北到 `[3, 0]`（Wall），不行；
- 向南到 `[3, 2]`，这是 Food，可以吃掉；
- 然后从 `[3, 2]` 向东到 `[4, 2]`（Wall），不行；
- 向西到 `[2, 2]`（Wall），不行；
- 向南到 `[3, 3]`（Food），可以吃掉；
- 再从 `[3, 3]` 向西到 `[2, 3]`（Wall），不行；
- 向北到 `[3, 2]`（已访问过）；
- 向东到 `[4, 3]`（Empty），可以继续探索。

综上，从 `[2, 1]` 向 East 移动是可行的，而且可以逐步接近两个食物点。

---

### 最终结论

在所有合法动作中，只有 **East** 是安全且能推进任务的。

---

<action>East</action>
--- ACTION ---
East
------------------------------
TIME: 2025-12-03 17:41:00.829600
--- FULL USER INPUT ---

        "*** YOUR PROMPT HERE ***" 
        你现在是一个吃豆人。你要在避开ghosts的前提下，吃掉图中的所有食物。
        这个是当前的游戏数据：
        {'layout_list': ['(0,0)=Wall,(1,0)=Wall,(2,0)=Wall,(3,0)=Wall,(4,0)=Wall,(5,0)=Wall,(6,0)=Wall', '(0,1)=Wall,(1,1)=Empty,(2,1)=Ghost1,(3,1)=Pacman,(4,1)=Empty,(5,1)=Empty,(6,1)=Wall', '(0,2)=Wall,(1,2)=Empty,(2,2)=Wall,(3,2)=Wall,(4,2)=Wall,(5,2)=Empty,(6,2)=Wall', '(0,3)=Wall,(1,3)=Empty,(2,3)=Wall,(3,3)=Food,(4,3)=Empty,(5,3)=Empty,(6,3)=Wall', '(0,4)=Wall,(1,4)=Empty,(2,4)=Wall,(3,4)=Wall,(4,4)=Wall,(5,4)=Empty,(6,4)=Wall', '(0,5)=Wall,(1,5)=Food,(2,5)=Empty,(3,5)=Empty,(4,5)=Empty,(5,5)=Empty,(6,5)=Wall', '(0,6)=Wall,(1,6)=Wall,(2,6)=Wall,(3,6)=Wall,(4,6)=Wall,(5,6)=Wall,(6,6)=Wall'], 'pacman_pos': [3, 1], 'ghost_pos': [[2, 1]], 'score': -7.0, 'food_count': 2, 'legal_actions': ['West', 'Stop', 'East']}
        1. layout_list: (List of Strings) ["(0,0)=Wall", "(1,0)=Pacman"...]
        2. pacman_pos: (List of Integers) [x, y]
        3. ghost_pos: (List of Lists) [[x, y], [x, y]]
        4. score: (Integer)
        5. food_count: (Integer)
        6. legal_actions: (List of Strings) ['North', 'South', ...]
        你的思路应该是
        1. 找出两条能经过所有食物的路径
        2. 判断这两条条路径上是否存在ghosts
            - 如果有，选择另外一条路径
            - 如果没有，则按这条路经走第一步。
        请逐步推理，再给出最终答案，你的答案只能是第一步。
        好的请遵守游戏规则，并且牢记你的两个目标，完成任务吧。
        
输出最终行动，格式必须严格如下：<action>行动</action>。其中"行动"必须是以下之一: North, South, East, West, Stop
 例如：<action>North</action>
--- RESPONSE ---
首先，我需要分析当前的游戏数据。根据提供的信息：

- **Pacman的位置**是 (3, 1)。
- **Ghost的位置**是 (2, 1)。
- **食物的位置**有两个：(1, 5) 和 (3, 3)。
- **legal_actions**是 ['West', 'Stop', 'East']。

接下来，我需要找出能够经过所有食物的路径，并且避开ghosts。

### 第一步：确定可移动方向
从当前位置 (3, 1)，可以移动的方向有：
- **West** → (2, 1)（但这里有一个ghost，不能走）
- **East** → (4, 1)
- **Stop** → 停止不动

所以，**West** 是不可行的，因为会碰到ghost。因此，**只有 East 和 Stop 是合法的行动**。

### 第二步：判断哪条路径能吃掉所有食物
目前的食物在 (1, 5) 和 (3, 3)。从 (3, 1) 出发，如果向 **East** 移动到 (4, 1)，然后继续探索其他路径，可能可以找到通往这两个食物的路线。而 **Stop** 不会移动，无法接近任何食物。

因此，**选择 East 作为第一步**，以尝试接近食物。

### 最终答案：
<action>East</action>
--- ACTION ---
East
------------------------------
TIME: 2025-12-03 17:41:15.422347
--- FULL USER INPUT ---

        "*** YOUR PROMPT HERE ***" 
        你现在是一个吃豆人。你要在避开ghosts的前提下，吃掉图中的所有食物。
        这个是当前的游戏数据：
        {'layout_list': ['(0,0)=Wall,(1,0)=Wall,(2,0)=Wall,(3,0)=Wall,(4,0)=Wall,(5,0)=Wall,(6,0)=Wall', '(0,1)=Wall,(1,1)=Empty,(2,1)=Empty,(3,1)=Ghost1,(4,1)=Pacman,(5,1)=Empty,(6,1)=Wall', '(0,2)=Wall,(1,2)=Empty,(2,2)=Wall,(3,2)=Wall,(4,2)=Wall,(5,2)=Empty,(6,2)=Wall', '(0,3)=Wall,(1,3)=Empty,(2,3)=Wall,(3,3)=Food,(4,3)=Empty,(5,3)=Empty,(6,3)=Wall', '(0,4)=Wall,(1,4)=Empty,(2,4)=Wall,(3,4)=Wall,(4,4)=Wall,(5,4)=Empty,(6,4)=Wall', '(0,5)=Wall,(1,5)=Food,(2,5)=Empty,(3,5)=Empty,(4,5)=Empty,(5,5)=Empty,(6,5)=Wall', '(0,6)=Wall,(1,6)=Wall,(2,6)=Wall,(3,6)=Wall,(4,6)=Wall,(5,6)=Wall,(6,6)=Wall'], 'pacman_pos': [4, 1], 'ghost_pos': [[3, 1]], 'score': -8.0, 'food_count': 2, 'legal_actions': ['West', 'Stop', 'East']}
        1. layout_list: (List of Strings) ["(0,0)=Wall", "(1,0)=Pacman"...]
        2. pacman_pos: (List of Integers) [x, y]
        3. ghost_pos: (List of Lists) [[x, y], [x, y]]
        4. score: (Integer)
        5. food_count: (Integer)
        6. legal_actions: (List of Strings) ['North', 'South', ...]
        你的思路应该是
        1. 找出两条能经过所有食物的路径
        2. 判断这两条条路径上是否存在ghosts
            - 如果有，选择另外一条路径
            - 如果没有，则按这条路经走第一步。
        请逐步推理，再给出最终答案，你的答案只能是第一步。
        好的请遵守游戏规则，并且牢记你的两个目标，完成任务吧。
        
输出最终行动，格式必须严格如下：<action>行动</action>。其中"行动"必须是以下之一: North, South, East, West, Stop
 例如：<action>North</action>
--- RESPONSE ---
### 步骤一：分析当前游戏数据

根据提供的 `layout_list`，我们可以绘制出当前的迷宫地图。以下是每个位置的含义：

- `Wall`: 墙壁，不能通过
- `Empty`: 空地，可以移动
- `Ghost1`: 有幽灵的位置，不能通过
- `Pacman`: 吃豆人的当前位置
- `Food`: 食物，需要吃掉

从 `pacman_pos` 可知，吃豆人当前在 `(4,1)`。

从 `ghost_pos` 可知，幽灵在 `(3,1)`。

从 `food_count` 可知，目前还有 2 个食物需要吃掉。

从 `legal_actions` 可知，合法的行动是：`West`, `Stop`, `East`。

---

### 步骤二：找出所有食物的位置

我们遍历 `layout_list` 来找到食物的位置：

- `(3,3)=Food`
- `(1,5)=Food`

所以，我们需要到达这两个位置来吃掉所有食物。

---

### 步骤三：寻找路径

#### 当前吃豆人位置：`(4,1)`

**目标 1**: 到达 `(3,3)`  
**目标 2**: 到达 `(1,5)`

我们尝试找出从 `(4,1)` 出发，能到达这两个食物点的路径，并且避开幽灵和墙壁。

##### 路径 1: (4,1) → (3,1)（幽灵所在）→ 不可行

##### 路径 2: (4,1) → (4,2)（墙）→ 不可行

##### 路径 3: (4,1) → (5,1) → (5,2) → (5,3) → (5,4)（墙）→ 不可行

##### 路径 4: (4,1) → (3,1)（幽灵）→ 不可行

##### 路径 5: (4,1) → (4,0)（墙）→ 不可行

##### 路径 6: (4,1) → (5,1) → (5,2) → (5,3) → (5,4)（墙）→ 不可行

##### 路径 7: (4,1) → (5,1) → (5,2) → (5,3) → (4,3)（食物）→ 可行！

这条路径是：`(4,1) → (5,1) → (5,2) → (5,3) → (4,3)`，可以到达第一个食物点 `(4,3)`。

接下来，从 `(4,3)` 到 `(1,5)` 的路径是否可行？

- `(4,3) → (3,3)`（食物）→ (2,3)（墙）→ 不可行
- `(4,3) → (4,4)`（墙）→ 不可行
- `(4,3) → (3,3) → (3,2)`（墙）→ 不可行
- `(4,3) → (4,2)`（墙）→ 不可行

所以，从 `(4,3)` 到 `(1,5)` 的路径不可行。

##### 路径 8: (4,1) → (5,1) → (5,2) → (5,3) → (5,4)（墙）→ 不可行

##### 路径 9: (4,1) → (5,1) → (5,2) → (5,3) → (4,3)（食物）→ 可行

##### 路径 10: (4,1) → (5,1) → (5,2) → (5,3) → (5,4)（墙）→ 不可行

##### 路径 11: (4,1) → (5,1) → (5,2) → (5,3) → (4,3)（食物）→ 可行

##### 路径 12: (4,1) → (5,1) → (5,2) → (5,3) → (5,4)（墙）→ 不可行

##### 路径 13: (4,1) → (5,1) → (5,2) → (5,3) → (4,3)（食物）→ 可行

##### 路径 14: (4,1) → (5,1) → (5,2) → (5,3) → (4,3)（食物）→ 可行

---

### 步骤四：判断是否存在幽灵

从 `(4,1)` 出发，下一步可选动作是：`West`, `Stop`, `East`。

- `West`：到 `(3,1)`，这是幽灵所在位置 → 不可行
- `Stop`：不移动 → 不推荐
- `East`：到 `(5,1)`，空地 → 可行

---

### 最终结论

从 `(4,1)` 出发，唯一安全的下一步是 **East**，即向右移动。

---

### <action>East</action>
--- ACTION ---
East
------------------------------
TIME: 2025-12-03 17:41:23.523992
--- FULL USER INPUT ---

        "*** YOUR PROMPT HERE ***" 
        你现在是一个吃豆人。你要在避开ghosts的前提下，吃掉图中的所有食物。
        这个是当前的游戏数据：
        {'layout_list': ['(0,0)=Wall,(1,0)=Wall,(2,0)=Wall,(3,0)=Wall,(4,0)=Wall,(5,0)=Wall,(6,0)=Wall', '(0,1)=Wall,(1,1)=Empty,(2,1)=Empty,(3,1)=Empty,(4,1)=Ghost1,(5,1)=Pacman,(6,1)=Wall', '(0,2)=Wall,(1,2)=Empty,(2,2)=Wall,(3,2)=Wall,(4,2)=Wall,(5,2)=Empty,(6,2)=Wall', '(0,3)=Wall,(1,3)=Empty,(2,3)=Wall,(3,3)=Food,(4,3)=Empty,(5,3)=Empty,(6,3)=Wall', '(0,4)=Wall,(1,4)=Empty,(2,4)=Wall,(3,4)=Wall,(4,4)=Wall,(5,4)=Empty,(6,4)=Wall', '(0,5)=Wall,(1,5)=Food,(2,5)=Empty,(3,5)=Empty,(4,5)=Empty,(5,5)=Empty,(6,5)=Wall', '(0,6)=Wall,(1,6)=Wall,(2,6)=Wall,(3,6)=Wall,(4,6)=Wall,(5,6)=Wall,(6,6)=Wall'], 'pacman_pos': [5, 1], 'ghost_pos': [[4, 1]], 'score': -9.0, 'food_count': 2, 'legal_actions': ['West', 'Stop', 'South']}
        1. layout_list: (List of Strings) ["(0,0)=Wall", "(1,0)=Pacman"...]
        2. pacman_pos: (List of Integers) [x, y]
        3. ghost_pos: (List of Lists) [[x, y], [x, y]]
        4. score: (Integer)
        5. food_count: (Integer)
        6. legal_actions: (List of Strings) ['North', 'South', ...]
        你的思路应该是
        1. 找出两条能经过所有食物的路径
        2. 判断这两条条路径上是否存在ghosts
            - 如果有，选择另外一条路径
            - 如果没有，则按这条路经走第一步。
        请逐步推理，再给出最终答案，你的答案只能是第一步。
        好的请遵守游戏规则，并且牢记你的两个目标，完成任务吧。
        
输出最终行动，格式必须严格如下：<action>行动</action>。其中"行动"必须是以下之一: North, South, East, West, Stop
 例如：<action>North</action>
--- RESPONSE ---
首先，我们分析当前的游戏数据：

- **布局**：从 `layout_list` 中可以看出，地图是一个 7x7 的网格。其中一些位置是墙（Wall），一些是空地（Empty），一些是食物（Food），还有一个是鬼魂（Ghost1）和吃豆人（Pacman）。
- **吃豆人位置**：[5, 1]
- **鬼魂位置**：[[4, 1]]
- **食物数量**：2
- **合法动作**：['West', 'Stop', 'South']

接下来，我们找出所有食物的位置。

### 找出食物的位置
根据 `layout_list`，我们可以解析出哪些位置有食物：
- (3, 3) = Food
- (1, 5) = Food

所以，我们需要从当前位置 [5, 1] 出发，找到一条路径，能够经过这两个食物点，并且避开鬼魂 [4, 1]。

### 分析可能的路径
#### 路径一：从 [5, 1] → [5, 2] → [5, 3] → [5, 4] → [5, 5] → [3, 5] → [3, 3]
- [5, 1] → [5, 2]：可行
- [5, 2] → [5, 3]：可行
- [5, 3] → [5, 4]：不可行（因为 [5, 4] 是 Wall）
- 所以这条路径不成立。

#### 路径二：从 [5, 1] → [4, 1]（鬼魂所在位置）→ 不可行

#### 路径三：从 [5, 1] → [5, 0]（墙）→ 不可行

#### 路径四：从 [5, 1] → [4, 1]（鬼魂所在位置）→ 不可行

#### 路径五：从 [5, 1] → [5, 2] → [5, 3] → [3, 3]（食物）→ [1, 3] → [1, 5]（食物）
- [5, 1] → [5, 2]：可行
- [5, 2] → [5, 3]：可行
- [5, 3] → [3, 3]：可行
- [3, 3] → [1, 3]：可行
- [1, 3] → [1, 5]：可行

这条路径是可行的，而且没有经过鬼魂的位置 [4, 1]。

### 判断下一步
当前吃豆人的位置是 [5, 1]，合法动作是 ['West', 'Stop', 'South']。

- **West**：移动到 [4, 1]（鬼魂所在位置）→ 不可行
- **Stop**：不移动 → 可行，但不是最优选择
- **South**：移动到 [5, 2] → 可行，是通往食物的正确方向

因此，最佳选择是 **South**。

### 最终答案
<action>South</action>
--- ACTION ---
South
------------------------------
TIME: 2025-12-03 17:41:31.943453
--- FULL USER INPUT ---

        "*** YOUR PROMPT HERE ***" 
        你现在是一个吃豆人。你要在避开ghosts的前提下，吃掉图中的所有食物。
        这个是当前的游戏数据：
        {'layout_list': ['(0,0)=Wall,(1,0)=Wall,(2,0)=Wall,(3,0)=Wall,(4,0)=Wall,(5,0)=Wall,(6,0)=Wall', '(0,1)=Wall,(1,1)=Empty,(2,1)=Empty,(3,1)=Empty,(4,1)=Empty,(5,1)=Ghost1,(6,1)=Wall', '(0,2)=Wall,(1,2)=Empty,(2,2)=Wall,(3,2)=Wall,(4,2)=Wall,(5,2)=Pacman,(6,2)=Wall', '(0,3)=Wall,(1,3)=Empty,(2,3)=Wall,(3,3)=Food,(4,3)=Empty,(5,3)=Empty,(6,3)=Wall', '(0,4)=Wall,(1,4)=Empty,(2,4)=Wall,(3,4)=Wall,(4,4)=Wall,(5,4)=Empty,(6,4)=Wall', '(0,5)=Wall,(1,5)=Food,(2,5)=Empty,(3,5)=Empty,(4,5)=Empty,(5,5)=Empty,(6,5)=Wall', '(0,6)=Wall,(1,6)=Wall,(2,6)=Wall,(3,6)=Wall,(4,6)=Wall,(5,6)=Wall,(6,6)=Wall'], 'pacman_pos': [5, 2], 'ghost_pos': [[5, 1]], 'score': -10.0, 'food_count': 2, 'legal_actions': ['Stop', 'North', 'South']}
        1. layout_list: (List of Strings) ["(0,0)=Wall", "(1,0)=Pacman"...]
        2. pacman_pos: (List of Integers) [x, y]
        3. ghost_pos: (List of Lists) [[x, y], [x, y]]
        4. score: (Integer)
        5. food_count: (Integer)
        6. legal_actions: (List of Strings) ['North', 'South', ...]
        你的思路应该是
        1. 找出两条能经过所有食物的路径
        2. 判断这两条条路径上是否存在ghosts
            - 如果有，选择另外一条路径
            - 如果没有，则按这条路经走第一步。
        请逐步推理，再给出最终答案，你的答案只能是第一步。
        好的请遵守游戏规则，并且牢记你的两个目标，完成任务吧。
        
输出最终行动，格式必须严格如下：<action>行动</action>。其中"行动"必须是以下之一: North, South, East, West, Stop
 例如：<action>North</action>
--- RESPONSE ---
首先，我们分析当前的游戏数据：

### 1. 当前布局
从 `layout_list` 中可以提取出地图的结构。根据提供的信息，我们可以绘制出一个简单的地图（x, y）：
- 第0行：全为墙。
- 第1行：(0,1)=Wall, (1,1)=Empty, (2,1)=Empty, (3,1)=Empty, (4,1)=Empty, (5,1)=Ghost1, (6,1)=Wall
- 第2行：(0,2)=Wall, (1,2)=Empty, (2,2)=Wall, (3,2)=Wall, (4,2)=Wall, (5,2)=Pacman, (6,2)=Wall
- 第3行：(0,3)=Wall, (1,3)=Empty, (2,3)=Wall, (3,3)=Food, (4,3)=Empty, (5,3)=Empty, (6,3)=Wall
- 第4行：(0,4)=Wall, (1,4)=Empty, (2,4)=Wall, (3,4)=Wall, (4,4)=Wall, (5,4)=Empty, (6,4)=Wall
- 第5行：(0,5)=Wall, (1,5)=Food, (2,5)=Empty, (3,5)=Empty, (4,5)=Empty, (5,5)=Empty, (6,5)=Wall
- 第6行：全为墙。

### 2. 当前位置
- Pacman 的位置是 [5, 2]
- Ghost 的位置是 [[5, 1]]

### 3. 可行动作
- legal_actions: ['Stop', 'North', 'South']

### 4. 食物位置
- (3,3) = Food
- (1,5) = Food

### 5. 目标
- 吃掉所有食物（目前还有2个）
- 避开 Ghosts

---

### 6. 分析路径

#### 路径一：从 (5,2) → (3,3)
- (5,2) → (4,2): 墙（不可行）
- (5,2) → (5,1): Ghost1（不可行）
- (5,2) → (5,3): 空地（可行）

所以，从 (5,2) 出发，第一步只能是 **North** 或 **Stop**。

#### 路径二：从 (5,2) → (1,5)
- (5,2) → (5,3): 空地（可行）
- (5,3) → (5,4): 空地（可行）
- (5,4) → (4,4): 墙（不可行）
- (5,4) → (5,5): 空地（可行）
- (5,5) → (4,5): 空地（可行）
- (4,5) → (3,5): 空地（可行）
- (3,5) → (2,5): 空地（可行）
- (2,5) → (1,5): Food（可行）

这条路径是可行的，但需要走很多步。

---

### 7. 判断是否有 Ghost 在路径上
- (5,1) 是 Ghost1 的位置，而 (5,2) 的正下方是 (5,1)，所以如果向 South 移动，会直接撞到 Ghost。

因此，**South** 不可选。

---

### 8. 最终选择
- 可选动作：North, Stop
- North 是唯一能避开 Ghost 并且接近食物的路径。

---

### 最终答案：
<action>North</action>
--- ACTION ---
North
------------------------------
