TIME: 2025-12-11 18:49:49.212256
--- FULL USER INPUT ---

        "*** YOUR PROMPT HERE ***" 
            你现在是一个吃豆人。你要在避开ghosts的前提下，吃掉图中的所有食物。
            这个是当前的游戏数据：
            
            ================
            
            {'layout_list': ['(0,0)=Wall,(1,0)=Wall,(2,0)=Wall,(3,0)=Wall,(4,0)=Wall,(5,0)=Wall,(6,0)=Wall', '(0,1)=Wall,(1,1)=Empty,(2,1)=Pacman,(3,1)=Empty,(4,1)=Empty,(5,1)=Empty,(6,1)=Wall', '(0,2)=Wall,(1,2)=Empty,(2,2)=Wall,(3,2)=Wall,(4,2)=Wall,(5,2)=Empty,(6,2)=Wall', '(0,3)=Wall,(1,3)=Empty,(2,3)=Wall,(3,3)=Food,(4,3)=Empty,(5,3)=Empty,(6,3)=Wall', '(0,4)=Wall,(1,4)=Empty,(2,4)=Wall,(3,4)=Wall,(4,4)=Wall,(5,4)=Empty,(6,4)=Wall', '(0,5)=Wall,(1,5)=Food,(2,5)=Empty,(3,5)=Ghost1,(4,5)=Empty,(5,5)=Empty,(6,5)=Wall', '(0,6)=Wall,(1,6)=Wall,(2,6)=Wall,(3,6)=Wall,(4,6)=Wall,(5,6)=Wall,(6,6)=Wall'], 'pacman_pos': [2, 1], 'ghost_pos': [[3, 5]], 'score': 0.0, 'food_count': 2, 'legal_actions': ['West', 'Stop', 'East']}
            
            ================
            
            数据含义： 
            1. layout_list: (List of Strings) ["(0,0)=Wall", "(1,0)=Pacman"...]
            2. pacman_pos: (List of Integers) [x, y]
            3. ghost_pos: (List of Lists) [[x, y], [x, y]]
            4. score: (Integer)
            5. food_count: (Integer)
            6. legal_actions: (List of Strings) ['North', 'South', ...]
            
            ================
            
            方向声明：'north'会使 y 减小，'south'会使 y 增加，'west'会使 x 减小，'east'会使 x 增加
            
            你的思路应该是：
            1. 从'legal_actions'中剔除掉'stop'，然后对剩下的动作进行遍历，思考选择这个动作后到达的新位置。
            2. 再从这个位置出发，遍历'north', 'south', 'west', 'east'，然后判断指向那个方向后会不会到'wall',                 如果会的话就不选择那个方向；以及是否会回到上一个格子，如果会的话也不加到路径中。重复这个步骤5次，行程多组路径。
            3. 判断这两条条路径上是否存在ghosts
                如果存在一条路径没有ghosts，选择这条路径的第一步。
                否则选择ghosts出现得最晚的路径或者出现了食物的那一条路径。
            
            ===============
            下面给出一个示例：
            
            'layout_list': ['(0,0)=Wall,(1,0)=Wall,(2,0)=Wall,(3,0)=Wall,(4,0)=Wall,(5,0)=Wall,(6,0)=Wall', 
                            '(0,1)=Wall,(1,1)=Empty,(2,1)=Pacman,(3,1)=Empty,(4,1)=Empty,(5,1)=Empty,(6,1)=Wall', 
                            '(0,2)=Wall,(1,2)=Empty,(2,2)=Wall,(3,2)=Wall,(4,2)=Wall,(5,2)=Empty,(6,2)=Wall', 
                            '(0,3)=Wall,(1,3)=Empty,(2,3)=Wall,(3,3)=Food,(4,3)=Empty,(5,3)=Empty,(6,3)=Wall', 
                            '(0,4)=Wall,(1,4)=Empty,(2,4)=Wall,(3,4)=Wall,(4,4)=Wall,(5,4)=Empty,(6,4)=Wall', 
                            '(0,5)=Wall,(1,5)=Food,(2,5)=Empty,(3,5)=Ghost1,(4,5)=Empty,(5,5)=Empty,(6,5)=Wall', 
                            '(0,6)=Wall,(1,6)=Wall,(2,6)=Wall,(3,6)=Wall,(4,6)=Wall,(5,6)=Wall,(6,6)=Wall'], 
            'pacman_pos': [2, 1], 
            'ghost_pos': [[3, 5]], 
            'score': 0.0, 
            'food_count': 2, 
            'legal_actions': ['West', 'Stop', 'East']
            
            分析：
            目前的位置在 [2, 1]，合法的操作去掉'stop'后，是 'West'和'East'。
            那么有两条路径可选，
            路径一目前是: '[2, 1], [1, 1]' (执行West后到达新位置[1, 1])
            路径二目前是：'[2, 1], [3, 1]' (执行East后到达新位置[3, 1])
            
            走了一步之后，需要开始进入思路的第2步
            遍历'north', 'south', 'west', 'east'，
            针对路径一：
                - 'north' 'west'对应的位置是'wall'，不可选
                - 'east'对应的位置'[2, 1]'已经出现在了路径一中了，因此也不选
            故路径一新执行的action 应该是 'south'
            路径一更新为：'[2, 1], [1, 1], [1, 2]'
            同理，针对路径二：
                - 'north' 'south'对应的位置是'wall'，不可选
                - 'west'对应的位置'[2, 1]'已经出现在了路径一中了，因此也不选
            故路径二新执行的action 应该是 'east'
            路径二更新为：'[2, 1], [3, 1], [4, 2]'
            
            重复这个更新步骤5次，最后应该能得到
            路径一：'[2, 1], [1, 1], [1, 2], [1, 3], [1, 4], [1, 5], [2, 5]'
            路径二：'[2, 1], [3, 1], [4, 1], [5, 1], [5, 2], [5, 3], [4, 3]'
            路径三：'[2, 1], [3, 1], [4, 1], [5, 1], [5, 2], [5, 3], [4, 4]'
            注意到这里的路径三的来源是因为原始的路径二拓展到'[5, 3]'时，发现'west'和'south'都是可选动作，
            针对这种大于一个可选动作的情况，可以复制该路径，然后两条路径分别执行不同动作。
            
            那么开始判断三个路径谁最优了，首先三个路径上都没有ghost出现，因此三条都是可选的。
            其次在第一条路径中出现了食物，而路径二、三没有，因此优先选择路径一。
            结果应该输出'West'。
            
            ===============
            
            请你每次给出结果的时候认真进行逐步思考，如同我的样例一样。
            
        
输出最终行动，格式必须严格如下：<action>行动</action>。其中"行动"必须是以下之一: North, South, East, West, Stop
 例如：<action>North</action>
--- RESPONSE ---
<action>West</action>
--- ACTION ---
West
------------------------------
TIME: 2025-12-11 18:49:49.651862
--- FULL USER INPUT ---

        "*** YOUR PROMPT HERE ***" 
            你现在是一个吃豆人。你要在避开ghosts的前提下，吃掉图中的所有食物。
            这个是当前的游戏数据：
            
            ================
            
            {'layout_list': ['(0,0)=Wall,(1,0)=Wall,(2,0)=Wall,(3,0)=Wall,(4,0)=Wall,(5,0)=Wall,(6,0)=Wall', '(0,1)=Wall,(1,1)=Pacman,(2,1)=Empty,(3,1)=Empty,(4,1)=Empty,(5,1)=Empty,(6,1)=Wall', '(0,2)=Wall,(1,2)=Empty,(2,2)=Wall,(3,2)=Wall,(4,2)=Wall,(5,2)=Empty,(6,2)=Wall', '(0,3)=Wall,(1,3)=Empty,(2,3)=Wall,(3,3)=Food,(4,3)=Empty,(5,3)=Empty,(6,3)=Wall', '(0,4)=Wall,(1,4)=Empty,(2,4)=Wall,(3,4)=Wall,(4,4)=Wall,(5,4)=Empty,(6,4)=Wall', '(0,5)=Wall,(1,5)=Food,(2,5)=Ghost1,(3,5)=Empty,(4,5)=Empty,(5,5)=Empty,(6,5)=Wall', '(0,6)=Wall,(1,6)=Wall,(2,6)=Wall,(3,6)=Wall,(4,6)=Wall,(5,6)=Wall,(6,6)=Wall'], 'pacman_pos': [1, 1], 'ghost_pos': [[2, 5]], 'score': -1.0, 'food_count': 2, 'legal_actions': ['Stop', 'East', 'South']}
            
            ================
            
            数据含义： 
            1. layout_list: (List of Strings) ["(0,0)=Wall", "(1,0)=Pacman"...]
            2. pacman_pos: (List of Integers) [x, y]
            3. ghost_pos: (List of Lists) [[x, y], [x, y]]
            4. score: (Integer)
            5. food_count: (Integer)
            6. legal_actions: (List of Strings) ['North', 'South', ...]
            
            ================
            
            方向声明：'north'会使 y 减小，'south'会使 y 增加，'west'会使 x 减小，'east'会使 x 增加
            
            你的思路应该是：
            1. 从'legal_actions'中剔除掉'stop'，然后对剩下的动作进行遍历，思考选择这个动作后到达的新位置。
            2. 再从这个位置出发，遍历'north', 'south', 'west', 'east'，然后判断指向那个方向后会不会到'wall',                 如果会的话就不选择那个方向；以及是否会回到上一个格子，如果会的话也不加到路径中。重复这个步骤5次，行程多组路径。
            3. 判断这两条条路径上是否存在ghosts
                如果存在一条路径没有ghosts，选择这条路径的第一步。
                否则选择ghosts出现得最晚的路径或者出现了食物的那一条路径。
            
            ===============
            下面给出一个示例：
            
            'layout_list': ['(0,0)=Wall,(1,0)=Wall,(2,0)=Wall,(3,0)=Wall,(4,0)=Wall,(5,0)=Wall,(6,0)=Wall', 
                            '(0,1)=Wall,(1,1)=Empty,(2,1)=Pacman,(3,1)=Empty,(4,1)=Empty,(5,1)=Empty,(6,1)=Wall', 
                            '(0,2)=Wall,(1,2)=Empty,(2,2)=Wall,(3,2)=Wall,(4,2)=Wall,(5,2)=Empty,(6,2)=Wall', 
                            '(0,3)=Wall,(1,3)=Empty,(2,3)=Wall,(3,3)=Food,(4,3)=Empty,(5,3)=Empty,(6,3)=Wall', 
                            '(0,4)=Wall,(1,4)=Empty,(2,4)=Wall,(3,4)=Wall,(4,4)=Wall,(5,4)=Empty,(6,4)=Wall', 
                            '(0,5)=Wall,(1,5)=Food,(2,5)=Empty,(3,5)=Ghost1,(4,5)=Empty,(5,5)=Empty,(6,5)=Wall', 
                            '(0,6)=Wall,(1,6)=Wall,(2,6)=Wall,(3,6)=Wall,(4,6)=Wall,(5,6)=Wall,(6,6)=Wall'], 
            'pacman_pos': [2, 1], 
            'ghost_pos': [[3, 5]], 
            'score': 0.0, 
            'food_count': 2, 
            'legal_actions': ['West', 'Stop', 'East']
            
            分析：
            目前的位置在 [2, 1]，合法的操作去掉'stop'后，是 'West'和'East'。
            那么有两条路径可选，
            路径一目前是: '[2, 1], [1, 1]' (执行West后到达新位置[1, 1])
            路径二目前是：'[2, 1], [3, 1]' (执行East后到达新位置[3, 1])
            
            走了一步之后，需要开始进入思路的第2步
            遍历'north', 'south', 'west', 'east'，
            针对路径一：
                - 'north' 'west'对应的位置是'wall'，不可选
                - 'east'对应的位置'[2, 1]'已经出现在了路径一中了，因此也不选
            故路径一新执行的action 应该是 'south'
            路径一更新为：'[2, 1], [1, 1], [1, 2]'
            同理，针对路径二：
                - 'north' 'south'对应的位置是'wall'，不可选
                - 'west'对应的位置'[2, 1]'已经出现在了路径一中了，因此也不选
            故路径二新执行的action 应该是 'east'
            路径二更新为：'[2, 1], [3, 1], [4, 2]'
            
            重复这个更新步骤5次，最后应该能得到
            路径一：'[2, 1], [1, 1], [1, 2], [1, 3], [1, 4], [1, 5], [2, 5]'
            路径二：'[2, 1], [3, 1], [4, 1], [5, 1], [5, 2], [5, 3], [4, 3]'
            路径三：'[2, 1], [3, 1], [4, 1], [5, 1], [5, 2], [5, 3], [4, 4]'
            注意到这里的路径三的来源是因为原始的路径二拓展到'[5, 3]'时，发现'west'和'south'都是可选动作，
            针对这种大于一个可选动作的情况，可以复制该路径，然后两条路径分别执行不同动作。
            
            那么开始判断三个路径谁最优了，首先三个路径上都没有ghost出现，因此三条都是可选的。
            其次在第一条路径中出现了食物，而路径二、三没有，因此优先选择路径一。
            结果应该输出'West'。
            
            ===============
            
            请你每次给出结果的时候认真进行逐步思考，如同我的样例一样。
            
        
输出最终行动，格式必须严格如下：<action>行动</action>。其中"行动"必须是以下之一: North, South, East, West, Stop
 例如：<action>North</action>
--- RESPONSE ---
<action>East</action>
--- ACTION ---
East
------------------------------
TIME: 2025-12-11 18:49:50.082901
--- FULL USER INPUT ---

        "*** YOUR PROMPT HERE ***" 
            你现在是一个吃豆人。你要在避开ghosts的前提下，吃掉图中的所有食物。
            这个是当前的游戏数据：
            
            ================
            
            {'layout_list': ['(0,0)=Wall,(1,0)=Wall,(2,0)=Wall,(3,0)=Wall,(4,0)=Wall,(5,0)=Wall,(6,0)=Wall', '(0,1)=Wall,(1,1)=Empty,(2,1)=Pacman,(3,1)=Empty,(4,1)=Empty,(5,1)=Empty,(6,1)=Wall', '(0,2)=Wall,(1,2)=Empty,(2,2)=Wall,(3,2)=Wall,(4,2)=Wall,(5,2)=Empty,(6,2)=Wall', '(0,3)=Wall,(1,3)=Empty,(2,3)=Wall,(3,3)=Food,(4,3)=Empty,(5,3)=Empty,(6,3)=Wall', '(0,4)=Wall,(1,4)=Empty,(2,4)=Wall,(3,4)=Wall,(4,4)=Wall,(5,4)=Empty,(6,4)=Wall', '(0,5)=Wall,(1,5)=Ghost1,(2,5)=Empty,(3,5)=Empty,(4,5)=Empty,(5,5)=Empty,(6,5)=Wall', '(0,6)=Wall,(1,6)=Wall,(2,6)=Wall,(3,6)=Wall,(4,6)=Wall,(5,6)=Wall,(6,6)=Wall'], 'pacman_pos': [2, 1], 'ghost_pos': [[1, 5]], 'score': -2.0, 'food_count': 2, 'legal_actions': ['West', 'Stop', 'East']}
            
            ================
            
            数据含义： 
            1. layout_list: (List of Strings) ["(0,0)=Wall", "(1,0)=Pacman"...]
            2. pacman_pos: (List of Integers) [x, y]
            3. ghost_pos: (List of Lists) [[x, y], [x, y]]
            4. score: (Integer)
            5. food_count: (Integer)
            6. legal_actions: (List of Strings) ['North', 'South', ...]
            
            ================
            
            方向声明：'north'会使 y 减小，'south'会使 y 增加，'west'会使 x 减小，'east'会使 x 增加
            
            你的思路应该是：
            1. 从'legal_actions'中剔除掉'stop'，然后对剩下的动作进行遍历，思考选择这个动作后到达的新位置。
            2. 再从这个位置出发，遍历'north', 'south', 'west', 'east'，然后判断指向那个方向后会不会到'wall',                 如果会的话就不选择那个方向；以及是否会回到上一个格子，如果会的话也不加到路径中。重复这个步骤5次，行程多组路径。
            3. 判断这两条条路径上是否存在ghosts
                如果存在一条路径没有ghosts，选择这条路径的第一步。
                否则选择ghosts出现得最晚的路径或者出现了食物的那一条路径。
            
            ===============
            下面给出一个示例：
            
            'layout_list': ['(0,0)=Wall,(1,0)=Wall,(2,0)=Wall,(3,0)=Wall,(4,0)=Wall,(5,0)=Wall,(6,0)=Wall', 
                            '(0,1)=Wall,(1,1)=Empty,(2,1)=Pacman,(3,1)=Empty,(4,1)=Empty,(5,1)=Empty,(6,1)=Wall', 
                            '(0,2)=Wall,(1,2)=Empty,(2,2)=Wall,(3,2)=Wall,(4,2)=Wall,(5,2)=Empty,(6,2)=Wall', 
                            '(0,3)=Wall,(1,3)=Empty,(2,3)=Wall,(3,3)=Food,(4,3)=Empty,(5,3)=Empty,(6,3)=Wall', 
                            '(0,4)=Wall,(1,4)=Empty,(2,4)=Wall,(3,4)=Wall,(4,4)=Wall,(5,4)=Empty,(6,4)=Wall', 
                            '(0,5)=Wall,(1,5)=Food,(2,5)=Empty,(3,5)=Ghost1,(4,5)=Empty,(5,5)=Empty,(6,5)=Wall', 
                            '(0,6)=Wall,(1,6)=Wall,(2,6)=Wall,(3,6)=Wall,(4,6)=Wall,(5,6)=Wall,(6,6)=Wall'], 
            'pacman_pos': [2, 1], 
            'ghost_pos': [[3, 5]], 
            'score': 0.0, 
            'food_count': 2, 
            'legal_actions': ['West', 'Stop', 'East']
            
            分析：
            目前的位置在 [2, 1]，合法的操作去掉'stop'后，是 'West'和'East'。
            那么有两条路径可选，
            路径一目前是: '[2, 1], [1, 1]' (执行West后到达新位置[1, 1])
            路径二目前是：'[2, 1], [3, 1]' (执行East后到达新位置[3, 1])
            
            走了一步之后，需要开始进入思路的第2步
            遍历'north', 'south', 'west', 'east'，
            针对路径一：
                - 'north' 'west'对应的位置是'wall'，不可选
                - 'east'对应的位置'[2, 1]'已经出现在了路径一中了，因此也不选
            故路径一新执行的action 应该是 'south'
            路径一更新为：'[2, 1], [1, 1], [1, 2]'
            同理，针对路径二：
                - 'north' 'south'对应的位置是'wall'，不可选
                - 'west'对应的位置'[2, 1]'已经出现在了路径一中了，因此也不选
            故路径二新执行的action 应该是 'east'
            路径二更新为：'[2, 1], [3, 1], [4, 2]'
            
            重复这个更新步骤5次，最后应该能得到
            路径一：'[2, 1], [1, 1], [1, 2], [1, 3], [1, 4], [1, 5], [2, 5]'
            路径二：'[2, 1], [3, 1], [4, 1], [5, 1], [5, 2], [5, 3], [4, 3]'
            路径三：'[2, 1], [3, 1], [4, 1], [5, 1], [5, 2], [5, 3], [4, 4]'
            注意到这里的路径三的来源是因为原始的路径二拓展到'[5, 3]'时，发现'west'和'south'都是可选动作，
            针对这种大于一个可选动作的情况，可以复制该路径，然后两条路径分别执行不同动作。
            
            那么开始判断三个路径谁最优了，首先三个路径上都没有ghost出现，因此三条都是可选的。
            其次在第一条路径中出现了食物，而路径二、三没有，因此优先选择路径一。
            结果应该输出'West'。
            
            ===============
            
            请你每次给出结果的时候认真进行逐步思考，如同我的样例一样。
            
        
输出最终行动，格式必须严格如下：<action>行动</action>。其中"行动"必须是以下之一: North, South, East, West, Stop
 例如：<action>North</action>
--- RESPONSE ---
<action>West</action>
--- ACTION ---
West
------------------------------
TIME: 2025-12-11 18:50:00.938487
--- FULL USER INPUT ---

        "*** YOUR PROMPT HERE ***" 
            你现在是一个吃豆人。你要在避开ghosts的前提下，吃掉图中的所有食物。
            这个是当前的游戏数据：
            
            ================
            
            {'layout_list': ['(0,0)=Wall,(1,0)=Wall,(2,0)=Wall,(3,0)=Wall,(4,0)=Wall,(5,0)=Wall,(6,0)=Wall', '(0,1)=Wall,(1,1)=Pacman,(2,1)=Empty,(3,1)=Empty,(4,1)=Empty,(5,1)=Empty,(6,1)=Wall', '(0,2)=Wall,(1,2)=Empty,(2,2)=Wall,(3,2)=Wall,(4,2)=Wall,(5,2)=Empty,(6,2)=Wall', '(0,3)=Wall,(1,3)=Empty,(2,3)=Wall,(3,3)=Food,(4,3)=Empty,(5,3)=Empty,(6,3)=Wall', '(0,4)=Wall,(1,4)=Ghost1,(2,4)=Wall,(3,4)=Wall,(4,4)=Wall,(5,4)=Empty,(6,4)=Wall', '(0,5)=Wall,(1,5)=Food,(2,5)=Empty,(3,5)=Empty,(4,5)=Empty,(5,5)=Empty,(6,5)=Wall', '(0,6)=Wall,(1,6)=Wall,(2,6)=Wall,(3,6)=Wall,(4,6)=Wall,(5,6)=Wall,(6,6)=Wall'], 'pacman_pos': [1, 1], 'ghost_pos': [[1, 4]], 'score': -3.0, 'food_count': 2, 'legal_actions': ['Stop', 'East', 'South']}
            
            ================
            
            数据含义： 
            1. layout_list: (List of Strings) ["(0,0)=Wall", "(1,0)=Pacman"...]
            2. pacman_pos: (List of Integers) [x, y]
            3. ghost_pos: (List of Lists) [[x, y], [x, y]]
            4. score: (Integer)
            5. food_count: (Integer)
            6. legal_actions: (List of Strings) ['North', 'South', ...]
            
            ================
            
            方向声明：'north'会使 y 减小，'south'会使 y 增加，'west'会使 x 减小，'east'会使 x 增加
            
            你的思路应该是：
            1. 从'legal_actions'中剔除掉'stop'，然后对剩下的动作进行遍历，思考选择这个动作后到达的新位置。
            2. 再从这个位置出发，遍历'north', 'south', 'west', 'east'，然后判断指向那个方向后会不会到'wall',                 如果会的话就不选择那个方向；以及是否会回到上一个格子，如果会的话也不加到路径中。重复这个步骤5次，行程多组路径。
            3. 判断这两条条路径上是否存在ghosts
                如果存在一条路径没有ghosts，选择这条路径的第一步。
                否则选择ghosts出现得最晚的路径或者出现了食物的那一条路径。
            
            ===============
            下面给出一个示例：
            
            'layout_list': ['(0,0)=Wall,(1,0)=Wall,(2,0)=Wall,(3,0)=Wall,(4,0)=Wall,(5,0)=Wall,(6,0)=Wall', 
                            '(0,1)=Wall,(1,1)=Empty,(2,1)=Pacman,(3,1)=Empty,(4,1)=Empty,(5,1)=Empty,(6,1)=Wall', 
                            '(0,2)=Wall,(1,2)=Empty,(2,2)=Wall,(3,2)=Wall,(4,2)=Wall,(5,2)=Empty,(6,2)=Wall', 
                            '(0,3)=Wall,(1,3)=Empty,(2,3)=Wall,(3,3)=Food,(4,3)=Empty,(5,3)=Empty,(6,3)=Wall', 
                            '(0,4)=Wall,(1,4)=Empty,(2,4)=Wall,(3,4)=Wall,(4,4)=Wall,(5,4)=Empty,(6,4)=Wall', 
                            '(0,5)=Wall,(1,5)=Food,(2,5)=Empty,(3,5)=Ghost1,(4,5)=Empty,(5,5)=Empty,(6,5)=Wall', 
                            '(0,6)=Wall,(1,6)=Wall,(2,6)=Wall,(3,6)=Wall,(4,6)=Wall,(5,6)=Wall,(6,6)=Wall'], 
            'pacman_pos': [2, 1], 
            'ghost_pos': [[3, 5]], 
            'score': 0.0, 
            'food_count': 2, 
            'legal_actions': ['West', 'Stop', 'East']
            
            分析：
            目前的位置在 [2, 1]，合法的操作去掉'stop'后，是 'West'和'East'。
            那么有两条路径可选，
            路径一目前是: '[2, 1], [1, 1]' (执行West后到达新位置[1, 1])
            路径二目前是：'[2, 1], [3, 1]' (执行East后到达新位置[3, 1])
            
            走了一步之后，需要开始进入思路的第2步
            遍历'north', 'south', 'west', 'east'，
            针对路径一：
                - 'north' 'west'对应的位置是'wall'，不可选
                - 'east'对应的位置'[2, 1]'已经出现在了路径一中了，因此也不选
            故路径一新执行的action 应该是 'south'
            路径一更新为：'[2, 1], [1, 1], [1, 2]'
            同理，针对路径二：
                - 'north' 'south'对应的位置是'wall'，不可选
                - 'west'对应的位置'[2, 1]'已经出现在了路径一中了，因此也不选
            故路径二新执行的action 应该是 'east'
            路径二更新为：'[2, 1], [3, 1], [4, 2]'
            
            重复这个更新步骤5次，最后应该能得到
            路径一：'[2, 1], [1, 1], [1, 2], [1, 3], [1, 4], [1, 5], [2, 5]'
            路径二：'[2, 1], [3, 1], [4, 1], [5, 1], [5, 2], [5, 3], [4, 3]'
            路径三：'[2, 1], [3, 1], [4, 1], [5, 1], [5, 2], [5, 3], [4, 4]'
            注意到这里的路径三的来源是因为原始的路径二拓展到'[5, 3]'时，发现'west'和'south'都是可选动作，
            针对这种大于一个可选动作的情况，可以复制该路径，然后两条路径分别执行不同动作。
            
            那么开始判断三个路径谁最优了，首先三个路径上都没有ghost出现，因此三条都是可选的。
            其次在第一条路径中出现了食物，而路径二、三没有，因此优先选择路径一。
            结果应该输出'West'。
            
            ===============
            
            请你每次给出结果的时候认真进行逐步思考，如同我的样例一样。
            
        
输出最终行动，格式必须严格如下：<action>行动</action>。其中"行动"必须是以下之一: North, South, East, West, Stop
 例如：<action>North</action>
--- RESPONSE ---
根据当前游戏数据，我们分析如下：

### 1. 当前状态：
- **pacman_pos**: [1, 1]
- **ghost_pos**: [[1, 4]]
- **legal_actions**: ['Stop', 'East', 'South']
- **food_count**: 2
- **score**: -3.0

### 2. 剔除 'Stop' 后，剩下的合法动作是：['East', 'South']

我们对这两个动作进行遍历，生成可能的路径。

---

### 3. 路径一：执行 'East'（到达位置 [2, 1]）

- 新位置为 [2, 1]
- 现在从 [2, 1] 出发，尝试遍历四个方向（north, south, west, east），并检查是否进入墙或回到上一个格子。

#### 遍历新位置 [2, 1]:
- **North**: [2, 0] → 是墙（从 layout_list 中可以判断）→ 不可选
- **South**: [2, 2] → 是墙（layout_list 中 (2,2)=Wall）→ 不可选
- **West**: [1, 1] → 已经在路径中 → 不可选
- **East**: [3, 1] → 有效，未被访问过 → 可选

所以，路径一更新为：[1, 1], [2, 1], [3, 1]

---

### 4. 路径二：执行 'South'（到达位置 [1, 2]）

- 新位置为 [1, 2]
- 现在从 [1, 2] 出发，尝试遍历四个方向（north, south, west, east），并检查是否进入墙或回到上一个格子。

#### 遍历新位置 [1, 2]:
- **North**: [1, 1] → 已经在路径中 → 不可选
- **South**: [1, 3] → 有效，未被访问过 → 可选
- **West**: [0, 2] → 是墙（layout_list 中 (0,2)=Wall）→ 不可选
- **East**: [2, 2] → 是墙（layout_list 中 (2,2)=Wall）→ 不可选

所以，路径二更新为：[1, 1], [1, 2], [1, 3]

---

### 5. 继续扩展路径（重复步骤2-4共5次）

#### 路径一：[1, 1], [2, 1], [3, 1]
- 下一步：[3, 1] 的合法动作是：
  - **North**: [3, 0] → 是墙 → 不可选
  - **South**: [3, 2] → 是墙 → 不可选
  - **West**: [2, 1] → 已在路径中 → 不可选
  - **East**: [4, 1] → 有效 → 可选
- 路径一更新为：[1, 1], [2, 1], [3, 1], [4, 1]

#### 路径二：[1, 1], [1, 2], [1, 3]
- 下一步：[1, 3] 的合法动作是：
  - **North**: [1, 2] → 已在路径中 → 不可选
  - **South**: [1, 4] → 是 Ghost1 的位置 → 不可选
  - **West**: [0, 3] → 是墙 → 不可选
  - **East**: [2, 3] → 是墙 → 不可选
- 所以无法继续扩展路径二

---

### 6. 检查所有路径是否有 ghost 或食物

- **路径一**：[1, 1], [2, 1], [3, 1], [4, 1]
  - [3, 1] 有食物吗？查看 layout_list: '(3,1)=Empty' → 没有食物
  - [4, 1] 有食物吗？'(4,1)=Empty' → 没有食物
  - 没有 ghost 出现在路径中
- **路径二**：[1, 1], [1, 2], [1, 3] → 在 [1, 4] 处遇到 ghost，不可选

---

### 7. 最优选择

只有路径一没有遇到 ghost，且可以继续前进。因此，选择路径一的第一步动作。

---

### 最终行动是：

<action>East</action>
--- ACTION ---
East
------------------------------
TIME: 2025-12-11 18:50:11.469144
--- FULL USER INPUT ---

        "*** YOUR PROMPT HERE ***" 
            你现在是一个吃豆人。你要在避开ghosts的前提下，吃掉图中的所有食物。
            这个是当前的游戏数据：
            
            ================
            
            {'layout_list': ['(0,0)=Wall,(1,0)=Wall,(2,0)=Wall,(3,0)=Wall,(4,0)=Wall,(5,0)=Wall,(6,0)=Wall', '(0,1)=Wall,(1,1)=Empty,(2,1)=Pacman,(3,1)=Empty,(4,1)=Empty,(5,1)=Empty,(6,1)=Wall', '(0,2)=Wall,(1,2)=Empty,(2,2)=Wall,(3,2)=Wall,(4,2)=Wall,(5,2)=Empty,(6,2)=Wall', '(0,3)=Wall,(1,3)=Ghost1,(2,3)=Wall,(3,3)=Food,(4,3)=Empty,(5,3)=Empty,(6,3)=Wall', '(0,4)=Wall,(1,4)=Empty,(2,4)=Wall,(3,4)=Wall,(4,4)=Wall,(5,4)=Empty,(6,4)=Wall', '(0,5)=Wall,(1,5)=Food,(2,5)=Empty,(3,5)=Empty,(4,5)=Empty,(5,5)=Empty,(6,5)=Wall', '(0,6)=Wall,(1,6)=Wall,(2,6)=Wall,(3,6)=Wall,(4,6)=Wall,(5,6)=Wall,(6,6)=Wall'], 'pacman_pos': [2, 1], 'ghost_pos': [[1, 3]], 'score': -4.0, 'food_count': 2, 'legal_actions': ['West', 'Stop', 'East']}
            
            ================
            
            数据含义： 
            1. layout_list: (List of Strings) ["(0,0)=Wall", "(1,0)=Pacman"...]
            2. pacman_pos: (List of Integers) [x, y]
            3. ghost_pos: (List of Lists) [[x, y], [x, y]]
            4. score: (Integer)
            5. food_count: (Integer)
            6. legal_actions: (List of Strings) ['North', 'South', ...]
            
            ================
            
            方向声明：'north'会使 y 减小，'south'会使 y 增加，'west'会使 x 减小，'east'会使 x 增加
            
            你的思路应该是：
            1. 从'legal_actions'中剔除掉'stop'，然后对剩下的动作进行遍历，思考选择这个动作后到达的新位置。
            2. 再从这个位置出发，遍历'north', 'south', 'west', 'east'，然后判断指向那个方向后会不会到'wall',                 如果会的话就不选择那个方向；以及是否会回到上一个格子，如果会的话也不加到路径中。重复这个步骤5次，行程多组路径。
            3. 判断这两条条路径上是否存在ghosts
                如果存在一条路径没有ghosts，选择这条路径的第一步。
                否则选择ghosts出现得最晚的路径或者出现了食物的那一条路径。
            
            ===============
            下面给出一个示例：
            
            'layout_list': ['(0,0)=Wall,(1,0)=Wall,(2,0)=Wall,(3,0)=Wall,(4,0)=Wall,(5,0)=Wall,(6,0)=Wall', 
                            '(0,1)=Wall,(1,1)=Empty,(2,1)=Pacman,(3,1)=Empty,(4,1)=Empty,(5,1)=Empty,(6,1)=Wall', 
                            '(0,2)=Wall,(1,2)=Empty,(2,2)=Wall,(3,2)=Wall,(4,2)=Wall,(5,2)=Empty,(6,2)=Wall', 
                            '(0,3)=Wall,(1,3)=Empty,(2,3)=Wall,(3,3)=Food,(4,3)=Empty,(5,3)=Empty,(6,3)=Wall', 
                            '(0,4)=Wall,(1,4)=Empty,(2,4)=Wall,(3,4)=Wall,(4,4)=Wall,(5,4)=Empty,(6,4)=Wall', 
                            '(0,5)=Wall,(1,5)=Food,(2,5)=Empty,(3,5)=Ghost1,(4,5)=Empty,(5,5)=Empty,(6,5)=Wall', 
                            '(0,6)=Wall,(1,6)=Wall,(2,6)=Wall,(3,6)=Wall,(4,6)=Wall,(5,6)=Wall,(6,6)=Wall'], 
            'pacman_pos': [2, 1], 
            'ghost_pos': [[3, 5]], 
            'score': 0.0, 
            'food_count': 2, 
            'legal_actions': ['West', 'Stop', 'East']
            
            分析：
            目前的位置在 [2, 1]，合法的操作去掉'stop'后，是 'West'和'East'。
            那么有两条路径可选，
            路径一目前是: '[2, 1], [1, 1]' (执行West后到达新位置[1, 1])
            路径二目前是：'[2, 1], [3, 1]' (执行East后到达新位置[3, 1])
            
            走了一步之后，需要开始进入思路的第2步
            遍历'north', 'south', 'west', 'east'，
            针对路径一：
                - 'north' 'west'对应的位置是'wall'，不可选
                - 'east'对应的位置'[2, 1]'已经出现在了路径一中了，因此也不选
            故路径一新执行的action 应该是 'south'
            路径一更新为：'[2, 1], [1, 1], [1, 2]'
            同理，针对路径二：
                - 'north' 'south'对应的位置是'wall'，不可选
                - 'west'对应的位置'[2, 1]'已经出现在了路径一中了，因此也不选
            故路径二新执行的action 应该是 'east'
            路径二更新为：'[2, 1], [3, 1], [4, 2]'
            
            重复这个更新步骤5次，最后应该能得到
            路径一：'[2, 1], [1, 1], [1, 2], [1, 3], [1, 4], [1, 5], [2, 5]'
            路径二：'[2, 1], [3, 1], [4, 1], [5, 1], [5, 2], [5, 3], [4, 3]'
            路径三：'[2, 1], [3, 1], [4, 1], [5, 1], [5, 2], [5, 3], [4, 4]'
            注意到这里的路径三的来源是因为原始的路径二拓展到'[5, 3]'时，发现'west'和'south'都是可选动作，
            针对这种大于一个可选动作的情况，可以复制该路径，然后两条路径分别执行不同动作。
            
            那么开始判断三个路径谁最优了，首先三个路径上都没有ghost出现，因此三条都是可选的。
            其次在第一条路径中出现了食物，而路径二、三没有，因此优先选择路径一。
            结果应该输出'West'。
            
            ===============
            
            请你每次给出结果的时候认真进行逐步思考，如同我的样例一样。
            
        
输出最终行动，格式必须严格如下：<action>行动</action>。其中"行动"必须是以下之一: North, South, East, West, Stop
 例如：<action>North</action>
--- RESPONSE ---
好的，现在我将根据提供的游戏数据进行逐步分析，以确定吃豆人应该采取的下一步行动。

---

### 1. 当前状态分析

- **pacman_pos**: [2, 1]  
- **ghost_pos**: [[1, 3]]  
- **legal_actions**: ['West', 'Stop', 'East']  
- **food_count**: 2  

**方向说明**：  
- 'north' → y 减小（向上）  
- 'south' → y 增加（向下）  
- 'west' → x 减小（向左）  
- 'east' → x 增加（向右）

---

### 2. 剔除 'Stop' 后的合法动作

合法动作是：['West', 'East']

我们分别考虑这两个动作，并生成可能的路径。

---

### 3. 分析每个动作后的路径

#### 路径一：执行 'West' → 到达 [1, 1]

- 现在的位置是 [1, 1]，该位置是 'Empty'。
- 接下来要遍历 'north', 'south', 'west', 'east' 四个方向，判断是否可行。

##### 遍历四个方向：

- **North** → [1, 0] → 该位置是 'Wall'，不可选
- **South** → [1, 2] → 该位置是 'Empty'，可选
- **West** → [0, 1] → 该位置是 'Wall'，不可选
- **East** → [2, 1] → 已经在路径中，不能重复，排除

所以，路径一可以继续选择 **South**，到达 [1, 2]。

#### 路径二：执行 'East' → 到达 [3, 1]

- 该位置是 'Empty'。
- 接下来遍历四个方向：

- **North** → [3, 0] → 'Wall'，不可选
- **South** → [3, 2] → 'Wall'，不可选
- **West** → [2, 1] → 已在路径中，不能重复，排除
- **East** → [4, 1] → 'Empty'，可选

所以，路径二可以继续选择 **East**，到达 [4, 1]。

---

### 4. 继续拓展路径（最多5步）

我们现在有两个初始路径，继续拓展它们。

#### 路径一扩展：
[2, 1] → [1, 1] → [1, 2]

- 下一步可选方向：
  - North: [1, 1]（已存在）
  - South: [1, 3]（该位置是 'Ghost1'！）→ 有鬼，不能选
  - West: [0, 2]（Wall）→ 不可选
  - East: [2, 2]（Wall）→ 不可选

所以，路径一无法继续拓展，因为所有方向都不可行或有鬼。

#### 路径二扩展：
[2, 1] → [3, 1] → [4, 1]

- 下一步可选方向：
  - North: [4, 0]（Wall）→ 不可选
  - South: [4, 2]（Wall）→ 不可选
  - West: [3, 1]（已存在）→ 不能重复
  - East: [5, 1]（Empty）→ 可选

所以，路径二可以继续选择 **East**，到达 [5, 1]。

---

### 5. 检查路径是否存在鬼

- **路径一**：在 [1, 2] 后，下一步是 [1, 3]，这是 ghost 的位置。所以路径一存在鬼，不安全。
- **路径二**：目前没有遇到鬼，且下一步是 [5, 1]，是 Empty。

---

### 6. 选择最优路径

- 路径一：存在鬼，不能选。
- 路径二：无鬼，可以继续探索。

因此，**选择路径二的第一步**：**East**

---

### ✅ 最终输出

<action>East</action>
--- ACTION ---
East
------------------------------
TIME: 2025-12-11 18:50:11.915070
--- FULL USER INPUT ---

        "*** YOUR PROMPT HERE ***" 
            你现在是一个吃豆人。你要在避开ghosts的前提下，吃掉图中的所有食物。
            这个是当前的游戏数据：
            
            ================
            
            {'layout_list': ['(0,0)=Wall,(1,0)=Wall,(2,0)=Wall,(3,0)=Wall,(4,0)=Wall,(5,0)=Wall,(6,0)=Wall', '(0,1)=Wall,(1,1)=Empty,(2,1)=Empty,(3,1)=Pacman,(4,1)=Empty,(5,1)=Empty,(6,1)=Wall', '(0,2)=Wall,(1,2)=Ghost1,(2,2)=Wall,(3,2)=Wall,(4,2)=Wall,(5,2)=Empty,(6,2)=Wall', '(0,3)=Wall,(1,3)=Empty,(2,3)=Wall,(3,3)=Food,(4,3)=Empty,(5,3)=Empty,(6,3)=Wall', '(0,4)=Wall,(1,4)=Empty,(2,4)=Wall,(3,4)=Wall,(4,4)=Wall,(5,4)=Empty,(6,4)=Wall', '(0,5)=Wall,(1,5)=Food,(2,5)=Empty,(3,5)=Empty,(4,5)=Empty,(5,5)=Empty,(6,5)=Wall', '(0,6)=Wall,(1,6)=Wall,(2,6)=Wall,(3,6)=Wall,(4,6)=Wall,(5,6)=Wall,(6,6)=Wall'], 'pacman_pos': [3, 1], 'ghost_pos': [[1, 2]], 'score': -5.0, 'food_count': 2, 'legal_actions': ['West', 'Stop', 'East']}
            
            ================
            
            数据含义： 
            1. layout_list: (List of Strings) ["(0,0)=Wall", "(1,0)=Pacman"...]
            2. pacman_pos: (List of Integers) [x, y]
            3. ghost_pos: (List of Lists) [[x, y], [x, y]]
            4. score: (Integer)
            5. food_count: (Integer)
            6. legal_actions: (List of Strings) ['North', 'South', ...]
            
            ================
            
            方向声明：'north'会使 y 减小，'south'会使 y 增加，'west'会使 x 减小，'east'会使 x 增加
            
            你的思路应该是：
            1. 从'legal_actions'中剔除掉'stop'，然后对剩下的动作进行遍历，思考选择这个动作后到达的新位置。
            2. 再从这个位置出发，遍历'north', 'south', 'west', 'east'，然后判断指向那个方向后会不会到'wall',                 如果会的话就不选择那个方向；以及是否会回到上一个格子，如果会的话也不加到路径中。重复这个步骤5次，行程多组路径。
            3. 判断这两条条路径上是否存在ghosts
                如果存在一条路径没有ghosts，选择这条路径的第一步。
                否则选择ghosts出现得最晚的路径或者出现了食物的那一条路径。
            
            ===============
            下面给出一个示例：
            
            'layout_list': ['(0,0)=Wall,(1,0)=Wall,(2,0)=Wall,(3,0)=Wall,(4,0)=Wall,(5,0)=Wall,(6,0)=Wall', 
                            '(0,1)=Wall,(1,1)=Empty,(2,1)=Pacman,(3,1)=Empty,(4,1)=Empty,(5,1)=Empty,(6,1)=Wall', 
                            '(0,2)=Wall,(1,2)=Empty,(2,2)=Wall,(3,2)=Wall,(4,2)=Wall,(5,2)=Empty,(6,2)=Wall', 
                            '(0,3)=Wall,(1,3)=Empty,(2,3)=Wall,(3,3)=Food,(4,3)=Empty,(5,3)=Empty,(6,3)=Wall', 
                            '(0,4)=Wall,(1,4)=Empty,(2,4)=Wall,(3,4)=Wall,(4,4)=Wall,(5,4)=Empty,(6,4)=Wall', 
                            '(0,5)=Wall,(1,5)=Food,(2,5)=Empty,(3,5)=Ghost1,(4,5)=Empty,(5,5)=Empty,(6,5)=Wall', 
                            '(0,6)=Wall,(1,6)=Wall,(2,6)=Wall,(3,6)=Wall,(4,6)=Wall,(5,6)=Wall,(6,6)=Wall'], 
            'pacman_pos': [2, 1], 
            'ghost_pos': [[3, 5]], 
            'score': 0.0, 
            'food_count': 2, 
            'legal_actions': ['West', 'Stop', 'East']
            
            分析：
            目前的位置在 [2, 1]，合法的操作去掉'stop'后，是 'West'和'East'。
            那么有两条路径可选，
            路径一目前是: '[2, 1], [1, 1]' (执行West后到达新位置[1, 1])
            路径二目前是：'[2, 1], [3, 1]' (执行East后到达新位置[3, 1])
            
            走了一步之后，需要开始进入思路的第2步
            遍历'north', 'south', 'west', 'east'，
            针对路径一：
                - 'north' 'west'对应的位置是'wall'，不可选
                - 'east'对应的位置'[2, 1]'已经出现在了路径一中了，因此也不选
            故路径一新执行的action 应该是 'south'
            路径一更新为：'[2, 1], [1, 1], [1, 2]'
            同理，针对路径二：
                - 'north' 'south'对应的位置是'wall'，不可选
                - 'west'对应的位置'[2, 1]'已经出现在了路径一中了，因此也不选
            故路径二新执行的action 应该是 'east'
            路径二更新为：'[2, 1], [3, 1], [4, 2]'
            
            重复这个更新步骤5次，最后应该能得到
            路径一：'[2, 1], [1, 1], [1, 2], [1, 3], [1, 4], [1, 5], [2, 5]'
            路径二：'[2, 1], [3, 1], [4, 1], [5, 1], [5, 2], [5, 3], [4, 3]'
            路径三：'[2, 1], [3, 1], [4, 1], [5, 1], [5, 2], [5, 3], [4, 4]'
            注意到这里的路径三的来源是因为原始的路径二拓展到'[5, 3]'时，发现'west'和'south'都是可选动作，
            针对这种大于一个可选动作的情况，可以复制该路径，然后两条路径分别执行不同动作。
            
            那么开始判断三个路径谁最优了，首先三个路径上都没有ghost出现，因此三条都是可选的。
            其次在第一条路径中出现了食物，而路径二、三没有，因此优先选择路径一。
            结果应该输出'West'。
            
            ===============
            
            请你每次给出结果的时候认真进行逐步思考，如同我的样例一样。
            
        
输出最终行动，格式必须严格如下：<action>行动</action>。其中"行动"必须是以下之一: North, South, East, West, Stop
 例如：<action>North</action>
--- RESPONSE ---
<action>West</action>
--- ACTION ---
West
------------------------------
TIME: 2025-12-11 18:50:12.355435
--- FULL USER INPUT ---

        "*** YOUR PROMPT HERE ***" 
            你现在是一个吃豆人。你要在避开ghosts的前提下，吃掉图中的所有食物。
            这个是当前的游戏数据：
            
            ================
            
            {'layout_list': ['(0,0)=Wall,(1,0)=Wall,(2,0)=Wall,(3,0)=Wall,(4,0)=Wall,(5,0)=Wall,(6,0)=Wall', '(0,1)=Wall,(1,1)=Ghost1,(2,1)=Pacman,(3,1)=Empty,(4,1)=Empty,(5,1)=Empty,(6,1)=Wall', '(0,2)=Wall,(1,2)=Empty,(2,2)=Wall,(3,2)=Wall,(4,2)=Wall,(5,2)=Empty,(6,2)=Wall', '(0,3)=Wall,(1,3)=Empty,(2,3)=Wall,(3,3)=Food,(4,3)=Empty,(5,3)=Empty,(6,3)=Wall', '(0,4)=Wall,(1,4)=Empty,(2,4)=Wall,(3,4)=Wall,(4,4)=Wall,(5,4)=Empty,(6,4)=Wall', '(0,5)=Wall,(1,5)=Food,(2,5)=Empty,(3,5)=Empty,(4,5)=Empty,(5,5)=Empty,(6,5)=Wall', '(0,6)=Wall,(1,6)=Wall,(2,6)=Wall,(3,6)=Wall,(4,6)=Wall,(5,6)=Wall,(6,6)=Wall'], 'pacman_pos': [2, 1], 'ghost_pos': [[1, 1]], 'score': -6.0, 'food_count': 2, 'legal_actions': ['West', 'Stop', 'East']}
            
            ================
            
            数据含义： 
            1. layout_list: (List of Strings) ["(0,0)=Wall", "(1,0)=Pacman"...]
            2. pacman_pos: (List of Integers) [x, y]
            3. ghost_pos: (List of Lists) [[x, y], [x, y]]
            4. score: (Integer)
            5. food_count: (Integer)
            6. legal_actions: (List of Strings) ['North', 'South', ...]
            
            ================
            
            方向声明：'north'会使 y 减小，'south'会使 y 增加，'west'会使 x 减小，'east'会使 x 增加
            
            你的思路应该是：
            1. 从'legal_actions'中剔除掉'stop'，然后对剩下的动作进行遍历，思考选择这个动作后到达的新位置。
            2. 再从这个位置出发，遍历'north', 'south', 'west', 'east'，然后判断指向那个方向后会不会到'wall',                 如果会的话就不选择那个方向；以及是否会回到上一个格子，如果会的话也不加到路径中。重复这个步骤5次，行程多组路径。
            3. 判断这两条条路径上是否存在ghosts
                如果存在一条路径没有ghosts，选择这条路径的第一步。
                否则选择ghosts出现得最晚的路径或者出现了食物的那一条路径。
            
            ===============
            下面给出一个示例：
            
            'layout_list': ['(0,0)=Wall,(1,0)=Wall,(2,0)=Wall,(3,0)=Wall,(4,0)=Wall,(5,0)=Wall,(6,0)=Wall', 
                            '(0,1)=Wall,(1,1)=Empty,(2,1)=Pacman,(3,1)=Empty,(4,1)=Empty,(5,1)=Empty,(6,1)=Wall', 
                            '(0,2)=Wall,(1,2)=Empty,(2,2)=Wall,(3,2)=Wall,(4,2)=Wall,(5,2)=Empty,(6,2)=Wall', 
                            '(0,3)=Wall,(1,3)=Empty,(2,3)=Wall,(3,3)=Food,(4,3)=Empty,(5,3)=Empty,(6,3)=Wall', 
                            '(0,4)=Wall,(1,4)=Empty,(2,4)=Wall,(3,4)=Wall,(4,4)=Wall,(5,4)=Empty,(6,4)=Wall', 
                            '(0,5)=Wall,(1,5)=Food,(2,5)=Empty,(3,5)=Ghost1,(4,5)=Empty,(5,5)=Empty,(6,5)=Wall', 
                            '(0,6)=Wall,(1,6)=Wall,(2,6)=Wall,(3,6)=Wall,(4,6)=Wall,(5,6)=Wall,(6,6)=Wall'], 
            'pacman_pos': [2, 1], 
            'ghost_pos': [[3, 5]], 
            'score': 0.0, 
            'food_count': 2, 
            'legal_actions': ['West', 'Stop', 'East']
            
            分析：
            目前的位置在 [2, 1]，合法的操作去掉'stop'后，是 'West'和'East'。
            那么有两条路径可选，
            路径一目前是: '[2, 1], [1, 1]' (执行West后到达新位置[1, 1])
            路径二目前是：'[2, 1], [3, 1]' (执行East后到达新位置[3, 1])
            
            走了一步之后，需要开始进入思路的第2步
            遍历'north', 'south', 'west', 'east'，
            针对路径一：
                - 'north' 'west'对应的位置是'wall'，不可选
                - 'east'对应的位置'[2, 1]'已经出现在了路径一中了，因此也不选
            故路径一新执行的action 应该是 'south'
            路径一更新为：'[2, 1], [1, 1], [1, 2]'
            同理，针对路径二：
                - 'north' 'south'对应的位置是'wall'，不可选
                - 'west'对应的位置'[2, 1]'已经出现在了路径一中了，因此也不选
            故路径二新执行的action 应该是 'east'
            路径二更新为：'[2, 1], [3, 1], [4, 2]'
            
            重复这个更新步骤5次，最后应该能得到
            路径一：'[2, 1], [1, 1], [1, 2], [1, 3], [1, 4], [1, 5], [2, 5]'
            路径二：'[2, 1], [3, 1], [4, 1], [5, 1], [5, 2], [5, 3], [4, 3]'
            路径三：'[2, 1], [3, 1], [4, 1], [5, 1], [5, 2], [5, 3], [4, 4]'
            注意到这里的路径三的来源是因为原始的路径二拓展到'[5, 3]'时，发现'west'和'south'都是可选动作，
            针对这种大于一个可选动作的情况，可以复制该路径，然后两条路径分别执行不同动作。
            
            那么开始判断三个路径谁最优了，首先三个路径上都没有ghost出现，因此三条都是可选的。
            其次在第一条路径中出现了食物，而路径二、三没有，因此优先选择路径一。
            结果应该输出'West'。
            
            ===============
            
            请你每次给出结果的时候认真进行逐步思考，如同我的样例一样。
            
        
输出最终行动，格式必须严格如下：<action>行动</action>。其中"行动"必须是以下之一: North, South, East, West, Stop
 例如：<action>North</action>
--- RESPONSE ---
<action>West</action>
--- ACTION ---
West
------------------------------
