TIME: 2025-12-10 22:29:14.610129
--- FULL USER INPUT ---

        "*** YOUR PROMPT HERE ***" 
            你现在是一个吃豆人。你要在避开ghosts的前提下，吃掉图中的所有食物。
            这个是当前的游戏数据：
            
            ================
            
            {'layout_list': ['(0,0)=Wall,(1,0)=Wall,(2,0)=Wall,(3,0)=Wall,(4,0)=Wall,(5,0)=Wall,(6,0)=Wall', '(0,1)=Wall,(1,1)=Empty,(2,1)=Pacman,(3,1)=Empty,(4,1)=Empty,(5,1)=Empty,(6,1)=Wall', '(0,2)=Wall,(1,2)=Empty,(2,2)=Wall,(3,2)=Wall,(4,2)=Wall,(5,2)=Empty,(6,2)=Wall', '(0,3)=Wall,(1,3)=Empty,(2,3)=Wall,(3,3)=Food,(4,3)=Empty,(5,3)=Empty,(6,3)=Wall', '(0,4)=Wall,(1,4)=Empty,(2,4)=Wall,(3,4)=Wall,(4,4)=Wall,(5,4)=Empty,(6,4)=Wall', '(0,5)=Wall,(1,5)=Food,(2,5)=Empty,(3,5)=Ghost1,(4,5)=Empty,(5,5)=Empty,(6,5)=Wall', '(0,6)=Wall,(1,6)=Wall,(2,6)=Wall,(3,6)=Wall,(4,6)=Wall,(5,6)=Wall,(6,6)=Wall'], 'pacman_pos': [2, 1], 'ghost_pos': [[3, 5]], 'score': 0.0, 'food_count': 2, 'legal_actions': ['West', 'Stop', 'East']}
            
            ================
            
            数据含义： 
            1. layout_list: (List of Strings) ["(0,0)=Wall", "(1,0)=Pacman"...]
            2. pacman_pos: (List of Integers) [x, y]
            3. ghost_pos: (List of Lists) [[x, y], [x, y]]
            4. score: (Integer)
            5. food_count: (Integer)
            6. legal_actions: (List of Strings) ['North', 'South', ...]
            
            ================
            
            你的思路应该是：
            1. 从'legal_actions'中剔除掉'stop'，然后根据剩下的动作，向外延伸出两条长度为8的路径。
                路径要求：
                    - 路径中不能包括'wall'。
                    - 中间不能有回头路，例如前一步是'west'，后一步是'east'
            2. 判断这两条条路径上是否存在ghosts
                如果存在一条路径没有ghosts，选择这条路径的第一步。
                否则选择ghosts出现得最晚的路径。
            请逐步推理，再给出最终答案，你的答案只能是第一步。
            好的请遵守游戏规则，并且牢记你的两个目标，完成任务吧。
        
输出最终行动，格式必须严格如下：<action>行动</action>。其中"行动"必须是以下之一: North, South, East, West, Stop
 例如：<action>North</action>
--- RESPONSE ---
首先，我们分析当前的游戏数据：

- `pacman_pos` 是 [2, 1]。
- `ghost_pos` 是 [[3, 5]]。
- `legal_actions` 是 ['West', 'Stop', 'East']。
- `food_count` 是 2。

### 第一步：剔除 'Stop' 动作
从 `legal_actions` 中剔除 'Stop'，剩下的动作是 ['West', 'East']。

### 第二步：生成两条长度为8的路径
我们需要根据这两个动作（West 和 East）向外延伸出两条路径。注意：
- 路径中不能包括 'Wall'。
- 中间不能有回头路（例如前一步是 'West'，后一步是 'East'）。

#### 从当前位置 [2, 1] 出发：
- **West**：向左移动，即 x 坐标减少。
- **East**：向右移动，即 x 坐标增加。

##### 路径1：West
从 [2, 1] 向 West 移动：
- [1, 1] → Empty
- [0, 1] → Wall（不可行）

所以，West 的路径只能走一步，无法达到长度为8。

##### 路径2：East
从 [2, 1] 向 East 移动：
- [3, 1] → Empty
- [4, 1] → Empty
- [5, 1] → Empty
- [6, 1] → Wall（不可行）

所以，East 的路径也只能走3步，也无法达到长度为8。

因此，这两条路径都无法满足“长度为8”的要求。

### 第三步：判断路径上是否存在 ghosts
由于路径长度不足，我们无法完整地判断路径上是否有 ghosts。

### 第四步：选择行动
由于 West 和 East 都无法形成足够长的路径，且没有其他合法动作可用，我们只能选择一个最安全的选项。

在当前情况下，East 是更优的选择，因为 West 会直接遇到墙，而 East 可以继续探索。

### 最终答案：
<action>East</action>
--- ACTION ---
East
------------------------------
TIME: 2025-12-10 22:29:20.140054
--- FULL USER INPUT ---

        "*** YOUR PROMPT HERE ***" 
            你现在是一个吃豆人。你要在避开ghosts的前提下，吃掉图中的所有食物。
            这个是当前的游戏数据：
            
            ================
            
            {'layout_list': ['(0,0)=Wall,(1,0)=Wall,(2,0)=Wall,(3,0)=Wall,(4,0)=Wall,(5,0)=Wall,(6,0)=Wall', '(0,1)=Wall,(1,1)=Empty,(2,1)=Empty,(3,1)=Pacman,(4,1)=Empty,(5,1)=Empty,(6,1)=Wall', '(0,2)=Wall,(1,2)=Empty,(2,2)=Wall,(3,2)=Wall,(4,2)=Wall,(5,2)=Empty,(6,2)=Wall', '(0,3)=Wall,(1,3)=Empty,(2,3)=Wall,(3,3)=Food,(4,3)=Empty,(5,3)=Empty,(6,3)=Wall', '(0,4)=Wall,(1,4)=Empty,(2,4)=Wall,(3,4)=Wall,(4,4)=Wall,(5,4)=Empty,(6,4)=Wall', '(0,5)=Wall,(1,5)=Food,(2,5)=Ghost1,(3,5)=Empty,(4,5)=Empty,(5,5)=Empty,(6,5)=Wall', '(0,6)=Wall,(1,6)=Wall,(2,6)=Wall,(3,6)=Wall,(4,6)=Wall,(5,6)=Wall,(6,6)=Wall'], 'pacman_pos': [3, 1], 'ghost_pos': [[2, 5]], 'score': -1.0, 'food_count': 2, 'legal_actions': ['West', 'Stop', 'East']}
            
            ================
            
            数据含义： 
            1. layout_list: (List of Strings) ["(0,0)=Wall", "(1,0)=Pacman"...]
            2. pacman_pos: (List of Integers) [x, y]
            3. ghost_pos: (List of Lists) [[x, y], [x, y]]
            4. score: (Integer)
            5. food_count: (Integer)
            6. legal_actions: (List of Strings) ['North', 'South', ...]
            
            ================
            
            你的思路应该是：
            1. 从'legal_actions'中剔除掉'stop'，然后根据剩下的动作，向外延伸出两条长度为8的路径。
                路径要求：
                    - 路径中不能包括'wall'。
                    - 中间不能有回头路，例如前一步是'west'，后一步是'east'
            2. 判断这两条条路径上是否存在ghosts
                如果存在一条路径没有ghosts，选择这条路径的第一步。
                否则选择ghosts出现得最晚的路径。
            请逐步推理，再给出最终答案，你的答案只能是第一步。
            好的请遵守游戏规则，并且牢记你的两个目标，完成任务吧。
        
输出最终行动，格式必须严格如下：<action>行动</action>。其中"行动"必须是以下之一: North, South, East, West, Stop
 例如：<action>North</action>
--- RESPONSE ---
首先，我们分析当前的游戏数据：

### 1. 当前布局
从 `layout_list` 中可以提取出地图的结构。根据 `pacman_pos` 和 `ghost_pos`，我们可以知道：
- Pacman 的位置是 `(3, 1)`。
- Ghost 的位置是 `(2, 5)`。

### 2. 可用动作
从 `legal_actions` 中可以看到可用的动作是：`['West', 'Stop', 'East']`。  
我们剔除 `'Stop'`，剩下的动作是：`['West', 'East']`。

### 3. 生成路径
我们需要为每个合法动作（`West`, `East`）生成一条长度为8的路径，且满足以下条件：
- 路径中不能包括 `Wall`。
- 中间不能有回头路（例如先向西走，再向东走）。

#### a. 从当前位置 `(3, 1)` 向 West（左）走
- (3,1) → (2,1) → (1,1) → (0,1) → (0,0) 是 Wall ❌
- 所以这条路径无法继续下去。

#### b. 从当前位置 `(3, 1)` 向 East（右）走
- (3,1) → (4,1) → (5,1) → (6,1) 是 Wall ❌
- 所以这条路径也无法继续下去。

因此，两个方向都无法生成长度为8的合法路径。

### 4. 判断是否存在无 ghost 的路径
由于两个方向都无法生成合法路径，所以没有路径是安全的。

### 5. 选择 ghost 出现得最晚的路径
虽然两个方向都无法生成完整路径，但我们可以尝试判断哪个方向更接近 ghost 的位置。

- Ghost 在 `(2, 5)`。
- Pacman 在 `(3, 1)`。
- 向 West 移动会靠近 ghost（x 坐标减少），而向 East 会远离 ghost（x 坐标增加）。

因此，**向 West 移动更接近 ghost**，而 **向 East 移动更远离 ghost**。

### 6. 最终选择
因为没有路径是完全安全的，我们选择 **ghost 出现得最晚的路径**，即 **East**。

---

最终答案是：<action>East</action>
--- ACTION ---
East
------------------------------
TIME: 2025-12-10 22:29:27.887262
--- FULL USER INPUT ---

        "*** YOUR PROMPT HERE ***" 
            你现在是一个吃豆人。你要在避开ghosts的前提下，吃掉图中的所有食物。
            这个是当前的游戏数据：
            
            ================
            
            {'layout_list': ['(0,0)=Wall,(1,0)=Wall,(2,0)=Wall,(3,0)=Wall,(4,0)=Wall,(5,0)=Wall,(6,0)=Wall', '(0,1)=Wall,(1,1)=Empty,(2,1)=Empty,(3,1)=Empty,(4,1)=Pacman,(5,1)=Empty,(6,1)=Wall', '(0,2)=Wall,(1,2)=Empty,(2,2)=Wall,(3,2)=Wall,(4,2)=Wall,(5,2)=Empty,(6,2)=Wall', '(0,3)=Wall,(1,3)=Empty,(2,3)=Wall,(3,3)=Food,(4,3)=Empty,(5,3)=Empty,(6,3)=Wall', '(0,4)=Wall,(1,4)=Empty,(2,4)=Wall,(3,4)=Wall,(4,4)=Wall,(5,4)=Empty,(6,4)=Wall', '(0,5)=Wall,(1,5)=Ghost1,(2,5)=Empty,(3,5)=Empty,(4,5)=Empty,(5,5)=Empty,(6,5)=Wall', '(0,6)=Wall,(1,6)=Wall,(2,6)=Wall,(3,6)=Wall,(4,6)=Wall,(5,6)=Wall,(6,6)=Wall'], 'pacman_pos': [4, 1], 'ghost_pos': [[1, 5]], 'score': -2.0, 'food_count': 2, 'legal_actions': ['West', 'Stop', 'East']}
            
            ================
            
            数据含义： 
            1. layout_list: (List of Strings) ["(0,0)=Wall", "(1,0)=Pacman"...]
            2. pacman_pos: (List of Integers) [x, y]
            3. ghost_pos: (List of Lists) [[x, y], [x, y]]
            4. score: (Integer)
            5. food_count: (Integer)
            6. legal_actions: (List of Strings) ['North', 'South', ...]
            
            ================
            
            你的思路应该是：
            1. 从'legal_actions'中剔除掉'stop'，然后根据剩下的动作，向外延伸出两条长度为8的路径。
                路径要求：
                    - 路径中不能包括'wall'。
                    - 中间不能有回头路，例如前一步是'west'，后一步是'east'
            2. 判断这两条条路径上是否存在ghosts
                如果存在一条路径没有ghosts，选择这条路径的第一步。
                否则选择ghosts出现得最晚的路径。
            请逐步推理，再给出最终答案，你的答案只能是第一步。
            好的请遵守游戏规则，并且牢记你的两个目标，完成任务吧。
        
输出最终行动，格式必须严格如下：<action>行动</action>。其中"行动"必须是以下之一: North, South, East, West, Stop
 例如：<action>North</action>
--- RESPONSE ---
首先，我们分析当前的游戏数据：

### 1. 当前布局
从 `layout_list` 中可以提取出地图的结构。我们可以将它转换为一个二维网格来更直观地理解。

- **Pacman 的位置**：[4, 1]
- **Ghost 的位置**：[[1, 5]]
- **食物数量**：2
- **合法动作**：['West', 'Stop', 'East']

### 2. 剔除 'Stop' 动作
根据要求，我们剔除 'Stop'，剩下的合法动作是：['West', 'East']

### 3. 生成两条长度为8的路径
我们需要从当前 Pacman 的位置 [4, 1] 出发，分别尝试向 West 和 East 移动，并生成长度为8的路径（即最多走8步）。

#### 路径1：向 West 移动
- 初始位置：(4, 1)
- 每一步向 West 移动，即 x 减少 1。
- 检查每一步是否是 Wall 或者超出边界。

| 步数 | 坐标 (x, y) | 是否有效 |
|------|-------------|----------|
| 0    | (4, 1)      | ✅       |
| 1    | (3, 1)      | ✅       |
| 2    | (2, 1)      | ✅       |
| 3    | (1, 1)      | ✅       |
| 4    | (0, 1)      | ❌ (Wall) |

路径在第4步就遇到了墙，无法继续。因此这条路径无效。

#### 路径2：向 East 移动
- 初始位置：(4, 1)
- 每一步向 East 移动，即 x 增加 1。
- 检查每一步是否是 Wall 或者超出边界。

| 步数 | 坐标 (x, y) | 是否有效 |
|------|-------------|----------|
| 0    | (4, 1)      | ✅       |
| 1    | (5, 1)      | ✅       |
| 2    | (6, 1)      | ❌ (Wall) |

路径在第2步就遇到了墙，无法继续。因此这条路径也无效。

### 4. 判断路径上是否存在 Ghosts
由于两个方向都无法走满8步，我们只能考虑最远能走的步数。

- 向 West 最多走3步（到 (1, 1)）
- 向 East 最多走1步（到 (5, 1)）

现在检查这两个路径中是否有 Ghost。

- Ghost 位于 (1, 5)，不在 (1, 1) 或 (5, 1) 的路径上。
- 所以，这两条路径都没有 Ghost。

### 5. 选择路径的第一步
因为两条路径都没有 Ghost，我们选择其中一条路径的第一步。

- 向 West 的第一步是：West
- 向 East 的第一步是：East

由于没有明确优先级，我们选择 **West** 作为第一步。

---

### 最终答案：
<action>West</action>
--- ACTION ---
West
------------------------------
