TIME: 2025-12-03 17:18:23.692045
--- FULL USER INPUT ---

        "*** YOUR PROMPT HERE ***" 
        
        
输出最终行动，格式必须严格如下：<action>行动</action>。其中"行动"必须是以下之一: North, South, East, West, Stop
 例如：<action>North</action>
--- RESPONSE ---
<action>Stop</action>
--- ACTION ---
Stop
------------------------------
TIME: 2025-12-03 17:18:24.041901
--- FULL USER INPUT ---

        "*** YOUR PROMPT HERE ***" 
        
        
输出最终行动，格式必须严格如下：<action>行动</action>。其中"行动"必须是以下之一: North, South, East, West, Stop
 例如：<action>North</action>
--- RESPONSE ---
<action>Stop</action>
--- ACTION ---
Stop
------------------------------
TIME: 2025-12-03 17:18:24.531995
--- FULL USER INPUT ---

        "*** YOUR PROMPT HERE ***" 
        
        
输出最终行动，格式必须严格如下：<action>行动</action>。其中"行动"必须是以下之一: North, South, East, West, Stop
 例如：<action>North</action>
--- RESPONSE ---
<action>Stop</action>
--- ACTION ---
Stop
------------------------------
TIME: 2025-12-03 17:18:24.917698
--- FULL USER INPUT ---

        "*** YOUR PROMPT HERE ***" 
        
        
输出最终行动，格式必须严格如下：<action>行动</action>。其中"行动"必须是以下之一: North, South, East, West, Stop
 例如：<action>North</action>
--- RESPONSE ---
<action>Stop</action>
--- ACTION ---
Stop
------------------------------
TIME: 2025-12-03 17:18:25.279259
--- FULL USER INPUT ---

        "*** YOUR PROMPT HERE ***" 
        
        
输出最终行动，格式必须严格如下：<action>行动</action>。其中"行动"必须是以下之一: North, South, East, West, Stop
 例如：<action>North</action>
--- RESPONSE ---
<action>Stop</action>
--- ACTION ---
Stop
------------------------------
TIME: 2025-12-03 17:18:25.649151
--- FULL USER INPUT ---

        "*** YOUR PROMPT HERE ***" 
        
        
输出最终行动，格式必须严格如下：<action>行动</action>。其中"行动"必须是以下之一: North, South, East, West, Stop
 例如：<action>North</action>
--- RESPONSE ---
<action>Stop</action>
--- ACTION ---
Stop
------------------------------
TIME: 2025-12-03 17:18:26.042727
--- FULL USER INPUT ---

        "*** YOUR PROMPT HERE ***" 
        
        
输出最终行动，格式必须严格如下：<action>行动</action>。其中"行动"必须是以下之一: North, South, East, West, Stop
 例如：<action>North</action>
--- RESPONSE ---
<action>Stop</action>
--- ACTION ---
Stop
------------------------------
