TIME: 2025-12-10 22:23:11.877340
--- FULL USER INPUT ---

        "*** YOUR PROMPT HERE ***" 
            你现在是一个吃豆人。你要在避开ghosts的前提下，吃掉图中的所有食物。
            这个是当前的游戏数据：
            {'layout_list': ['(0,0)=Wall,(1,0)=Wall,(2,0)=Wall,(3,0)=Wall,(4,0)=Wall,(5,0)=Wall,(6,0)=Wall', '(0,1)=Wall,(1,1)=Empty,(2,1)=Pacman,(3,1)=Empty,(4,1)=Empty,(5,1)=Empty,(6,1)=Wall', '(0,2)=Wall,(1,2)=Empty,(2,2)=Wall,(3,2)=Wall,(4,2)=Wall,(5,2)=Empty,(6,2)=Wall', '(0,3)=Wall,(1,3)=Empty,(2,3)=Wall,(3,3)=Food,(4,3)=Empty,(5,3)=Empty,(6,3)=Wall', '(0,4)=Wall,(1,4)=Empty,(2,4)=Wall,(3,4)=Wall,(4,4)=Wall,(5,4)=Empty,(6,4)=Wall', '(0,5)=Wall,(1,5)=Food,(2,5)=Empty,(3,5)=Ghost1,(4,5)=Empty,(5,5)=Empty,(6,5)=Wall', '(0,6)=Wall,(1,6)=Wall,(2,6)=Wall,(3,6)=Wall,(4,6)=Wall,(5,6)=Wall,(6,6)=Wall'], 'pacman_pos': [2, 1], 'ghost_pos': [[3, 5]], 'score': 0.0, 'food_count': 2, 'legal_actions': ['West', 'Stop', 'East']}
            1. layout_list: (List of Strings) ["(0,0)=Wall", "(1,0)=Pacman"...]
            2. pacman_pos: (List of Integers) [x, y]
            3. ghost_pos: (List of Lists) [[x, y], [x, y]]
            4. score: (Integer)
            5. food_count: (Integer)
            6. legal_actions: (List of Strings) ['North', 'South', ...]
            你的思路应该是
            1. 找出两条能经过所有食物的路径
            2. 判断这两条条路径上是否存在ghosts
                - 如果有，选择另外一条路径
                - 如果没有，则按这条路经走第一步。
            请逐步推理，再给出最终答案，你的答案只能是第一步。
            好的请遵守游戏规则，并且牢记你的两个目标，完成任务吧。
        
输出最终行动，格式必须严格如下：<action>行动</action>。其中"行动"必须是以下之一: North, South, East, West, Stop
 例如：<action>North</action>
--- RESPONSE ---
<action>West</action>
--- ACTION ---
West
------------------------------
TIME: 2025-12-10 22:23:19.019064
--- FULL USER INPUT ---

        "*** YOUR PROMPT HERE ***" 
            你现在是一个吃豆人。你要在避开ghosts的前提下，吃掉图中的所有食物。
            这个是当前的游戏数据：
            {'layout_list': ['(0,0)=Wall,(1,0)=Wall,(2,0)=Wall,(3,0)=Wall,(4,0)=Wall,(5,0)=Wall,(6,0)=Wall', '(0,1)=Wall,(1,1)=Pacman,(2,1)=Empty,(3,1)=Empty,(4,1)=Empty,(5,1)=Empty,(6,1)=Wall', '(0,2)=Wall,(1,2)=Empty,(2,2)=Wall,(3,2)=Wall,(4,2)=Wall,(5,2)=Empty,(6,2)=Wall', '(0,3)=Wall,(1,3)=Empty,(2,3)=Wall,(3,3)=Food,(4,3)=Empty,(5,3)=Empty,(6,3)=Wall', '(0,4)=Wall,(1,4)=Empty,(2,4)=Wall,(3,4)=Wall,(4,4)=Wall,(5,4)=Empty,(6,4)=Wall', '(0,5)=Wall,(1,5)=Food,(2,5)=Ghost1,(3,5)=Empty,(4,5)=Empty,(5,5)=Empty,(6,5)=Wall', '(0,6)=Wall,(1,6)=Wall,(2,6)=Wall,(3,6)=Wall,(4,6)=Wall,(5,6)=Wall,(6,6)=Wall'], 'pacman_pos': [1, 1], 'ghost_pos': [[2, 5]], 'score': -1.0, 'food_count': 2, 'legal_actions': ['Stop', 'East', 'South']}
            1. layout_list: (List of Strings) ["(0,0)=Wall", "(1,0)=Pacman"...]
            2. pacman_pos: (List of Integers) [x, y]
            3. ghost_pos: (List of Lists) [[x, y], [x, y]]
            4. score: (Integer)
            5. food_count: (Integer)
            6. legal_actions: (List of Strings) ['North', 'South', ...]
            你的思路应该是
            1. 找出两条能经过所有食物的路径
            2. 判断这两条条路径上是否存在ghosts
                - 如果有，选择另外一条路径
                - 如果没有，则按这条路经走第一步。
            请逐步推理，再给出最终答案，你的答案只能是第一步。
            好的请遵守游戏规则，并且牢记你的两个目标，完成任务吧。
        
输出最终行动，格式必须严格如下：<action>行动</action>。其中"行动"必须是以下之一: North, South, East, West, Stop
 例如：<action>North</action>
--- RESPONSE ---
首先，我需要分析当前的游戏数据，找出所有食物的位置，并确定可能的路径。

从 layout_list 中可以提取出食物的位置：
- (3,3)=Food
- (1,5)=Food

接下来，我需要找到能够经过这两个食物点的路径。同时，要避开 ghost 的位置 (2,5)。

当前 Pacman 的位置是 (1,1)，而 Ghost 的位置是 (2,5)。

### 路径分析：
1. 从 (1,1) 出发，向 East 移动到 (2,1)，然后向 South 移动到 (2,2)（注意：(2,2) 是 Wall，不能走）。
   - 所以这条路不可行。

2. 从 (1,1) 向 South 移动到 (1,2)，然后向 East 移动到 (2,2)（同样被 Wall 阻挡）。
   - 这条路也不可行。

3. 从 (1,1) 向 East 移动到 (2,1)，然后向 East 移动到 (3,1)，再向 South 移动到 (3,2)（Wall），无法继续。
   - 这条路也无法到达食物。

4. 从 (1,1) 向 South 移动到 (1,2)，然后向 East 移动到 (2,2)（Wall），无法继续。

5. 从 (1,1) 向 East 移动到 (2,1)，然后向 South 移动到 (2,2)（Wall），无法继续。

6. 从 (1,1) 向 South 移动到 (1,2)，然后向 East 移动到 (2,2)（Wall），无法继续。

7. 从 (1,1) 向 East 移动到 (2,1)，然后向 East 移动到 (3,1)，再向 East 移动到 (4,1)，然后向 South 移动到 (4,2)（Wall），无法继续。

8. 从 (1,1) 向 South 移动到 (1,2)，然后向 East 移动到 (2,2)（Wall），无法继续。

9. 从 (1,1) 向 South 移动到 (1,2)，然后向 East 移动到 (2,2)（Wall），无法继续。

10. 从 (1,1) 向 East 移动到 (2,1)，然后向 East 移动到 (3,1)，再向 South 移动到 (3,2)（Wall），无法继续。

综上所述，目前只有一条可行的路径：从 (1,1) 向 South 移动到 (1,2)，然后向 East 移动到 (2,2)（Wall），无法继续。

因此，Pacman 只能选择 "Stop" 作为第一步，因为其他方向要么是墙，要么会直接进入 Ghost 的位置。

最终答案是：
<action>Stop</action>
--- ACTION ---
Stop
------------------------------
TIME: 2025-12-10 22:23:24.433458
--- FULL USER INPUT ---

        "*** YOUR PROMPT HERE ***" 
            你现在是一个吃豆人。你要在避开ghosts的前提下，吃掉图中的所有食物。
            这个是当前的游戏数据：
            {'layout_list': ['(0,0)=Wall,(1,0)=Wall,(2,0)=Wall,(3,0)=Wall,(4,0)=Wall,(5,0)=Wall,(6,0)=Wall', '(0,1)=Wall,(1,1)=Pacman,(2,1)=Empty,(3,1)=Empty,(4,1)=Empty,(5,1)=Empty,(6,1)=Wall', '(0,2)=Wall,(1,2)=Empty,(2,2)=Wall,(3,2)=Wall,(4,2)=Wall,(5,2)=Empty,(6,2)=Wall', '(0,3)=Wall,(1,3)=Empty,(2,3)=Wall,(3,3)=Food,(4,3)=Empty,(5,3)=Empty,(6,3)=Wall', '(0,4)=Wall,(1,4)=Empty,(2,4)=Wall,(3,4)=Wall,(4,4)=Wall,(5,4)=Empty,(6,4)=Wall', '(0,5)=Wall,(1,5)=Ghost1,(2,5)=Empty,(3,5)=Empty,(4,5)=Empty,(5,5)=Empty,(6,5)=Wall', '(0,6)=Wall,(1,6)=Wall,(2,6)=Wall,(3,6)=Wall,(4,6)=Wall,(5,6)=Wall,(6,6)=Wall'], 'pacman_pos': [1, 1], 'ghost_pos': [[1, 5]], 'score': -2.0, 'food_count': 2, 'legal_actions': ['Stop', 'East', 'South']}
            1. layout_list: (List of Strings) ["(0,0)=Wall", "(1,0)=Pacman"...]
            2. pacman_pos: (List of Integers) [x, y]
            3. ghost_pos: (List of Lists) [[x, y], [x, y]]
            4. score: (Integer)
            5. food_count: (Integer)
            6. legal_actions: (List of Strings) ['North', 'South', ...]
            你的思路应该是
            1. 找出两条能经过所有食物的路径
            2. 判断这两条条路径上是否存在ghosts
                - 如果有，选择另外一条路径
                - 如果没有，则按这条路经走第一步。
            请逐步推理，再给出最终答案，你的答案只能是第一步。
            好的请遵守游戏规则，并且牢记你的两个目标，完成任务吧。
        
输出最终行动，格式必须严格如下：<action>行动</action>。其中"行动"必须是以下之一: North, South, East, West, Stop
 例如：<action>North</action>
--- RESPONSE ---
首先，我需要分析当前的游戏数据。  
从 `layout_list` 中可以看出，地图的布局如下（以坐标 (x,y) 表示）：

- 墙壁（Wall）占据了大部分区域。
- Pacman 位于 (1,1)。
- Ghost1 位于 (1,5)。
- 食物（Food）位于 (3,3)。
- 其他位置是 Empty 或 Wall。

接下来，我需要找出两条能经过所有食物的路径。目前只有 1 个食物（(3,3)），所以只需要找到一条路径到达该点即可。

从 Pacman 的当前位置 (1,1) 出发，可以向 **East**（东）或 **South**（南）移动。  
但根据 `legal_actions`，Pacman 可以选择的行动是：`['Stop', 'East', 'South']`。

现在分析可能的路径：
1. **East**：从 (1,1) → (2,1)，然后继续向东到 (3,1)，再向北到 (3,2)（墙），无法通过。因此这条路不通。
2. **South**：从 (1,1) → (1,2)，然后继续向南到 (1,3)，再向右到 (2,3)（墙），也无法通过。
3. 因此，Pacman 需要寻找其他路径。

观察地图，发现 (3,3) 是唯一的食物，且周围有多个空位。从 (1,1) 到 (3,3) 的可行路径可能是：
- (1,1) → (1,2) → (1,3) → (2,3)（墙）→ 不行。
- (1,1) → (2,1) → (3,1) → (3,2)（墙）→ 不行。
- (1,1) → (1,2) → (2,2)（墙）→ 不行。

看起来没有直接路径到达 (3,3)。但注意到 (1,1) 的右边是 (2,1)，而 (2,1) 下方是 (2,2)（墙），所以只能尝试向 **East** 移动。

综上所述，最安全的下一步是 **East**，因为这是唯一可行的合法动作，且不会立即遇到 Ghost。

最终答案是：<action>East</action>
--- ACTION ---
East
------------------------------
TIME: 2025-12-10 22:23:34.352219
--- FULL USER INPUT ---

        "*** YOUR PROMPT HERE ***" 
            你现在是一个吃豆人。你要在避开ghosts的前提下，吃掉图中的所有食物。
            这个是当前的游戏数据：
            {'layout_list': ['(0,0)=Wall,(1,0)=Wall,(2,0)=Wall,(3,0)=Wall,(4,0)=Wall,(5,0)=Wall,(6,0)=Wall', '(0,1)=Wall,(1,1)=Empty,(2,1)=Pacman,(3,1)=Empty,(4,1)=Empty,(5,1)=Empty,(6,1)=Wall', '(0,2)=Wall,(1,2)=Empty,(2,2)=Wall,(3,2)=Wall,(4,2)=Wall,(5,2)=Empty,(6,2)=Wall', '(0,3)=Wall,(1,3)=Empty,(2,3)=Wall,(3,3)=Food,(4,3)=Empty,(5,3)=Empty,(6,3)=Wall', '(0,4)=Wall,(1,4)=Ghost1,(2,4)=Wall,(3,4)=Wall,(4,4)=Wall,(5,4)=Empty,(6,4)=Wall', '(0,5)=Wall,(1,5)=Food,(2,5)=Empty,(3,5)=Empty,(4,5)=Empty,(5,5)=Empty,(6,5)=Wall', '(0,6)=Wall,(1,6)=Wall,(2,6)=Wall,(3,6)=Wall,(4,6)=Wall,(5,6)=Wall,(6,6)=Wall'], 'pacman_pos': [2, 1], 'ghost_pos': [[1, 4]], 'score': -3.0, 'food_count': 2, 'legal_actions': ['West', 'Stop', 'East']}
            1. layout_list: (List of Strings) ["(0,0)=Wall", "(1,0)=Pacman"...]
            2. pacman_pos: (List of Integers) [x, y]
            3. ghost_pos: (List of Lists) [[x, y], [x, y]]
            4. score: (Integer)
            5. food_count: (Integer)
            6. legal_actions: (List of Strings) ['North', 'South', ...]
            你的思路应该是
            1. 找出两条能经过所有食物的路径
            2. 判断这两条条路径上是否存在ghosts
                - 如果有，选择另外一条路径
                - 如果没有，则按这条路经走第一步。
            请逐步推理，再给出最终答案，你的答案只能是第一步。
            好的请遵守游戏规则，并且牢记你的两个目标，完成任务吧。
        
输出最终行动，格式必须严格如下：<action>行动</action>。其中"行动"必须是以下之一: North, South, East, West, Stop
 例如：<action>North</action>
--- RESPONSE ---
首先，我们分析当前的游戏数据：

### 1. 当前布局
从 `layout_list` 中可以提取出地图的结构。每个字符串表示一个位置的状态（Wall、Empty、Pacman、Food、Ghost）。

- **Row 0**: 全是 Wall。
- **Row 1**: [Wall, Empty, Pacman, Empty, Empty, Empty, Wall]
- **Row 2**: [Wall, Empty, Wall, Wall, Wall, Empty, Wall]
- **Row 3**: [Wall, Empty, Wall, Food, Empty, Empty, Wall]
- **Row 4**: [Wall, Ghost1, Wall, Wall, Wall, Empty, Wall]
- **Row 5**: [Wall, Food, Empty, Empty, Empty, Empty, Wall]
- **Row 6**: 全是 Wall。

### 2. Pacman 的位置
`pacman_pos = [2, 1]`，即 (x=2, y=1)。

### 3. Ghost 的位置
`ghost_pos = [[1, 4]]`，即 (x=1, y=4)。

### 4. 食物数量
`food_count = 2`，说明需要吃掉两个食物。

### 5. 可用动作
`legal_actions = ['West', 'Stop', 'East']`，即只能向西、停止或向东移动。

---

### 6. 分析路径

#### 目标：找到两条能经过所有食物的路径，并避开 ghost。

**食物的位置：**
- (3,3)
- (1,5)

**Pacman 的当前位置：(2,1)**

我们需要找出从 (2,1) 出发，能够到达这两个食物点的路径。

#### 路径一：
从 (2,1) → (3,1) → (3,2) 是 Wall，不能走。  
尝试 (2,1) → (1,1) → (1,2) 是 Empty，可以走。  
然后 (1,2) → (1,3) → (1,4) 是 Ghost1，不能走。  
所以这条路不通。

#### 路径二：
从 (2,1) → (3,1) → (3,2) 是 Wall，不能走。  
尝试 (2,1) → (1,1) → (1,2) → (1,3) → (1,4) 是 Ghost1，不能走。  
再尝试 (1,1) → (1,2) → (1,3) → (1,4) 是 Ghost1，不能走。

#### 路径三：
从 (2,1) → (3,1) → (3,2) 是 Wall，不能走。  
尝试 (2,1) → (1,1) → (1,2) → (1,3) → (1,4) 是 Ghost1，不能走。

#### 路径四：
从 (2,1) → (1,1) → (1,2) → (1,3) → (1,4) 是 Ghost1，不能走。

#### 路径五：
从 (2,1) → (1,1) → (1,2) → (1,3) → (1,5) 是 Food，可以走。  
然后 (1,5) → (2,5) → (3,5) → (3,3) 是 Food，可以走。

这条路径是可行的：  
(2,1) → (1,1) → (1,2) → (1,3) → (1,5) → (2,5) → (3,5) → (3,3)

**检查是否有 Ghost：**  
在路径中没有遇到 Ghost1，因此是安全的。

---

### 7. 最终结论

根据以上分析，我们可以选择一条安全且能吃到所有食物的路径。现在要做的第一步是：**从 (2,1) 向西移动**，即到 (1,1)。

---

### <action>West</action>
--- ACTION ---
West
------------------------------
TIME: 2025-12-10 22:23:34.787761
--- FULL USER INPUT ---

        "*** YOUR PROMPT HERE ***" 
            你现在是一个吃豆人。你要在避开ghosts的前提下，吃掉图中的所有食物。
            这个是当前的游戏数据：
            {'layout_list': ['(0,0)=Wall,(1,0)=Wall,(2,0)=Wall,(3,0)=Wall,(4,0)=Wall,(5,0)=Wall,(6,0)=Wall', '(0,1)=Wall,(1,1)=Pacman,(2,1)=Empty,(3,1)=Empty,(4,1)=Empty,(5,1)=Empty,(6,1)=Wall', '(0,2)=Wall,(1,2)=Empty,(2,2)=Wall,(3,2)=Wall,(4,2)=Wall,(5,2)=Empty,(6,2)=Wall', '(0,3)=Wall,(1,3)=Ghost1,(2,3)=Wall,(3,3)=Food,(4,3)=Empty,(5,3)=Empty,(6,3)=Wall', '(0,4)=Wall,(1,4)=Empty,(2,4)=Wall,(3,4)=Wall,(4,4)=Wall,(5,4)=Empty,(6,4)=Wall', '(0,5)=Wall,(1,5)=Food,(2,5)=Empty,(3,5)=Empty,(4,5)=Empty,(5,5)=Empty,(6,5)=Wall', '(0,6)=Wall,(1,6)=Wall,(2,6)=Wall,(3,6)=Wall,(4,6)=Wall,(5,6)=Wall,(6,6)=Wall'], 'pacman_pos': [1, 1], 'ghost_pos': [[1, 3]], 'score': -4.0, 'food_count': 2, 'legal_actions': ['Stop', 'East', 'South']}
            1. layout_list: (List of Strings) ["(0,0)=Wall", "(1,0)=Pacman"...]
            2. pacman_pos: (List of Integers) [x, y]
            3. ghost_pos: (List of Lists) [[x, y], [x, y]]
            4. score: (Integer)
            5. food_count: (Integer)
            6. legal_actions: (List of Strings) ['North', 'South', ...]
            你的思路应该是
            1. 找出两条能经过所有食物的路径
            2. 判断这两条条路径上是否存在ghosts
                - 如果有，选择另外一条路径
                - 如果没有，则按这条路经走第一步。
            请逐步推理，再给出最终答案，你的答案只能是第一步。
            好的请遵守游戏规则，并且牢记你的两个目标，完成任务吧。
        
输出最终行动，格式必须严格如下：<action>行动</action>。其中"行动"必须是以下之一: North, South, East, West, Stop
 例如：<action>North</action>
--- RESPONSE ---
<action>East</action>
--- ACTION ---
East
------------------------------
TIME: 2025-12-10 22:23:39.824726
--- FULL USER INPUT ---

        "*** YOUR PROMPT HERE ***" 
            你现在是一个吃豆人。你要在避开ghosts的前提下，吃掉图中的所有食物。
            这个是当前的游戏数据：
            {'layout_list': ['(0,0)=Wall,(1,0)=Wall,(2,0)=Wall,(3,0)=Wall,(4,0)=Wall,(5,0)=Wall,(6,0)=Wall', '(0,1)=Wall,(1,1)=Empty,(2,1)=Pacman,(3,1)=Empty,(4,1)=Empty,(5,1)=Empty,(6,1)=Wall', '(0,2)=Wall,(1,2)=Ghost1,(2,2)=Wall,(3,2)=Wall,(4,2)=Wall,(5,2)=Empty,(6,2)=Wall', '(0,3)=Wall,(1,3)=Empty,(2,3)=Wall,(3,3)=Food,(4,3)=Empty,(5,3)=Empty,(6,3)=Wall', '(0,4)=Wall,(1,4)=Empty,(2,4)=Wall,(3,4)=Wall,(4,4)=Wall,(5,4)=Empty,(6,4)=Wall', '(0,5)=Wall,(1,5)=Food,(2,5)=Empty,(3,5)=Empty,(4,5)=Empty,(5,5)=Empty,(6,5)=Wall', '(0,6)=Wall,(1,6)=Wall,(2,6)=Wall,(3,6)=Wall,(4,6)=Wall,(5,6)=Wall,(6,6)=Wall'], 'pacman_pos': [2, 1], 'ghost_pos': [[1, 2]], 'score': -5.0, 'food_count': 2, 'legal_actions': ['West', 'Stop', 'East']}
            1. layout_list: (List of Strings) ["(0,0)=Wall", "(1,0)=Pacman"...]
            2. pacman_pos: (List of Integers) [x, y]
            3. ghost_pos: (List of Lists) [[x, y], [x, y]]
            4. score: (Integer)
            5. food_count: (Integer)
            6. legal_actions: (List of Strings) ['North', 'South', ...]
            你的思路应该是
            1. 找出两条能经过所有食物的路径
            2. 判断这两条条路径上是否存在ghosts
                - 如果有，选择另外一条路径
                - 如果没有，则按这条路经走第一步。
            请逐步推理，再给出最终答案，你的答案只能是第一步。
            好的请遵守游戏规则，并且牢记你的两个目标，完成任务吧。
        
输出最终行动，格式必须严格如下：<action>行动</action>。其中"行动"必须是以下之一: North, South, East, West, Stop
 例如：<action>North</action>
--- RESPONSE ---
首先，我需要分析当前的游戏数据，了解地图的布局、吃豆人的位置、幽灵的位置以及合法的行动方向。

### 1. 分析地图布局
从 `layout_list` 中可以得到以下信息：

- **墙（Wall）**：占据大部分位置，限制了移动范围。
- **空地（Empty）**：允许吃豆人和幽灵移动。
- **食物（Food）**：需要被吃掉。
- **吃豆人（Pacman）**：当前位置是 `(2,1)`。
- **幽灵（Ghost1）**：当前位置是 `(1,2)`。

### 2. 确定食物的位置
根据 `layout_list`，食物的位置有：
- `(3,3)`
- `(1,5)`

### 3. 确定合法的行动方向
当前 `legal_actions` 是 `['West', 'Stop', 'East']`，所以吃豆人只能向西、停止或向东移动。

### 4. 找出可能的路径
#### 吃豆人当前位置：`(2,1)`
- **向西（West）**：到 `(1,1)`，这是空地。
- **向东（East）**：到 `(3,1)`，这是空地。
- **停止（Stop）**：不移动。

接下来，我们需要找出两条能经过所有食物的路径，并判断是否安全。

#### 路径一：从 `(2,1)` → `(1,1)` → `(1,2)`（幽灵位置）→ 不可行，因为会遇到幽灵。
#### 路径二：从 `(2,1)` → `(3,1)` → `(3,3)`（食物）→ `(1,5)`（食物）→ 可行。

这条路径上没有幽灵，因此是安全的。

### 5. 选择第一步
根据上述分析，最佳的第一步是 **向东（East）**，前往 `(3,1)`，这是通往食物的合理路径。

### 最终答案：
<action>East</action>
--- ACTION ---
East
------------------------------
TIME: 2025-12-10 22:23:45.549468
--- FULL USER INPUT ---

        "*** YOUR PROMPT HERE ***" 
            你现在是一个吃豆人。你要在避开ghosts的前提下，吃掉图中的所有食物。
            这个是当前的游戏数据：
            {'layout_list': ['(0,0)=Wall,(1,0)=Wall,(2,0)=Wall,(3,0)=Wall,(4,0)=Wall,(5,0)=Wall,(6,0)=Wall', '(0,1)=Wall,(1,1)=Ghost1,(2,1)=Empty,(3,1)=Pacman,(4,1)=Empty,(5,1)=Empty,(6,1)=Wall', '(0,2)=Wall,(1,2)=Empty,(2,2)=Wall,(3,2)=Wall,(4,2)=Wall,(5,2)=Empty,(6,2)=Wall', '(0,3)=Wall,(1,3)=Empty,(2,3)=Wall,(3,3)=Food,(4,3)=Empty,(5,3)=Empty,(6,3)=Wall', '(0,4)=Wall,(1,4)=Empty,(2,4)=Wall,(3,4)=Wall,(4,4)=Wall,(5,4)=Empty,(6,4)=Wall', '(0,5)=Wall,(1,5)=Food,(2,5)=Empty,(3,5)=Empty,(4,5)=Empty,(5,5)=Empty,(6,5)=Wall', '(0,6)=Wall,(1,6)=Wall,(2,6)=Wall,(3,6)=Wall,(4,6)=Wall,(5,6)=Wall,(6,6)=Wall'], 'pacman_pos': [3, 1], 'ghost_pos': [[1, 1]], 'score': -6.0, 'food_count': 2, 'legal_actions': ['West', 'Stop', 'East']}
            1. layout_list: (List of Strings) ["(0,0)=Wall", "(1,0)=Pacman"...]
            2. pacman_pos: (List of Integers) [x, y]
            3. ghost_pos: (List of Lists) [[x, y], [x, y]]
            4. score: (Integer)
            5. food_count: (Integer)
            6. legal_actions: (List of Strings) ['North', 'South', ...]
            你的思路应该是
            1. 找出两条能经过所有食物的路径
            2. 判断这两条条路径上是否存在ghosts
                - 如果有，选择另外一条路径
                - 如果没有，则按这条路经走第一步。
            请逐步推理，再给出最终答案，你的答案只能是第一步。
            好的请遵守游戏规则，并且牢记你的两个目标，完成任务吧。
        
输出最终行动，格式必须严格如下：<action>行动</action>。其中"行动"必须是以下之一: North, South, East, West, Stop
 例如：<action>North</action>
--- RESPONSE ---
首先，我需要分析当前的游戏数据。根据提供的信息：

- **Pacman的位置**是 (3, 1)。
- **Ghost的位置**是 (1, 1)。
- **食物的位置**有两个：(3, 3) 和 (1, 5)。
- **legal_actions**是 ['West', 'Stop', 'East']。

接下来，我需要找出两条能经过所有食物的路径，并判断这些路径上是否有ghosts。

### 第一步：确定可能的移动方向
从当前位置 (3, 1)，legal_actions 是 ['West', 'Stop', 'East']，所以只能向西、停止或向东移动。

- **向西（West）**：到达 (2, 1)。
- **向东（East）**：到达 (4, 1)。
- **停止（Stop）**：保持原地不动。

### 第二步：分析食物位置和路径
食物在 (3, 3) 和 (1, 5)。这两个位置都在地图的其他区域，需要找到一条路径能够到达它们。

#### 路径一：从 (3, 1) → (3, 3)
- 从 (3, 1) 向北到 (3, 2)，但 (3, 2) 是 Wall，不能通过。
- 所以无法直接到达 (3, 3)。

#### 路径二：从 (3, 1) → (1, 5)
- 从 (3, 1) 向西到 (2, 1)，然后继续向西到 (1, 1)，但 (1, 1) 是 Ghost 的位置，不能通过。
- 所以也无法直接到达 (1, 5)。

### 第三步：寻找可行路径
由于 (3, 1) 周围只有 West 和 East 可以走，而 West 到 (2, 1) 是 Empty，East 到 (4, 1) 也是 Empty，因此可以尝试向西移动。

### 第四步：判断是否安全
- 向西移动后，Pacman 会到达 (2, 1)，这个位置没有 ghost，也没有墙，是安全的。

### 最终结论
目前最安全且可行的第一步是向西移动。

### 最终答案：
<action>West</action>
--- ACTION ---
West
------------------------------
