TIME: 2025-12-03 17:42:53.320275
--- FULL USER INPUT ---

        "*** YOUR PROMPT HERE ***" 
        你现在是一个吃豆人。你要在避开ghosts的前提下，吃掉图中的所有食物。
        这个是当前的游戏数据：
        {'layout_list': ['(0,0)=Wall,(1,0)=Wall,(2,0)=Wall,(3,0)=Wall,(4,0)=Wall,(5,0)=Wall,(6,0)=Wall', '(0,1)=Wall,(1,1)=Empty,(2,1)=Pacman,(3,1)=Empty,(4,1)=Empty,(5,1)=Empty,(6,1)=Wall', '(0,2)=Wall,(1,2)=Empty,(2,2)=Wall,(3,2)=Wall,(4,2)=Wall,(5,2)=Empty,(6,2)=Wall', '(0,3)=Wall,(1,3)=Empty,(2,3)=Wall,(3,3)=Food,(4,3)=Empty,(5,3)=Empty,(6,3)=Wall', '(0,4)=Wall,(1,4)=Empty,(2,4)=Wall,(3,4)=Wall,(4,4)=Wall,(5,4)=Empty,(6,4)=Wall', '(0,5)=Wall,(1,5)=Food,(2,5)=Empty,(3,5)=Ghost1,(4,5)=Empty,(5,5)=Empty,(6,5)=Wall', '(0,6)=Wall,(1,6)=Wall,(2,6)=Wall,(3,6)=Wall,(4,6)=Wall,(5,6)=Wall,(6,6)=Wall'], 'pacman_pos': [2, 1], 'ghost_pos': [[3, 5]], 'score': 0.0, 'food_count': 2, 'legal_actions': ['West', 'Stop', 'East']}
        1. layout_list: (List of Strings) ["(0,0)=Wall", "(1,0)=Pacman"...]
        2. pacman_pos: (List of Integers) [x, y]
        3. ghost_pos: (List of Lists) [[x, y], [x, y]]
        4. score: (Integer)
        5. food_count: (Integer)
        6. legal_actions: (List of Strings) ['North', 'South', ...]
        你的思路应该是
        1. 找出两条能经过所有食物的路径
        2. 判断这两条条路径上是否存在ghosts
            - 如果有，选择另外一条路径
            - 如果没有，则按这条路经走第一步。
        请逐步推理，再给出最终答案，你的答案只能是第一步。
        然后在给出答案前，请对答案进行检验，确定不会碰到ghosts
        好的请遵守游戏规则，并且牢记你的两个目标，完成任务吧。
        
输出最终行动，格式必须严格如下：<action>行动</action>。其中"行动"必须是以下之一: North, South, East, West, Stop
 例如：<action>North</action>
--- RESPONSE ---
首先，我需要分析当前的游戏数据。根据 `layout_list`，可以绘制出游戏地图的结构。

从 `layout_list` 中可以看出：
- 墙壁（Wall）占据了大部分位置。
- Pacman 的初始位置是 `(2,1)`。
- Ghost1 的位置是 `(3,5)`。
- 食物的位置有两处：`(1,5)` 和 `(3,3)`。

接下来，我需要找出两条能经过所有食物的路径，并判断这些路径上是否有 ghost。

### 第一步：确定食物位置
- 食物 1: `(1,5)`
- 食物 2: `(3,3)`

### 第二步：寻找可能的路径
从 Pacman 的起始位置 `(2,1)` 出发，尝试找到一条能够到达两个食物点的路径。

#### 路径一：
- `(2,1)` → `(1,1)` → `(1,2)` → `(1,3)` → `(1,4)` → `(1,5)` → `(2,5)` → `(3,5)`（这里有一个 ghost）
- 这条路径在 `(3,5)` 处会遇到 ghost，因此不可行。

#### 路径二：
- `(2,1)` → `(1,1)` → `(1,2)` → `(1,3)` → `(1,4)` → `(1,5)` → `(2,5)` → `(3,5)`（同样遇到 ghost）

#### 路径三：
- `(2,1)` → `(3,1)` → `(3,2)`（墙）→ 不可行

#### 路径四：
- `(2,1)` → `(1,1)` → `(1,2)` → `(1,3)` → `(3,3)`（食物）→ `(3,2)`（墙）→ 不可行

#### 路径五：
- `(2,1)` → `(1,1)` → `(1,2)` → `(1,3)` → `(1,4)` → `(1,5)`（食物）→ `(2,5)` → `(3,5)`（ghost）→ 不可行

综上所述，目前没有一条路径可以避开 ghost 并且吃掉所有食物。但根据 `legal_actions`，Pacman 可以选择的行动是：`West`, `Stop`, `East`。

### 第三步：选择第一步行动
- `West`：从 `(2,1)` 移动到 `(1,1)`，这是合法的，且不会碰到 ghost。
- `East`：从 `(2,1)` 移动到 `(3,1)`，这是合法的，且不会碰到 ghost。
- `Stop`：不移动。

在这三个选项中，`West` 和 `East` 是可行的，而 `Stop` 不会推进任务。

为了尽可能接近食物，选择 `West` 更合理。

### 检验
- `West`：从 `(2,1)` 移动到 `(1,1)`，该位置是 `Empty`，没有 ghost，合法。

### 最终答案
<action>West</action>
--- ACTION ---
West
------------------------------
TIME: 2025-12-03 17:43:01.007769
--- FULL USER INPUT ---

        "*** YOUR PROMPT HERE ***" 
        你现在是一个吃豆人。你要在避开ghosts的前提下，吃掉图中的所有食物。
        这个是当前的游戏数据：
        {'layout_list': ['(0,0)=Wall,(1,0)=Wall,(2,0)=Wall,(3,0)=Wall,(4,0)=Wall,(5,0)=Wall,(6,0)=Wall', '(0,1)=Wall,(1,1)=Pacman,(2,1)=Empty,(3,1)=Empty,(4,1)=Empty,(5,1)=Empty,(6,1)=Wall', '(0,2)=Wall,(1,2)=Empty,(2,2)=Wall,(3,2)=Wall,(4,2)=Wall,(5,2)=Empty,(6,2)=Wall', '(0,3)=Wall,(1,3)=Empty,(2,3)=Wall,(3,3)=Food,(4,3)=Empty,(5,3)=Empty,(6,3)=Wall', '(0,4)=Wall,(1,4)=Empty,(2,4)=Wall,(3,4)=Wall,(4,4)=Wall,(5,4)=Empty,(6,4)=Wall', '(0,5)=Wall,(1,5)=Food,(2,5)=Ghost1,(3,5)=Empty,(4,5)=Empty,(5,5)=Empty,(6,5)=Wall', '(0,6)=Wall,(1,6)=Wall,(2,6)=Wall,(3,6)=Wall,(4,6)=Wall,(5,6)=Wall,(6,6)=Wall'], 'pacman_pos': [1, 1], 'ghost_pos': [[2, 5]], 'score': -1.0, 'food_count': 2, 'legal_actions': ['Stop', 'East', 'South']}
        1. layout_list: (List of Strings) ["(0,0)=Wall", "(1,0)=Pacman"...]
        2. pacman_pos: (List of Integers) [x, y]
        3. ghost_pos: (List of Lists) [[x, y], [x, y]]
        4. score: (Integer)
        5. food_count: (Integer)
        6. legal_actions: (List of Strings) ['North', 'South', ...]
        你的思路应该是
        1. 找出两条能经过所有食物的路径
        2. 判断这两条条路径上是否存在ghosts
            - 如果有，选择另外一条路径
            - 如果没有，则按这条路经走第一步。
        请逐步推理，再给出最终答案，你的答案只能是第一步。
        然后在给出答案前，请对答案进行检验，确定不会碰到ghosts
        好的请遵守游戏规则，并且牢记你的两个目标，完成任务吧。
        
输出最终行动，格式必须严格如下：<action>行动</action>。其中"行动"必须是以下之一: North, South, East, West, Stop
 例如：<action>North</action>
--- RESPONSE ---
首先，我需要分析当前的游戏数据，找出所有食物的位置，并规划一条能够避开ghosts的路径。

### 1. 分析布局
从`layout_list`中可以提取出地图的结构。每个字符串表示一行，格式为`(x,y)=type`，其中`type`可以是`Wall`、`Pacman`、`Empty`、`Food`或`Ghost`。

根据提供的数据：
- `Pacman`位于 `(1,1)`
- `Ghost1`位于 `(2,5)`
- `Food`位于 `(3,3)` 和 `(1,5)`

### 2. 找出所有食物的位置
- 食物位置：`(3,3)` 和 `(1,5)`

### 3. 规划路径
我们需要找到一条路径，使Pacman能够依次吃掉这两个食物，同时避开ghosts。

#### 路径一：从 `(1,1)` → `(1,5)` → `(3,3)`
- 从 `(1,1)` 到 `(1,5)`：沿着y轴向上移动（North），经过 `(1,2)`、`(1,3)`、`(1,4)`、`(1,5)`。
    - 检查这些位置是否是墙或ghost：
        - `(1,2)` 是 `Empty`
        - `(1,3)` 是 `Empty`
        - `(1,4)` 是 `Empty`
        - `(1,5)` 是 `Food`
    - 这条路径没有遇到ghosts。
- 从 `(1,5)` 到 `(3,3)`：向右和向下移动（East, South）。
    - `(1,5)` → `(2,5)`：这是 `Ghost1` 的位置，不能走。
    - 因此，这条路径不可行。

#### 路径二：从 `(1,1)` → `(3,3)` → `(1,5)`
- 从 `(1,1)` 到 `(3,3)`：向右和向下移动（East, South）。
    - `(1,1)` → `(2,1)`：`Empty`
    - `(2,1)` → `(3,1)`：`Empty`
    - `(3,1)` → `(3,2)`：`Wall`，不能走。
    - 所以这条路也不可行。

#### 路径三：从 `(1,1)` → `(1,2)` → `(1,3)` → `(1,4)` → `(1,5)` → `(2,5)`（失败）
- `(2,5)` 是 ghost 的位置，不能走。

#### 路径四：从 `(1,1)` → `(1,2)` → `(1,3)` → `(1,4)` → `(1,5)`（成功）
- 从 `(1,1)` 到 `(1,5)`：沿y轴向上移动（North）。
    - `(1,1)` → `(1,2)`：`Empty`
    - `(1,2)` → `(1,3)`：`Empty`
    - `(1,3)` → `(1,4)`：`Empty`
    - `(1,4)` → `(1,5)`：`Food`
    - 这条路径没有遇到ghosts。

### 4. 确定下一步行动
当前Pacman在 `(1,1)`，下一步可以向北移动到 `(1,2)`，这是合法且安全的。

### 5. 检验
- `(1,2)` 是 `Empty`，不是墙也不是ghost。
- `legal_actions` 包含 `North`，所以可以执行。

### 最终答案
<action>North</action>
--- ACTION ---
North
------------------------------
TIME: 2025-12-03 17:43:16.578259
--- FULL USER INPUT ---

        "*** YOUR PROMPT HERE ***" 
        你现在是一个吃豆人。你要在避开ghosts的前提下，吃掉图中的所有食物。
        这个是当前的游戏数据：
        {'layout_list': ['(0,0)=Wall,(1,0)=Wall,(2,0)=Wall,(3,0)=Wall,(4,0)=Wall,(5,0)=Wall,(6,0)=Wall', '(0,1)=Wall,(1,1)=Empty,(2,1)=Pacman,(3,1)=Empty,(4,1)=Empty,(5,1)=Empty,(6,1)=Wall', '(0,2)=Wall,(1,2)=Empty,(2,2)=Wall,(3,2)=Wall,(4,2)=Wall,(5,2)=Empty,(6,2)=Wall', '(0,3)=Wall,(1,3)=Empty,(2,3)=Wall,(3,3)=Food,(4,3)=Empty,(5,3)=Empty,(6,3)=Wall', '(0,4)=Wall,(1,4)=Empty,(2,4)=Wall,(3,4)=Wall,(4,4)=Wall,(5,4)=Empty,(6,4)=Wall', '(0,5)=Wall,(1,5)=Ghost1,(2,5)=Empty,(3,5)=Empty,(4,5)=Empty,(5,5)=Empty,(6,5)=Wall', '(0,6)=Wall,(1,6)=Wall,(2,6)=Wall,(3,6)=Wall,(4,6)=Wall,(5,6)=Wall,(6,6)=Wall'], 'pacman_pos': [2, 1], 'ghost_pos': [[1, 5]], 'score': -2.0, 'food_count': 2, 'legal_actions': ['West', 'Stop', 'East']}
        1. layout_list: (List of Strings) ["(0,0)=Wall", "(1,0)=Pacman"...]
        2. pacman_pos: (List of Integers) [x, y]
        3. ghost_pos: (List of Lists) [[x, y], [x, y]]
        4. score: (Integer)
        5. food_count: (Integer)
        6. legal_actions: (List of Strings) ['North', 'South', ...]
        你的思路应该是
        1. 找出两条能经过所有食物的路径
        2. 判断这两条条路径上是否存在ghosts
            - 如果有，选择另外一条路径
            - 如果没有，则按这条路经走第一步。
        请逐步推理，再给出最终答案，你的答案只能是第一步。
        然后在给出答案前，请对答案进行检验，确定不会碰到ghosts
        好的请遵守游戏规则，并且牢记你的两个目标，完成任务吧。
        
输出最终行动，格式必须严格如下：<action>行动</action>。其中"行动"必须是以下之一: North, South, East, West, Stop
 例如：<action>North</action>
--- RESPONSE ---
首先，我们分析当前的游戏数据：

- **Pacman的位置**是 [2, 1]。
- **Ghost的位置**是 [[1, 5]]。
- **food_count**是 2，表示还有两个食物需要吃掉。
- **legal_actions**是 ['West', 'Stop', 'East']，表示Pacman可以向西、停止或向东移动。

接下来，我们分析地图布局（layout_list）中哪些位置是可走的（即不是墙）：

从 layout_list 中提取出每个坐标的类型：
- (0,0)=Wall
- (1,0)=Wall
- (2,0)=Wall
- (3,0)=Wall
- (4,0)=Wall
- (5,0)=Wall
- (6,0)=Wall
- (0,1)=Wall
- (1,1)=Empty
- (2,1)=Pacman
- (3,1)=Empty
- (4,1)=Empty
- (5,1)=Empty
- (6,1)=Wall
- (0,2)=Wall
- (1,2)=Empty
- (2,2)=Wall
- (3,2)=Wall
- (4,2)=Wall
- (5,2)=Empty
- (6,2)=Wall
- (0,3)=Wall
- (1,3)=Empty
- (2,3)=Wall
- (3,3)=Food
- (4,3)=Empty
- (5,3)=Empty
- (6,3)=Wall
- (0,4)=Wall
- (1,4)=Empty
- (2,4)=Wall
- (3,4)=Wall
- (4,4)=Wall
- (5,4)=Empty
- (6,4)=Wall
- (0,5)=Wall
- (1,5)=Ghost1
- (2,5)=Empty
- (3,5)=Empty
- (4,5)=Empty
- (5,5)=Empty
- (6,5)=Wall
- (0,6)=Wall
- (1,6)=Wall
- (2,6)=Wall
- (3,6)=Wall
- (4,6)=Wall
- (5,6)=Wall
- (6,6)=Wall

现在我们找出所有食物的位置：
- (3,3) = Food
- (5,2) = Food

接下来，我们寻找从 Pacman 的当前位置 [2, 1] 出发，能够到达这两个食物的路径，并且避开 Ghost。

### 第一步：确定可能的移动方向
根据 legal_actions，Pacman 可以选择 West、Stop 或 East。

- **West**：Pacman 会移动到 [1, 1]，这是一个 Empty 位置，没有障碍。
- **East**：Pacman 会移动到 [3, 1]，这也是一个 Empty 位置，没有障碍。
- **Stop**：不移动。

我们需要找到一条路径，能经过所有食物，同时避开 Ghost。

### 分析可能的路径
从 [2, 1] 出发，我们可以尝试以下路线：

#### 路径一：West → North → East → South → East
- [2,1] → [1,1] → [1,2] → [1,3] → [1,4] → [2,4] → [3,4]（这里没有食物）
- 这条路径无法到达食物 (3,3) 和 (5,2)

#### 路径二：East → North → East → North → East
- [2,1] → [3,1] → [3,2]（墙）→ 不可行

#### 路径三：West → North → East → North → East
- [2,1] → [1,1] → [1,2] → [1,3] → [1,4] → [2,4] → [3,4]（无食物）

#### 路径四：West → North → East → North → East → East
- [2,1] → [1,1] → [1,2] → [1,3] → [1,4] → [2,4] → [3,4] → [4,4]（墙）→ 不可行

#### 路径五：West → North → East → North → East → East → South
- [2,1] → [1,1] → [1,2] → [1,3] → [1,4] → [2,4] → [3,4] → [4,4]（墙）→ 不可行

#### 路径六：East → North → East → North → East
- [2,1] → [3,1] → [3,2]（墙）→ 不可行

综上，目前只有 **West** 和 **East** 是合法的移动方向。我们优先选择 **West**，因为从 [2,1] 向西移动到 [1,1]，是一个安全的位置，不会碰到 Ghost。

### 检查 Ghost 的位置
Ghost 在 [1,5]，而 Pacman 在 [2,1]，所以 West 移动后在 [1,1]，不会与 Ghost 相遇。

### 最终结论
第一步应该选择 **West**。

<action>West</action>
--- ACTION ---
West
------------------------------
