TIME: 2025-12-10 22:04:21.837426
--- FULL USER INPUT ---

        "*** YOUR PROMPT HERE ***" 
        你现在是一个操作顶尖的吃豆人。你有两个必须要完成的任务：
        
        *** 游戏目标（优先级从高到低） ***
            1. 需要避开不断追赶你的ghosts，与他保持一定的距离。
            2. 需要把所有的food吃完。
        
        这个是当前的游戏数据：'''{'layout_list': ['(0,0)=Wall,(1,0)=Wall,(2,0)=Wall,(3,0)=Wall,(4,0)=Wall,(5,0)=Wall,(6,0)=Wall', '(0,1)=Wall,(1,1)=Empty,(2,1)=Pacman,(3,1)=Empty,(4,1)=Empty,(5,1)=Empty,(6,1)=Wall', '(0,2)=Wall,(1,2)=Empty,(2,2)=Wall,(3,2)=Wall,(4,2)=Wall,(5,2)=Empty,(6,2)=Wall', '(0,3)=Wall,(1,3)=Empty,(2,3)=Wall,(3,3)=Food,(4,3)=Empty,(5,3)=Empty,(6,3)=Wall', '(0,4)=Wall,(1,4)=Empty,(2,4)=Wall,(3,4)=Wall,(4,4)=Wall,(5,4)=Empty,(6,4)=Wall', '(0,5)=Wall,(1,5)=Food,(2,5)=Empty,(3,5)=Ghost1,(4,5)=Empty,(5,5)=Empty,(6,5)=Wall', '(0,6)=Wall,(1,6)=Wall,(2,6)=Wall,(3,6)=Wall,(4,6)=Wall,(5,6)=Wall,(6,6)=Wall'], 'pacman_pos': [2, 1], 'ghost_pos': [[3, 5]], 'score': 0.0, 'food_count': 2, 'legal_actions': ['West', 'Stop', 'East']}'''
        
        *** 数据解析 ***
        其中：
            1. layout_list: (List of Strings) ["(0,0)=Wall", "(1,0)=Pacman"...]
                - wall 是墙壁，不能通过这里
                - Pacman 是你所在的位置
            2. pacman_pos: (List of Integers) [x, y]
                - 表明你当前的位置
            3. ghost_pos: (List of Lists) [[x, y], [x, y]]
                - 表明ghost的位置，你需要尽可能避开它
            4. score: (Integer)
                - 当前的分数，你需要尽可能提高这个分数
            5. food_count: (Integer)
                - 地图中的食物数量，你需要获取所有的食物
            6. legal_actions: (List of Strings) ['North', 'South', ...]
                - 合法的操作。请注意绝大多数情况，不会选择'stop'，你可以理解为把'stop'移除。
        请注意，north会使y减小，west会使x减小。
        
        *** 决策思路 ***

        从'legal_actions'中，分别计算操作这些actions后到达的位置，以及新的位置到所有food、所有ghost的距离，分别取最小距离作为
            这个actions后到food和ghost的距离。
        2. 如果所有actions距离ghost的距离都小于等于3，那么你应该果断选择远离ghost的路径。
        3. 如果存在有actions距离ghost的距离大于3，那么找计算后的位置到food的距离等于0，则直接选择这个actions
        4. 不到万不得已，不选上一步的反方向。
        5. 如果最后没得选，则选一个离ghost距离最远的，总之不能选stop。
        其中以上的距离全部是|x_1 - x| + |y_1 - y|。
        请逐步推理，再给出可选的actions，你的答案只能是第一步。
        然后在给出答案前，请对答案进行检验，确定不会碰到ghosts
        好的请遵守游戏规则，并且牢记你的两个目标，完成任务吧。
        
输出最终行动，格式必须严格如下：<action>行动</action>。其中"行动"必须是以下之一: North, South, East, West, Stop
 例如：<action>North</action>
--- RESPONSE ---
<action>West</action>
--- ACTION ---
West
------------------------------
TIME: 2025-12-10 22:04:22.220070
--- FULL USER INPUT ---

        "*** YOUR PROMPT HERE ***" 
        你现在是一个操作顶尖的吃豆人。你有两个必须要完成的任务：
        
        *** 游戏目标（优先级从高到低） ***
            1. 需要避开不断追赶你的ghosts，与他保持一定的距离。
            2. 需要把所有的food吃完。
        
        这个是当前的游戏数据：'''{'layout_list': ['(0,0)=Wall,(1,0)=Wall,(2,0)=Wall,(3,0)=Wall,(4,0)=Wall,(5,0)=Wall,(6,0)=Wall', '(0,1)=Wall,(1,1)=Pacman,(2,1)=Empty,(3,1)=Empty,(4,1)=Empty,(5,1)=Empty,(6,1)=Wall', '(0,2)=Wall,(1,2)=Empty,(2,2)=Wall,(3,2)=Wall,(4,2)=Wall,(5,2)=Empty,(6,2)=Wall', '(0,3)=Wall,(1,3)=Empty,(2,3)=Wall,(3,3)=Food,(4,3)=Empty,(5,3)=Empty,(6,3)=Wall', '(0,4)=Wall,(1,4)=Empty,(2,4)=Wall,(3,4)=Wall,(4,4)=Wall,(5,4)=Empty,(6,4)=Wall', '(0,5)=Wall,(1,5)=Food,(2,5)=Ghost1,(3,5)=Empty,(4,5)=Empty,(5,5)=Empty,(6,5)=Wall', '(0,6)=Wall,(1,6)=Wall,(2,6)=Wall,(3,6)=Wall,(4,6)=Wall,(5,6)=Wall,(6,6)=Wall'], 'pacman_pos': [1, 1], 'ghost_pos': [[2, 5]], 'score': -1.0, 'food_count': 2, 'legal_actions': ['Stop', 'East', 'South']}'''
        
        *** 数据解析 ***
        其中：
            1. layout_list: (List of Strings) ["(0,0)=Wall", "(1,0)=Pacman"...]
                - wall 是墙壁，不能通过这里
                - Pacman 是你所在的位置
            2. pacman_pos: (List of Integers) [x, y]
                - 表明你当前的位置
            3. ghost_pos: (List of Lists) [[x, y], [x, y]]
                - 表明ghost的位置，你需要尽可能避开它
            4. score: (Integer)
                - 当前的分数，你需要尽可能提高这个分数
            5. food_count: (Integer)
                - 地图中的食物数量，你需要获取所有的食物
            6. legal_actions: (List of Strings) ['North', 'South', ...]
                - 合法的操作。请注意绝大多数情况，不会选择'stop'，你可以理解为把'stop'移除。
        请注意，north会使y减小，west会使x减小。
        
        *** 决策思路 ***

        从'legal_actions'中，分别计算操作这些actions后到达的位置，以及新的位置到所有food、所有ghost的距离，分别取最小距离作为
            这个actions后到food和ghost的距离。
        2. 如果所有actions距离ghost的距离都小于等于3，那么你应该果断选择远离ghost的路径。
        3. 如果存在有actions距离ghost的距离大于3，那么找计算后的位置到food的距离等于0，则直接选择这个actions
        4. 不到万不得已，不选上一步的反方向。
        5. 如果最后没得选，则选一个离ghost距离最远的，总之不能选stop。
        其中以上的距离全部是|x_1 - x| + |y_1 - y|。
        请逐步推理，再给出可选的actions，你的答案只能是第一步。
        然后在给出答案前，请对答案进行检验，确定不会碰到ghosts
        好的请遵守游戏规则，并且牢记你的两个目标，完成任务吧。
        
输出最终行动，格式必须严格如下：<action>行动</action>。其中"行动"必须是以下之一: North, South, East, West, Stop
 例如：<action>North</action>
--- RESPONSE ---
<action>East</action>
--- ACTION ---
East
------------------------------
TIME: 2025-12-10 22:04:22.626116
--- FULL USER INPUT ---

        "*** YOUR PROMPT HERE ***" 
        你现在是一个操作顶尖的吃豆人。你有两个必须要完成的任务：
        
        *** 游戏目标（优先级从高到低） ***
            1. 需要避开不断追赶你的ghosts，与他保持一定的距离。
            2. 需要把所有的food吃完。
        
        这个是当前的游戏数据：'''{'layout_list': ['(0,0)=Wall,(1,0)=Wall,(2,0)=Wall,(3,0)=Wall,(4,0)=Wall,(5,0)=Wall,(6,0)=Wall', '(0,1)=Wall,(1,1)=Empty,(2,1)=Pacman,(3,1)=Empty,(4,1)=Empty,(5,1)=Empty,(6,1)=Wall', '(0,2)=Wall,(1,2)=Empty,(2,2)=Wall,(3,2)=Wall,(4,2)=Wall,(5,2)=Empty,(6,2)=Wall', '(0,3)=Wall,(1,3)=Empty,(2,3)=Wall,(3,3)=Food,(4,3)=Empty,(5,3)=Empty,(6,3)=Wall', '(0,4)=Wall,(1,4)=Empty,(2,4)=Wall,(3,4)=Wall,(4,4)=Wall,(5,4)=Empty,(6,4)=Wall', '(0,5)=Wall,(1,5)=Ghost1,(2,5)=Empty,(3,5)=Empty,(4,5)=Empty,(5,5)=Empty,(6,5)=Wall', '(0,6)=Wall,(1,6)=Wall,(2,6)=Wall,(3,6)=Wall,(4,6)=Wall,(5,6)=Wall,(6,6)=Wall'], 'pacman_pos': [2, 1], 'ghost_pos': [[1, 5]], 'score': -2.0, 'food_count': 2, 'legal_actions': ['West', 'Stop', 'East']}'''
        
        *** 数据解析 ***
        其中：
            1. layout_list: (List of Strings) ["(0,0)=Wall", "(1,0)=Pacman"...]
                - wall 是墙壁，不能通过这里
                - Pacman 是你所在的位置
            2. pacman_pos: (List of Integers) [x, y]
                - 表明你当前的位置
            3. ghost_pos: (List of Lists) [[x, y], [x, y]]
                - 表明ghost的位置，你需要尽可能避开它
            4. score: (Integer)
                - 当前的分数，你需要尽可能提高这个分数
            5. food_count: (Integer)
                - 地图中的食物数量，你需要获取所有的食物
            6. legal_actions: (List of Strings) ['North', 'South', ...]
                - 合法的操作。请注意绝大多数情况，不会选择'stop'，你可以理解为把'stop'移除。
        请注意，north会使y减小，west会使x减小。
        
        *** 决策思路 ***

        从'legal_actions'中，分别计算操作这些actions后到达的位置，以及新的位置到所有food、所有ghost的距离，分别取最小距离作为
            这个actions后到food和ghost的距离。
        2. 如果所有actions距离ghost的距离都小于等于3，那么你应该果断选择远离ghost的路径。
        3. 如果存在有actions距离ghost的距离大于3，那么找计算后的位置到food的距离等于0，则直接选择这个actions
        4. 不到万不得已，不选上一步的反方向。
        5. 如果最后没得选，则选一个离ghost距离最远的，总之不能选stop。
        其中以上的距离全部是|x_1 - x| + |y_1 - y|。
        请逐步推理，再给出可选的actions，你的答案只能是第一步。
        然后在给出答案前，请对答案进行检验，确定不会碰到ghosts
        好的请遵守游戏规则，并且牢记你的两个目标，完成任务吧。
        
输出最终行动，格式必须严格如下：<action>行动</action>。其中"行动"必须是以下之一: North, South, East, West, Stop
 例如：<action>North</action>
--- RESPONSE ---
<action>West</action>
--- ACTION ---
West
------------------------------
TIME: 2025-12-10 22:04:23.023933
--- FULL USER INPUT ---

        "*** YOUR PROMPT HERE ***" 
        你现在是一个操作顶尖的吃豆人。你有两个必须要完成的任务：
        
        *** 游戏目标（优先级从高到低） ***
            1. 需要避开不断追赶你的ghosts，与他保持一定的距离。
            2. 需要把所有的food吃完。
        
        这个是当前的游戏数据：'''{'layout_list': ['(0,0)=Wall,(1,0)=Wall,(2,0)=Wall,(3,0)=Wall,(4,0)=Wall,(5,0)=Wall,(6,0)=Wall', '(0,1)=Wall,(1,1)=Pacman,(2,1)=Empty,(3,1)=Empty,(4,1)=Empty,(5,1)=Empty,(6,1)=Wall', '(0,2)=Wall,(1,2)=Empty,(2,2)=Wall,(3,2)=Wall,(4,2)=Wall,(5,2)=Empty,(6,2)=Wall', '(0,3)=Wall,(1,3)=Empty,(2,3)=Wall,(3,3)=Food,(4,3)=Empty,(5,3)=Empty,(6,3)=Wall', '(0,4)=Wall,(1,4)=Ghost1,(2,4)=Wall,(3,4)=Wall,(4,4)=Wall,(5,4)=Empty,(6,4)=Wall', '(0,5)=Wall,(1,5)=Food,(2,5)=Empty,(3,5)=Empty,(4,5)=Empty,(5,5)=Empty,(6,5)=Wall', '(0,6)=Wall,(1,6)=Wall,(2,6)=Wall,(3,6)=Wall,(4,6)=Wall,(5,6)=Wall,(6,6)=Wall'], 'pacman_pos': [1, 1], 'ghost_pos': [[1, 4]], 'score': -3.0, 'food_count': 2, 'legal_actions': ['Stop', 'East', 'South']}'''
        
        *** 数据解析 ***
        其中：
            1. layout_list: (List of Strings) ["(0,0)=Wall", "(1,0)=Pacman"...]
                - wall 是墙壁，不能通过这里
                - Pacman 是你所在的位置
            2. pacman_pos: (List of Integers) [x, y]
                - 表明你当前的位置
            3. ghost_pos: (List of Lists) [[x, y], [x, y]]
                - 表明ghost的位置，你需要尽可能避开它
            4. score: (Integer)
                - 当前的分数，你需要尽可能提高这个分数
            5. food_count: (Integer)
                - 地图中的食物数量，你需要获取所有的食物
            6. legal_actions: (List of Strings) ['North', 'South', ...]
                - 合法的操作。请注意绝大多数情况，不会选择'stop'，你可以理解为把'stop'移除。
        请注意，north会使y减小，west会使x减小。
        
        *** 决策思路 ***

        从'legal_actions'中，分别计算操作这些actions后到达的位置，以及新的位置到所有food、所有ghost的距离，分别取最小距离作为
            这个actions后到food和ghost的距离。
        2. 如果所有actions距离ghost的距离都小于等于3，那么你应该果断选择远离ghost的路径。
        3. 如果存在有actions距离ghost的距离大于3，那么找计算后的位置到food的距离等于0，则直接选择这个actions
        4. 不到万不得已，不选上一步的反方向。
        5. 如果最后没得选，则选一个离ghost距离最远的，总之不能选stop。
        其中以上的距离全部是|x_1 - x| + |y_1 - y|。
        请逐步推理，再给出可选的actions，你的答案只能是第一步。
        然后在给出答案前，请对答案进行检验，确定不会碰到ghosts
        好的请遵守游戏规则，并且牢记你的两个目标，完成任务吧。
        
输出最终行动，格式必须严格如下：<action>行动</action>。其中"行动"必须是以下之一: North, South, East, West, Stop
 例如：<action>North</action>
--- RESPONSE ---
<action>East</action>
--- ACTION ---
East
------------------------------
TIME: 2025-12-10 22:04:23.452351
--- FULL USER INPUT ---

        "*** YOUR PROMPT HERE ***" 
        你现在是一个操作顶尖的吃豆人。你有两个必须要完成的任务：
        
        *** 游戏目标（优先级从高到低） ***
            1. 需要避开不断追赶你的ghosts，与他保持一定的距离。
            2. 需要把所有的food吃完。
        
        这个是当前的游戏数据：'''{'layout_list': ['(0,0)=Wall,(1,0)=Wall,(2,0)=Wall,(3,0)=Wall,(4,0)=Wall,(5,0)=Wall,(6,0)=Wall', '(0,1)=Wall,(1,1)=Empty,(2,1)=Pacman,(3,1)=Empty,(4,1)=Empty,(5,1)=Empty,(6,1)=Wall', '(0,2)=Wall,(1,2)=Empty,(2,2)=Wall,(3,2)=Wall,(4,2)=Wall,(5,2)=Empty,(6,2)=Wall', '(0,3)=Wall,(1,3)=Ghost1,(2,3)=Wall,(3,3)=Food,(4,3)=Empty,(5,3)=Empty,(6,3)=Wall', '(0,4)=Wall,(1,4)=Empty,(2,4)=Wall,(3,4)=Wall,(4,4)=Wall,(5,4)=Empty,(6,4)=Wall', '(0,5)=Wall,(1,5)=Food,(2,5)=Empty,(3,5)=Empty,(4,5)=Empty,(5,5)=Empty,(6,5)=Wall', '(0,6)=Wall,(1,6)=Wall,(2,6)=Wall,(3,6)=Wall,(4,6)=Wall,(5,6)=Wall,(6,6)=Wall'], 'pacman_pos': [2, 1], 'ghost_pos': [[1, 3]], 'score': -4.0, 'food_count': 2, 'legal_actions': ['West', 'Stop', 'East']}'''
        
        *** 数据解析 ***
        其中：
            1. layout_list: (List of Strings) ["(0,0)=Wall", "(1,0)=Pacman"...]
                - wall 是墙壁，不能通过这里
                - Pacman 是你所在的位置
            2. pacman_pos: (List of Integers) [x, y]
                - 表明你当前的位置
            3. ghost_pos: (List of Lists) [[x, y], [x, y]]
                - 表明ghost的位置，你需要尽可能避开它
            4. score: (Integer)
                - 当前的分数，你需要尽可能提高这个分数
            5. food_count: (Integer)
                - 地图中的食物数量，你需要获取所有的食物
            6. legal_actions: (List of Strings) ['North', 'South', ...]
                - 合法的操作。请注意绝大多数情况，不会选择'stop'，你可以理解为把'stop'移除。
        请注意，north会使y减小，west会使x减小。
        
        *** 决策思路 ***

        从'legal_actions'中，分别计算操作这些actions后到达的位置，以及新的位置到所有food、所有ghost的距离，分别取最小距离作为
            这个actions后到food和ghost的距离。
        2. 如果所有actions距离ghost的距离都小于等于3，那么你应该果断选择远离ghost的路径。
        3. 如果存在有actions距离ghost的距离大于3，那么找计算后的位置到food的距离等于0，则直接选择这个actions
        4. 不到万不得已，不选上一步的反方向。
        5. 如果最后没得选，则选一个离ghost距离最远的，总之不能选stop。
        其中以上的距离全部是|x_1 - x| + |y_1 - y|。
        请逐步推理，再给出可选的actions，你的答案只能是第一步。
        然后在给出答案前，请对答案进行检验，确定不会碰到ghosts
        好的请遵守游戏规则，并且牢记你的两个目标，完成任务吧。
        
输出最终行动，格式必须严格如下：<action>行动</action>。其中"行动"必须是以下之一: North, South, East, West, Stop
 例如：<action>North</action>
--- RESPONSE ---
<action>West</action>
--- ACTION ---
West
------------------------------
TIME: 2025-12-10 22:04:29.398706
--- FULL USER INPUT ---

        "*** YOUR PROMPT HERE ***" 
        你现在是一个操作顶尖的吃豆人。你有两个必须要完成的任务：
        
        *** 游戏目标（优先级从高到低） ***
            1. 需要避开不断追赶你的ghosts，与他保持一定的距离。
            2. 需要把所有的food吃完。
        
        这个是当前的游戏数据：'''{'layout_list': ['(0,0)=Wall,(1,0)=Wall,(2,0)=Wall,(3,0)=Wall,(4,0)=Wall,(5,0)=Wall,(6,0)=Wall', '(0,1)=Wall,(1,1)=Pacman,(2,1)=Empty,(3,1)=Empty,(4,1)=Empty,(5,1)=Empty,(6,1)=Wall', '(0,2)=Wall,(1,2)=Ghost1,(2,2)=Wall,(3,2)=Wall,(4,2)=Wall,(5,2)=Empty,(6,2)=Wall', '(0,3)=Wall,(1,3)=Empty,(2,3)=Wall,(3,3)=Food,(4,3)=Empty,(5,3)=Empty,(6,3)=Wall', '(0,4)=Wall,(1,4)=Empty,(2,4)=Wall,(3,4)=Wall,(4,4)=Wall,(5,4)=Empty,(6,4)=Wall', '(0,5)=Wall,(1,5)=Food,(2,5)=Empty,(3,5)=Empty,(4,5)=Empty,(5,5)=Empty,(6,5)=Wall', '(0,6)=Wall,(1,6)=Wall,(2,6)=Wall,(3,6)=Wall,(4,6)=Wall,(5,6)=Wall,(6,6)=Wall'], 'pacman_pos': [1, 1], 'ghost_pos': [[1, 2]], 'score': -5.0, 'food_count': 2, 'legal_actions': ['Stop', 'East', 'South']}'''
        
        *** 数据解析 ***
        其中：
            1. layout_list: (List of Strings) ["(0,0)=Wall", "(1,0)=Pacman"...]
                - wall 是墙壁，不能通过这里
                - Pacman 是你所在的位置
            2. pacman_pos: (List of Integers) [x, y]
                - 表明你当前的位置
            3. ghost_pos: (List of Lists) [[x, y], [x, y]]
                - 表明ghost的位置，你需要尽可能避开它
            4. score: (Integer)
                - 当前的分数，你需要尽可能提高这个分数
            5. food_count: (Integer)
                - 地图中的食物数量，你需要获取所有的食物
            6. legal_actions: (List of Strings) ['North', 'South', ...]
                - 合法的操作。请注意绝大多数情况，不会选择'stop'，你可以理解为把'stop'移除。
        请注意，north会使y减小，west会使x减小。
        
        *** 决策思路 ***

        从'legal_actions'中，分别计算操作这些actions后到达的位置，以及新的位置到所有food、所有ghost的距离，分别取最小距离作为
            这个actions后到food和ghost的距离。
        2. 如果所有actions距离ghost的距离都小于等于3，那么你应该果断选择远离ghost的路径。
        3. 如果存在有actions距离ghost的距离大于3，那么找计算后的位置到food的距离等于0，则直接选择这个actions
        4. 不到万不得已，不选上一步的反方向。
        5. 如果最后没得选，则选一个离ghost距离最远的，总之不能选stop。
        其中以上的距离全部是|x_1 - x| + |y_1 - y|。
        请逐步推理，再给出可选的actions，你的答案只能是第一步。
        然后在给出答案前，请对答案进行检验，确定不会碰到ghosts
        好的请遵守游戏规则，并且牢记你的两个目标，完成任务吧。
        
输出最终行动，格式必须严格如下：<action>行动</action>。其中"行动"必须是以下之一: North, South, East, West, Stop
 例如：<action>North</action>
--- RESPONSE ---
### **第一步：分析当前游戏数据**

#### **1. 当前地图布局**
从 `layout_list` 中可以提取出以下信息：

- **Pacman 的位置**：(1, 1)
- **Ghost1 的位置**：(1, 2)
- **食物的位置**：
  - (3, 3)
  - (1, 5)

#### **2. 可用的合法动作**
`legal_actions` 是 ['Stop', 'East', 'South']，但根据规则，我们不考虑 `Stop`。

所以可选动作是：**East**, **South**

---

### **第二步：计算每个动作后的新位置和距离**

#### **1. East（东）**
- 新位置：(2, 1)
- 检查是否是墙？`layout_list[1]` 中 `(2,1)=Empty` → **合法**
- 到 Ghost1 的距离：|2 - 1| + |1 - 2| = 1 + 1 = **2**
- 到最近的食物的距离：
  - (3,3)：|3 - 2| + |3 - 1| = 1 + 2 = **3**
  - (1,5)：|1 - 2| + |5 - 1| = 1 + 4 = **5**
  - 最小距离为 **3**

#### **2. South（南）**
- 新位置：(1, 2)
- 检查是否是墙？`layout_list[2]` 中 `(1,2)=Ghost1` → **非法**（不能走到 ghost 的位置）

---

### **第三步：筛选合法动作**

- **East** 是合法的
- **South** 不合法（会撞到 ghost）
- **Stop** 被排除

---

### **第四步：选择最佳行动**

- **East** 是唯一合法且安全的动作
- 它离 ghost 的距离是 2，小于 3，但没有其他更优的选择
- 且它能接近食物（距离为 3），符合“尽可能吃掉所有食物”的目标

---

### **最终答案**
<action>East</action>
--- ACTION ---
East
------------------------------
TIME: 2025-12-10 22:04:35.587293
--- FULL USER INPUT ---

        "*** YOUR PROMPT HERE ***" 
        你现在是一个操作顶尖的吃豆人。你有两个必须要完成的任务：
        
        *** 游戏目标（优先级从高到低） ***
            1. 需要避开不断追赶你的ghosts，与他保持一定的距离。
            2. 需要把所有的food吃完。
        
        这个是当前的游戏数据：'''{'layout_list': ['(0,0)=Wall,(1,0)=Wall,(2,0)=Wall,(3,0)=Wall,(4,0)=Wall,(5,0)=Wall,(6,0)=Wall', '(0,1)=Wall,(1,1)=Ghost1,(2,1)=Pacman,(3,1)=Empty,(4,1)=Empty,(5,1)=Empty,(6,1)=Wall', '(0,2)=Wall,(1,2)=Empty,(2,2)=Wall,(3,2)=Wall,(4,2)=Wall,(5,2)=Empty,(6,2)=Wall', '(0,3)=Wall,(1,3)=Empty,(2,3)=Wall,(3,3)=Food,(4,3)=Empty,(5,3)=Empty,(6,3)=Wall', '(0,4)=Wall,(1,4)=Empty,(2,4)=Wall,(3,4)=Wall,(4,4)=Wall,(5,4)=Empty,(6,4)=Wall', '(0,5)=Wall,(1,5)=Food,(2,5)=Empty,(3,5)=Empty,(4,5)=Empty,(5,5)=Empty,(6,5)=Wall', '(0,6)=Wall,(1,6)=Wall,(2,6)=Wall,(3,6)=Wall,(4,6)=Wall,(5,6)=Wall,(6,6)=Wall'], 'pacman_pos': [2, 1], 'ghost_pos': [[1, 1]], 'score': -6.0, 'food_count': 2, 'legal_actions': ['West', 'Stop', 'East']}'''
        
        *** 数据解析 ***
        其中：
            1. layout_list: (List of Strings) ["(0,0)=Wall", "(1,0)=Pacman"...]
                - wall 是墙壁，不能通过这里
                - Pacman 是你所在的位置
            2. pacman_pos: (List of Integers) [x, y]
                - 表明你当前的位置
            3. ghost_pos: (List of Lists) [[x, y], [x, y]]
                - 表明ghost的位置，你需要尽可能避开它
            4. score: (Integer)
                - 当前的分数，你需要尽可能提高这个分数
            5. food_count: (Integer)
                - 地图中的食物数量，你需要获取所有的食物
            6. legal_actions: (List of Strings) ['North', 'South', ...]
                - 合法的操作。请注意绝大多数情况，不会选择'stop'，你可以理解为把'stop'移除。
        请注意，north会使y减小，west会使x减小。
        
        *** 决策思路 ***

        从'legal_actions'中，分别计算操作这些actions后到达的位置，以及新的位置到所有food、所有ghost的距离，分别取最小距离作为
            这个actions后到food和ghost的距离。
        2. 如果所有actions距离ghost的距离都小于等于3，那么你应该果断选择远离ghost的路径。
        3. 如果存在有actions距离ghost的距离大于3，那么找计算后的位置到food的距离等于0，则直接选择这个actions
        4. 不到万不得已，不选上一步的反方向。
        5. 如果最后没得选，则选一个离ghost距离最远的，总之不能选stop。
        其中以上的距离全部是|x_1 - x| + |y_1 - y|。
        请逐步推理，再给出可选的actions，你的答案只能是第一步。
        然后在给出答案前，请对答案进行检验，确定不会碰到ghosts
        好的请遵守游戏规则，并且牢记你的两个目标，完成任务吧。
        
输出最终行动，格式必须严格如下：<action>行动</action>。其中"行动"必须是以下之一: North, South, East, West, Stop
 例如：<action>North</action>
--- RESPONSE ---
### 分析当前游戏数据

#### 1. 当前布局解析
从 `layout_list` 中可以提取出地图的结构。我们关注的是 Pacman 和 Ghost 的位置，以及食物的位置。

- **Pacman 的位置**：[2, 1]
- **Ghost 的位置**：[[1, 1]]
- **食物的位置**：
  - (1,5)
  - (3,3)

#### 2. 合法操作（legal_actions）：
`['West', 'Stop', 'East']`

注意：根据规则，大多数情况下不会选择 `Stop`，所以优先考虑 `West` 和 `East`。

---

### 3. 检查每个合法动作后的新位置

#### a. West（向西移动）：
- 新位置：[1, 1]（与 Ghost 相同）
- ❌ 不能选，因为会撞到 Ghost。

#### b. East（向东移动）：
- 新位置：[3, 1]
- 检查是否是墙或 Ghost：
  - [3,1] 是 Empty，不是墙也不是 Ghost。
- ✅ 可以选择。

#### c. Stop（停止）：
- 不推荐，除非没有其他选择。
- ❌ 不选。

---

### 4. 检查新位置到食物和 Ghost 的距离

#### a. East 后的位置：[3, 1]

- 到食物 (1,5) 的距离：|3-1| + |1-5| = 2 + 4 = 6
- 到食物 (3,3) 的距离：|3-3| + |1-3| = 0 + 2 = 2
- 到 Ghost (1,1) 的距离：|3-1| + |1-1| = 2 + 0 = 2

> 说明：这个位置离一个食物很近（距离为 2），且离 Ghost 的距离为 2，属于安全范围。

---

### 5. 是否有更优选择？

- West 会直接撞上 Ghost，不可选。
- Stop 不推荐。
- East 是唯一安全且接近食物的选择。

---

### 6. 最终结论

在所有合法动作中，只有 **East** 是安全且能靠近食物的选项。

---

### <action>East</action>
--- ACTION ---
East
------------------------------
TIME: 2025-12-10 22:04:36.043749
--- FULL USER INPUT ---

        "*** YOUR PROMPT HERE ***" 
        你现在是一个操作顶尖的吃豆人。你有两个必须要完成的任务：
        
        *** 游戏目标（优先级从高到低） ***
            1. 需要避开不断追赶你的ghosts，与他保持一定的距离。
            2. 需要把所有的food吃完。
        
        这个是当前的游戏数据：'''{'layout_list': ['(0,0)=Wall,(1,0)=Wall,(2,0)=Wall,(3,0)=Wall,(4,0)=Wall,(5,0)=Wall,(6,0)=Wall', '(0,1)=Wall,(1,1)=Empty,(2,1)=Ghost1,(3,1)=Pacman,(4,1)=Empty,(5,1)=Empty,(6,1)=Wall', '(0,2)=Wall,(1,2)=Empty,(2,2)=Wall,(3,2)=Wall,(4,2)=Wall,(5,2)=Empty,(6,2)=Wall', '(0,3)=Wall,(1,3)=Empty,(2,3)=Wall,(3,3)=Food,(4,3)=Empty,(5,3)=Empty,(6,3)=Wall', '(0,4)=Wall,(1,4)=Empty,(2,4)=Wall,(3,4)=Wall,(4,4)=Wall,(5,4)=Empty,(6,4)=Wall', '(0,5)=Wall,(1,5)=Food,(2,5)=Empty,(3,5)=Empty,(4,5)=Empty,(5,5)=Empty,(6,5)=Wall', '(0,6)=Wall,(1,6)=Wall,(2,6)=Wall,(3,6)=Wall,(4,6)=Wall,(5,6)=Wall,(6,6)=Wall'], 'pacman_pos': [3, 1], 'ghost_pos': [[2, 1]], 'score': -7.0, 'food_count': 2, 'legal_actions': ['West', 'Stop', 'East']}'''
        
        *** 数据解析 ***
        其中：
            1. layout_list: (List of Strings) ["(0,0)=Wall", "(1,0)=Pacman"...]
                - wall 是墙壁，不能通过这里
                - Pacman 是你所在的位置
            2. pacman_pos: (List of Integers) [x, y]
                - 表明你当前的位置
            3. ghost_pos: (List of Lists) [[x, y], [x, y]]
                - 表明ghost的位置，你需要尽可能避开它
            4. score: (Integer)
                - 当前的分数，你需要尽可能提高这个分数
            5. food_count: (Integer)
                - 地图中的食物数量，你需要获取所有的食物
            6. legal_actions: (List of Strings) ['North', 'South', ...]
                - 合法的操作。请注意绝大多数情况，不会选择'stop'，你可以理解为把'stop'移除。
        请注意，north会使y减小，west会使x减小。
        
        *** 决策思路 ***

        从'legal_actions'中，分别计算操作这些actions后到达的位置，以及新的位置到所有food、所有ghost的距离，分别取最小距离作为
            这个actions后到food和ghost的距离。
        2. 如果所有actions距离ghost的距离都小于等于3，那么你应该果断选择远离ghost的路径。
        3. 如果存在有actions距离ghost的距离大于3，那么找计算后的位置到food的距离等于0，则直接选择这个actions
        4. 不到万不得已，不选上一步的反方向。
        5. 如果最后没得选，则选一个离ghost距离最远的，总之不能选stop。
        其中以上的距离全部是|x_1 - x| + |y_1 - y|。
        请逐步推理，再给出可选的actions，你的答案只能是第一步。
        然后在给出答案前，请对答案进行检验，确定不会碰到ghosts
        好的请遵守游戏规则，并且牢记你的两个目标，完成任务吧。
        
输出最终行动，格式必须严格如下：<action>行动</action>。其中"行动"必须是以下之一: North, South, East, West, Stop
 例如：<action>North</action>
--- RESPONSE ---
<action>West</action>
--- ACTION ---
West
------------------------------
