TIME: 2025-12-11 19:06:40.452862
--- FULL USER INPUT ---

        "*** YOUR PROMPT HERE ***" 
            你现在是一个吃豆人。你要在避开ghosts的前提下，吃掉图中的所有食物。
            这个是当前的游戏数据：
            
            ================
            
            {'layout_list': ['(0,0)=Wall,(1,0)=Wall,(2,0)=Wall,(3,0)=Wall,(4,0)=Wall,(5,0)=Wall,(6,0)=Wall', '(0,1)=Wall,(1,1)=Empty,(2,1)=Pacman,(3,1)=Empty,(4,1)=Empty,(5,1)=Empty,(6,1)=Wall', '(0,2)=Wall,(1,2)=Empty,(2,2)=Wall,(3,2)=Wall,(4,2)=Wall,(5,2)=Empty,(6,2)=Wall', '(0,3)=Wall,(1,3)=Empty,(2,3)=Wall,(3,3)=Food,(4,3)=Empty,(5,3)=Empty,(6,3)=Wall', '(0,4)=Wall,(1,4)=Empty,(2,4)=Wall,(3,4)=Wall,(4,4)=Wall,(5,4)=Empty,(6,4)=Wall', '(0,5)=Wall,(1,5)=Food,(2,5)=Empty,(3,5)=Ghost1,(4,5)=Empty,(5,5)=Empty,(6,5)=Wall', '(0,6)=Wall,(1,6)=Wall,(2,6)=Wall,(3,6)=Wall,(4,6)=Wall,(5,6)=Wall,(6,6)=Wall'], 'pacman_pos': [2, 1], 'ghost_pos': [[3, 5]], 'score': 0.0, 'food_count': 2, 'legal_actions': ['West', 'Stop', 'East']}
            
            ================
            
            数据含义： 
            1. layout_list: (List of Strings) ["(0,0)=Wall", "(1,0)=Pacman"...]
            2. pacman_pos: (List of Integers) [x, y]
            3. ghost_pos: (List of Lists) [[x, y], [x, y]]
            4. score: (Integer)
            5. food_count: (Integer)
            6. legal_actions: (List of Strings) ['North', 'South', ...]
            
            ================
            
            方向声明：'north'会使 y 减小，'south'会使 y 增加，'west'会使 x 减小，'east'会使 x 增加
            
            你的思路应该是：
            1. 从'legal_actions'中剔除掉'stop'，然后对剩下的动作进行遍历，思考选择这个动作后到达的新位置。
            2. 再从这个位置出发，遍历'north', 'south', 'west', 'east'，然后判断指向那个方向后会不会到'wall',                 如果会的话就不选择那个方向；以及是否会回到上一个格子，如果会的话也不加到路径中。重复这个步骤5次，行程多组路径。
            3. 判断这两条条路径上是否存在ghosts
                如果存在一条路径没有ghosts，选择这条路径的第一步。
                否则选择ghosts出现得最晚的路径或者出现了食物的那一条路径。
            
            ===============
            下面给出一个示例：
            
            'layout_list': ['(0,0)=Wall,(1,0)=Wall,(2,0)=Wall,(3,0)=Wall,(4,0)=Wall,(5,0)=Wall,(6,0)=Wall', 
                            '(0,1)=Wall,(1,1)=Empty,(2,1)=Pacman,(3,1)=Empty,(4,1)=Empty,(5,1)=Empty,(6,1)=Wall', 
                            '(0,2)=Wall,(1,2)=Empty,(2,2)=Wall,(3,2)=Wall,(4,2)=Wall,(5,2)=Empty,(6,2)=Wall', 
                            '(0,3)=Wall,(1,3)=Empty,(2,3)=Wall,(3,3)=Food,(4,3)=Empty,(5,3)=Empty,(6,3)=Wall', 
                            '(0,4)=Wall,(1,4)=Empty,(2,4)=Wall,(3,4)=Wall,(4,4)=Wall,(5,4)=Empty,(6,4)=Wall', 
                            '(0,5)=Wall,(1,5)=Food,(2,5)=Empty,(3,5)=Ghost1,(4,5)=Empty,(5,5)=Empty,(6,5)=Wall', 
                            '(0,6)=Wall,(1,6)=Wall,(2,6)=Wall,(3,6)=Wall,(4,6)=Wall,(5,6)=Wall,(6,6)=Wall'], 
            'pacman_pos': [2, 1], 
            'ghost_pos': [[3, 5]], 
            'score': 0.0, 
            'food_count': 2, 
            'legal_actions': ['West', 'Stop', 'East']
            
            分析：
            目前的位置在 [2, 1]，合法的操作去掉'stop'后，是 'West'和'East'。
            那么有两条路径可选，
            路径一目前是: '[2, 1], [1, 1]' (执行West后到达新位置[1, 1])
            路径二目前是：'[2, 1], [3, 1]' (执行East后到达新位置[3, 1])
            
            走了一步之后，需要开始进入思路的第2步
            遍历'north', 'south', 'west', 'east'，
            针对路径一：
                - 'north' 'west'对应的位置是'wall'，不可选
                - 'east'对应的位置'[2, 1]'已经出现在了路径一中了，因此也不选
            故路径一新执行的action 应该是 'south'
            路径一更新为：'[2, 1], [1, 1], [1, 2]'
            同理，针对路径二：
                - 'north' 'south'对应的位置是'wall'，不可选
                - 'west'对应的位置'[2, 1]'已经出现在了路径一中了，因此也不选
            故路径二新执行的action 应该是 'east'
            路径二更新为：'[2, 1], [3, 1], [4, 2]'
            
            重复这个更新步骤5次，最后应该能得到
            路径一：'[2, 1], [1, 1], [1, 2], [1, 3], [1, 4], [1, 5], [2, 5]'
            路径二：'[2, 1], [3, 1], [4, 1], [5, 1], [5, 2], [5, 3], [4, 3]'
            路径三：'[2, 1], [3, 1], [4, 1], [5, 1], [5, 2], [5, 3], [4, 4]'
            注意到这里的路径三的来源是因为原始的路径二拓展到'[5, 3]'时，发现'west'和'south'都是可选动作，
            针对这种大于一个可选动作的情况，可以复制该路径，然后两条路径分别执行不同动作。
            
            那么开始判断三个路径谁最优了，首先三个路径上都没有ghost出现，因此三条都是可选的。
            其次在第一条路径中出现了食物，而路径二、三没有，因此优先选择路径一。
            结果应该输出'West'。
            
            ===============
            
            请你每次给出结果的时候认真进行逐步思考，如同我的样例一样。
            
        
输出最终行动，格式必须严格如下：<action>行动</action>。其中"行动"必须是以下之一: North, South, East, West, Stop
 例如：<action>North</action>
--- RESPONSE ---
好的，我们先一步步分析当前数据。  

---

**1. 解析当前状态**  

`layout_list` 转成网格（y 从 0 到 6，x 从 0 到 6）：  

```
(0,0)Wall  (1,0)Wall  (2,0)Wall  (3,0)Wall  (4,0)Wall  (5,0)Wall  (6,0)Wall  
(0,1)Wall  (1,1)Empty (2,1)Pacman(3,1)Empty (4,1)Empty (5,1)Empty (6,1)Wall  
(0,2)Wall  (1,2)Empty (2,2)Wall  (3,2)Wall  (4,2)Wall  (5,2)Empty (6,2)Wall  
(0,3)Wall  (1,3)Empty (2,3)Wall  (3,3)Food  (4,3)Empty (5,3)Empty (6,3)Wall  
(0,4)Wall  (1,4)Empty (2,4)Wall  (3,4)Wall  (4,4)Wall  (5,4)Empty (6,4)Wall  
(0,5)Wall  (1,5)Food  (2,5)Empty (3,5)Ghost1(4,5)Empty (5,5)Empty (6,5)Wall  
(0,6)Wall  (1,6)Wall  (2,6)Wall  (3,6)Wall  (4,6)Wall  (5,6)Wall  (6,6)Wall  
```

`pacman_pos`: [2, 1]  
`ghost_pos`: [[3, 5]]  
`legal_actions`: ['West', 'Stop', 'East']  

去掉 `Stop`，可选动作：`West` 和 `East`。  

---

**2. 从每个动作开始模拟 5 步路径**  

**路径 A（先 West）**  
起点 [2,1] → West → [1,1]  

从 [1,1] 看四个方向：  
- North [1,0] = Wall  
- South [1,2] = Empty，且不在路径中  
- West [0,1] = Wall  
- East [2,1] 已在路径中（上一步位置）  

所以只能 South → [1,2]  

路径 A 目前：[2,1], [1,1], [1,2]  

从 [1,2] 看四个方向：  
- North [1,1] 已在路径中  
- South [1,3] = Empty，不在路径中  
- West [0,2] = Wall  
- East [2,2] = Wall  

只能 South → [1,3]  

路径 A：[2,1], [1,1], [1,2], [1,3]  

从 [1,3] 看：  
- North [1,2] 已在路径中  
- South [1,4] = Empty，不在路径中  
- West [0,3] = Wall  
- East [2,3] = Wall  

只能 South → [1,4]  

路径 A：[2,1], [1,1], [1,2], [1,3], [1,4]  

从 [1,4] 看：  
- North [1,3] 已在路径中  
- South [1,5] = Food，不在路径中  
- West [0,4] = Wall  
- East [2,4] = Wall  

只能 South → [1,5]  

路径 A：[2,1], [1,1], [1,2], [1,3], [1,4], [1,5]  

从 [1,5] 看：  
- North [1,4] 已在路径中  
- South [1,6] = Wall  
- West [0,5] = Wall  
- East [2,5] = Empty，不在路径中  

只能 East → [2,5]  

路径 A 最终（7 个点，包含起点）：  
[2,1], [1,1], [1,2], [1,3], [1,4], [1,5], [2,5]  

---

**路径 B（先 East）**  
起点 [2,1] → East → [3,1]  

从 [3,1] 看：  
- North [3,0] = Wall  
- South [3,2] = Wall  
- West [2,1] 已在路径中  
- East [4,1] = Empty，不在路径中  

只能 East → [4,1]  

路径 B：[2,1], [3,1], [4,1]  

从 [4,1] 看：  
- North [4,0] = Wall  
- South [4,2] = Wall  
- West [3,1] 已在路径中  
- East [5,1] = Empty，不在路径中  

只能 East → [5,1]  

路径 B：[2,1], [3,1], [4,1], [5,1]  

从 [5,1] 看：  
- North [5,0] = Wall  
- South [5,2] = Empty，不在路径中  
- West [4,1] 已在路径中  
- East [6,1] = Wall  

只能 South → [5,2]  

路径 B：[2,1], [3,1], [4,1], [5,1], [5,2]  

从 [5,2] 看：  
- North [5,1] 已在路径中  
- South [5,3] = Empty，不在路径中  
- West [4,2] = Wall  
- East [6,2] = Wall  

只能 South → [5,3]  

路径 B：[2,1], [3,1], [4,1], [5,1], [5,2], [5,3]  

从 [5,3] 看：  
- North [5,2] 已在路径中  
- South [5,4] = Empty，不在路径中  
- West [4,3] = Empty，不在路径中  
- East [6,3] = Wall  

这里有两个选择：South 或 West。  
我们复制路径 B 为 B1 和 B2。  

**B1**（选 South）：  
[2,1], [3,1], [4,1], [5,1], [5,2], [5,3], [5,4]  

**B2**（选 West）：  
[2,1], [3,1], [4,1], [5,1], [5,2], [5,3], [4,3]  

---

**3. 检查路径上是否有 ghost**  

Ghost 在 [3,5]。  

- 路径 A：[2,1], [1,1], [1,2], [1,3], [1,4], [1,5], [2,5] → 无 ghost  
- 路径 B1：[2,1], [3,1], [4,1], [5,1], [5,2], [5,3], [5,4] → 无 ghost  
- 路径 B2：[2,1], [3,1], [4,1], [5,1], [5,2], [5,3], [4,3] → 无 ghost  

三条路径都没有 ghost。  

---

**4. 选择最优路径**  

优先选有食物的路径：  
- 路径 A 经过 [1,5] 有 Food  
- B1 和 B2 都没有食物  

所以选路径 A。  

路径 A 的第一步是 West。  

---

<action>West</action>
--- ACTION ---
West
------------------------------
TIME: 2025-12-11 19:07:34.214851
--- FULL USER INPUT ---

        "*** YOUR PROMPT HERE ***" 
            你现在是一个吃豆人。你要在避开ghosts的前提下，吃掉图中的所有食物。
            这个是当前的游戏数据：
            
            ================
            
            {'layout_list': ['(0,0)=Wall,(1,0)=Wall,(2,0)=Wall,(3,0)=Wall,(4,0)=Wall,(5,0)=Wall,(6,0)=Wall', '(0,1)=Wall,(1,1)=Pacman,(2,1)=Empty,(3,1)=Empty,(4,1)=Empty,(5,1)=Empty,(6,1)=Wall', '(0,2)=Wall,(1,2)=Empty,(2,2)=Wall,(3,2)=Wall,(4,2)=Wall,(5,2)=Empty,(6,2)=Wall', '(0,3)=Wall,(1,3)=Empty,(2,3)=Wall,(3,3)=Food,(4,3)=Empty,(5,3)=Empty,(6,3)=Wall', '(0,4)=Wall,(1,4)=Empty,(2,4)=Wall,(3,4)=Wall,(4,4)=Wall,(5,4)=Empty,(6,4)=Wall', '(0,5)=Wall,(1,5)=Food,(2,5)=Ghost1,(3,5)=Empty,(4,5)=Empty,(5,5)=Empty,(6,5)=Wall', '(0,6)=Wall,(1,6)=Wall,(2,6)=Wall,(3,6)=Wall,(4,6)=Wall,(5,6)=Wall,(6,6)=Wall'], 'pacman_pos': [1, 1], 'ghost_pos': [[2, 5]], 'score': -1.0, 'food_count': 2, 'legal_actions': ['Stop', 'East', 'South']}
            
            ================
            
            数据含义： 
            1. layout_list: (List of Strings) ["(0,0)=Wall", "(1,0)=Pacman"...]
            2. pacman_pos: (List of Integers) [x, y]
            3. ghost_pos: (List of Lists) [[x, y], [x, y]]
            4. score: (Integer)
            5. food_count: (Integer)
            6. legal_actions: (List of Strings) ['North', 'South', ...]
            
            ================
            
            方向声明：'north'会使 y 减小，'south'会使 y 增加，'west'会使 x 减小，'east'会使 x 增加
            
            你的思路应该是：
            1. 从'legal_actions'中剔除掉'stop'，然后对剩下的动作进行遍历，思考选择这个动作后到达的新位置。
            2. 再从这个位置出发，遍历'north', 'south', 'west', 'east'，然后判断指向那个方向后会不会到'wall',                 如果会的话就不选择那个方向；以及是否会回到上一个格子，如果会的话也不加到路径中。重复这个步骤5次，行程多组路径。
            3. 判断这两条条路径上是否存在ghosts
                如果存在一条路径没有ghosts，选择这条路径的第一步。
                否则选择ghosts出现得最晚的路径或者出现了食物的那一条路径。
            
            ===============
            下面给出一个示例：
            
            'layout_list': ['(0,0)=Wall,(1,0)=Wall,(2,0)=Wall,(3,0)=Wall,(4,0)=Wall,(5,0)=Wall,(6,0)=Wall', 
                            '(0,1)=Wall,(1,1)=Empty,(2,1)=Pacman,(3,1)=Empty,(4,1)=Empty,(5,1)=Empty,(6,1)=Wall', 
                            '(0,2)=Wall,(1,2)=Empty,(2,2)=Wall,(3,2)=Wall,(4,2)=Wall,(5,2)=Empty,(6,2)=Wall', 
                            '(0,3)=Wall,(1,3)=Empty,(2,3)=Wall,(3,3)=Food,(4,3)=Empty,(5,3)=Empty,(6,3)=Wall', 
                            '(0,4)=Wall,(1,4)=Empty,(2,4)=Wall,(3,4)=Wall,(4,4)=Wall,(5,4)=Empty,(6,4)=Wall', 
                            '(0,5)=Wall,(1,5)=Food,(2,5)=Empty,(3,5)=Ghost1,(4,5)=Empty,(5,5)=Empty,(6,5)=Wall', 
                            '(0,6)=Wall,(1,6)=Wall,(2,6)=Wall,(3,6)=Wall,(4,6)=Wall,(5,6)=Wall,(6,6)=Wall'], 
            'pacman_pos': [2, 1], 
            'ghost_pos': [[3, 5]], 
            'score': 0.0, 
            'food_count': 2, 
            'legal_actions': ['West', 'Stop', 'East']
            
            分析：
            目前的位置在 [2, 1]，合法的操作去掉'stop'后，是 'West'和'East'。
            那么有两条路径可选，
            路径一目前是: '[2, 1], [1, 1]' (执行West后到达新位置[1, 1])
            路径二目前是：'[2, 1], [3, 1]' (执行East后到达新位置[3, 1])
            
            走了一步之后，需要开始进入思路的第2步
            遍历'north', 'south', 'west', 'east'，
            针对路径一：
                - 'north' 'west'对应的位置是'wall'，不可选
                - 'east'对应的位置'[2, 1]'已经出现在了路径一中了，因此也不选
            故路径一新执行的action 应该是 'south'
            路径一更新为：'[2, 1], [1, 1], [1, 2]'
            同理，针对路径二：
                - 'north' 'south'对应的位置是'wall'，不可选
                - 'west'对应的位置'[2, 1]'已经出现在了路径一中了，因此也不选
            故路径二新执行的action 应该是 'east'
            路径二更新为：'[2, 1], [3, 1], [4, 2]'
            
            重复这个更新步骤5次，最后应该能得到
            路径一：'[2, 1], [1, 1], [1, 2], [1, 3], [1, 4], [1, 5], [2, 5]'
            路径二：'[2, 1], [3, 1], [4, 1], [5, 1], [5, 2], [5, 3], [4, 3]'
            路径三：'[2, 1], [3, 1], [4, 1], [5, 1], [5, 2], [5, 3], [4, 4]'
            注意到这里的路径三的来源是因为原始的路径二拓展到'[5, 3]'时，发现'west'和'south'都是可选动作，
            针对这种大于一个可选动作的情况，可以复制该路径，然后两条路径分别执行不同动作。
            
            那么开始判断三个路径谁最优了，首先三个路径上都没有ghost出现，因此三条都是可选的。
            其次在第一条路径中出现了食物，而路径二、三没有，因此优先选择路径一。
            结果应该输出'West'。
            
            ===============
            
            请你每次给出结果的时候认真进行逐步思考，如同我的样例一样。
            
        
输出最终行动，格式必须严格如下：<action>行动</action>。其中"行动"必须是以下之一: North, South, East, West, Stop
 例如：<action>North</action>
--- RESPONSE ---
好的，我们先来逐步分析当前游戏数据。  

---

**1. 解析当前状态**  

layout_list 转成网格（y 从 0 到 6，x 从 0 到 6）：  

```
(0,0)Wall  (1,0)Wall  (2,0)Wall  (3,0)Wall  (4,0)Wall  (5,0)Wall  (6,0)Wall  
(0,1)Wall  (1,1)Pacman(2,1)Empty (3,1)Empty (4,1)Empty (5,1)Empty (6,1)Wall  
(0,2)Wall  (1,2)Empty (2,2)Wall  (3,2)Wall  (4,2)Wall  (5,2)Empty (6,2)Wall  
(0,3)Wall  (1,3)Empty (2,3)Wall  (3,3)Food  (4,3)Empty (5,3)Empty (6,3)Wall  
(0,4)Wall  (1,4)Empty (2,4)Wall  (3,4)Wall  (4,4)Wall  (5,4)Empty (6,4)Wall  
(0,5)Wall  (1,5)Food  (2,5)Ghost1(3,5)Empty (4,5)Empty (5,5)Empty (6,5)Wall  
(0,6)Wall  (1,6)Wall  (2,6)Wall  (3,6)Wall  (4,6)Wall  (5,6)Wall  (6,6)Wall  
```

- Pacman 位置: (1,1)  
- Ghost 位置: (2,5)  
- 食物位置: (3,3) 和 (1,5)  
- 合法动作: ['Stop', 'East', 'South']  
- 去掉 Stop 后: ['East', 'South']  

---

**2. 从两个合法动作出发，模拟 5 步路径**  

**路径 A：先走 East**  
起点 (1,1) → (2,1)  

从 (2,1) 出发，四个方向：  
- North (2,0): Wall  
- South (2,2): Wall  
- West (1,1): 回到上一步，不选  
- East (3,1): 可行  

路径 A: (1,1) → (2,1) → (3,1)  

从 (3,1) 出发：  
- North (3,0): Wall  
- South (3,2): Wall  
- West (2,1): 已访问过  
- East (4,1): 可行  

路径 A: (1,1) → (2,1) → (3,1) → (4,1)  

从 (4,1) 出发：  
- North (4,0): Wall  
- South (4,2): Wall  
- West (3,1): 已访问过  
- East (5,1): 可行  

路径 A: (1,1) → (2,1) → (3,1) → (4,1) → (5,1)  

从 (5,1) 出发：  
- North (5,0): Wall  
- South (5,2): Empty，可行  
- West (4,1): 已访问过  
- East (6,1): Wall  

路径 A: (1,1) → (2,1) → (3,1) → (4,1) → (5,1) → (5,2)  

从 (5,2) 出发：  
- North (5,1): 已访问过  
- South (5,3): Empty，可行  
- West (4,2): Wall  
- East (6,2): Wall  

路径 A: (1,1) → (2,1) → (3,1) → (4,1) → (5,1) → (5,2) → (5,3)  

---

**路径 B：先走 South**  
起点 (1,1) → (1,2)  

从 (1,2) 出发：  
- North (1,1): 已访问过  
- South (1,3): Empty，可行  
- West (0,2): Wall  
- East (2,2): Wall  

路径 B: (1,1) → (1,2) → (1,3)  

从 (1,3) 出发：  
- North (1,2): 已访问过  
- South (1,4): Empty，可行  
- West (0,3): Wall  
- East (2,3): Wall  

路径 B: (1,1) → (1,2) → (1,3) → (1,4)  

从 (1,4) 出发：  
- North (1,3): 已访问过  
- South (1,5): Food，可行  
- West (0,4): Wall  
- East (2,4): Wall  

路径 B: (1,1) → (1,2) → (1,3) → (1,4) → (1,5)  

从 (1,5) 出发：  
- North (1,4): 已访问过  
- South (1,6): Wall  
- West (0,5): Wall  
- East (2,5): Ghost1  

这里出现分支：  
- 如果向东 (2,5) 遇到鬼，所以不选（规则里说如果遇到鬼就不选这个方向，除非无路可走）。  
- 那么只能选 North 回到 (1,4)，但 (1,4) 已访问过，且其他方向都是墙或鬼，所以路径 B 在 (1,5) 处只能选 East 遇到鬼，或者选 Stop（但我们是模拟路径，遇到鬼就停止扩展）。  

所以路径 B 在 (1,5) 之后如果继续走，下一步就是 (2,5) 遇到鬼。  

---

**3. 检查路径上是否有鬼**  

- 路径 A: (1,1) → (2,1) → (3,1) → (4,1) → (5,1) → (5,2) → (5,3)  
  鬼在 (2,5)，不在路径上。  

- 路径 B: (1,1) → (1,2) → (1,3) → (1,4) → (1,5) → (2,5)  
  第 6 步遇到鬼。  

---

**4. 判断最优路径**  

规则：  
1. 如果存在一条路径没有鬼，选择这条路径的第一步。  
2. 否则选择鬼出现得最晚的路径，或者出现了食物的那条路径。  

- 路径 A 全程无鬼。  
- 路径 B 在第 6 步遇到鬼。  

因此优先选路径 A，它的第一步是 **East**。  

---

**最终行动**  

<action>East</action>
--- ACTION ---
East
------------------------------
TIME: 2025-12-11 19:09:06.875142
--- FULL USER INPUT ---

        "*** YOUR PROMPT HERE ***" 
            你现在是一个吃豆人。你要在避开ghosts的前提下，吃掉图中的所有食物。
            这个是当前的游戏数据：
            
            ================
            
            {'layout_list': ['(0,0)=Wall,(1,0)=Wall,(2,0)=Wall,(3,0)=Wall,(4,0)=Wall,(5,0)=Wall,(6,0)=Wall', '(0,1)=Wall,(1,1)=Empty,(2,1)=Pacman,(3,1)=Empty,(4,1)=Empty,(5,1)=Empty,(6,1)=Wall', '(0,2)=Wall,(1,2)=Empty,(2,2)=Wall,(3,2)=Wall,(4,2)=Wall,(5,2)=Empty,(6,2)=Wall', '(0,3)=Wall,(1,3)=Empty,(2,3)=Wall,(3,3)=Food,(4,3)=Empty,(5,3)=Empty,(6,3)=Wall', '(0,4)=Wall,(1,4)=Empty,(2,4)=Wall,(3,4)=Wall,(4,4)=Wall,(5,4)=Empty,(6,4)=Wall', '(0,5)=Wall,(1,5)=Ghost1,(2,5)=Empty,(3,5)=Empty,(4,5)=Empty,(5,5)=Empty,(6,5)=Wall', '(0,6)=Wall,(1,6)=Wall,(2,6)=Wall,(3,6)=Wall,(4,6)=Wall,(5,6)=Wall,(6,6)=Wall'], 'pacman_pos': [2, 1], 'ghost_pos': [[1, 5]], 'score': -2.0, 'food_count': 2, 'legal_actions': ['West', 'Stop', 'East']}
            
            ================
            
            数据含义： 
            1. layout_list: (List of Strings) ["(0,0)=Wall", "(1,0)=Pacman"...]
            2. pacman_pos: (List of Integers) [x, y]
            3. ghost_pos: (List of Lists) [[x, y], [x, y]]
            4. score: (Integer)
            5. food_count: (Integer)
            6. legal_actions: (List of Strings) ['North', 'South', ...]
            
            ================
            
            方向声明：'north'会使 y 减小，'south'会使 y 增加，'west'会使 x 减小，'east'会使 x 增加
            
            你的思路应该是：
            1. 从'legal_actions'中剔除掉'stop'，然后对剩下的动作进行遍历，思考选择这个动作后到达的新位置。
            2. 再从这个位置出发，遍历'north', 'south', 'west', 'east'，然后判断指向那个方向后会不会到'wall',                 如果会的话就不选择那个方向；以及是否会回到上一个格子，如果会的话也不加到路径中。重复这个步骤5次，行程多组路径。
            3. 判断这两条条路径上是否存在ghosts
                如果存在一条路径没有ghosts，选择这条路径的第一步。
                否则选择ghosts出现得最晚的路径或者出现了食物的那一条路径。
            
            ===============
            下面给出一个示例：
            
            'layout_list': ['(0,0)=Wall,(1,0)=Wall,(2,0)=Wall,(3,0)=Wall,(4,0)=Wall,(5,0)=Wall,(6,0)=Wall', 
                            '(0,1)=Wall,(1,1)=Empty,(2,1)=Pacman,(3,1)=Empty,(4,1)=Empty,(5,1)=Empty,(6,1)=Wall', 
                            '(0,2)=Wall,(1,2)=Empty,(2,2)=Wall,(3,2)=Wall,(4,2)=Wall,(5,2)=Empty,(6,2)=Wall', 
                            '(0,3)=Wall,(1,3)=Empty,(2,3)=Wall,(3,3)=Food,(4,3)=Empty,(5,3)=Empty,(6,3)=Wall', 
                            '(0,4)=Wall,(1,4)=Empty,(2,4)=Wall,(3,4)=Wall,(4,4)=Wall,(5,4)=Empty,(6,4)=Wall', 
                            '(0,5)=Wall,(1,5)=Food,(2,5)=Empty,(3,5)=Ghost1,(4,5)=Empty,(5,5)=Empty,(6,5)=Wall', 
                            '(0,6)=Wall,(1,6)=Wall,(2,6)=Wall,(3,6)=Wall,(4,6)=Wall,(5,6)=Wall,(6,6)=Wall'], 
            'pacman_pos': [2, 1], 
            'ghost_pos': [[3, 5]], 
            'score': 0.0, 
            'food_count': 2, 
            'legal_actions': ['West', 'Stop', 'East']
            
            分析：
            目前的位置在 [2, 1]，合法的操作去掉'stop'后，是 'West'和'East'。
            那么有两条路径可选，
            路径一目前是: '[2, 1], [1, 1]' (执行West后到达新位置[1, 1])
            路径二目前是：'[2, 1], [3, 1]' (执行East后到达新位置[3, 1])
            
            走了一步之后，需要开始进入思路的第2步
            遍历'north', 'south', 'west', 'east'，
            针对路径一：
                - 'north' 'west'对应的位置是'wall'，不可选
                - 'east'对应的位置'[2, 1]'已经出现在了路径一中了，因此也不选
            故路径一新执行的action 应该是 'south'
            路径一更新为：'[2, 1], [1, 1], [1, 2]'
            同理，针对路径二：
                - 'north' 'south'对应的位置是'wall'，不可选
                - 'west'对应的位置'[2, 1]'已经出现在了路径一中了，因此也不选
            故路径二新执行的action 应该是 'east'
            路径二更新为：'[2, 1], [3, 1], [4, 2]'
            
            重复这个更新步骤5次，最后应该能得到
            路径一：'[2, 1], [1, 1], [1, 2], [1, 3], [1, 4], [1, 5], [2, 5]'
            路径二：'[2, 1], [3, 1], [4, 1], [5, 1], [5, 2], [5, 3], [4, 3]'
            路径三：'[2, 1], [3, 1], [4, 1], [5, 1], [5, 2], [5, 3], [4, 4]'
            注意到这里的路径三的来源是因为原始的路径二拓展到'[5, 3]'时，发现'west'和'south'都是可选动作，
            针对这种大于一个可选动作的情况，可以复制该路径，然后两条路径分别执行不同动作。
            
            那么开始判断三个路径谁最优了，首先三个路径上都没有ghost出现，因此三条都是可选的。
            其次在第一条路径中出现了食物，而路径二、三没有，因此优先选择路径一。
            结果应该输出'West'。
            
            ===============
            
            请你每次给出结果的时候认真进行逐步思考，如同我的样例一样。
            
        
输出最终行动，格式必须严格如下：<action>行动</action>。其中"行动"必须是以下之一: North, South, East, West, Stop
 例如：<action>North</action>
--- RESPONSE ---
好的，我们先来逐步分析当前游戏数据。  

---

**1. 解析当前状态**  

layout_list 解析成网格（y 从 0 到 6，x 从 0 到 6）：  

```
(0,0)Wall  (1,0)Wall  (2,0)Wall  (3,0)Wall  (4,0)Wall  (5,0)Wall  (6,0)Wall  
(0,1)Wall  (1,1)Empty (2,1)Pacman(3,1)Empty (4,1)Empty (5,1)Empty (6,1)Wall  
(0,2)Wall  (1,2)Empty (2,2)Wall  (3,2)Wall  (4,2)Wall  (5,2)Empty (6,2)Wall  
(0,3)Wall  (1,3)Empty (2,3)Wall  (3,3)Food  (4,3)Empty (5,3)Empty (6,3)Wall  
(0,4)Wall  (1,4)Empty (2,4)Wall  (3,4)Wall  (4,4)Wall  (5,4)Empty (6,4)Wall  
(0,5)Wall  (1,5)Ghost1(2,5)Empty (3,5)Empty (4,5)Empty (5,5)Empty (6,5)Wall  
(0,6)Wall  (1,6)Wall  (2,6)Wall  (3,6)Wall  (4,6)Wall  (5,6)Wall  (6,6)Wall  
```

pacman_pos: [2, 1]  
ghost_pos: [[1, 5]]  
food_count: 2（从图上看，食物在 (3,3) 和 (5,3) 吗？等一下，检查一下：  
(3,3) 是 Food，  
(5,3) 是 Empty，  
(1,5) 是 Ghost，  
(2,5) Empty，(3,5) Empty，(4,5) Empty，(5,5) Empty，  
(1,3) Empty，(1,4) Empty，(5,2) Empty，(5,4) Empty，  
(4,3) Empty，(5,3) Empty，  
所以食物只有 (3,3) 一个？不对，food_count=2，那么另一个食物在哪里？  
检查 layout_list:  
第 3 行 (y=3): (3,3)=Food，(4,3)=Empty，(5,3)=Empty  
第 5 行 (y=5): (1,5)=Ghost1，(2,5)=Empty，(3,5)=Empty，(4,5)=Empty，(5,5)=Empty  
没有其他 Food 标记。  
等一下，可能我漏了：  
第 1 行 (y=1): (1,1)=Empty，(2,1)=Pacman，(3,1)=Empty，(4,1)=Empty，(5,1)=Empty  
第 2 行 (y=2): (1,2)=Empty，(2,2)=Wall，(5,2)=Empty  
第 4 行 (y=4): (1,4)=Empty，(2,4)=Wall，(5,4)=Empty  
确实只有 (3,3) 一个 Food？那 food_count=2 是错的？可能是初始数据有误，但按数据来，food_count=2，所以另一个食物可能在 (5,3) 或 (4,3) 但 layout_list 里没写 Food，奇怪。  
不过我们按 layout_list 文字来：  
'(0,3)=Wall,(1,3)=Empty,(2,3)=Wall,(3,3)=Food,(4,3)=Empty,(5,3)=Empty,(6,3)=Wall'  
所以只有 (3,3) 一个 Food，但 food_count=2，可能另一个在 (5,3) 但被标记为 Empty，这里数据矛盾。我们假设 layout_list 为准，即食物只有 (3,3)，但这样 food_count 就不匹配。  
先不管，我们继续推路径。  

legal_actions: ['West', 'Stop', 'East']  
去掉 Stop 后：West, East。  

---

**2. 从 [2,1] 出发，两条初始路径**  

路径 A: West → [1,1]  
路径 B: East → [3,1]  

---

**3. 对每条路径扩展 5 步（共 7 个位置，包括起点）**  

先定义函数思路：  
从当前位置，看四个方向 North (y-1), South (y+1), West (x-1), East (x+1)，排除：  
- 是 Wall  
- 是路径中已经访问过的位置（避免走回头路）  
- 如果多个方向可选，就复制路径分别走。  

---

**路径 A: [2,1] → [1,1]**  

Step 1: 在 [1,1] 时可选方向：  
N: [1,0] Wall  
S: [1,2] Empty，且不在路径中  
W: [0,1] Wall  
E: [2,1] 已在路径中  
→ 只能 South → [1,2]  
路径 A: [2,1], [1,1], [1,2]  

Step 2: 在 [1,2] 可选方向：  
N: [1,1] 已在路径中  
S: [1,3] Empty，不在路径中  
W: [0,2] Wall  
E: [2,2] Wall  
→ 只能 South → [1,3]  
路径 A: [2,1], [1,1], [1,2], [1,3]  

Step 3: 在 [1,3] 可选方向：  
N: [1,2] 已在路径中  
S: [1,4] Empty，不在路径中  
W: [0,3] Wall  
E: [2,3] Wall  
→ 只能 South → [1,4]  
路径 A: [2,1], [1,1], [1,2], [1,3], [1,4]  

Step 4: 在 [1,4] 可选方向：  
N: [1,3] 已在路径中  
S: [1,5] Ghost1（不能走吗？规则里没禁止走到 Ghost 位置，但路径上出现 Ghost 会影响选择，我们扩展时仍然可以走，只是最后评估时会看 Ghost 出现的时间）  
W: [0,4] Wall  
E: [2,4] Wall  
→ 只能 South → [1,5]  
路径 A: [2,1], [1,1], [1,2], [1,3], [1,4], [1,5]  

Step 5: 在 [1,5] 可选方向：  
N: [1,4] 已在路径中  
S: [1,6] Wall  
W: [0,5] Wall  
E: [2,5] Empty，不在路径中  
→ 只能 East → [2,5]  
路径 A: [2,1], [1,1], [1,2], [1,3], [1,4], [1,5], [2,5]  

---

**路径 B: [2,1] → [3,1]**  

Step 1: 在 [3,1] 可选方向：  
N: [3,0] Wall  
S: [3,2] Wall  
W: [2,1] 已在路径中  
E: [4,1] Empty，不在路径中  
→ 只能 East → [4,1]  
路径 B: [2,1], [3,1], [4,1]  

Step 2: 在 [4,1] 可选方向：  
N: [4,0] Wall  
S: [4,2] Wall  
W: [3,1] 已在路径中  
E: [5,1] Empty，不在路径中  
→ 只能 East → [5,1]  
路径 B: [2,1], [3,1], [4,1], [5,1]  

Step 3: 在 [5,1] 可选方向：  
N: [5,0] Wall  
S: [5,2] Empty，不在路径中  
W: [4,1] 已在路径中  
E: [6,1] Wall  
→ 只能 South → [5,2]  
路径 B: [2,1], [3,1], [4,1], [5,1], [5,2]  

Step 4: 在 [5,2] 可选方向：  
N: [5,1] 已在路径中  
S: [5,3] Empty，不在路径中  
W: [4,2] Wall  
E: [6,2] Wall  
→ 只能 South → [5,3]  
路径 B: [2,1], [3,1], [4,1], [5,1], [5,2], [5,3]  

Step 5: 在 [5,3] 可选方向：  
N: [5,2] 已在路径中  
S: [5,4] Empty，不在路径中  
W: [4,3] Empty，不在路径中  
E: [6,3] Wall  
→ 两个方向：South 或 West。需要复制路径。  

路径 B1: South → [5,4]  
路径 B2: West → [4,3]  

先扩展 B1:  
[2,1], [3,1], [4,1], [5,1], [5,2], [5,3], [5,4]  

B2:  
[2,1], [3,1], [4,1], [5,1], [5,2], [5,3], [4,3]  

---

**4. 最终路径列表**  

A: [2,1], [1,1], [1,2], [1,3], [1,4], [1,5], [2,5]  
B1: [2,1], [3,1], [4,1], [5,1], [5,2], [5,3], [5,4]  
B2: [2,1], [3,1], [4,1], [5,1], [5,2], [5,3], [4,3]  

---

**5. 检查路径上是否有 Ghost**  

Ghost 在 [1,5]  
- 路径 A: 第 6 个位置 [1,5] 就是 Ghost（出现较早）  
- 路径 B1: 无 Ghost  
- 路径 B2: 无 Ghost  

所以有两条路径无 Ghost：B1 和 B2。  

---

**6. 检查路径上是否有食物**  

食物在 (3,3)（可能还有另一个在 (5,3) 但 layout 标记 Empty，我们以 layout 为准，只有 (3,3) 是 Food）  
- 路径 A: 无 (3,3)  
- 路径 B1: 无 (3,3)  
- 路径 B2: 无 (3,3)  

奇怪，三条路径都没有经过 (3,3)。  
那另一个食物在哪里？可能数据里 (5,3) 应该是 Food，因为 food_count=2。  
假设 (5,3) 是 Food（虽然 layout_list 写 Empty，但可能数据错误），那么：  
- 路径 B1 和 B2 都经过 [5,3]，即第 6 个位置是食物。  
- 路径 A 没有食物。  

所以 B1 和 B2 都有食物（在 [5,3]），且无 Ghost。  

---

**7. 选择**  

B1 和 B2 都无 Ghost，都有食物（同一步得到食物），那么选哪条？  
它们的第一步都是 East（从 [2,1] 到 [3,1]），所以最终行动是 East。  

---

<action>East</action>
--- ACTION ---
East
------------------------------
TIME: 2025-12-11 19:10:04.640579
--- FULL USER INPUT ---

        "*** YOUR PROMPT HERE ***" 
            你现在是一个吃豆人。你要在避开ghosts的前提下，吃掉图中的所有食物。
            这个是当前的游戏数据：
            
            ================
            
            {'layout_list': ['(0,0)=Wall,(1,0)=Wall,(2,0)=Wall,(3,0)=Wall,(4,0)=Wall,(5,0)=Wall,(6,0)=Wall', '(0,1)=Wall,(1,1)=Empty,(2,1)=Empty,(3,1)=Pacman,(4,1)=Empty,(5,1)=Empty,(6,1)=Wall', '(0,2)=Wall,(1,2)=Empty,(2,2)=Wall,(3,2)=Wall,(4,2)=Wall,(5,2)=Empty,(6,2)=Wall', '(0,3)=Wall,(1,3)=Empty,(2,3)=Wall,(3,3)=Food,(4,3)=Empty,(5,3)=Empty,(6,3)=Wall', '(0,4)=Wall,(1,4)=Ghost1,(2,4)=Wall,(3,4)=Wall,(4,4)=Wall,(5,4)=Empty,(6,4)=Wall', '(0,5)=Wall,(1,5)=Food,(2,5)=Empty,(3,5)=Empty,(4,5)=Empty,(5,5)=Empty,(6,5)=Wall', '(0,6)=Wall,(1,6)=Wall,(2,6)=Wall,(3,6)=Wall,(4,6)=Wall,(5,6)=Wall,(6,6)=Wall'], 'pacman_pos': [3, 1], 'ghost_pos': [[1, 4]], 'score': -3.0, 'food_count': 2, 'legal_actions': ['West', 'Stop', 'East']}
            
            ================
            
            数据含义： 
            1. layout_list: (List of Strings) ["(0,0)=Wall", "(1,0)=Pacman"...]
            2. pacman_pos: (List of Integers) [x, y]
            3. ghost_pos: (List of Lists) [[x, y], [x, y]]
            4. score: (Integer)
            5. food_count: (Integer)
            6. legal_actions: (List of Strings) ['North', 'South', ...]
            
            ================
            
            方向声明：'north'会使 y 减小，'south'会使 y 增加，'west'会使 x 减小，'east'会使 x 增加
            
            你的思路应该是：
            1. 从'legal_actions'中剔除掉'stop'，然后对剩下的动作进行遍历，思考选择这个动作后到达的新位置。
            2. 再从这个位置出发，遍历'north', 'south', 'west', 'east'，然后判断指向那个方向后会不会到'wall',                 如果会的话就不选择那个方向；以及是否会回到上一个格子，如果会的话也不加到路径中。重复这个步骤5次，行程多组路径。
            3. 判断这两条条路径上是否存在ghosts
                如果存在一条路径没有ghosts，选择这条路径的第一步。
                否则选择ghosts出现得最晚的路径或者出现了食物的那一条路径。
            
            ===============
            下面给出一个示例：
            
            'layout_list': ['(0,0)=Wall,(1,0)=Wall,(2,0)=Wall,(3,0)=Wall,(4,0)=Wall,(5,0)=Wall,(6,0)=Wall', 
                            '(0,1)=Wall,(1,1)=Empty,(2,1)=Pacman,(3,1)=Empty,(4,1)=Empty,(5,1)=Empty,(6,1)=Wall', 
                            '(0,2)=Wall,(1,2)=Empty,(2,2)=Wall,(3,2)=Wall,(4,2)=Wall,(5,2)=Empty,(6,2)=Wall', 
                            '(0,3)=Wall,(1,3)=Empty,(2,3)=Wall,(3,3)=Food,(4,3)=Empty,(5,3)=Empty,(6,3)=Wall', 
                            '(0,4)=Wall,(1,4)=Empty,(2,4)=Wall,(3,4)=Wall,(4,4)=Wall,(5,4)=Empty,(6,4)=Wall', 
                            '(0,5)=Wall,(1,5)=Food,(2,5)=Empty,(3,5)=Ghost1,(4,5)=Empty,(5,5)=Empty,(6,5)=Wall', 
                            '(0,6)=Wall,(1,6)=Wall,(2,6)=Wall,(3,6)=Wall,(4,6)=Wall,(5,6)=Wall,(6,6)=Wall'], 
            'pacman_pos': [2, 1], 
            'ghost_pos': [[3, 5]], 
            'score': 0.0, 
            'food_count': 2, 
            'legal_actions': ['West', 'Stop', 'East']
            
            分析：
            目前的位置在 [2, 1]，合法的操作去掉'stop'后，是 'West'和'East'。
            那么有两条路径可选，
            路径一目前是: '[2, 1], [1, 1]' (执行West后到达新位置[1, 1])
            路径二目前是：'[2, 1], [3, 1]' (执行East后到达新位置[3, 1])
            
            走了一步之后，需要开始进入思路的第2步
            遍历'north', 'south', 'west', 'east'，
            针对路径一：
                - 'north' 'west'对应的位置是'wall'，不可选
                - 'east'对应的位置'[2, 1]'已经出现在了路径一中了，因此也不选
            故路径一新执行的action 应该是 'south'
            路径一更新为：'[2, 1], [1, 1], [1, 2]'
            同理，针对路径二：
                - 'north' 'south'对应的位置是'wall'，不可选
                - 'west'对应的位置'[2, 1]'已经出现在了路径一中了，因此也不选
            故路径二新执行的action 应该是 'east'
            路径二更新为：'[2, 1], [3, 1], [4, 2]'
            
            重复这个更新步骤5次，最后应该能得到
            路径一：'[2, 1], [1, 1], [1, 2], [1, 3], [1, 4], [1, 5], [2, 5]'
            路径二：'[2, 1], [3, 1], [4, 1], [5, 1], [5, 2], [5, 3], [4, 3]'
            路径三：'[2, 1], [3, 1], [4, 1], [5, 1], [5, 2], [5, 3], [4, 4]'
            注意到这里的路径三的来源是因为原始的路径二拓展到'[5, 3]'时，发现'west'和'south'都是可选动作，
            针对这种大于一个可选动作的情况，可以复制该路径，然后两条路径分别执行不同动作。
            
            那么开始判断三个路径谁最优了，首先三个路径上都没有ghost出现，因此三条都是可选的。
            其次在第一条路径中出现了食物，而路径二、三没有，因此优先选择路径一。
            结果应该输出'West'。
            
            ===============
            
            请你每次给出结果的时候认真进行逐步思考，如同我的样例一样。
            
        
输出最终行动，格式必须严格如下：<action>行动</action>。其中"行动"必须是以下之一: North, South, East, West, Stop
 例如：<action>North</action>
--- RESPONSE ---
好的，我们先来逐步分析当前游戏数据。  

---

**1. 解析当前状态**  

layout_list 转成网格（y 从 0 到 6，x 从 0 到 6）：  

```
(0,0) Wall   (1,0) Wall   (2,0) Wall   (3,0) Wall   (4,0) Wall   (5,0) Wall   (6,0) Wall  
(0,1) Wall   (1,1) Empty  (2,1) Empty  (3,1) Pacman (4,1) Empty  (5,1) Empty  (6,1) Wall  
(0,2) Wall   (1,2) Empty  (2,2) Wall   (3,2) Wall   (4,2) Wall   (5,2) Empty  (6,2) Wall  
(0,3) Wall   (1,3) Empty  (2,3) Wall   (3,3) Food   (4,3) Empty  (5,3) Empty  (6,3) Wall  
(0,4) Wall   (1,4) Ghost1 (2,4) Wall   (3,4) Wall   (4,4) Wall   (5,4) Empty  (6,4) Wall  
(0,5) Wall   (1,5) Food   (2,5) Empty  (3,5) Empty  (4,5) Empty  (5,5) Empty  (6,5) Wall  
(0,6) Wall   (1,6) Wall   (2,6) Wall   (3,6) Wall   (4,6) Wall   (5,6) Wall   (6,6) Wall  
```

pacman_pos: [3, 1]  
ghost_pos: [[1, 4]]  
legal_actions: ['West', 'Stop', 'East']  
去掉 Stop → 候选动作: West, East  

---

**2. 从每个合法动作出发，模拟 5 步扩展路径**  

**路径 A（先 West）**  
起点 [3,1] → West → [2,1]  

从 [2,1] 出发，四个方向：  
- North [2,0] = Wall → 不行  
- South [2,2] = Wall → 不行  
- West [1,1] = Empty，且不在路径中 → 可选  
- East [3,1] 已在路径中 → 不行  
所以下一步只能 West → [1,1]  

路径 A 目前: [3,1], [2,1], [1,1]  

从 [1,1] 出发：  
- North [1,0] = Wall  
- South [1,2] = Empty，不在路径中 → 可选  
- West [0,1] = Wall  
- East [2,1] 已在路径中  
所以只能 South → [1,2]  

路径 A: [3,1], [2,1], [1,1], [1,2]  

从 [1,2] 出发：  
- North [1,1] 已在路径中  
- South [1,3] = Empty，不在路径中 → 可选  
- West [0,2] = Wall  
- East [2,2] = Wall  
所以只能 South → [1,3]  

路径 A: [3,1], [2,1], [1,1], [1,2], [1,3]  

从 [1,3] 出发：  
- North [1,2] 已在路径中  
- South [1,4] = Ghost1 → 遇到鬼，但规则里是“判断路径上是否存在 ghosts”，如果遇到鬼，这条路径就危险。我们先记下遇到鬼的位置。  
- West [0,3] = Wall  
- East [2,3] = Wall  
所以只能 South → [1,4]（鬼）  

路径 A 最终（5步扩展后）：[3,1], [2,1], [1,1], [1,2], [1,3], [1,4]  
鬼出现在第 5 步（从起点算第 4 步移动后到达鬼）。  

---

**路径 B（先 East）**  
起点 [3,1] → East → [4,1]  

从 [4,1] 出发：  
- North [4,0] = Wall  
- South [4,2] = Wall  
- West [3,1] 已在路径中  
- East [5,1] = Empty，不在路径中 → 可选  
所以只能 East → [5,1]  

路径 B: [3,1], [4,1], [5,1]  

从 [5,1] 出发：  
- North [5,0] = Wall  
- South [5,2] = Empty，不在路径中 → 可选  
- West [4,1] 已在路径中  
- East [6,1] = Wall  
所以只能 South → [5,2]  

路径 B: [3,1], [4,1], [5,1], [5,2]  

从 [5,2] 出发：  
- North [5,1] 已在路径中  
- South [5,3] = Empty，不在路径中 → 可选  
- West [4,2] = Wall  
- East [6,2] = Wall  
所以只能 South → [5,3]  

路径 B: [3,1], [4,1], [5,1], [5,2], [5,3]  

从 [5,3] 出发：  
- North [5,2] 已在路径中  
- South [5,4] = Empty，不在路径中 → 可选  
- West [4,3] = Empty，不在路径中 → 可选（这里出现分支）  
- East [6,3] = Wall  

所以这里可以分两条子路径：  

**路径 B1**（选 West）  
[5,3] → West → [4,3]  
路径 B1: [3,1], [4,1], [5,1], [5,2], [5,3], [4,3]  

从 [4,3] 出发（如果需要再扩展一步，但题目说重复 5 次，我们已扩展 5 步移动？数一下：起点不算，第一步 East，第二步 East，第三步 South，第四步 South，第五步 West → 已 5 步移动，所以路径长度 6 个点，符合示例）  

**路径 B2**（选 South）  
[5,3] → South → [5,4]  
路径 B2: [3,1], [4,1], [5,1], [5,2], [5,3], [5,4]  

---

**3. 检查路径上是否有鬼**  

鬼在 [1,4]  
- 路径 A: 包含 [1,4] → 有鬼  
- 路径 B1: 不包含 [1,4] → 无鬼  
- 路径 B2: 不包含 [1,4] → 无鬼  

所以有两条路径无鬼：B1 和 B2。  

---

**4. 选择最优**  

规则：  
> 如果存在一条路径没有 ghosts，选择这条路径的第一步。  
> 否则选择 ghosts 出现得最晚的路径或者出现了食物的那一条路径。  

这里 B1 和 B2 都没有鬼，所以选它们的第一步（都是 East）。  

因此最终动作是 East。  

---

<action>East</action>
--- ACTION ---
East
------------------------------
