TIME: 2025-12-10 22:20:43.019417
--- FULL USER INPUT ---

        "*** YOUR PROMPT HERE ***" 
        你现在是一个操作顶尖的吃豆人。你有两个必须要完成的任务：
        
        *** 游戏目标（优先级从高到低） ***
            1. 需要避开不断追赶你的ghosts，与他保持一定的距离。
            2. 需要把所有的food吃完。
        
        这个是当前的游戏数据：'''{'layout_list': ['(0,0)=Wall,(1,0)=Wall,(2,0)=Wall,(3,0)=Wall,(4,0)=Wall,(5,0)=Wall,(6,0)=Wall', '(0,1)=Wall,(1,1)=Empty,(2,1)=Pacman,(3,1)=Empty,(4,1)=Empty,(5,1)=Empty,(6,1)=Wall', '(0,2)=Wall,(1,2)=Empty,(2,2)=Wall,(3,2)=Wall,(4,2)=Wall,(5,2)=Empty,(6,2)=Wall', '(0,3)=Wall,(1,3)=Empty,(2,3)=Wall,(3,3)=Food,(4,3)=Empty,(5,3)=Empty,(6,3)=Wall', '(0,4)=Wall,(1,4)=Empty,(2,4)=Wall,(3,4)=Wall,(4,4)=Wall,(5,4)=Empty,(6,4)=Wall', '(0,5)=Wall,(1,5)=Food,(2,5)=Empty,(3,5)=Ghost1,(4,5)=Empty,(5,5)=Empty,(6,5)=Wall', '(0,6)=Wall,(1,6)=Wall,(2,6)=Wall,(3,6)=Wall,(4,6)=Wall,(5,6)=Wall,(6,6)=Wall'], 'pacman_pos': [2, 1], 'ghost_pos': [[3, 5]], 'score': 0.0, 'food_count': 2, 'legal_actions': ['West', 'Stop', 'East']}'''
        
        *** 数据解析 ***
        其中：
            1. layout_list: (List of Strings) ["(0,0)=Wall", "(1,0)=Pacman"...]
                - wall 是墙壁，不能通过这里
                - Pacman 是你所在的位置
            2. pacman_pos: (List of Integers) [x, y]
                - 表明你当前的位置
            3. ghost_pos: (List of Lists) [[x, y], [x, y]]
                - 表明ghost的位置，你需要尽可能避开它
            4. score: (Integer)
                - 当前的分数，你需要尽可能提高这个分数
            5. food_count: (Integer)
                - 地图中的食物数量，你需要获取所有的食物
            6. legal_actions: (List of Strings) ['North', 'South', ...]
                - 合法的操作。请注意绝大多数情况，不会选择'stop'，你可以理解为把'stop'移除。
        *** 坐标系说明 ***
        'North' 使 y 减小, 'South' 使 y 增大, 'West' 使 x 减小, 'East' 使 x 增大。

        *** 决策思路（必须严格遵守以下步骤） ***

        1. **动作过滤与路径模拟**：
            a. 遍历 'legal_actions' 中所有非 'Stop' 的动作。
            b. 对于每个动作 $A$，计算出Pacman的新位置P'。
            c. **致命安全检查（最高优先级）**：
                i. 如果 P' 恰好是任何一个 'ghost_pos'，则该动作无效，立即忽略。
                ii. 模拟Ghost下一步所有可能的合法位置 $G'$。如果 P' 与任何 $G'$ 重叠，该动作无效，立即忽略。
            d. **路径前瞻分析**：对于每个通过安全检查的动作 $A$，从 $P'$ 开始，模拟 BFS 路径延伸（深度应覆盖到地图边缘，例如最大 10 步），**并严格执行不走回头路的路径约束**。

        2. **路径指标提取**：
            对于每个动作 $A$（及其路径）：
            a. **D_ghost_first_step**：计算路径中**首次**遇到任何 Ghost 位置所需的最小步数。如果直到路径终点都没有遇到 Ghost，则将步数设为地图总格子数 (例如，设为 999)。
            b. **D_food_first_step**：计算路径中**首次**遇到任何 Food 位置所需的最小步数。如果直到路径终点都没有遇到 Food，则将步数设为地图总格子数 (例如，设为 999)。
            c. **D_path_safety_check**：该路径是否进入一个**无法脱身**的死胡同（路径无法延伸超过 N 步）。（此项用于额外的平局判断，如果非必需可省略）。

        3. **最终优先级选择**：
            a. **首要标准：生存**：选择 D_ghost_first_step **最大**的动作。
            b. **次要标准：目标**：如果 D_ghost_first_step 有平局，则在平局者中选择 D_food_first_step **最小**的动作。

        4. **无路可走**：
            a. 如果没有通过安全检查的动作，最终选择 'Stop'。
        
输出最终行动，格式必须严格如下：<action>行动</action>。其中"行动"必须是以下之一: North, South, East, West, Stop
 例如：<action>North</action>
--- RESPONSE ---
<action>West</action>
--- ACTION ---
West
------------------------------
TIME: 2025-12-10 22:20:43.407334
--- FULL USER INPUT ---

        "*** YOUR PROMPT HERE ***" 
        你现在是一个操作顶尖的吃豆人。你有两个必须要完成的任务：
        
        *** 游戏目标（优先级从高到低） ***
            1. 需要避开不断追赶你的ghosts，与他保持一定的距离。
            2. 需要把所有的food吃完。
        
        这个是当前的游戏数据：'''{'layout_list': ['(0,0)=Wall,(1,0)=Wall,(2,0)=Wall,(3,0)=Wall,(4,0)=Wall,(5,0)=Wall,(6,0)=Wall', '(0,1)=Wall,(1,1)=Pacman,(2,1)=Empty,(3,1)=Empty,(4,1)=Empty,(5,1)=Empty,(6,1)=Wall', '(0,2)=Wall,(1,2)=Empty,(2,2)=Wall,(3,2)=Wall,(4,2)=Wall,(5,2)=Empty,(6,2)=Wall', '(0,3)=Wall,(1,3)=Empty,(2,3)=Wall,(3,3)=Food,(4,3)=Empty,(5,3)=Empty,(6,3)=Wall', '(0,4)=Wall,(1,4)=Empty,(2,4)=Wall,(3,4)=Wall,(4,4)=Wall,(5,4)=Empty,(6,4)=Wall', '(0,5)=Wall,(1,5)=Food,(2,5)=Ghost1,(3,5)=Empty,(4,5)=Empty,(5,5)=Empty,(6,5)=Wall', '(0,6)=Wall,(1,6)=Wall,(2,6)=Wall,(3,6)=Wall,(4,6)=Wall,(5,6)=Wall,(6,6)=Wall'], 'pacman_pos': [1, 1], 'ghost_pos': [[2, 5]], 'score': -1.0, 'food_count': 2, 'legal_actions': ['Stop', 'East', 'South']}'''
        
        *** 数据解析 ***
        其中：
            1. layout_list: (List of Strings) ["(0,0)=Wall", "(1,0)=Pacman"...]
                - wall 是墙壁，不能通过这里
                - Pacman 是你所在的位置
            2. pacman_pos: (List of Integers) [x, y]
                - 表明你当前的位置
            3. ghost_pos: (List of Lists) [[x, y], [x, y]]
                - 表明ghost的位置，你需要尽可能避开它
            4. score: (Integer)
                - 当前的分数，你需要尽可能提高这个分数
            5. food_count: (Integer)
                - 地图中的食物数量，你需要获取所有的食物
            6. legal_actions: (List of Strings) ['North', 'South', ...]
                - 合法的操作。请注意绝大多数情况，不会选择'stop'，你可以理解为把'stop'移除。
        *** 坐标系说明 ***
        'North' 使 y 减小, 'South' 使 y 增大, 'West' 使 x 减小, 'East' 使 x 增大。

        *** 决策思路（必须严格遵守以下步骤） ***

        1. **动作过滤与路径模拟**：
            a. 遍历 'legal_actions' 中所有非 'Stop' 的动作。
            b. 对于每个动作 $A$，计算出Pacman的新位置P'。
            c. **致命安全检查（最高优先级）**：
                i. 如果 P' 恰好是任何一个 'ghost_pos'，则该动作无效，立即忽略。
                ii. 模拟Ghost下一步所有可能的合法位置 $G'$。如果 P' 与任何 $G'$ 重叠，该动作无效，立即忽略。
            d. **路径前瞻分析**：对于每个通过安全检查的动作 $A$，从 $P'$ 开始，模拟 BFS 路径延伸（深度应覆盖到地图边缘，例如最大 10 步），**并严格执行不走回头路的路径约束**。

        2. **路径指标提取**：
            对于每个动作 $A$（及其路径）：
            a. **D_ghost_first_step**：计算路径中**首次**遇到任何 Ghost 位置所需的最小步数。如果直到路径终点都没有遇到 Ghost，则将步数设为地图总格子数 (例如，设为 999)。
            b. **D_food_first_step**：计算路径中**首次**遇到任何 Food 位置所需的最小步数。如果直到路径终点都没有遇到 Food，则将步数设为地图总格子数 (例如，设为 999)。
            c. **D_path_safety_check**：该路径是否进入一个**无法脱身**的死胡同（路径无法延伸超过 N 步）。（此项用于额外的平局判断，如果非必需可省略）。

        3. **最终优先级选择**：
            a. **首要标准：生存**：选择 D_ghost_first_step **最大**的动作。
            b. **次要标准：目标**：如果 D_ghost_first_step 有平局，则在平局者中选择 D_food_first_step **最小**的动作。

        4. **无路可走**：
            a. 如果没有通过安全检查的动作，最终选择 'Stop'。
        
输出最终行动，格式必须严格如下：<action>行动</action>。其中"行动"必须是以下之一: North, South, East, West, Stop
 例如：<action>North</action>
--- RESPONSE ---
<action>East</action>
--- ACTION ---
East
------------------------------
TIME: 2025-12-10 22:20:43.815982
--- FULL USER INPUT ---

        "*** YOUR PROMPT HERE ***" 
        你现在是一个操作顶尖的吃豆人。你有两个必须要完成的任务：
        
        *** 游戏目标（优先级从高到低） ***
            1. 需要避开不断追赶你的ghosts，与他保持一定的距离。
            2. 需要把所有的food吃完。
        
        这个是当前的游戏数据：'''{'layout_list': ['(0,0)=Wall,(1,0)=Wall,(2,0)=Wall,(3,0)=Wall,(4,0)=Wall,(5,0)=Wall,(6,0)=Wall', '(0,1)=Wall,(1,1)=Empty,(2,1)=Pacman,(3,1)=Empty,(4,1)=Empty,(5,1)=Empty,(6,1)=Wall', '(0,2)=Wall,(1,2)=Empty,(2,2)=Wall,(3,2)=Wall,(4,2)=Wall,(5,2)=Empty,(6,2)=Wall', '(0,3)=Wall,(1,3)=Empty,(2,3)=Wall,(3,3)=Food,(4,3)=Empty,(5,3)=Empty,(6,3)=Wall', '(0,4)=Wall,(1,4)=Empty,(2,4)=Wall,(3,4)=Wall,(4,4)=Wall,(5,4)=Empty,(6,4)=Wall', '(0,5)=Wall,(1,5)=Ghost1,(2,5)=Empty,(3,5)=Empty,(4,5)=Empty,(5,5)=Empty,(6,5)=Wall', '(0,6)=Wall,(1,6)=Wall,(2,6)=Wall,(3,6)=Wall,(4,6)=Wall,(5,6)=Wall,(6,6)=Wall'], 'pacman_pos': [2, 1], 'ghost_pos': [[1, 5]], 'score': -2.0, 'food_count': 2, 'legal_actions': ['West', 'Stop', 'East']}'''
        
        *** 数据解析 ***
        其中：
            1. layout_list: (List of Strings) ["(0,0)=Wall", "(1,0)=Pacman"...]
                - wall 是墙壁，不能通过这里
                - Pacman 是你所在的位置
            2. pacman_pos: (List of Integers) [x, y]
                - 表明你当前的位置
            3. ghost_pos: (List of Lists) [[x, y], [x, y]]
                - 表明ghost的位置，你需要尽可能避开它
            4. score: (Integer)
                - 当前的分数，你需要尽可能提高这个分数
            5. food_count: (Integer)
                - 地图中的食物数量，你需要获取所有的食物
            6. legal_actions: (List of Strings) ['North', 'South', ...]
                - 合法的操作。请注意绝大多数情况，不会选择'stop'，你可以理解为把'stop'移除。
        *** 坐标系说明 ***
        'North' 使 y 减小, 'South' 使 y 增大, 'West' 使 x 减小, 'East' 使 x 增大。

        *** 决策思路（必须严格遵守以下步骤） ***

        1. **动作过滤与路径模拟**：
            a. 遍历 'legal_actions' 中所有非 'Stop' 的动作。
            b. 对于每个动作 $A$，计算出Pacman的新位置P'。
            c. **致命安全检查（最高优先级）**：
                i. 如果 P' 恰好是任何一个 'ghost_pos'，则该动作无效，立即忽略。
                ii. 模拟Ghost下一步所有可能的合法位置 $G'$。如果 P' 与任何 $G'$ 重叠，该动作无效，立即忽略。
            d. **路径前瞻分析**：对于每个通过安全检查的动作 $A$，从 $P'$ 开始，模拟 BFS 路径延伸（深度应覆盖到地图边缘，例如最大 10 步），**并严格执行不走回头路的路径约束**。

        2. **路径指标提取**：
            对于每个动作 $A$（及其路径）：
            a. **D_ghost_first_step**：计算路径中**首次**遇到任何 Ghost 位置所需的最小步数。如果直到路径终点都没有遇到 Ghost，则将步数设为地图总格子数 (例如，设为 999)。
            b. **D_food_first_step**：计算路径中**首次**遇到任何 Food 位置所需的最小步数。如果直到路径终点都没有遇到 Food，则将步数设为地图总格子数 (例如，设为 999)。
            c. **D_path_safety_check**：该路径是否进入一个**无法脱身**的死胡同（路径无法延伸超过 N 步）。（此项用于额外的平局判断，如果非必需可省略）。

        3. **最终优先级选择**：
            a. **首要标准：生存**：选择 D_ghost_first_step **最大**的动作。
            b. **次要标准：目标**：如果 D_ghost_first_step 有平局，则在平局者中选择 D_food_first_step **最小**的动作。

        4. **无路可走**：
            a. 如果没有通过安全检查的动作，最终选择 'Stop'。
        
输出最终行动，格式必须严格如下：<action>行动</action>。其中"行动"必须是以下之一: North, South, East, West, Stop
 例如：<action>North</action>
--- RESPONSE ---
<action>West</action>
--- ACTION ---
West
------------------------------
TIME: 2025-12-10 22:20:44.219263
--- FULL USER INPUT ---

        "*** YOUR PROMPT HERE ***" 
        你现在是一个操作顶尖的吃豆人。你有两个必须要完成的任务：
        
        *** 游戏目标（优先级从高到低） ***
            1. 需要避开不断追赶你的ghosts，与他保持一定的距离。
            2. 需要把所有的food吃完。
        
        这个是当前的游戏数据：'''{'layout_list': ['(0,0)=Wall,(1,0)=Wall,(2,0)=Wall,(3,0)=Wall,(4,0)=Wall,(5,0)=Wall,(6,0)=Wall', '(0,1)=Wall,(1,1)=Pacman,(2,1)=Empty,(3,1)=Empty,(4,1)=Empty,(5,1)=Empty,(6,1)=Wall', '(0,2)=Wall,(1,2)=Empty,(2,2)=Wall,(3,2)=Wall,(4,2)=Wall,(5,2)=Empty,(6,2)=Wall', '(0,3)=Wall,(1,3)=Empty,(2,3)=Wall,(3,3)=Food,(4,3)=Empty,(5,3)=Empty,(6,3)=Wall', '(0,4)=Wall,(1,4)=Ghost1,(2,4)=Wall,(3,4)=Wall,(4,4)=Wall,(5,4)=Empty,(6,4)=Wall', '(0,5)=Wall,(1,5)=Food,(2,5)=Empty,(3,5)=Empty,(4,5)=Empty,(5,5)=Empty,(6,5)=Wall', '(0,6)=Wall,(1,6)=Wall,(2,6)=Wall,(3,6)=Wall,(4,6)=Wall,(5,6)=Wall,(6,6)=Wall'], 'pacman_pos': [1, 1], 'ghost_pos': [[1, 4]], 'score': -3.0, 'food_count': 2, 'legal_actions': ['Stop', 'East', 'South']}'''
        
        *** 数据解析 ***
        其中：
            1. layout_list: (List of Strings) ["(0,0)=Wall", "(1,0)=Pacman"...]
                - wall 是墙壁，不能通过这里
                - Pacman 是你所在的位置
            2. pacman_pos: (List of Integers) [x, y]
                - 表明你当前的位置
            3. ghost_pos: (List of Lists) [[x, y], [x, y]]
                - 表明ghost的位置，你需要尽可能避开它
            4. score: (Integer)
                - 当前的分数，你需要尽可能提高这个分数
            5. food_count: (Integer)
                - 地图中的食物数量，你需要获取所有的食物
            6. legal_actions: (List of Strings) ['North', 'South', ...]
                - 合法的操作。请注意绝大多数情况，不会选择'stop'，你可以理解为把'stop'移除。
        *** 坐标系说明 ***
        'North' 使 y 减小, 'South' 使 y 增大, 'West' 使 x 减小, 'East' 使 x 增大。

        *** 决策思路（必须严格遵守以下步骤） ***

        1. **动作过滤与路径模拟**：
            a. 遍历 'legal_actions' 中所有非 'Stop' 的动作。
            b. 对于每个动作 $A$，计算出Pacman的新位置P'。
            c. **致命安全检查（最高优先级）**：
                i. 如果 P' 恰好是任何一个 'ghost_pos'，则该动作无效，立即忽略。
                ii. 模拟Ghost下一步所有可能的合法位置 $G'$。如果 P' 与任何 $G'$ 重叠，该动作无效，立即忽略。
            d. **路径前瞻分析**：对于每个通过安全检查的动作 $A$，从 $P'$ 开始，模拟 BFS 路径延伸（深度应覆盖到地图边缘，例如最大 10 步），**并严格执行不走回头路的路径约束**。

        2. **路径指标提取**：
            对于每个动作 $A$（及其路径）：
            a. **D_ghost_first_step**：计算路径中**首次**遇到任何 Ghost 位置所需的最小步数。如果直到路径终点都没有遇到 Ghost，则将步数设为地图总格子数 (例如，设为 999)。
            b. **D_food_first_step**：计算路径中**首次**遇到任何 Food 位置所需的最小步数。如果直到路径终点都没有遇到 Food，则将步数设为地图总格子数 (例如，设为 999)。
            c. **D_path_safety_check**：该路径是否进入一个**无法脱身**的死胡同（路径无法延伸超过 N 步）。（此项用于额外的平局判断，如果非必需可省略）。

        3. **最终优先级选择**：
            a. **首要标准：生存**：选择 D_ghost_first_step **最大**的动作。
            b. **次要标准：目标**：如果 D_ghost_first_step 有平局，则在平局者中选择 D_food_first_step **最小**的动作。

        4. **无路可走**：
            a. 如果没有通过安全检查的动作，最终选择 'Stop'。
        
输出最终行动，格式必须严格如下：<action>行动</action>。其中"行动"必须是以下之一: North, South, East, West, Stop
 例如：<action>North</action>
--- RESPONSE ---
<action>East</action>
--- ACTION ---
East
------------------------------
TIME: 2025-12-10 22:20:44.676189
--- FULL USER INPUT ---

        "*** YOUR PROMPT HERE ***" 
        你现在是一个操作顶尖的吃豆人。你有两个必须要完成的任务：
        
        *** 游戏目标（优先级从高到低） ***
            1. 需要避开不断追赶你的ghosts，与他保持一定的距离。
            2. 需要把所有的food吃完。
        
        这个是当前的游戏数据：'''{'layout_list': ['(0,0)=Wall,(1,0)=Wall,(2,0)=Wall,(3,0)=Wall,(4,0)=Wall,(5,0)=Wall,(6,0)=Wall', '(0,1)=Wall,(1,1)=Empty,(2,1)=Pacman,(3,1)=Empty,(4,1)=Empty,(5,1)=Empty,(6,1)=Wall', '(0,2)=Wall,(1,2)=Empty,(2,2)=Wall,(3,2)=Wall,(4,2)=Wall,(5,2)=Empty,(6,2)=Wall', '(0,3)=Wall,(1,3)=Ghost1,(2,3)=Wall,(3,3)=Food,(4,3)=Empty,(5,3)=Empty,(6,3)=Wall', '(0,4)=Wall,(1,4)=Empty,(2,4)=Wall,(3,4)=Wall,(4,4)=Wall,(5,4)=Empty,(6,4)=Wall', '(0,5)=Wall,(1,5)=Food,(2,5)=Empty,(3,5)=Empty,(4,5)=Empty,(5,5)=Empty,(6,5)=Wall', '(0,6)=Wall,(1,6)=Wall,(2,6)=Wall,(3,6)=Wall,(4,6)=Wall,(5,6)=Wall,(6,6)=Wall'], 'pacman_pos': [2, 1], 'ghost_pos': [[1, 3]], 'score': -4.0, 'food_count': 2, 'legal_actions': ['West', 'Stop', 'East']}'''
        
        *** 数据解析 ***
        其中：
            1. layout_list: (List of Strings) ["(0,0)=Wall", "(1,0)=Pacman"...]
                - wall 是墙壁，不能通过这里
                - Pacman 是你所在的位置
            2. pacman_pos: (List of Integers) [x, y]
                - 表明你当前的位置
            3. ghost_pos: (List of Lists) [[x, y], [x, y]]
                - 表明ghost的位置，你需要尽可能避开它
            4. score: (Integer)
                - 当前的分数，你需要尽可能提高这个分数
            5. food_count: (Integer)
                - 地图中的食物数量，你需要获取所有的食物
            6. legal_actions: (List of Strings) ['North', 'South', ...]
                - 合法的操作。请注意绝大多数情况，不会选择'stop'，你可以理解为把'stop'移除。
        *** 坐标系说明 ***
        'North' 使 y 减小, 'South' 使 y 增大, 'West' 使 x 减小, 'East' 使 x 增大。

        *** 决策思路（必须严格遵守以下步骤） ***

        1. **动作过滤与路径模拟**：
            a. 遍历 'legal_actions' 中所有非 'Stop' 的动作。
            b. 对于每个动作 $A$，计算出Pacman的新位置P'。
            c. **致命安全检查（最高优先级）**：
                i. 如果 P' 恰好是任何一个 'ghost_pos'，则该动作无效，立即忽略。
                ii. 模拟Ghost下一步所有可能的合法位置 $G'$。如果 P' 与任何 $G'$ 重叠，该动作无效，立即忽略。
            d. **路径前瞻分析**：对于每个通过安全检查的动作 $A$，从 $P'$ 开始，模拟 BFS 路径延伸（深度应覆盖到地图边缘，例如最大 10 步），**并严格执行不走回头路的路径约束**。

        2. **路径指标提取**：
            对于每个动作 $A$（及其路径）：
            a. **D_ghost_first_step**：计算路径中**首次**遇到任何 Ghost 位置所需的最小步数。如果直到路径终点都没有遇到 Ghost，则将步数设为地图总格子数 (例如，设为 999)。
            b. **D_food_first_step**：计算路径中**首次**遇到任何 Food 位置所需的最小步数。如果直到路径终点都没有遇到 Food，则将步数设为地图总格子数 (例如，设为 999)。
            c. **D_path_safety_check**：该路径是否进入一个**无法脱身**的死胡同（路径无法延伸超过 N 步）。（此项用于额外的平局判断，如果非必需可省略）。

        3. **最终优先级选择**：
            a. **首要标准：生存**：选择 D_ghost_first_step **最大**的动作。
            b. **次要标准：目标**：如果 D_ghost_first_step 有平局，则在平局者中选择 D_food_first_step **最小**的动作。

        4. **无路可走**：
            a. 如果没有通过安全检查的动作，最终选择 'Stop'。
        
输出最终行动，格式必须严格如下：<action>行动</action>。其中"行动"必须是以下之一: North, South, East, West, Stop
 例如：<action>North</action>
--- RESPONSE ---
<action>West</action>
--- ACTION ---
West
------------------------------
TIME: 2025-12-10 22:20:45.068452
--- FULL USER INPUT ---

        "*** YOUR PROMPT HERE ***" 
        你现在是一个操作顶尖的吃豆人。你有两个必须要完成的任务：
        
        *** 游戏目标（优先级从高到低） ***
            1. 需要避开不断追赶你的ghosts，与他保持一定的距离。
            2. 需要把所有的food吃完。
        
        这个是当前的游戏数据：'''{'layout_list': ['(0,0)=Wall,(1,0)=Wall,(2,0)=Wall,(3,0)=Wall,(4,0)=Wall,(5,0)=Wall,(6,0)=Wall', '(0,1)=Wall,(1,1)=Pacman,(2,1)=Empty,(3,1)=Empty,(4,1)=Empty,(5,1)=Empty,(6,1)=Wall', '(0,2)=Wall,(1,2)=Ghost1,(2,2)=Wall,(3,2)=Wall,(4,2)=Wall,(5,2)=Empty,(6,2)=Wall', '(0,3)=Wall,(1,3)=Empty,(2,3)=Wall,(3,3)=Food,(4,3)=Empty,(5,3)=Empty,(6,3)=Wall', '(0,4)=Wall,(1,4)=Empty,(2,4)=Wall,(3,4)=Wall,(4,4)=Wall,(5,4)=Empty,(6,4)=Wall', '(0,5)=Wall,(1,5)=Food,(2,5)=Empty,(3,5)=Empty,(4,5)=Empty,(5,5)=Empty,(6,5)=Wall', '(0,6)=Wall,(1,6)=Wall,(2,6)=Wall,(3,6)=Wall,(4,6)=Wall,(5,6)=Wall,(6,6)=Wall'], 'pacman_pos': [1, 1], 'ghost_pos': [[1, 2]], 'score': -5.0, 'food_count': 2, 'legal_actions': ['Stop', 'East', 'South']}'''
        
        *** 数据解析 ***
        其中：
            1. layout_list: (List of Strings) ["(0,0)=Wall", "(1,0)=Pacman"...]
                - wall 是墙壁，不能通过这里
                - Pacman 是你所在的位置
            2. pacman_pos: (List of Integers) [x, y]
                - 表明你当前的位置
            3. ghost_pos: (List of Lists) [[x, y], [x, y]]
                - 表明ghost的位置，你需要尽可能避开它
            4. score: (Integer)
                - 当前的分数，你需要尽可能提高这个分数
            5. food_count: (Integer)
                - 地图中的食物数量，你需要获取所有的食物
            6. legal_actions: (List of Strings) ['North', 'South', ...]
                - 合法的操作。请注意绝大多数情况，不会选择'stop'，你可以理解为把'stop'移除。
        *** 坐标系说明 ***
        'North' 使 y 减小, 'South' 使 y 增大, 'West' 使 x 减小, 'East' 使 x 增大。

        *** 决策思路（必须严格遵守以下步骤） ***

        1. **动作过滤与路径模拟**：
            a. 遍历 'legal_actions' 中所有非 'Stop' 的动作。
            b. 对于每个动作 $A$，计算出Pacman的新位置P'。
            c. **致命安全检查（最高优先级）**：
                i. 如果 P' 恰好是任何一个 'ghost_pos'，则该动作无效，立即忽略。
                ii. 模拟Ghost下一步所有可能的合法位置 $G'$。如果 P' 与任何 $G'$ 重叠，该动作无效，立即忽略。
            d. **路径前瞻分析**：对于每个通过安全检查的动作 $A$，从 $P'$ 开始，模拟 BFS 路径延伸（深度应覆盖到地图边缘，例如最大 10 步），**并严格执行不走回头路的路径约束**。

        2. **路径指标提取**：
            对于每个动作 $A$（及其路径）：
            a. **D_ghost_first_step**：计算路径中**首次**遇到任何 Ghost 位置所需的最小步数。如果直到路径终点都没有遇到 Ghost，则将步数设为地图总格子数 (例如，设为 999)。
            b. **D_food_first_step**：计算路径中**首次**遇到任何 Food 位置所需的最小步数。如果直到路径终点都没有遇到 Food，则将步数设为地图总格子数 (例如，设为 999)。
            c. **D_path_safety_check**：该路径是否进入一个**无法脱身**的死胡同（路径无法延伸超过 N 步）。（此项用于额外的平局判断，如果非必需可省略）。

        3. **最终优先级选择**：
            a. **首要标准：生存**：选择 D_ghost_first_step **最大**的动作。
            b. **次要标准：目标**：如果 D_ghost_first_step 有平局，则在平局者中选择 D_food_first_step **最小**的动作。

        4. **无路可走**：
            a. 如果没有通过安全检查的动作，最终选择 'Stop'。
        
输出最终行动，格式必须严格如下：<action>行动</action>。其中"行动"必须是以下之一: North, South, East, West, Stop
 例如：<action>North</action>
--- RESPONSE ---
<action>East</action>
--- ACTION ---
East
------------------------------
TIME: 2025-12-10 22:20:45.565326
--- FULL USER INPUT ---

        "*** YOUR PROMPT HERE ***" 
        你现在是一个操作顶尖的吃豆人。你有两个必须要完成的任务：
        
        *** 游戏目标（优先级从高到低） ***
            1. 需要避开不断追赶你的ghosts，与他保持一定的距离。
            2. 需要把所有的food吃完。
        
        这个是当前的游戏数据：'''{'layout_list': ['(0,0)=Wall,(1,0)=Wall,(2,0)=Wall,(3,0)=Wall,(4,0)=Wall,(5,0)=Wall,(6,0)=Wall', '(0,1)=Wall,(1,1)=Ghost1,(2,1)=Pacman,(3,1)=Empty,(4,1)=Empty,(5,1)=Empty,(6,1)=Wall', '(0,2)=Wall,(1,2)=Empty,(2,2)=Wall,(3,2)=Wall,(4,2)=Wall,(5,2)=Empty,(6,2)=Wall', '(0,3)=Wall,(1,3)=Empty,(2,3)=Wall,(3,3)=Food,(4,3)=Empty,(5,3)=Empty,(6,3)=Wall', '(0,4)=Wall,(1,4)=Empty,(2,4)=Wall,(3,4)=Wall,(4,4)=Wall,(5,4)=Empty,(6,4)=Wall', '(0,5)=Wall,(1,5)=Food,(2,5)=Empty,(3,5)=Empty,(4,5)=Empty,(5,5)=Empty,(6,5)=Wall', '(0,6)=Wall,(1,6)=Wall,(2,6)=Wall,(3,6)=Wall,(4,6)=Wall,(5,6)=Wall,(6,6)=Wall'], 'pacman_pos': [2, 1], 'ghost_pos': [[1, 1]], 'score': -6.0, 'food_count': 2, 'legal_actions': ['West', 'Stop', 'East']}'''
        
        *** 数据解析 ***
        其中：
            1. layout_list: (List of Strings) ["(0,0)=Wall", "(1,0)=Pacman"...]
                - wall 是墙壁，不能通过这里
                - Pacman 是你所在的位置
            2. pacman_pos: (List of Integers) [x, y]
                - 表明你当前的位置
            3. ghost_pos: (List of Lists) [[x, y], [x, y]]
                - 表明ghost的位置，你需要尽可能避开它
            4. score: (Integer)
                - 当前的分数，你需要尽可能提高这个分数
            5. food_count: (Integer)
                - 地图中的食物数量，你需要获取所有的食物
            6. legal_actions: (List of Strings) ['North', 'South', ...]
                - 合法的操作。请注意绝大多数情况，不会选择'stop'，你可以理解为把'stop'移除。
        *** 坐标系说明 ***
        'North' 使 y 减小, 'South' 使 y 增大, 'West' 使 x 减小, 'East' 使 x 增大。

        *** 决策思路（必须严格遵守以下步骤） ***

        1. **动作过滤与路径模拟**：
            a. 遍历 'legal_actions' 中所有非 'Stop' 的动作。
            b. 对于每个动作 $A$，计算出Pacman的新位置P'。
            c. **致命安全检查（最高优先级）**：
                i. 如果 P' 恰好是任何一个 'ghost_pos'，则该动作无效，立即忽略。
                ii. 模拟Ghost下一步所有可能的合法位置 $G'$。如果 P' 与任何 $G'$ 重叠，该动作无效，立即忽略。
            d. **路径前瞻分析**：对于每个通过安全检查的动作 $A$，从 $P'$ 开始，模拟 BFS 路径延伸（深度应覆盖到地图边缘，例如最大 10 步），**并严格执行不走回头路的路径约束**。

        2. **路径指标提取**：
            对于每个动作 $A$（及其路径）：
            a. **D_ghost_first_step**：计算路径中**首次**遇到任何 Ghost 位置所需的最小步数。如果直到路径终点都没有遇到 Ghost，则将步数设为地图总格子数 (例如，设为 999)。
            b. **D_food_first_step**：计算路径中**首次**遇到任何 Food 位置所需的最小步数。如果直到路径终点都没有遇到 Food，则将步数设为地图总格子数 (例如，设为 999)。
            c. **D_path_safety_check**：该路径是否进入一个**无法脱身**的死胡同（路径无法延伸超过 N 步）。（此项用于额外的平局判断，如果非必需可省略）。

        3. **最终优先级选择**：
            a. **首要标准：生存**：选择 D_ghost_first_step **最大**的动作。
            b. **次要标准：目标**：如果 D_ghost_first_step 有平局，则在平局者中选择 D_food_first_step **最小**的动作。

        4. **无路可走**：
            a. 如果没有通过安全检查的动作，最终选择 'Stop'。
        
输出最终行动，格式必须严格如下：<action>行动</action>。其中"行动"必须是以下之一: North, South, East, West, Stop
 例如：<action>North</action>
--- RESPONSE ---
<action>West</action>
--- ACTION ---
West
------------------------------
