TIME: 2025-12-03 17:46:18.611077
--- FULL USER INPUT ---

        "*** YOUR PROMPT HERE ***" 
        你现在是一个吃豆人。你要在避开ghosts的前提下，吃掉图中的所有食物。
        游戏中的ghosts是会移动的，因此你需要尽量远离他
        这个是当前的游戏数据：
        {'layout_list': ['(0,0)=Wall,(1,0)=Wall,(2,0)=Wall,(3,0)=Wall,(4,0)=Wall,(5,0)=Wall,(6,0)=Wall', '(0,1)=Wall,(1,1)=Empty,(2,1)=Pacman,(3,1)=Empty,(4,1)=Empty,(5,1)=Empty,(6,1)=Wall', '(0,2)=Wall,(1,2)=Empty,(2,2)=Wall,(3,2)=Wall,(4,2)=Wall,(5,2)=Empty,(6,2)=Wall', '(0,3)=Wall,(1,3)=Empty,(2,3)=Wall,(3,3)=Food,(4,3)=Empty,(5,3)=Empty,(6,3)=Wall', '(0,4)=Wall,(1,4)=Empty,(2,4)=Wall,(3,4)=Wall,(4,4)=Wall,(5,4)=Empty,(6,4)=Wall', '(0,5)=Wall,(1,5)=Food,(2,5)=Empty,(3,5)=Ghost1,(4,5)=Empty,(5,5)=Empty,(6,5)=Wall', '(0,6)=Wall,(1,6)=Wall,(2,6)=Wall,(3,6)=Wall,(4,6)=Wall,(5,6)=Wall,(6,6)=Wall'], 'pacman_pos': [2, 1], 'ghost_pos': [[3, 5]], 'score': 0.0, 'food_count': 2, 'legal_actions': ['West', 'Stop', 'East']}
        1. layout_list: (List of Strings) ["(0,0)=Wall", "(1,0)=Pacman"...]
        2. pacman_pos: (List of Integers) [x, y]
        3. ghost_pos: (List of Lists) [[x, y], [x, y]]
        4. score: (Integer)
        5. food_count: (Integer)
        6. legal_actions: (List of Strings) ['North', 'South', ...]
        你的思路应该是
        1. 找出两条能经过所有食物的路径
        2. 判断这两条条路径上是否存在ghosts
            - 如果有，判断ghosts是否在三步以内
                - 如果是，放弃这条路径
            - 如果没有，则按这条路经走第一步。
        请逐步推理，再给出最终答案，你的答案只能是第一步。
        然后在给出答案前，请对答案进行检验，确定不会碰到ghosts
        好的请遵守游戏规则，并且牢记你的两个目标，完成任务吧。
        
输出最终行动，格式必须严格如下：<action>行动</action>。其中"行动"必须是以下之一: North, South, East, West, Stop
 例如：<action>North</action>
--- RESPONSE ---
### 1. 分析当前游戏数据
- **Pacman 的位置**：[2, 1]
- **Ghost 的位置**：[[3, 5]]
- **食物的位置**：
  - (1, 5) → Food
  - (3, 3) → Food
- **legal_actions**：['West', 'Stop', 'East']

### 2. 找出能经过所有食物的路径
从 Pacman 的当前位置 [2, 1] 出发，需要找到一条路径，可以到达两个食物点 (1, 5) 和 (3, 3)，同时避开 Ghost。

#### 路径一：
- [2, 1] → [1, 1]（向西）
- [1, 1] → [1, 2]（向北）
- [1, 2] → [1, 3]（向北）
- [1, 3] → [1, 4]（向北）
- [1, 4] → [1, 5]（向北）→ 到达第一个食物点 (1, 5)
- [1, 5] → [2, 5]（向东）
- [2, 5] → [3, 5]（向东）→ 这里是 Ghost 的位置，不能走

所以这条路径不可行。

#### 路径二：
- [2, 1] → [3, 1]（向东）
- [3, 1] → [3, 2]（向北）→ 墙壁，不能走
- [3, 1] → [2, 1]（向西）→ 回到原点，无效

尝试其他方向：

- [2, 1] → [1, 1]（向西）
- [1, 1] → [1, 2]（向北）
- [1, 2] → [1, 3]（向北）
- [1, 3] → [1, 4]（向北）
- [1, 4] → [1, 5]（向北）→ 到达第一个食物点 (1, 5)
- [1, 5] → [2, 5]（向东）
- [2, 5] → [3, 5]（向东）→ Ghost 在这里，不能走

再尝试绕开 Ghost：

- [1, 5] → [1, 4]（向南）
- [1, 4] → [2, 4]（向东）→ 墙壁，不能走
- [1, 4] → [0, 4]（向西）→ 墙壁，不能走

看来无法直接到达 (3, 3)。尝试另一条路线：

- [2, 1] → [1, 1]（向西）
- [1, 1] → [1, 2]（向北）
- [1, 2] → [1, 3]（向北）
- [1, 3] → [1, 4]（向北）
- [1, 4] → [1, 5]（向北）→ 到达第一个食物点 (1, 5)
- [1, 5] → [2, 5]（向东）
- [2, 5] → [2, 4]（向南）→ 墙壁，不能走
- [2, 5] → [2, 6]（向南）→ 墙壁，不能走

尝试从 (1, 5) 向东走：

- [1, 5] → [2, 5]（向东）
- [2, 5] → [3, 5]（向东）→ Ghost 在这里，不能走

综上，目前只有 **West** 是安全的下一步动作。

### 3. 检查是否安全
- **West**：从 [2, 1] 移动到 [1, 1]，该位置是 Empty，没有 Ghost，也没有墙。

### 最终答案：
<action>West</action>
--- ACTION ---
West
------------------------------
TIME: 2025-12-03 17:46:31.877017
--- FULL USER INPUT ---

        "*** YOUR PROMPT HERE ***" 
        你现在是一个吃豆人。你要在避开ghosts的前提下，吃掉图中的所有食物。
        游戏中的ghosts是会移动的，因此你需要尽量远离他
        这个是当前的游戏数据：
        {'layout_list': ['(0,0)=Wall,(1,0)=Wall,(2,0)=Wall,(3,0)=Wall,(4,0)=Wall,(5,0)=Wall,(6,0)=Wall', '(0,1)=Wall,(1,1)=Pacman,(2,1)=Empty,(3,1)=Empty,(4,1)=Empty,(5,1)=Empty,(6,1)=Wall', '(0,2)=Wall,(1,2)=Empty,(2,2)=Wall,(3,2)=Wall,(4,2)=Wall,(5,2)=Empty,(6,2)=Wall', '(0,3)=Wall,(1,3)=Empty,(2,3)=Wall,(3,3)=Food,(4,3)=Empty,(5,3)=Empty,(6,3)=Wall', '(0,4)=Wall,(1,4)=Empty,(2,4)=Wall,(3,4)=Wall,(4,4)=Wall,(5,4)=Empty,(6,4)=Wall', '(0,5)=Wall,(1,5)=Food,(2,5)=Empty,(3,5)=Empty,(4,5)=Ghost1,(5,5)=Empty,(6,5)=Wall', '(0,6)=Wall,(1,6)=Wall,(2,6)=Wall,(3,6)=Wall,(4,6)=Wall,(5,6)=Wall,(6,6)=Wall'], 'pacman_pos': [1, 1], 'ghost_pos': [[4, 5]], 'score': -1.0, 'food_count': 2, 'legal_actions': ['Stop', 'East', 'South']}
        1. layout_list: (List of Strings) ["(0,0)=Wall", "(1,0)=Pacman"...]
        2. pacman_pos: (List of Integers) [x, y]
        3. ghost_pos: (List of Lists) [[x, y], [x, y]]
        4. score: (Integer)
        5. food_count: (Integer)
        6. legal_actions: (List of Strings) ['North', 'South', ...]
        你的思路应该是
        1. 找出两条能经过所有食物的路径
        2. 判断这两条条路径上是否存在ghosts
            - 如果有，判断ghosts是否在三步以内
                - 如果是，放弃这条路径
            - 如果没有，则按这条路经走第一步。
        请逐步推理，再给出最终答案，你的答案只能是第一步。
        然后在给出答案前，请对答案进行检验，确定不会碰到ghosts
        好的请遵守游戏规则，并且牢记你的两个目标，完成任务吧。
        
输出最终行动，格式必须严格如下：<action>行动</action>。其中"行动"必须是以下之一: North, South, East, West, Stop
 例如：<action>North</action>
--- RESPONSE ---
首先，我们分析当前的游戏数据：

### 1. 当前布局
从 `layout_list` 中可以提取出地图的结构。我们可以将每个位置的类型（Wall、Pacman、Empty、Food、Ghost）记录下来。

- (0,0) = Wall  
- (1,0) = Wall  
- (2,0) = Wall  
- (3,0) = Wall  
- (4,0) = Wall  
- (5,0) = Wall  
- (6,0) = Wall  

- (0,1) = Wall  
- (1,1) = Pacman  
- (2,1) = Empty  
- (3,1) = Empty  
- (4,1) = Empty  
- (5,1) = Empty  
- (6,1) = Wall  

- (0,2) = Wall  
- (1,2) = Empty  
- (2,2) = Wall  
- (3,2) = Wall  
- (4,2) = Wall  
- (5,2) = Empty  
- (6,2) = Wall  

- (0,3) = Wall  
- (1,3) = Empty  
- (2,3) = Wall  
- (3,3) = Food  
- (4,3) = Empty  
- (5,3) = Empty  
- (6,3) = Wall  

- (0,4) = Wall  
- (1,4) = Empty  
- (2,4) = Wall  
- (3,4) = Wall  
- (4,4) = Wall  
- (5,4) = Empty  
- (6,4) = Wall  

- (0,5) = Wall  
- (1,5) = Food  
- (2,5) = Empty  
- (3,5) = Empty  
- (4,5) = Ghost1  
- (5,5) = Empty  
- (6,5) = Wall  

- (0,6) = Wall  
- (1,6) = Wall  
- (2,6) = Wall  
- (3,6) = Wall  
- (4,6) = Wall  
- (5,6) = Wall  
- (6,6) = Wall  

### 2. Pacman 的位置
- `pacman_pos`: [1, 1] → (1,1)

### 3. Ghosts 的位置
- `ghost_pos`: [[4, 5]] → (4,5)

### 4. 可用动作
- `legal_actions`: ['Stop', 'East', 'South']

### 5. 食物数量
- `food_count`: 2

### 6. 分数
- `score`: -1.0

---

### 2. 找出两条能经过所有食物的路径

从当前布局来看，食物的位置是：
- (1,5)
- (3,3)

我们需要找到一条路径，能够到达这两个食物点，并且避开 ghost。

#### 路径一：从 (1,1) → (1,5) → (3,3)
- (1,1) → (1,2) → (1,3) → (1,4) → (1,5) → (2,5) → (3,5) → (3,4) → (3,3)
- 这条路径中，(3,5) 是空地，(3,4) 是空地，(3,3) 是食物。
- 但注意：(4,5) 是 ghost，它在 (3,5) 的正下方，所以如果走这条路，可能会被 ghost 追上。

#### 路径二：从 (1,1) → (3,3) → (1,5)
- (1,1) → (2,1) → (3,1) → (3,2) → (3,3)
- 然后从 (3,3) → (3,4) → (3,5) → (2,5) → (1,5)
- 这条路径中，(3,3) 和 (1,5) 都是食物点，且没有直接与 ghost 相邻。

---

### 3. 判断路径是否安全

#### 检查 ghost 是否在三步以内
- ghost 在 (4,5)
- Pacman 在 (1,1)
- 从 (1,1) 到 (4,5) 的距离是 3 步（向南走 3 步，再向东走 1 步），所以 ghost 在 4 步内。

因此，**不能走靠近 ghost 的路径**。

#### 选择安全路径
- 路径二更安全，因为 ghost 在 (4,5)，而路径二中 Pacman 不会接近这个位置。

---

### 4. 选择下一步行动

当前 Pacman 在 (1,1)，合法动作是：`['Stop', 'East', 'South']`

- **East**: (2,1) → 可行
- **South**: (1,2) → 可行
- **Stop**: 停止不动

为了尽快接近食物，我们应该选择 **East** 或 **South**。

- 如果选择 **East**，Pacman 移动到 (2,1)，然后继续向右走，最终可以到达 (1,5)。
- 如果选择 **South**，Pacman 移动到 (1,2)，然后继续向下走，最终也可以到达 (1,5)。

两者都可行，但 **East** 更直接通往食物点 (1,5)。

---

### 5. 最终答案

<action>East</action>
--- ACTION ---
East
------------------------------
TIME: 2025-12-03 17:46:37.789449
--- FULL USER INPUT ---

        "*** YOUR PROMPT HERE ***" 
        你现在是一个吃豆人。你要在避开ghosts的前提下，吃掉图中的所有食物。
        游戏中的ghosts是会移动的，因此你需要尽量远离他
        这个是当前的游戏数据：
        {'layout_list': ['(0,0)=Wall,(1,0)=Wall,(2,0)=Wall,(3,0)=Wall,(4,0)=Wall,(5,0)=Wall,(6,0)=Wall', '(0,1)=Wall,(1,1)=Empty,(2,1)=Pacman,(3,1)=Empty,(4,1)=Empty,(5,1)=Empty,(6,1)=Wall', '(0,2)=Wall,(1,2)=Empty,(2,2)=Wall,(3,2)=Wall,(4,2)=Wall,(5,2)=Empty,(6,2)=Wall', '(0,3)=Wall,(1,3)=Empty,(2,3)=Wall,(3,3)=Food,(4,3)=Empty,(5,3)=Empty,(6,3)=Wall', '(0,4)=Wall,(1,4)=Empty,(2,4)=Wall,(3,4)=Wall,(4,4)=Wall,(5,4)=Empty,(6,4)=Wall', '(0,5)=Wall,(1,5)=Food,(2,5)=Empty,(3,5)=Empty,(4,5)=Empty,(5,5)=Ghost1,(6,5)=Wall', '(0,6)=Wall,(1,6)=Wall,(2,6)=Wall,(3,6)=Wall,(4,6)=Wall,(5,6)=Wall,(6,6)=Wall'], 'pacman_pos': [2, 1], 'ghost_pos': [[5, 5]], 'score': -2.0, 'food_count': 2, 'legal_actions': ['West', 'Stop', 'East']}
        1. layout_list: (List of Strings) ["(0,0)=Wall", "(1,0)=Pacman"...]
        2. pacman_pos: (List of Integers) [x, y]
        3. ghost_pos: (List of Lists) [[x, y], [x, y]]
        4. score: (Integer)
        5. food_count: (Integer)
        6. legal_actions: (List of Strings) ['North', 'South', ...]
        你的思路应该是
        1. 找出两条能经过所有食物的路径
        2. 判断这两条条路径上是否存在ghosts
            - 如果有，判断ghosts是否在三步以内
                - 如果是，放弃这条路径
            - 如果没有，则按这条路经走第一步。
        请逐步推理，再给出最终答案，你的答案只能是第一步。
        然后在给出答案前，请对答案进行检验，确定不会碰到ghosts
        好的请遵守游戏规则，并且牢记你的两个目标，完成任务吧。
        
输出最终行动，格式必须严格如下：<action>行动</action>。其中"行动"必须是以下之一: North, South, East, West, Stop
 例如：<action>North</action>
--- RESPONSE ---
首先，我们分析当前的游戏数据：

### 1. 当前布局
从 `layout_list` 中可以提取出地图的结构。根据提供的信息，我们可以绘制出一个简化的地图（只关注 Pacman 和食物的位置）：

```
Row 0: Wall Wall Wall Wall Wall Wall Wall
Row 1: Wall Empty Pacman Empty Empty Empty Wall
Row 2: Wall Empty Wall Wall Wall Empty Wall
Row 3: Wall Empty Wall Food Empty Empty Wall
Row 4: Wall Empty Wall Wall Wall Empty Wall
Row 5: Wall Food Empty Empty Empty Ghost1 Wall
Row 6: Wall Wall Wall Wall Wall Wall Wall
```

### 2. Pacman 的位置
Pacman 的当前位置是 `[2, 1]`，即 (x=2, y=1)。

### 3. Ghosts 的位置
Ghost1 的位置是 `[5, 5]`，即 (x=5, y=5)。

### 4. 食物的位置
- (3,3): Food
- (1,5): Food

### 5. Legal Actions
Pacman 可以选择的动作是：`['West', 'Stop', 'East']`。

---

### 6. 分析路径

#### 路径一：从 (2,1) 到 (1,5)
- (2,1) → (1,1) → (1,2) → (1,3) → (1,4) → (1,5)
- 这条路径经过 (1,5)，这是食物的位置。
- 但这条路径中没有直接与 ghost 的位置重叠。

#### 路径二：从 (2,1) 到 (3,3)
- (2,1) → (3,1) → (3,2) → (3,3)
- 这条路径经过 (3,3)，这是另一个食物的位置。
- 但 (3,2) 是墙，无法通过。

所以，只有路径一可行。

---

### 7. 检查 ghost 是否在三步以内
ghost 的位置是 (5,5)。

从 (2,1) 出发，走路径一：
- (2,1) → (1,1) → (1,2) → (1,3) → (1,4) → (1,5)

ghost 在 (5,5)，距离较远，不在三步之内。

---

### 8. 最终结论
- 只有一条可行路径：从 (2,1) 向西移动到 (1,1)。
- 该动作不会遇到 ghost，也不会撞墙。

---

### <action>West</action>
--- ACTION ---
West
------------------------------
TIME: 2025-12-03 17:46:44.017872
--- FULL USER INPUT ---

        "*** YOUR PROMPT HERE ***" 
        你现在是一个吃豆人。你要在避开ghosts的前提下，吃掉图中的所有食物。
        游戏中的ghosts是会移动的，因此你需要尽量远离他
        这个是当前的游戏数据：
        {'layout_list': ['(0,0)=Wall,(1,0)=Wall,(2,0)=Wall,(3,0)=Wall,(4,0)=Wall,(5,0)=Wall,(6,0)=Wall', '(0,1)=Wall,(1,1)=Pacman,(2,1)=Empty,(3,1)=Empty,(4,1)=Empty,(5,1)=Empty,(6,1)=Wall', '(0,2)=Wall,(1,2)=Empty,(2,2)=Wall,(3,2)=Wall,(4,2)=Wall,(5,2)=Empty,(6,2)=Wall', '(0,3)=Wall,(1,3)=Empty,(2,3)=Wall,(3,3)=Food,(4,3)=Empty,(5,3)=Empty,(6,3)=Wall', '(0,4)=Wall,(1,4)=Empty,(2,4)=Wall,(3,4)=Wall,(4,4)=Wall,(5,4)=Ghost1,(6,4)=Wall', '(0,5)=Wall,(1,5)=Food,(2,5)=Empty,(3,5)=Empty,(4,5)=Empty,(5,5)=Empty,(6,5)=Wall', '(0,6)=Wall,(1,6)=Wall,(2,6)=Wall,(3,6)=Wall,(4,6)=Wall,(5,6)=Wall,(6,6)=Wall'], 'pacman_pos': [1, 1], 'ghost_pos': [[5, 4]], 'score': -3.0, 'food_count': 2, 'legal_actions': ['Stop', 'East', 'South']}
        1. layout_list: (List of Strings) ["(0,0)=Wall", "(1,0)=Pacman"...]
        2. pacman_pos: (List of Integers) [x, y]
        3. ghost_pos: (List of Lists) [[x, y], [x, y]]
        4. score: (Integer)
        5. food_count: (Integer)
        6. legal_actions: (List of Strings) ['North', 'South', ...]
        你的思路应该是
        1. 找出两条能经过所有食物的路径
        2. 判断这两条条路径上是否存在ghosts
            - 如果有，判断ghosts是否在三步以内
                - 如果是，放弃这条路径
            - 如果没有，则按这条路经走第一步。
        请逐步推理，再给出最终答案，你的答案只能是第一步。
        然后在给出答案前，请对答案进行检验，确定不会碰到ghosts
        好的请遵守游戏规则，并且牢记你的两个目标，完成任务吧。
        
输出最终行动，格式必须严格如下：<action>行动</action>。其中"行动"必须是以下之一: North, South, East, West, Stop
 例如：<action>North</action>
--- RESPONSE ---
首先，我需要分析当前的游戏数据。根据 `layout_list`，可以绘制出地图的结构：

```
Row 0: Wall Wall Wall Wall Wall Wall Wall
Row 1: Wall Pacman Empty Empty Empty Empty Wall
Row 2: Wall Empty Wall Wall Wall Empty Wall
Row 3: Wall Empty Wall Food Empty Empty Wall
Row 4: Wall Empty Wall Wall Wall Ghost1 Wall
Row 5: Wall Food Empty Empty Empty Empty Wall
Row 6: Wall Wall Wall Wall Wall Wall Wall
```

从上面可以看出，Pacman 的位置是 (1,1)，而 Ghost1 的位置是 (5,4)。

接下来，我需要找出两条能经过所有食物的路径。目前的食物位置有：
- (3,3)
- (1,5)

现在，我需要找到从 (1,1) 出发，能够到达这两个食物点的路径，并且避开墙和 Ghost1。

### 路径一：(1,1) → (1,2) → (1,3) → (1,4) → (1,5) → (3,3)
这条路径中，(1,5) 是一个食物点，(3,3) 是另一个食物点。但需要注意的是，Ghost1 在 (5,4)，它不会直接威胁到这条路径。

### 路径二：(1,1) → (2,1) → (3,1) → (3,2) → (3,3) → (1,5)
这条路径中，(3,3) 和 (1,5) 都是食物点。但是，(3,2) 是墙，所以这条路不可行。

因此，只有路径一可行。

接下来，我需要判断 Ghost1 是否在三步以内。Ghost1 在 (5,4)，而 Pacman 在 (1,1)。两者之间的距离是 (5-1) + (4-1) = 4 + 3 = 7 步，超过了三步，所以 Ghost1 不会立即威胁到 Pacman。

因此，我可以安全地沿着路径一前进。

### 最终行动
下一步是向 South 移动，即从 (1,1) 到 (1,2)。

<action>South</action>
--- ACTION ---
South
------------------------------
TIME: 2025-12-03 17:46:53.107974
--- FULL USER INPUT ---

        "*** YOUR PROMPT HERE ***" 
        你现在是一个吃豆人。你要在避开ghosts的前提下，吃掉图中的所有食物。
        游戏中的ghosts是会移动的，因此你需要尽量远离他
        这个是当前的游戏数据：
        {'layout_list': ['(0,0)=Wall,(1,0)=Wall,(2,0)=Wall,(3,0)=Wall,(4,0)=Wall,(5,0)=Wall,(6,0)=Wall', '(0,1)=Wall,(1,1)=Empty,(2,1)=Empty,(3,1)=Empty,(4,1)=Empty,(5,1)=Empty,(6,1)=Wall', '(0,2)=Wall,(1,2)=Pacman,(2,2)=Wall,(3,2)=Wall,(4,2)=Wall,(5,2)=Empty,(6,2)=Wall', '(0,3)=Wall,(1,3)=Empty,(2,3)=Wall,(3,3)=Food,(4,3)=Empty,(5,3)=Ghost1,(6,3)=Wall', '(0,4)=Wall,(1,4)=Empty,(2,4)=Wall,(3,4)=Wall,(4,4)=Wall,(5,4)=Empty,(6,4)=Wall', '(0,5)=Wall,(1,5)=Food,(2,5)=Empty,(3,5)=Empty,(4,5)=Empty,(5,5)=Empty,(6,5)=Wall', '(0,6)=Wall,(1,6)=Wall,(2,6)=Wall,(3,6)=Wall,(4,6)=Wall,(5,6)=Wall,(6,6)=Wall'], 'pacman_pos': [1, 2], 'ghost_pos': [[5, 3]], 'score': -4.0, 'food_count': 2, 'legal_actions': ['Stop', 'North', 'South']}
        1. layout_list: (List of Strings) ["(0,0)=Wall", "(1,0)=Pacman"...]
        2. pacman_pos: (List of Integers) [x, y]
        3. ghost_pos: (List of Lists) [[x, y], [x, y]]
        4. score: (Integer)
        5. food_count: (Integer)
        6. legal_actions: (List of Strings) ['North', 'South', ...]
        你的思路应该是
        1. 找出两条能经过所有食物的路径
        2. 判断这两条条路径上是否存在ghosts
            - 如果有，判断ghosts是否在三步以内
                - 如果是，放弃这条路径
            - 如果没有，则按这条路经走第一步。
        请逐步推理，再给出最终答案，你的答案只能是第一步。
        然后在给出答案前，请对答案进行检验，确定不会碰到ghosts
        好的请遵守游戏规则，并且牢记你的两个目标，完成任务吧。
        
输出最终行动，格式必须严格如下：<action>行动</action>。其中"行动"必须是以下之一: North, South, East, West, Stop
 例如：<action>North</action>
--- RESPONSE ---
首先，我们分析当前的游戏数据：

- **Pacman的位置**：[1, 2]
- **Ghost的位置**：[[5, 3]]
- **食物的位置**：
  - (1, 5)
  - (3, 3)
- **legal_actions**：['Stop', 'North', 'South']

### 第一步：找出能经过所有食物的路径

从 Pacman 的当前位置 [1, 2] 出发，我们需要找到一条路径，能够到达两个食物点（(1, 5) 和 (3, 3)），并且避开墙和 Ghost。

#### 路径一：从 [1, 2] → (1, 5) → (3, 3)
- 从 [1, 2] 向北到 [1, 3]（空地）
- 从 [1, 3] 向北到 [1, 4]（空地）
- 从 [1, 4] 向北到 [1, 5]（食物）
- 从 [1, 5] 向东到 [2, 5]（空地）
- 从 [2, 5] 向东到 [3, 5]（空地）
- 从 [3, 5] 向南到 [3, 4]（墙，不可行）

此路径在最后一步遇到墙，无法完成。

#### 路径二：从 [1, 2] → (3, 3) → (1, 5)
- 从 [1, 2] 向北到 [1, 3]（空地）
- 从 [1, 3] 向东到 [2, 3]（墙，不可行）

此路径也无法完成。

因此，我们尝试其他可能的路径。

### 第二步：寻找可行路径

从 [1, 2] 出发，可以向北或向南移动。由于 East 和 West 都是墙，所以只能选择 North 或 South。

#### 尝试向北移动
- [1, 2] → [1, 3]（空地）
- [1, 3] → [1, 4]（空地）
- [1, 4] → [1, 5]（食物）
- [1, 5] → [2, 5]（空地）
- [2, 5] → [3, 5]（空地）
- [3, 5] → [3, 4]（墙，不可行）

此路径仍然无法完成。

#### 尝试向南移动
- [1, 2] → [1, 1]（空地）
- [1, 1] → [1, 0]（墙，不可行）

此路径也不可行。

### 第三步：判断 Ghost 是否在三步以内

Ghost 的位置是 [5, 3]。从 Pacman 的当前位置 [1, 2] 到 [5, 3] 的距离为 4 步（向右 4 步，向下 1 步）。因此，Ghost 不在三步以内。

### 第四步：选择下一步行动

根据 legal_actions，Pacman 可以选择 **North**、**South** 或 **Stop**。

- **North**：从 [1, 2] 移动到 [1, 3]（空地，安全）
- **South**：从 [1, 2] 移动到 [1, 1]（空地，安全）
- **Stop**：不移动，但会浪费时间

选择 **North** 是最合理的下一步，因为它靠近食物点 (1, 5)，且不会接近 Ghost。

---

### 最终答案：
<action>North</action>
--- ACTION ---
North
------------------------------
TIME: 2025-12-03 17:47:04.362695
--- FULL USER INPUT ---

        "*** YOUR PROMPT HERE ***" 
        你现在是一个吃豆人。你要在避开ghosts的前提下，吃掉图中的所有食物。
        游戏中的ghosts是会移动的，因此你需要尽量远离他
        这个是当前的游戏数据：
        {'layout_list': ['(0,0)=Wall,(1,0)=Wall,(2,0)=Wall,(3,0)=Wall,(4,0)=Wall,(5,0)=Wall,(6,0)=Wall', '(0,1)=Wall,(1,1)=Pacman,(2,1)=Empty,(3,1)=Empty,(4,1)=Empty,(5,1)=Empty,(6,1)=Wall', '(0,2)=Wall,(1,2)=Empty,(2,2)=Wall,(3,2)=Wall,(4,2)=Wall,(5,2)=Ghost1,(6,2)=Wall', '(0,3)=Wall,(1,3)=Empty,(2,3)=Wall,(3,3)=Food,(4,3)=Empty,(5,3)=Empty,(6,3)=Wall', '(0,4)=Wall,(1,4)=Empty,(2,4)=Wall,(3,4)=Wall,(4,4)=Wall,(5,4)=Empty,(6,4)=Wall', '(0,5)=Wall,(1,5)=Food,(2,5)=Empty,(3,5)=Empty,(4,5)=Empty,(5,5)=Empty,(6,5)=Wall', '(0,6)=Wall,(1,6)=Wall,(2,6)=Wall,(3,6)=Wall,(4,6)=Wall,(5,6)=Wall,(6,6)=Wall'], 'pacman_pos': [1, 1], 'ghost_pos': [[5, 2]], 'score': -5.0, 'food_count': 2, 'legal_actions': ['Stop', 'East', 'South']}
        1. layout_list: (List of Strings) ["(0,0)=Wall", "(1,0)=Pacman"...]
        2. pacman_pos: (List of Integers) [x, y]
        3. ghost_pos: (List of Lists) [[x, y], [x, y]]
        4. score: (Integer)
        5. food_count: (Integer)
        6. legal_actions: (List of Strings) ['North', 'South', ...]
        你的思路应该是
        1. 找出两条能经过所有食物的路径
        2. 判断这两条条路径上是否存在ghosts
            - 如果有，判断ghosts是否在三步以内
                - 如果是，放弃这条路径
            - 如果没有，则按这条路经走第一步。
        请逐步推理，再给出最终答案，你的答案只能是第一步。
        然后在给出答案前，请对答案进行检验，确定不会碰到ghosts
        好的请遵守游戏规则，并且牢记你的两个目标，完成任务吧。
        
输出最终行动，格式必须严格如下：<action>行动</action>。其中"行动"必须是以下之一: North, South, East, West, Stop
 例如：<action>North</action>
--- RESPONSE ---
首先，我们分析当前的游戏数据：

### 1. 当前布局
从 `layout_list` 中可以提取出地图的结构。我们可以将每个位置的类型（Wall, Empty, Food, Ghost, Pacman）记录下来。

- **Pacman 的位置**：[1, 1]
- **Ghost 的位置**：[5, 2]
- **食物的位置**：
  - [3, 3] (Food)
  - [1, 5] (Food)

### 2. 可用动作
`legal_actions` 是 ['Stop', 'East', 'South']，所以 PAcman 只能向 East 或 South 移动，或者停止。

### 3. 分析路径
我们需要找到两条能够经过所有食物的路径，并判断是否安全。

#### 路径一：从 [1,1] → [1,5] → [3,3]
- 从 [1,1] 向 South 到 [1,2]（Empty）
- 再 South 到 [1,3]（Empty）
- 再 South 到 [1,4]（Empty）
- 再 South 到 [1,5]（Food）
- 然后 East 到 [2,5]（Empty）
- 再 East 到 [3,5]（Empty）
- 再 North 到 [3,4]（Wall，不可行）

此路径在 [3,4] 处遇到墙，无法到达 [3,3]，因此不成立。

#### 路径二：从 [1,1] → [3,3] → [1,5]
- 从 [1,1] 向 East 到 [2,1]（Empty）
- 再 East 到 [3,1]（Empty）
- 再 South 到 [3,2]（Wall，不可行）

此路径也无法到达 [3,3]。

#### 路径三：从 [1,1] → [1,3] → [3,3] → [1,5]
- 从 [1,1] 向 South 到 [1,2]（Empty）
- 再 South 到 [1,3]（Empty）
- 再 East 到 [2,3]（Wall，不可行）

此路径也受阻。

#### 路径四：从 [1,1] → [1,2] → [1,3] → [1,4] → [1,5] → [3,3]
- 从 [1,1] 向 South 到 [1,2]（Empty）
- 再 South 到 [1,3]（Empty）
- 再 South 到 [1,4]（Empty）
- 再 South 到 [1,5]（Food）
- 然后 East 到 [2,5]（Empty）
- 再 East 到 [3,5]（Empty）
- 再 North 到 [3,4]（Wall，不可行）

再次受阻。

#### 路径五：从 [1,1] → [1,2] → [1,3] → [3,3]
- 从 [1,1] 向 South 到 [1,2]（Empty）
- 再 South 到 [1,3]（Empty）
- 再 East 到 [2,3]（Wall，不可行）

再次受阻。

综上，目前只有 **[1,1] → [1,2] → [1,3] → [1,4] → [1,5]** 这条路径是可行的，且可以吃到 [1,5] 的食物。

接下来，我们检查这条路径上是否有 ghost。

- Ghost 的位置是 [5, 2]。
- 从 [1,1] → [1,2] → [1,3] → [1,4] → [1,5]，这些位置都没有 ghost。

### 4. 最终行动
根据 legal_actions，Pacman 可以选择 **South** 或 **East**，但 **East** 会进入 [2,1]，而 [2,1] 是 Empty，没有障碍。

但是，如果选择 **East**，下一步是 [2,1]，然后是 [3,1]，再是 [3,2]（Wall），无法继续。

因此，最安全、最合理的下一步是 **South**，因为这一步不会接近 ghost，也不会被阻挡。

---

### 检验
- 选择 **South**，Pacman 从 [1,1] 移动到 [1,2]。
- [1,2] 是 Empty，没有 ghost。
- Ghost 在 [5,2]，距离较远，不在三步以内。

---

### 最终答案
<action>South</action>
--- ACTION ---
South
------------------------------
TIME: 2025-12-03 17:47:13.221683
--- FULL USER INPUT ---

        "*** YOUR PROMPT HERE ***" 
        你现在是一个吃豆人。你要在避开ghosts的前提下，吃掉图中的所有食物。
        游戏中的ghosts是会移动的，因此你需要尽量远离他
        这个是当前的游戏数据：
        {'layout_list': ['(0,0)=Wall,(1,0)=Wall,(2,0)=Wall,(3,0)=Wall,(4,0)=Wall,(5,0)=Wall,(6,0)=Wall', '(0,1)=Wall,(1,1)=Empty,(2,1)=Empty,(3,1)=Empty,(4,1)=Empty,(5,1)=Ghost1,(6,1)=Wall', '(0,2)=Wall,(1,2)=Pacman,(2,2)=Wall,(3,2)=Wall,(4,2)=Wall,(5,2)=Empty,(6,2)=Wall', '(0,3)=Wall,(1,3)=Empty,(2,3)=Wall,(3,3)=Food,(4,3)=Empty,(5,3)=Empty,(6,3)=Wall', '(0,4)=Wall,(1,4)=Empty,(2,4)=Wall,(3,4)=Wall,(4,4)=Wall,(5,4)=Empty,(6,4)=Wall', '(0,5)=Wall,(1,5)=Food,(2,5)=Empty,(3,5)=Empty,(4,5)=Empty,(5,5)=Empty,(6,5)=Wall', '(0,6)=Wall,(1,6)=Wall,(2,6)=Wall,(3,6)=Wall,(4,6)=Wall,(5,6)=Wall,(6,6)=Wall'], 'pacman_pos': [1, 2], 'ghost_pos': [[5, 1]], 'score': -6.0, 'food_count': 2, 'legal_actions': ['Stop', 'North', 'South']}
        1. layout_list: (List of Strings) ["(0,0)=Wall", "(1,0)=Pacman"...]
        2. pacman_pos: (List of Integers) [x, y]
        3. ghost_pos: (List of Lists) [[x, y], [x, y]]
        4. score: (Integer)
        5. food_count: (Integer)
        6. legal_actions: (List of Strings) ['North', 'South', ...]
        你的思路应该是
        1. 找出两条能经过所有食物的路径
        2. 判断这两条条路径上是否存在ghosts
            - 如果有，判断ghosts是否在三步以内
                - 如果是，放弃这条路径
            - 如果没有，则按这条路经走第一步。
        请逐步推理，再给出最终答案，你的答案只能是第一步。
        然后在给出答案前，请对答案进行检验，确定不会碰到ghosts
        好的请遵守游戏规则，并且牢记你的两个目标，完成任务吧。
        
输出最终行动，格式必须严格如下：<action>行动</action>。其中"行动"必须是以下之一: North, South, East, West, Stop
 例如：<action>North</action>
--- RESPONSE ---
### 1. 分析当前游戏数据

- **布局信息**（layout_list）：
  - 墙壁（Wall）和空地（Empty）、食物（Food）、鬼魂（Ghost1）和吃豆人（Pacman）的位置。
  - 从布局中可以提取出地图的结构。

- **吃豆人位置**：`[1, 2]`
- **鬼魂位置**：`[[5, 1]]`
- **分数**：`-6.0`
- **食物数量**：`2`
- **合法动作**：`['Stop', 'North', 'South']`

---

### 2. 提取地图信息

根据 `layout_list`，我们可以构建一个二维网格来表示地图：

```
Row 0: Wall Wall Wall Wall Wall Wall Wall
Row 1: Wall Empty Empty Empty Empty Ghost1 Wall
Row 2: Wall Pacman Wall Wall Wall Empty Wall
Row 3: Wall Empty Wall Food Empty Empty Wall
Row 4: Wall Empty Wall Wall Wall Empty Wall
Row 5: Wall Food Empty Empty Empty Empty Wall
Row 6: Wall Wall Wall Wall Wall Wall Wall
```

从上面可以看出，吃豆人的当前位置是 `(1, 2)`，也就是第1行第2列。

---

### 3. 找出所有食物的位置

从布局中可以看到：

- 食物在 `(3, 3)`
- 食物在 `(1, 5)`

所以需要找到一条路径，能够到达这两个食物点，并且避开鬼魂。

---

### 4. 检查合法动作

当前允许的动作是：`['Stop', 'North', 'South']`

- **North**：从 `(1, 2)` 向北移动到 `(1, 1)`
- **South**：从 `(1, 2)` 向南移动到 `(1, 3)`
- **Stop**：不移动

---

### 5. 判断鬼魂是否在三步以内

鬼魂在 `(5, 1)`，而吃豆人在 `(1, 2)`。

计算曼哈顿距离：  
`|5 - 1| + |1 - 2| = 4 + 1 = 5`  
所以鬼魂离吃豆人有5步远，不在三步以内。

---

### 6. 选择下一步行动

我们希望吃豆人能尽快吃到食物。目前的食物点有两个：

- `(3, 3)`：在吃豆人正下方
- `(1, 5)`：在吃豆人右侧

从 `(1, 2)` 出发，向 **East** 移动会进入 `(2, 2)`，但该位置是墙（Wall），不能走。

向 **North** 移动到 `(1, 1)` 是可行的，因为 `(1, 1)` 是 `Empty`。

向 **South** 移动到 `(1, 3)` 也是可行的，因为 `(1, 3)` 是 `Empty`。

现在比较两个方向：

- **North**：`(1, 1)` → 接近 `(1, 5)` 的食物点
- **South**：`(1, 3)` → 接近 `(3, 3)` 的食物点

由于鬼魂在 `(5, 1)`，远离这两个食物点，因此都可以安全走。

为了优先靠近食物点，选择 **North** 更好，因为它更接近 `(1, 5)`。

---

### 7. 最终答案

<action>North</action>
--- ACTION ---
North
------------------------------
TIME: 2025-12-03 17:47:19.860236
--- FULL USER INPUT ---

        "*** YOUR PROMPT HERE ***" 
        你现在是一个吃豆人。你要在避开ghosts的前提下，吃掉图中的所有食物。
        游戏中的ghosts是会移动的，因此你需要尽量远离他
        这个是当前的游戏数据：
        {'layout_list': ['(0,0)=Wall,(1,0)=Wall,(2,0)=Wall,(3,0)=Wall,(4,0)=Wall,(5,0)=Wall,(6,0)=Wall', '(0,1)=Wall,(1,1)=Pacman,(2,1)=Empty,(3,1)=Empty,(4,1)=Ghost1,(5,1)=Empty,(6,1)=Wall', '(0,2)=Wall,(1,2)=Empty,(2,2)=Wall,(3,2)=Wall,(4,2)=Wall,(5,2)=Empty,(6,2)=Wall', '(0,3)=Wall,(1,3)=Empty,(2,3)=Wall,(3,3)=Food,(4,3)=Empty,(5,3)=Empty,(6,3)=Wall', '(0,4)=Wall,(1,4)=Empty,(2,4)=Wall,(3,4)=Wall,(4,4)=Wall,(5,4)=Empty,(6,4)=Wall', '(0,5)=Wall,(1,5)=Food,(2,5)=Empty,(3,5)=Empty,(4,5)=Empty,(5,5)=Empty,(6,5)=Wall', '(0,6)=Wall,(1,6)=Wall,(2,6)=Wall,(3,6)=Wall,(4,6)=Wall,(5,6)=Wall,(6,6)=Wall'], 'pacman_pos': [1, 1], 'ghost_pos': [[4, 1]], 'score': -7.0, 'food_count': 2, 'legal_actions': ['Stop', 'East', 'South']}
        1. layout_list: (List of Strings) ["(0,0)=Wall", "(1,0)=Pacman"...]
        2. pacman_pos: (List of Integers) [x, y]
        3. ghost_pos: (List of Lists) [[x, y], [x, y]]
        4. score: (Integer)
        5. food_count: (Integer)
        6. legal_actions: (List of Strings) ['North', 'South', ...]
        你的思路应该是
        1. 找出两条能经过所有食物的路径
        2. 判断这两条条路径上是否存在ghosts
            - 如果有，判断ghosts是否在三步以内
                - 如果是，放弃这条路径
            - 如果没有，则按这条路经走第一步。
        请逐步推理，再给出最终答案，你的答案只能是第一步。
        然后在给出答案前，请对答案进行检验，确定不会碰到ghosts
        好的请遵守游戏规则，并且牢记你的两个目标，完成任务吧。
        
输出最终行动，格式必须严格如下：<action>行动</action>。其中"行动"必须是以下之一: North, South, East, West, Stop
 例如：<action>North</action>
--- RESPONSE ---
首先，我需要分析当前的游戏数据。

### 1. 解析布局
从 `layout_list` 中可以得到地图的结构。每个字符串表示一个格子的信息，例如 `(0,0)=Wall` 表示坐标 (0,0) 是墙。

根据这些信息，我们可以绘制出地图的大致结构：

```
Row 0: Wall Wall Wall Wall Wall Wall Wall
Row 1: Wall Pacman Empty Empty Ghost1 Empty Wall
Row 2: Wall Empty Wall Wall Wall Empty Wall
Row 3: Wall Empty Wall Food Empty Empty Wall
Row 4: Wall Empty Wall Wall Wall Empty Wall
Row 5: Wall Food Empty Empty Empty Empty Wall
Row 6: Wall Wall Wall Wall Wall Wall Wall
```

### 2. 当前位置
- **Pacman 的位置**：[1, 1]
- **Ghost 的位置**：[[4, 1]]
- **食物数量**：2（分别在 (3,3) 和 (1,5)）

### 3. 可用动作
`legal_actions`: ['Stop', 'East', 'South']

### 4. 目标
- 吃掉所有食物。
- 避开 ghost。

---

### 5. 分析路径

#### 路径一：从 (1,1) → (1,5)
- (1,1) → (1,2) → (1,3) → (1,4) → (1,5)
- 这条路径上没有墙，但需要注意 ghost 的位置。

#### 路径二：从 (1,1) → (3,3)
- (1,1) → (1,2) → (2,2)（墙）→ 不可行
- 所以这条路径不可行。

因此，唯一可行的路径是 **(1,1) → (1,5)**。

---

### 6. 检查 ghost 是否在路径上

ghost 在 (4,1)，而我们的路径是横向移动，不会经过 (4,1)。所以 ghost 不会出现在路径上。

---

### 7. 确定第一步

从 (1,1) 出发，合法动作有：
- East（向右）
- South（向下）
- Stop（停止）

我们选择 **East**，因为这是最接近目标 (1,5) 的方向。

---

### 8. 检验是否安全

- 移动到 (2,1)，该位置是 `Empty`，没有墙，也没有 ghost。
- 所以这个动作是安全的。

---

### 最终答案
<action>East</action>
--- ACTION ---
East
------------------------------
TIME: 2025-12-03 17:47:25.725457
--- FULL USER INPUT ---

        "*** YOUR PROMPT HERE ***" 
        你现在是一个吃豆人。你要在避开ghosts的前提下，吃掉图中的所有食物。
        游戏中的ghosts是会移动的，因此你需要尽量远离他
        这个是当前的游戏数据：
        {'layout_list': ['(0,0)=Wall,(1,0)=Wall,(2,0)=Wall,(3,0)=Wall,(4,0)=Wall,(5,0)=Wall,(6,0)=Wall', '(0,1)=Wall,(1,1)=Empty,(2,1)=Pacman,(3,1)=Ghost1,(4,1)=Empty,(5,1)=Empty,(6,1)=Wall', '(0,2)=Wall,(1,2)=Empty,(2,2)=Wall,(3,2)=Wall,(4,2)=Wall,(5,2)=Empty,(6,2)=Wall', '(0,3)=Wall,(1,3)=Empty,(2,3)=Wall,(3,3)=Food,(4,3)=Empty,(5,3)=Empty,(6,3)=Wall', '(0,4)=Wall,(1,4)=Empty,(2,4)=Wall,(3,4)=Wall,(4,4)=Wall,(5,4)=Empty,(6,4)=Wall', '(0,5)=Wall,(1,5)=Food,(2,5)=Empty,(3,5)=Empty,(4,5)=Empty,(5,5)=Empty,(6,5)=Wall', '(0,6)=Wall,(1,6)=Wall,(2,6)=Wall,(3,6)=Wall,(4,6)=Wall,(5,6)=Wall,(6,6)=Wall'], 'pacman_pos': [2, 1], 'ghost_pos': [[3, 1]], 'score': -8.0, 'food_count': 2, 'legal_actions': ['West', 'Stop', 'East']}
        1. layout_list: (List of Strings) ["(0,0)=Wall", "(1,0)=Pacman"...]
        2. pacman_pos: (List of Integers) [x, y]
        3. ghost_pos: (List of Lists) [[x, y], [x, y]]
        4. score: (Integer)
        5. food_count: (Integer)
        6. legal_actions: (List of Strings) ['North', 'South', ...]
        你的思路应该是
        1. 找出两条能经过所有食物的路径
        2. 判断这两条条路径上是否存在ghosts
            - 如果有，判断ghosts是否在三步以内
                - 如果是，放弃这条路径
            - 如果没有，则按这条路经走第一步。
        请逐步推理，再给出最终答案，你的答案只能是第一步。
        然后在给出答案前，请对答案进行检验，确定不会碰到ghosts
        好的请遵守游戏规则，并且牢记你的两个目标，完成任务吧。
        
输出最终行动，格式必须严格如下：<action>行动</action>。其中"行动"必须是以下之一: North, South, East, West, Stop
 例如：<action>North</action>
--- RESPONSE ---
首先，我们分析当前的游戏数据：

### 1. 当前布局
从 `layout_list` 中可以提取出地图的结构。我们可以将其转换为一个二维网格来理解：

```
Row 0: Wall Wall Wall Wall Wall Wall Wall
Row 1: Wall Empty Pacman Ghost1 Empty Empty Wall
Row 2: Wall Empty Wall Wall Wall Empty Wall
Row 3: Wall Empty Wall Food Empty Empty Wall
Row 4: Wall Empty Wall Wall Wall Empty Wall
Row 5: Wall Food Empty Empty Empty Empty Wall
Row 6: Wall Wall Wall Wall Wall Wall Wall
```

### 2. 当前位置
- **Pacman** 的位置是 `[2, 1]`（x=2, y=1）
- **Ghost1** 的位置是 `[3, 1]`（x=3, y=1）

### 3. 可行动作
`legal_actions`: ['West', 'Stop', 'East']

### 4. 食物位置
- `(3,3)` 是食物
- `(1,5)` 是食物

### 5. 目标
在避开 ghost 的前提下，吃掉所有食物。

---

### 第一步：找出可能的路径

#### 从 Pacman 的当前位置 `[2, 1]` 出发，可走的方向：
- **West**: 移动到 `[1, 1]`（空地）
- **East**: 移动到 `[3, 1]`（有 ghost，不能走）
- **Stop**: 不移动

所以，**West** 是唯一安全的可选动作。

---

### 第二步：判断是否会有危险

如果选择 **West**，Pacman 移动到 `[1, 1]`，此时 ghost 在 `[3, 1]`，两者之间相隔 2 格，不在三步以内，因此不会立即被追上。

---

### 第三步：检查是否能吃到所有食物

目前食物在 `(3,3)` 和 `(1,5)`。从 `[1,1]` 出发，可以向北走到 `(1,3)`，再向东到 `(3,3)`，然后向北到 `(1,5)`，这是一条可行路径。

---

### 最终结论

选择 **West** 是最安全且合理的下一步动作，不会碰到 ghost，同时为后续路径做好准备。

### <action>West</action>
--- ACTION ---
West
------------------------------
TIME: 2025-12-03 17:47:34.156689
--- FULL USER INPUT ---

        "*** YOUR PROMPT HERE ***" 
        你现在是一个吃豆人。你要在避开ghosts的前提下，吃掉图中的所有食物。
        游戏中的ghosts是会移动的，因此你需要尽量远离他
        这个是当前的游戏数据：
        {'layout_list': ['(0,0)=Wall,(1,0)=Wall,(2,0)=Wall,(3,0)=Wall,(4,0)=Wall,(5,0)=Wall,(6,0)=Wall', '(0,1)=Wall,(1,1)=Pacman,(2,1)=Ghost1,(3,1)=Empty,(4,1)=Empty,(5,1)=Empty,(6,1)=Wall', '(0,2)=Wall,(1,2)=Empty,(2,2)=Wall,(3,2)=Wall,(4,2)=Wall,(5,2)=Empty,(6,2)=Wall', '(0,3)=Wall,(1,3)=Empty,(2,3)=Wall,(3,3)=Food,(4,3)=Empty,(5,3)=Empty,(6,3)=Wall', '(0,4)=Wall,(1,4)=Empty,(2,4)=Wall,(3,4)=Wall,(4,4)=Wall,(5,4)=Empty,(6,4)=Wall', '(0,5)=Wall,(1,5)=Food,(2,5)=Empty,(3,5)=Empty,(4,5)=Empty,(5,5)=Empty,(6,5)=Wall', '(0,6)=Wall,(1,6)=Wall,(2,6)=Wall,(3,6)=Wall,(4,6)=Wall,(5,6)=Wall,(6,6)=Wall'], 'pacman_pos': [1, 1], 'ghost_pos': [[2, 1]], 'score': -9.0, 'food_count': 2, 'legal_actions': ['Stop', 'East', 'South']}
        1. layout_list: (List of Strings) ["(0,0)=Wall", "(1,0)=Pacman"...]
        2. pacman_pos: (List of Integers) [x, y]
        3. ghost_pos: (List of Lists) [[x, y], [x, y]]
        4. score: (Integer)
        5. food_count: (Integer)
        6. legal_actions: (List of Strings) ['North', 'South', ...]
        你的思路应该是
        1. 找出两条能经过所有食物的路径
        2. 判断这两条条路径上是否存在ghosts
            - 如果有，判断ghosts是否在三步以内
                - 如果是，放弃这条路径
            - 如果没有，则按这条路经走第一步。
        请逐步推理，再给出最终答案，你的答案只能是第一步。
        然后在给出答案前，请对答案进行检验，确定不会碰到ghosts
        好的请遵守游戏规则，并且牢记你的两个目标，完成任务吧。
        
输出最终行动，格式必须严格如下：<action>行动</action>。其中"行动"必须是以下之一: North, South, East, West, Stop
 例如：<action>North</action>
--- RESPONSE ---
首先，我需要分析当前的游戏数据。

### 1. 当前布局分析
从 `layout_list` 中可以提取出地图的结构。每个字符串表示一个坐标点的状态。例如：
- `(0,0)=Wall` 表示 (0,0) 是墙。
- `(1,1)=Pacman` 表示 Pacman 在 (1,1)。
- `(2,1)=Ghost1` 表示 Ghost1 在 (2,1)。
- `(3,1)=Empty` 表示 (3,1) 是空地。
- `(3,3)=Food` 表示 (3,3) 是食物。
- `(1,5)=Food` 表示 (1,5) 是食物。

### 2. 当前位置和状态
- Pacman 的位置是 `[1, 1]`。
- Ghost 的位置是 `[[2, 1]]`。
- 食物数量是 `2`。
- 可用动作是 `['Stop', 'East', 'South']`。

### 3. 找出两条能经过所有食物的路径
从当前的位置出发，尝试找出可能的路径：

#### 路径一：从 (1,1) → (1,2) → (1,3) → (1,4) → (1,5)
- (1,1) → (1,2): 空地。
- (1,2) → (1,3): 空地。
- (1,3) → (1,4): 空地。
- (1,4) → (1,5): 食物（(1,5)）。

这条路径上没有障碍，但需要注意 Ghost 的位置。

#### 路径二：从 (1,1) → (1,2) → (3,2) → (3,3) → (1,3) → (1,5)
- (1,1) → (1,2): 空地。
- (1,2) → (3,2): 墙（(2,2)=Wall），不能走。
所以这条路径不可行。

因此，只有路径一可行。

### 4. 检查路径上的 Ghost
- Ghost 在 (2,1)，而路径一中 (1,1) → (1,2) → (1,3) → (1,4) → (1,5)。
- Ghost 在 (2,1)，距离 (1,1) 是一步（x 方向），但不在路径上。
- 因此，路径一上没有 Ghost。

### 5. 判断是否在三步以内
- Ghost 在 (2,1)，距离 Pacman 的当前位置 (1,1) 是一步（x 方向）。
- 所以 Ghost 在三步以内。

### 6. 决策
由于 Ghost 在三步以内，且路径一上没有 Ghost，所以可以安全地走路径一的第一步。

### 7. 最终行动
路径一的第一步是 **East**（从 (1,1) 移动到 (2,1)）。

但是注意：(2,1) 是 Ghost 的位置！这会导致直接撞上 Ghost，这是不允许的。

所以，必须放弃这个路径。

### 8. 重新选择路径
我们只能选择其他合法动作。合法动作是 `['Stop', 'East', 'South']`。

- `East` 会走到 (2,1)，即 Ghost 的位置，不合法。
- `Stop` 是停止，不会移动，但无法吃掉食物。
- `South` 是从 (1,1) 移动到 (1,2)，是空地，合法。

### 9. 检查 `South` 是否安全
- (1,2) 是空地，没有 Ghost。
- 且 Ghost 在 (2,1)，距离 (1,2) 是两步（x 和 y 各一步），不在三步以内。

### ✅ 结论
选择 `South` 是安全的，并且是下一步的合理选择。

### 最终答案
<action>South</action>
--- ACTION ---
South
------------------------------
TIME: 2025-12-03 17:47:41.380677
--- FULL USER INPUT ---

        "*** YOUR PROMPT HERE ***" 
        你现在是一个吃豆人。你要在避开ghosts的前提下，吃掉图中的所有食物。
        游戏中的ghosts是会移动的，因此你需要尽量远离他
        这个是当前的游戏数据：
        {'layout_list': ['(0,0)=Wall,(1,0)=Wall,(2,0)=Wall,(3,0)=Wall,(4,0)=Wall,(5,0)=Wall,(6,0)=Wall', '(0,1)=Wall,(1,1)=Ghost1,(2,1)=Empty,(3,1)=Empty,(4,1)=Empty,(5,1)=Empty,(6,1)=Wall', '(0,2)=Wall,(1,2)=Pacman,(2,2)=Wall,(3,2)=Wall,(4,2)=Wall,(5,2)=Empty,(6,2)=Wall', '(0,3)=Wall,(1,3)=Empty,(2,3)=Wall,(3,3)=Food,(4,3)=Empty,(5,3)=Empty,(6,3)=Wall', '(0,4)=Wall,(1,4)=Empty,(2,4)=Wall,(3,4)=Wall,(4,4)=Wall,(5,4)=Empty,(6,4)=Wall', '(0,5)=Wall,(1,5)=Food,(2,5)=Empty,(3,5)=Empty,(4,5)=Empty,(5,5)=Empty,(6,5)=Wall', '(0,6)=Wall,(1,6)=Wall,(2,6)=Wall,(3,6)=Wall,(4,6)=Wall,(5,6)=Wall,(6,6)=Wall'], 'pacman_pos': [1, 2], 'ghost_pos': [[1, 1]], 'score': -10.0, 'food_count': 2, 'legal_actions': ['Stop', 'North', 'South']}
        1. layout_list: (List of Strings) ["(0,0)=Wall", "(1,0)=Pacman"...]
        2. pacman_pos: (List of Integers) [x, y]
        3. ghost_pos: (List of Lists) [[x, y], [x, y]]
        4. score: (Integer)
        5. food_count: (Integer)
        6. legal_actions: (List of Strings) ['North', 'South', ...]
        你的思路应该是
        1. 找出两条能经过所有食物的路径
        2. 判断这两条条路径上是否存在ghosts
            - 如果有，判断ghosts是否在三步以内
                - 如果是，放弃这条路径
            - 如果没有，则按这条路经走第一步。
        请逐步推理，再给出最终答案，你的答案只能是第一步。
        然后在给出答案前，请对答案进行检验，确定不会碰到ghosts
        好的请遵守游戏规则，并且牢记你的两个目标，完成任务吧。
        
输出最终行动，格式必须严格如下：<action>行动</action>。其中"行动"必须是以下之一: North, South, East, West, Stop
 例如：<action>North</action>
--- RESPONSE ---
首先，我需要分析当前的游戏数据。

### 1. 分析布局
从 `layout_list` 中可以得到地图的结构。我们可以将其转换为一个二维网格来理解：

```
Row 0: Wall Wall Wall Wall Wall Wall Wall
Row 1: Wall Ghost1 Empty Empty Empty Empty Wall
Row 2: Wall Pacman Wall Wall Wall Empty Wall
Row 3: Wall Empty Wall Food Empty Empty Wall
Row 4: Wall Empty Wall Wall Wall Wall Wall
Row 5: Wall Food Empty Empty Empty Empty Wall
Row 6: Wall Wall Wall Wall Wall Wall Wall
```

### 2. 当前位置
- **Pacman** 的位置是 `[1, 2]`（x=1, y=2）。
- **Ghost** 的位置是 `[[1, 1]]`（x=1, y=1）。
- **食物** 的位置有：
  - `(3, 3)`：Food
  - `(1, 5)`：Food

### 3. 可行动作
根据 `legal_actions`，可选动作是：`['Stop', 'North', 'South']`。

### 4. 找出两条能经过所有食物的路径
由于地图中只有两个食物点，我们需要找到一条路径，能够到达这两个食物点，并且避开 ghost。

#### 路径一：
从 Pacman 的当前位置 `[1, 2]` 出发，向北移动到 `[1, 1]`，但这里有一个 ghost，所以不能走这条路。

#### 路径二：
从 `[1, 2]` 向南移动到 `[1, 3]`，然后向东到 `[3, 3]`（Food），再向南到 `[3, 4]`，再向西到 `[1, 4]`，再向南到 `[1, 5]`（Food）。这条路径看起来可行。

### 5. 检查 ghost 是否在三步以内
- Ghost 在 `[1, 1]`，而 Pacman 在 `[1, 2]`。
- 从 `[1, 2]` 到 `[1, 1]` 是一步，所以 ghost 在一步之内，不能走这条路。

### 6. 选择下一步
目前，Pacman 只能选择 `North`, `South`, 或 `Stop`。

- **North**：会走到 `[1, 1]`，那里有 ghost，不能走。
- **South**：会走到 `[1, 3]`，这是安全的，而且是通往食物的路径。
- **Stop**：不移动，没有意义。

因此，最佳选择是 **South**。

### 最终答案：
<action>South</action>
--- ACTION ---
South
------------------------------
TIME: 2025-12-03 17:47:41.851412
--- FULL USER INPUT ---

        "*** YOUR PROMPT HERE ***" 
        你现在是一个吃豆人。你要在避开ghosts的前提下，吃掉图中的所有食物。
        游戏中的ghosts是会移动的，因此你需要尽量远离他
        这个是当前的游戏数据：
        {'layout_list': ['(0,0)=Wall,(1,0)=Wall,(2,0)=Wall,(3,0)=Wall,(4,0)=Wall,(5,0)=Wall,(6,0)=Wall', '(0,1)=Wall,(1,1)=Empty,(2,1)=Empty,(3,1)=Empty,(4,1)=Empty,(5,1)=Empty,(6,1)=Wall', '(0,2)=Wall,(1,2)=Ghost1,(2,2)=Wall,(3,2)=Wall,(4,2)=Wall,(5,2)=Empty,(6,2)=Wall', '(0,3)=Wall,(1,3)=Pacman,(2,3)=Wall,(3,3)=Food,(4,3)=Empty,(5,3)=Empty,(6,3)=Wall', '(0,4)=Wall,(1,4)=Empty,(2,4)=Wall,(3,4)=Wall,(4,4)=Wall,(5,4)=Empty,(6,4)=Wall', '(0,5)=Wall,(1,5)=Food,(2,5)=Empty,(3,5)=Empty,(4,5)=Empty,(5,5)=Empty,(6,5)=Wall', '(0,6)=Wall,(1,6)=Wall,(2,6)=Wall,(3,6)=Wall,(4,6)=Wall,(5,6)=Wall,(6,6)=Wall'], 'pacman_pos': [1, 3], 'ghost_pos': [[1, 2]], 'score': -11.0, 'food_count': 2, 'legal_actions': ['Stop', 'North', 'South']}
        1. layout_list: (List of Strings) ["(0,0)=Wall", "(1,0)=Pacman"...]
        2. pacman_pos: (List of Integers) [x, y]
        3. ghost_pos: (List of Lists) [[x, y], [x, y]]
        4. score: (Integer)
        5. food_count: (Integer)
        6. legal_actions: (List of Strings) ['North', 'South', ...]
        你的思路应该是
        1. 找出两条能经过所有食物的路径
        2. 判断这两条条路径上是否存在ghosts
            - 如果有，判断ghosts是否在三步以内
                - 如果是，放弃这条路径
            - 如果没有，则按这条路经走第一步。
        请逐步推理，再给出最终答案，你的答案只能是第一步。
        然后在给出答案前，请对答案进行检验，确定不会碰到ghosts
        好的请遵守游戏规则，并且牢记你的两个目标，完成任务吧。
        
输出最终行动，格式必须严格如下：<action>行动</action>。其中"行动"必须是以下之一: North, South, East, West, Stop
 例如：<action>North</action>
--- RESPONSE ---
<action>North</action>
--- ACTION ---
North
------------------------------
