TIME: 2025-12-10 21:29:51.961771
--- FULL USER INPUT ---

        "*** YOUR PROMPT HERE ***" 
        你现在是一个操作顶尖的吃豆人。你有两个必须要完成的任务             1. 需要避开不断追赶你的ghosts，与他保持一定的距离。
            2. 需要把所有的豆子吃完。
        
        这个是当前的游戏数据：'''{'layout_list': ['(0,0)=Wall,(1,0)=Wall,(2,0)=Wall,(3,0)=Wall,(4,0)=Wall,(5,0)=Wall,(6,0)=Wall', '(0,1)=Wall,(1,1)=Empty,(2,1)=Pacman,(3,1)=Empty,(4,1)=Empty,(5,1)=Empty,(6,1)=Wall', '(0,2)=Wall,(1,2)=Empty,(2,2)=Wall,(3,2)=Wall,(4,2)=Wall,(5,2)=Empty,(6,2)=Wall', '(0,3)=Wall,(1,3)=Empty,(2,3)=Wall,(3,3)=Food,(4,3)=Empty,(5,3)=Empty,(6,3)=Wall', '(0,4)=Wall,(1,4)=Empty,(2,4)=Wall,(3,4)=Wall,(4,4)=Wall,(5,4)=Empty,(6,4)=Wall', '(0,5)=Wall,(1,5)=Food,(2,5)=Empty,(3,5)=Ghost1,(4,5)=Empty,(5,5)=Empty,(6,5)=Wall', '(0,6)=Wall,(1,6)=Wall,(2,6)=Wall,(3,6)=Wall,(4,6)=Wall,(5,6)=Wall,(6,6)=Wall'], 'pacman_pos': [2, 1], 'ghost_pos': [[3, 5]], 'score': 0.0, 'food_count': 2, 'legal_actions': ['West', 'Stop', 'East']}'''
        
        其中：
            1. layout_list: (List of Strings) ["(0,0)=Wall", "(1,0)=Pacman"...]
                - wall 是墙壁，不能通过这里
                - Pacman 是你所在的位置
            2. pacman_pos: (List of Integers) [x, y]
                - 表明你当前的位置
            3. ghost_pos: (List of Lists) [[x, y], [x, y]]
                - 表明ghost的位置，你需要尽可能避开它
            4. score: (Integer)
                - 当前的分数，你需要尽可能提高这个分数
            5. food_count: (Integer)
                - 地图中的食物数量，你需要获取所有的食物
            6. legal_actions: (List of Strings) ['North', 'South', ...]
                - 合法的操作。请注意绝大多数情况，不会选择'stop'，你可以理解为把'stop'移除。
        你的思路应该是
        1. 从'legal_actions'中，分别计算操作这些actions后到达的位置，以及新的位置到食物、ghost的距离。
        2. 如果有actions计算后的位置到ghost的距离小于等于1，则放弃这个actions
        3. 如果有actions计算后的位置到food的距离等于0，则直接选择这个actions
        4. 不到万不得已，不选上一步的反方向。
        请逐步推理，再给出可选的actions，你的答案只能是第一步。
        然后在给出答案前，请对答案进行检验，确定不会碰到ghosts
        好的请遵守游戏规则，并且牢记你的两个目标，完成任务吧。
        
输出最终行动，格式必须严格如下：<action>行动</action>。其中"行动"必须是以下之一: North, South, East, West, Stop
 例如：<action>North</action>
--- RESPONSE ---
首先，我们分析当前的游戏数据：

### 1. 当前布局
从 `layout_list` 中可以提取出地图的结构。根据 `pacman_pos` 和 `ghost_pos` 的信息，我们可以知道：
- Pacman 的位置是 `[2, 1]`
- Ghost 的位置是 `[3, 5]`

### 2. 可用动作
`legal_actions` 是：`['West', 'Stop', 'East']`  
注意：大多数情况下不会选择 `Stop`，所以优先考虑 `West` 和 `East`。

### 3. 分析每个动作后的位置

#### a. West（向西移动）
- 新位置：`[1, 1]`
- 检查是否是墙：`layout_list[1]` 中 `(1,1)=Empty`，不是墙，合法。
- 到食物的距离：当前位置 `[1,1]`，查看是否有食物在附近。从布局看，`(1,5)=Food`，但距离较远。目前没有直接的食物在 `[1,1]` 周围。
- 到 ghost 的距离：ghost 在 `[3,5]`，Pacman 移动到 `[1,1]`，两者之间的曼哈顿距离为 `|3-1| + |5-1| = 2 + 4 = 6`，安全。

#### b. East（向东移动）
- 新位置：`[3, 1]`
- 检查是否是墙：`layout_list[1]` 中 `(3,1)=Empty`，不是墙，合法。
- 到食物的距离：当前位置 `[3,1]`，周围没有食物。
- 到 ghost 的距离：ghost 在 `[3,5]`，Pacman 移动到 `[3,1]`，两者之间的曼哈顿距离为 `|3-3| + |5-1| = 0 + 4 = 4`，安全。

#### c. Stop（停止）
- 不移动，不改变位置。
- 但因为目标是吃豆子和避开 ghost，所以一般不选 `Stop`。

### 4. 评估是否要避开 ghost
- `West` 后的位置 `[1,1]`，与 ghost 的距离为 6，安全。
- `East` 后的位置 `[3,1]`，与 ghost 的距离为 4，也安全。

### 5. 是否有食物在附近？
- 当前食物在 `(1,5)` 和 `(3,3)`，都离 Pacman 较远。
- 所以没有动作能直接吃到食物。

### 6. 是否有动作会导致与 ghost 距离小于等于 1？
- 无。

### 7. 是否要避免反方向？
- 上一步没有移动，所以无需考虑反方向。

### 8. 最终选择
- 两个动作 `West` 和 `East` 都是安全的。
- 但 `West` 更靠近食物 `(1,5)`，而 `East` 更远离食物。
- 因此，**优先选择 `West`**，因为它更接近食物。

---

### <action>West</action>
--- ACTION ---
West
------------------------------
TIME: 2025-12-10 21:30:02.001067
--- FULL USER INPUT ---

        "*** YOUR PROMPT HERE ***" 
        你现在是一个操作顶尖的吃豆人。你有两个必须要完成的任务             1. 需要避开不断追赶你的ghosts，与他保持一定的距离。
            2. 需要把所有的豆子吃完。
        
        这个是当前的游戏数据：'''{'layout_list': ['(0,0)=Wall,(1,0)=Wall,(2,0)=Wall,(3,0)=Wall,(4,0)=Wall,(5,0)=Wall,(6,0)=Wall', '(0,1)=Wall,(1,1)=Pacman,(2,1)=Empty,(3,1)=Empty,(4,1)=Empty,(5,1)=Empty,(6,1)=Wall', '(0,2)=Wall,(1,2)=Empty,(2,2)=Wall,(3,2)=Wall,(4,2)=Wall,(5,2)=Empty,(6,2)=Wall', '(0,3)=Wall,(1,3)=Empty,(2,3)=Wall,(3,3)=Food,(4,3)=Empty,(5,3)=Empty,(6,3)=Wall', '(0,4)=Wall,(1,4)=Empty,(2,4)=Wall,(3,4)=Wall,(4,4)=Wall,(5,4)=Empty,(6,4)=Wall', '(0,5)=Wall,(1,5)=Food,(2,5)=Ghost1,(3,5)=Empty,(4,5)=Empty,(5,5)=Empty,(6,5)=Wall', '(0,6)=Wall,(1,6)=Wall,(2,6)=Wall,(3,6)=Wall,(4,6)=Wall,(5,6)=Wall,(6,6)=Wall'], 'pacman_pos': [1, 1], 'ghost_pos': [[2, 5]], 'score': -1.0, 'food_count': 2, 'legal_actions': ['Stop', 'East', 'South']}'''
        
        其中：
            1. layout_list: (List of Strings) ["(0,0)=Wall", "(1,0)=Pacman"...]
                - wall 是墙壁，不能通过这里
                - Pacman 是你所在的位置
            2. pacman_pos: (List of Integers) [x, y]
                - 表明你当前的位置
            3. ghost_pos: (List of Lists) [[x, y], [x, y]]
                - 表明ghost的位置，你需要尽可能避开它
            4. score: (Integer)
                - 当前的分数，你需要尽可能提高这个分数
            5. food_count: (Integer)
                - 地图中的食物数量，你需要获取所有的食物
            6. legal_actions: (List of Strings) ['North', 'South', ...]
                - 合法的操作。请注意绝大多数情况，不会选择'stop'，你可以理解为把'stop'移除。
        你的思路应该是
        1. 从'legal_actions'中，分别计算操作这些actions后到达的位置，以及新的位置到食物、ghost的距离。
        2. 如果有actions计算后的位置到ghost的距离小于等于1，则放弃这个actions
        3. 如果有actions计算后的位置到food的距离等于0，则直接选择这个actions
        4. 不到万不得已，不选上一步的反方向。
        请逐步推理，再给出可选的actions，你的答案只能是第一步。
        然后在给出答案前，请对答案进行检验，确定不会碰到ghosts
        好的请遵守游戏规则，并且牢记你的两个目标，完成任务吧。
        
输出最终行动，格式必须严格如下：<action>行动</action>。其中"行动"必须是以下之一: North, South, East, West, Stop
 例如：<action>North</action>
--- RESPONSE ---
首先，我们分析当前的游戏数据：

### 1. 当前布局信息
从 `layout_list` 中可以提取出地图的结构。我们可以将每个位置的类型（Wall, Pacman, Empty, Food, Ghost）记录下来。

- **Pacman 的位置**：[1, 1]
- **Ghost 的位置**：[2, 5]
- **食物数量**：2
- **合法动作**：['Stop', 'East', 'South']

### 2. 分析合法动作
我们逐个分析这些动作后的位置，并判断是否安全、是否接近食物。

#### 动作：Stop
- 不移动，位置不变。
- 与 Ghost 的距离：[1,1] 到 [2,5] 的曼哈顿距离是 |2-1| + |5-1| = 1 + 4 = 5
- 安全，但没有前进，不推荐

#### 动作：East（向右）
- 新位置：[2, 1]
- 检查该位置是否为 Wall：
  - 根据 layout_list 第二行：(2,1)=Empty → 可以走
- 与 Ghost 的距离：[2,1] 到 [2,5] 的曼哈顿距离是 |2-2| + |5-1| = 0 + 4 = 4
- 与食物的距离：
  - 食物在 (1,5) 和 (3,3)
  - [2,1] 到 (1,5) 的距离是 |1-2| + |5-1| = 1 + 4 = 5
  - [2,1] 到 (3,3) 的距离是 |3-2| + |3-1| = 1 + 2 = 3
- 该位置不是食物，但距离较远，暂时不优先选择

#### 动作：South（向下）
- 新位置：[1, 2]
- 检查该位置是否为 Wall：
  - 根据 layout_list 第三行：(1,2)=Empty → 可以走
- 与 Ghost 的距离：[1,2] 到 [2,5] 的曼哈顿距离是 |2-1| + |5-2| = 1 + 3 = 4
- 与食物的距离：
  - [1,2] 到 (1,5) 的距离是 |1-1| + |5-2| = 0 + 3 = 3
  - [1,2] 到 (3,3) 的距离是 |3-1| + |3-2| = 2 + 1 = 3
- 该位置不是食物，但距离食物较近，是一个好的选择

### 3. 筛选安全动作
根据规则：
- 如果某个动作后的位置到 ghost 的距离 ≤ 1，则放弃这个动作
- 当前 ghost 在 [2,5]，所有动作后的位置到 ghost 的距离都 > 1，所以都可以考虑

### 4. 是否有直接到达食物的动作？
- 当前食物在 (1,5) 和 (3,3)
- 所有动作后的位置都不是食物，因此不能直接吃掉食物

### 5. 不选上一步的反方向
- 上一步没有移动，所以这一步没有“上一步的反方向”可参考

### 6. 综合判断
- **East**：位置 [2,1]，距离食物较远，但安全
- **South**：位置 [1,2]，距离食物较近，也安全
- 两者都安全，且都能推进游戏

### 7. 选择最优动作
- **South** 更靠近食物（距离 3），比 East（距离 3）一样近
- 但 South 是更合理的下一步，因为可以继续探索更多食物区域

---

### 最终答案：
<action>South</action>
--- ACTION ---
South
------------------------------
TIME: 2025-12-10 21:30:09.664075
--- FULL USER INPUT ---

        "*** YOUR PROMPT HERE ***" 
        你现在是一个操作顶尖的吃豆人。你有两个必须要完成的任务             1. 需要避开不断追赶你的ghosts，与他保持一定的距离。
            2. 需要把所有的豆子吃完。
        
        这个是当前的游戏数据：'''{'layout_list': ['(0,0)=Wall,(1,0)=Wall,(2,0)=Wall,(3,0)=Wall,(4,0)=Wall,(5,0)=Wall,(6,0)=Wall', '(0,1)=Wall,(1,1)=Empty,(2,1)=Empty,(3,1)=Empty,(4,1)=Empty,(5,1)=Empty,(6,1)=Wall', '(0,2)=Wall,(1,2)=Pacman,(2,2)=Wall,(3,2)=Wall,(4,2)=Wall,(5,2)=Empty,(6,2)=Wall', '(0,3)=Wall,(1,3)=Empty,(2,3)=Wall,(3,3)=Food,(4,3)=Empty,(5,3)=Empty,(6,3)=Wall', '(0,4)=Wall,(1,4)=Empty,(2,4)=Wall,(3,4)=Wall,(4,4)=Wall,(5,4)=Empty,(6,4)=Wall', '(0,5)=Wall,(1,5)=Ghost1,(2,5)=Empty,(3,5)=Empty,(4,5)=Empty,(5,5)=Empty,(6,5)=Wall', '(0,6)=Wall,(1,6)=Wall,(2,6)=Wall,(3,6)=Wall,(4,6)=Wall,(5,6)=Wall,(6,6)=Wall'], 'pacman_pos': [1, 2], 'ghost_pos': [[1, 5]], 'score': -2.0, 'food_count': 2, 'legal_actions': ['Stop', 'North', 'South']}'''
        
        其中：
            1. layout_list: (List of Strings) ["(0,0)=Wall", "(1,0)=Pacman"...]
                - wall 是墙壁，不能通过这里
                - Pacman 是你所在的位置
            2. pacman_pos: (List of Integers) [x, y]
                - 表明你当前的位置
            3. ghost_pos: (List of Lists) [[x, y], [x, y]]
                - 表明ghost的位置，你需要尽可能避开它
            4. score: (Integer)
                - 当前的分数，你需要尽可能提高这个分数
            5. food_count: (Integer)
                - 地图中的食物数量，你需要获取所有的食物
            6. legal_actions: (List of Strings) ['North', 'South', ...]
                - 合法的操作。请注意绝大多数情况，不会选择'stop'，你可以理解为把'stop'移除。
        你的思路应该是
        1. 从'legal_actions'中，分别计算操作这些actions后到达的位置，以及新的位置到食物、ghost的距离。
        2. 如果有actions计算后的位置到ghost的距离小于等于1，则放弃这个actions
        3. 如果有actions计算后的位置到food的距离等于0，则直接选择这个actions
        4. 不到万不得已，不选上一步的反方向。
        请逐步推理，再给出可选的actions，你的答案只能是第一步。
        然后在给出答案前，请对答案进行检验，确定不会碰到ghosts
        好的请遵守游戏规则，并且牢记你的两个目标，完成任务吧。
        
输出最终行动，格式必须严格如下：<action>行动</action>。其中"行动"必须是以下之一: North, South, East, West, Stop
 例如：<action>North</action>
--- RESPONSE ---
首先，我们分析当前的游戏数据：

- **Pacman的位置**：[1, 2]
- **Ghost的位置**：[[1, 5]]
- **食物数量**：2
- **合法操作**：['Stop', 'North', 'South']

### 第一步：确定每个合法动作后的新位置

#### 1. 'Stop'：
- 不移动，位置不变：[1, 2]

#### 2. 'North'（向上）：
- 新位置：[1, 1]（因为 y 坐标减 1）
- 检查是否是墙：根据 layout_list 中的第 2 行 `(1,1)=Empty`，说明可以走。

#### 3. 'South'（向下）：
- 新位置：[1, 3]
- 检查是否是墙：根据 layout_list 中的第 4 行 `(1,3)=Empty`，说明可以走。

### 第二步：计算新位置到 Ghost 和 Food 的距离

#### Ghost 位置：[1, 5]

- **'Stop'**：[1, 2] → 距离 = |5 - 2| = 3
- **'North'**：[1, 1] → 距离 = |5 - 1| = 4
- **'South'**：[1, 3] → 距离 = |5 - 3| = 2

#### 食物位置：
从 layout_list 可以看出，食物在 (3, 3) 和 (5, 2) 两个位置。

- **'Stop'**：[1, 2] → 到 (5, 2) 的距离 = |5 - 1| + |2 - 2| = 4
- **'North'**：[1, 1] → 到 (5, 2) 的距离 = |5 - 1| + |2 - 1| = 5
- **'South'**：[1, 3] → 到 (3, 3) 的距离 = |3 - 1| + |3 - 3| = 2

### 第三步：筛选安全的操作

- **'Stop'**：距离 Ghost 为 3，安全。
- **'North'**：距离 Ghost 为 4，安全。
- **'South'**：距离 Ghost 为 2，**不安全**（小于等于 1？不是，但接近，需谨慎）。

### 第四步：检查是否有直接吃豆子的动作

- **'South'**：到达 [1, 3]，该位置是 Empty，不是 Food。
- **'North'**：到达 [1, 1]，也不是 Food。
- **'Stop'**：当前位置 [1, 2]，也不是 Food。

所以没有一个动作能直接吃到 Food。

### 第五步：选择最合适的动作

- **'North'**：距离 Ghost 较远，且靠近 Food 的方向（虽然不能直接吃）。
- **'South'**：虽然距离 Ghost 是 2，但比 'North' 更近，可能更危险。
- **'Stop'**：不移动，无法前进。

因此，**最佳选择是 'North'**，因为它既安全，又朝着 Food 的方向移动。

---

### 最终答案：
<action>North</action>
--- ACTION ---
North
------------------------------
TIME: 2025-12-10 21:30:10.058454
--- FULL USER INPUT ---

        "*** YOUR PROMPT HERE ***" 
        你现在是一个操作顶尖的吃豆人。你有两个必须要完成的任务             1. 需要避开不断追赶你的ghosts，与他保持一定的距离。
            2. 需要把所有的豆子吃完。
        
        这个是当前的游戏数据：'''{'layout_list': ['(0,0)=Wall,(1,0)=Wall,(2,0)=Wall,(3,0)=Wall,(4,0)=Wall,(5,0)=Wall,(6,0)=Wall', '(0,1)=Wall,(1,1)=Pacman,(2,1)=Empty,(3,1)=Empty,(4,1)=Empty,(5,1)=Empty,(6,1)=Wall', '(0,2)=Wall,(1,2)=Empty,(2,2)=Wall,(3,2)=Wall,(4,2)=Wall,(5,2)=Empty,(6,2)=Wall', '(0,3)=Wall,(1,3)=Empty,(2,3)=Wall,(3,3)=Food,(4,3)=Empty,(5,3)=Empty,(6,3)=Wall', '(0,4)=Wall,(1,4)=Ghost1,(2,4)=Wall,(3,4)=Wall,(4,4)=Wall,(5,4)=Empty,(6,4)=Wall', '(0,5)=Wall,(1,5)=Food,(2,5)=Empty,(3,5)=Empty,(4,5)=Empty,(5,5)=Empty,(6,5)=Wall', '(0,6)=Wall,(1,6)=Wall,(2,6)=Wall,(3,6)=Wall,(4,6)=Wall,(5,6)=Wall,(6,6)=Wall'], 'pacman_pos': [1, 1], 'ghost_pos': [[1, 4]], 'score': -3.0, 'food_count': 2, 'legal_actions': ['Stop', 'East', 'South']}'''
        
        其中：
            1. layout_list: (List of Strings) ["(0,0)=Wall", "(1,0)=Pacman"...]
                - wall 是墙壁，不能通过这里
                - Pacman 是你所在的位置
            2. pacman_pos: (List of Integers) [x, y]
                - 表明你当前的位置
            3. ghost_pos: (List of Lists) [[x, y], [x, y]]
                - 表明ghost的位置，你需要尽可能避开它
            4. score: (Integer)
                - 当前的分数，你需要尽可能提高这个分数
            5. food_count: (Integer)
                - 地图中的食物数量，你需要获取所有的食物
            6. legal_actions: (List of Strings) ['North', 'South', ...]
                - 合法的操作。请注意绝大多数情况，不会选择'stop'，你可以理解为把'stop'移除。
        你的思路应该是
        1. 从'legal_actions'中，分别计算操作这些actions后到达的位置，以及新的位置到食物、ghost的距离。
        2. 如果有actions计算后的位置到ghost的距离小于等于1，则放弃这个actions
        3. 如果有actions计算后的位置到food的距离等于0，则直接选择这个actions
        4. 不到万不得已，不选上一步的反方向。
        请逐步推理，再给出可选的actions，你的答案只能是第一步。
        然后在给出答案前，请对答案进行检验，确定不会碰到ghosts
        好的请遵守游戏规则，并且牢记你的两个目标，完成任务吧。
        
输出最终行动，格式必须严格如下：<action>行动</action>。其中"行动"必须是以下之一: North, South, East, West, Stop
 例如：<action>North</action>
--- RESPONSE ---
<action>East</action>
--- ACTION ---
East
------------------------------
TIME: 2025-12-10 21:30:17.434386
--- FULL USER INPUT ---

        "*** YOUR PROMPT HERE ***" 
        你现在是一个操作顶尖的吃豆人。你有两个必须要完成的任务             1. 需要避开不断追赶你的ghosts，与他保持一定的距离。
            2. 需要把所有的豆子吃完。
        
        这个是当前的游戏数据：'''{'layout_list': ['(0,0)=Wall,(1,0)=Wall,(2,0)=Wall,(3,0)=Wall,(4,0)=Wall,(5,0)=Wall,(6,0)=Wall', '(0,1)=Wall,(1,1)=Empty,(2,1)=Pacman,(3,1)=Empty,(4,1)=Empty,(5,1)=Empty,(6,1)=Wall', '(0,2)=Wall,(1,2)=Empty,(2,2)=Wall,(3,2)=Wall,(4,2)=Wall,(5,2)=Empty,(6,2)=Wall', '(0,3)=Wall,(1,3)=Ghost1,(2,3)=Wall,(3,3)=Food,(4,3)=Empty,(5,3)=Empty,(6,3)=Wall', '(0,4)=Wall,(1,4)=Empty,(2,4)=Wall,(3,4)=Wall,(4,4)=Wall,(5,4)=Empty,(6,4)=Wall', '(0,5)=Wall,(1,5)=Food,(2,5)=Empty,(3,5)=Empty,(4,5)=Empty,(5,5)=Empty,(6,5)=Wall', '(0,6)=Wall,(1,6)=Wall,(2,6)=Wall,(3,6)=Wall,(4,6)=Wall,(5,6)=Wall,(6,6)=Wall'], 'pacman_pos': [2, 1], 'ghost_pos': [[1, 3]], 'score': -4.0, 'food_count': 2, 'legal_actions': ['West', 'Stop', 'East']}'''
        
        其中：
            1. layout_list: (List of Strings) ["(0,0)=Wall", "(1,0)=Pacman"...]
                - wall 是墙壁，不能通过这里
                - Pacman 是你所在的位置
            2. pacman_pos: (List of Integers) [x, y]
                - 表明你当前的位置
            3. ghost_pos: (List of Lists) [[x, y], [x, y]]
                - 表明ghost的位置，你需要尽可能避开它
            4. score: (Integer)
                - 当前的分数，你需要尽可能提高这个分数
            5. food_count: (Integer)
                - 地图中的食物数量，你需要获取所有的食物
            6. legal_actions: (List of Strings) ['North', 'South', ...]
                - 合法的操作。请注意绝大多数情况，不会选择'stop'，你可以理解为把'stop'移除。
        你的思路应该是
        1. 从'legal_actions'中，分别计算操作这些actions后到达的位置，以及新的位置到食物、ghost的距离。
        2. 如果有actions计算后的位置到ghost的距离小于等于1，则放弃这个actions
        3. 如果有actions计算后的位置到food的距离等于0，则直接选择这个actions
        4. 不到万不得已，不选上一步的反方向。
        请逐步推理，再给出可选的actions，你的答案只能是第一步。
        然后在给出答案前，请对答案进行检验，确定不会碰到ghosts
        好的请遵守游戏规则，并且牢记你的两个目标，完成任务吧。
        
输出最终行动，格式必须严格如下：<action>行动</action>。其中"行动"必须是以下之一: North, South, East, West, Stop
 例如：<action>North</action>
--- RESPONSE ---
首先，我们分析当前的游戏数据：

### 1. 当前布局
从 `layout_list` 中可以提取出地图的结构。根据提供的信息，我们可以绘制出一个简化的地图（仅关注与 Pacman 和 Ghost 相关的部分）：

```
Row 0: Wall Wall Wall Wall Wall Wall Wall
Row 1: Wall Empty Pacman Empty Empty Empty Wall
Row 2: Wall Empty Wall Wall Wall Empty Wall
Row 3: Wall Ghost1 Wall Food Empty Empty Wall
Row 4: Wall Empty Wall Wall Wall Empty Wall
Row 5: Wall Food Empty Empty Empty Empty Wall
Row 6: Wall Wall Wall Wall Wall Wall Wall
```

Pacman 的位置是 `(2, 1)`，Ghost 的位置是 `(1, 3)`。

### 2. Legal Actions
`legal_actions` 是：`['West', 'Stop', 'East']`  
注意：大多数情况下不会选择 `Stop`，所以优先考虑 `West` 和 `East`。

### 3. 分析每个合法动作后的位置和影响

#### a. West (向西移动)
- 新位置：`(1, 1)`
- 检查是否是墙？不是。
- 到食物的距离：当前位置 `(1, 1)`，最近的食物在 `(1, 5)` 或 `(3, 3)`，距离为 4 或 2。
- 到 Ghost 的距离：Ghost 在 `(1, 3)`，当前新位置是 `(1, 1)`，距离为 2。
- **结论**：安全，且有食物可吃。

#### b. East (向东移动)
- 新位置：`(3, 1)`
- 检查是否是墙？不是。
- 到食物的距离：当前位置 `(3, 1)`，最近的食物在 `(3, 3)`，距离为 2。
- 到 Ghost 的距离：Ghost 在 `(1, 3)`，当前新位置是 `(3, 1)`，距离为 2（对角线）。
- **结论**：安全，且靠近食物。

#### c. Stop (停止)
- 不移动，不改变位置。
- 但会浪费机会，且可能被 Ghost 追上。
- **结论**：不推荐。

### 4. 评估是否要避开 Ghost
- Ghost 在 `(1, 3)`，Pacman 在 `(2, 1)`。
- 如果选择 `West`，到 Ghost 的距离是 2。
- 如果选择 `East`，到 Ghost 的距离是 2。
- 所以两个方向都安全。

### 5. 是否有直接吃到食物的动作？
- 当前食物在 `(1, 5)` 和 `(3, 3)`。
- `West` 后的位置 `(1, 1)` 距离 `(1, 5)` 为 4。
- `East` 后的位置 `(3, 1)` 距离 `(3, 3)` 为 2。
- 所以 `East` 更接近食物。

### 6. 是否要避免反方向？
- 上一步没有移动，所以无所谓反方向。

---

### ✅ 最终结论：
- `West` 和 `East` 都是安全的。
- `East` 更接近食物，更优。

---

<action>East</action>
--- ACTION ---
East
------------------------------
TIME: 2025-12-10 21:30:24.054807
--- FULL USER INPUT ---

        "*** YOUR PROMPT HERE ***" 
        你现在是一个操作顶尖的吃豆人。你有两个必须要完成的任务             1. 需要避开不断追赶你的ghosts，与他保持一定的距离。
            2. 需要把所有的豆子吃完。
        
        这个是当前的游戏数据：'''{'layout_list': ['(0,0)=Wall,(1,0)=Wall,(2,0)=Wall,(3,0)=Wall,(4,0)=Wall,(5,0)=Wall,(6,0)=Wall', '(0,1)=Wall,(1,1)=Empty,(2,1)=Empty,(3,1)=Pacman,(4,1)=Empty,(5,1)=Empty,(6,1)=Wall', '(0,2)=Wall,(1,2)=Ghost1,(2,2)=Wall,(3,2)=Wall,(4,2)=Wall,(5,2)=Empty,(6,2)=Wall', '(0,3)=Wall,(1,3)=Empty,(2,3)=Wall,(3,3)=Food,(4,3)=Empty,(5,3)=Empty,(6,3)=Wall', '(0,4)=Wall,(1,4)=Empty,(2,4)=Wall,(3,4)=Wall,(4,4)=Wall,(5,4)=Empty,(6,4)=Wall', '(0,5)=Wall,(1,5)=Food,(2,5)=Empty,(3,5)=Empty,(4,5)=Empty,(5,5)=Empty,(6,5)=Wall', '(0,6)=Wall,(1,6)=Wall,(2,6)=Wall,(3,6)=Wall,(4,6)=Wall,(5,6)=Wall,(6,6)=Wall'], 'pacman_pos': [3, 1], 'ghost_pos': [[1, 2]], 'score': -5.0, 'food_count': 2, 'legal_actions': ['West', 'Stop', 'East']}'''
        
        其中：
            1. layout_list: (List of Strings) ["(0,0)=Wall", "(1,0)=Pacman"...]
                - wall 是墙壁，不能通过这里
                - Pacman 是你所在的位置
            2. pacman_pos: (List of Integers) [x, y]
                - 表明你当前的位置
            3. ghost_pos: (List of Lists) [[x, y], [x, y]]
                - 表明ghost的位置，你需要尽可能避开它
            4. score: (Integer)
                - 当前的分数，你需要尽可能提高这个分数
            5. food_count: (Integer)
                - 地图中的食物数量，你需要获取所有的食物
            6. legal_actions: (List of Strings) ['North', 'South', ...]
                - 合法的操作。请注意绝大多数情况，不会选择'stop'，你可以理解为把'stop'移除。
        你的思路应该是
        1. 从'legal_actions'中，分别计算操作这些actions后到达的位置，以及新的位置到食物、ghost的距离。
        2. 如果有actions计算后的位置到ghost的距离小于等于1，则放弃这个actions
        3. 如果有actions计算后的位置到food的距离等于0，则直接选择这个actions
        4. 不到万不得已，不选上一步的反方向。
        请逐步推理，再给出可选的actions，你的答案只能是第一步。
        然后在给出答案前，请对答案进行检验，确定不会碰到ghosts
        好的请遵守游戏规则，并且牢记你的两个目标，完成任务吧。
        
输出最终行动，格式必须严格如下：<action>行动</action>。其中"行动"必须是以下之一: North, South, East, West, Stop
 例如：<action>North</action>
--- RESPONSE ---
首先，我们分析当前的游戏数据：

### 1. 当前布局
从 `layout_list` 中可以提取出地图的结构。我们重点关注 Pacman 和 Ghost 的位置以及食物的位置。

- **Pacman 的位置**：[3, 1]（即 x=3, y=1）
- **Ghost 的位置**：[[1, 2]]（即 x=1, y=2）
- **食物的位置**：
  - (3, 3)
  - (1, 5)

### 2. 合法操作
`legal_actions` 是 ['West', 'Stop', 'East']，所以我们可以选择 West、East 或 Stop。

### 3. 分析每个合法操作后的新位置

#### a. West（向西移动）  
- 新位置：[2, 1]
- 检查是否是墙？根据 layout_list，(2,1) 是 Empty，可以走。
- 检查与 Ghost 的距离：Ghost 在 [1,2]，Pacman 在 [2,1]，曼哈顿距离为 |2-1| + |1-2| = 1 → **危险！不能选这个动作**。

#### b. East（向东移动）  
- 新位置：[4, 1]
- 检查是否是墙？根据 layout_list，(4,1) 是 Empty，可以走。
- 检查与 Ghost 的距离：Ghost 在 [1,2]，Pacman 在 [4,1]，曼哈顿距离为 |4-1| + |1-2| = 3 → 安全。
- 检查是否靠近食物：目前食物在 (3,3) 和 (1,5)，[4,1] 距离最近的食物 (3,3) 为 |4-3| + |1-3| = 2 → 不太近，但安全。

#### c. Stop（停止）  
- 保持当前位置 [3,1]，不移动。
- 与 Ghost 的距离：[3,1] 到 [1,2] 的曼哈顿距离为 |3-1| + |1-2| = 3 → 安全。
- 但停止不会吃豆子，也不推进目标，因此不是最优选择。

### 4. 选择最佳行动
- **West**：距离 Ghost 太近（距离为 1），**不可选**。
- **East**：安全，且接近食物（距离为 2），**可选**。
- **Stop**：虽然安全，但没有进展，**不推荐**。

### 5. 最终结论
选择 **East**，因为它是唯一安全且能推进目标的选项。

---

<action>East</action>
--- ACTION ---
East
------------------------------
TIME: 2025-12-10 21:30:30.560382
--- FULL USER INPUT ---

        "*** YOUR PROMPT HERE ***" 
        你现在是一个操作顶尖的吃豆人。你有两个必须要完成的任务             1. 需要避开不断追赶你的ghosts，与他保持一定的距离。
            2. 需要把所有的豆子吃完。
        
        这个是当前的游戏数据：'''{'layout_list': ['(0,0)=Wall,(1,0)=Wall,(2,0)=Wall,(3,0)=Wall,(4,0)=Wall,(5,0)=Wall,(6,0)=Wall', '(0,1)=Wall,(1,1)=Ghost1,(2,1)=Empty,(3,1)=Empty,(4,1)=Pacman,(5,1)=Empty,(6,1)=Wall', '(0,2)=Wall,(1,2)=Empty,(2,2)=Wall,(3,2)=Wall,(4,2)=Wall,(5,2)=Empty,(6,2)=Wall', '(0,3)=Wall,(1,3)=Empty,(2,3)=Wall,(3,3)=Food,(4,3)=Empty,(5,3)=Empty,(6,3)=Wall', '(0,4)=Wall,(1,4)=Empty,(2,4)=Wall,(3,4)=Wall,(4,4)=Wall,(5,4)=Empty,(6,4)=Wall', '(0,5)=Wall,(1,5)=Food,(2,5)=Empty,(3,5)=Empty,(4,5)=Empty,(5,5)=Empty,(6,5)=Wall', '(0,6)=Wall,(1,6)=Wall,(2,6)=Wall,(3,6)=Wall,(4,6)=Wall,(5,6)=Wall,(6,6)=Wall'], 'pacman_pos': [4, 1], 'ghost_pos': [[1, 1]], 'score': -6.0, 'food_count': 2, 'legal_actions': ['West', 'Stop', 'East']}'''
        
        其中：
            1. layout_list: (List of Strings) ["(0,0)=Wall", "(1,0)=Pacman"...]
                - wall 是墙壁，不能通过这里
                - Pacman 是你所在的位置
            2. pacman_pos: (List of Integers) [x, y]
                - 表明你当前的位置
            3. ghost_pos: (List of Lists) [[x, y], [x, y]]
                - 表明ghost的位置，你需要尽可能避开它
            4. score: (Integer)
                - 当前的分数，你需要尽可能提高这个分数
            5. food_count: (Integer)
                - 地图中的食物数量，你需要获取所有的食物
            6. legal_actions: (List of Strings) ['North', 'South', ...]
                - 合法的操作。请注意绝大多数情况，不会选择'stop'，你可以理解为把'stop'移除。
        你的思路应该是
        1. 从'legal_actions'中，分别计算操作这些actions后到达的位置，以及新的位置到食物、ghost的距离。
        2. 如果有actions计算后的位置到ghost的距离小于等于1，则放弃这个actions
        3. 如果有actions计算后的位置到food的距离等于0，则直接选择这个actions
        4. 不到万不得已，不选上一步的反方向。
        请逐步推理，再给出可选的actions，你的答案只能是第一步。
        然后在给出答案前，请对答案进行检验，确定不会碰到ghosts
        好的请遵守游戏规则，并且牢记你的两个目标，完成任务吧。
        
输出最终行动，格式必须严格如下：<action>行动</action>。其中"行动"必须是以下之一: North, South, East, West, Stop
 例如：<action>North</action>
--- RESPONSE ---
首先，我们分析当前的游戏数据：

- **Pacman 的位置**：[4, 1]
- **Ghost 的位置**：[[1, 1]]
- **合法操作**：['West', 'Stop', 'East']
- **食物数量**：2
- **地图布局**：
  - (1,1) 是 Ghost1
  - (4,1) 是 Pacman
  - (3,3) 和 (1,5) 是 Food

### 第一步：计算每个合法动作后的新位置
我们逐个分析合法动作：

#### 1. West（向西）：
- 新位置：[3, 1]
- 检查是否是墙：(3,1) 是 Empty，可以走。
- 到 Ghost 的距离：从 [3,1] 到 [1,1] 的距离是 2（横向距离），安全。
- 到 Food 的距离：[3,1] 到 (3,3) 的距离是 2（纵向距离），到 (1,5) 的距离是 4（横向+纵向）。不是最近的。

#### 2. Stop（停止）：
- 不移动，位置不变。
- 到 Ghost 的距离：0（因为 Ghost 在 [1,1]，Pacman 在 [4,1]，距离为 3，不危险）。
- 但“Stop”通常不是最优选择，除非没有其他更优选项。

#### 3. East（向东）：
- 新位置：[5, 1]
- 检查是否是墙：(5,1) 是 Empty，可以走。
- 到 Ghost 的距离：从 [5,1] 到 [1,1] 的距离是 4，安全。
- 到 Food 的距离：[5,1] 到 (3,3) 的距离是 3（横向+纵向），到 (1,5) 的距离是 4。也不是最近的。

### 第二步：排除危险动作
- 所有动作后的位置到 Ghost 的距离都大于 1，因此没有需要排除的动作。

### 第三步：检查是否有直接吃到食物的动作
- 当前没有动作能直接到达食物，所以这一步不适用。

### 第四步：避免反方向
- 当前 Pacman 在 [4,1]，如果选择 East（[5,1]），那么下一步如果选择 West（[4,1]）会回到原地，这是反方向，应尽量避免。

### 综合判断
- 最佳选择是 **West**，因为它是最接近食物的方向（虽然不是直接吃掉食物，但比 East 更靠近食物）。
- 且不会碰到 Ghost。

---

### 最终行动：
<action>West</action>
--- ACTION ---
West
------------------------------
TIME: 2025-12-10 21:30:35.791401
--- FULL USER INPUT ---

        "*** YOUR PROMPT HERE ***" 
        你现在是一个操作顶尖的吃豆人。你有两个必须要完成的任务             1. 需要避开不断追赶你的ghosts，与他保持一定的距离。
            2. 需要把所有的豆子吃完。
        
        这个是当前的游戏数据：'''{'layout_list': ['(0,0)=Wall,(1,0)=Wall,(2,0)=Wall,(3,0)=Wall,(4,0)=Wall,(5,0)=Wall,(6,0)=Wall', '(0,1)=Wall,(1,1)=Empty,(2,1)=Ghost1,(3,1)=Pacman,(4,1)=Empty,(5,1)=Empty,(6,1)=Wall', '(0,2)=Wall,(1,2)=Empty,(2,2)=Wall,(3,2)=Wall,(4,2)=Wall,(5,2)=Empty,(6,2)=Wall', '(0,3)=Wall,(1,3)=Empty,(2,3)=Wall,(3,3)=Food,(4,3)=Empty,(5,3)=Empty,(6,3)=Wall', '(0,4)=Wall,(1,4)=Empty,(2,4)=Wall,(3,4)=Wall,(4,4)=Wall,(5,4)=Empty,(6,4)=Wall', '(0,5)=Wall,(1,5)=Food,(2,5)=Empty,(3,5)=Empty,(4,5)=Empty,(5,5)=Empty,(6,5)=Wall', '(0,6)=Wall,(1,6)=Wall,(2,6)=Wall,(3,6)=Wall,(4,6)=Wall,(5,6)=Wall,(6,6)=Wall'], 'pacman_pos': [3, 1], 'ghost_pos': [[2, 1]], 'score': -7.0, 'food_count': 2, 'legal_actions': ['West', 'Stop', 'East']}'''
        
        其中：
            1. layout_list: (List of Strings) ["(0,0)=Wall", "(1,0)=Pacman"...]
                - wall 是墙壁，不能通过这里
                - Pacman 是你所在的位置
            2. pacman_pos: (List of Integers) [x, y]
                - 表明你当前的位置
            3. ghost_pos: (List of Lists) [[x, y], [x, y]]
                - 表明ghost的位置，你需要尽可能避开它
            4. score: (Integer)
                - 当前的分数，你需要尽可能提高这个分数
            5. food_count: (Integer)
                - 地图中的食物数量，你需要获取所有的食物
            6. legal_actions: (List of Strings) ['North', 'South', ...]
                - 合法的操作。请注意绝大多数情况，不会选择'stop'，你可以理解为把'stop'移除。
        你的思路应该是
        1. 从'legal_actions'中，分别计算操作这些actions后到达的位置，以及新的位置到食物、ghost的距离。
        2. 如果有actions计算后的位置到ghost的距离小于等于1，则放弃这个actions
        3. 如果有actions计算后的位置到food的距离等于0，则直接选择这个actions
        4. 不到万不得已，不选上一步的反方向。
        请逐步推理，再给出可选的actions，你的答案只能是第一步。
        然后在给出答案前，请对答案进行检验，确定不会碰到ghosts
        好的请遵守游戏规则，并且牢记你的两个目标，完成任务吧。
        
输出最终行动，格式必须严格如下：<action>行动</action>。其中"行动"必须是以下之一: North, South, East, West, Stop
 例如：<action>North</action>
--- RESPONSE ---
首先，我们分析当前的游戏数据：

- **Pacman 的位置**：[3, 1]
- **Ghost 的位置**：[[2, 1]]
- **合法操作**：['West', 'Stop', 'East']
- **食物数量**：2
- **当前分数**：-7.0

---

### 第一步：确定 Pacman 当前的位置和周围环境

从 layout_list 中可以提取出地图信息。根据 `layout_list`，我们可以知道：

- (3,1) 是 Pacman 的位置。
- (2,1) 是 Ghost1 的位置。
- (3,3) 是 Food。
- (1,5) 是 Food。

所以目前还有两个食物未被吃掉。

---

### 第二步：分析合法操作的可能结果

#### 1. **West（向西）**
- 新位置：[2, 1]（与 Ghost1 相同）
- ❌ 不能选择，因为会直接撞到 Ghost。

#### 2. **Stop（停止）**
- 位置不变：[3, 1]
- 没有移动，不会碰到 Ghost，但也不会吃到食物。
- ✅ 可以考虑，但不是最优解。

#### 3. **East（向东）**
- 新位置：[4, 1]
- 检查是否是 Wall：
  - 根据 layout_list，(4,1) 是 Empty。
- 检查是否靠近 Ghost：
  - Ghost 在 [2,1]，Pacman 在 [4,1]，距离为 2，安全。
- 检查是否接近食物：
  - 食物在 (3,3) 和 (1,5)，[4,1] 距离较远。
- ✅ 可以选择，是一个安全且合理的动作。

---

### 第三步：排除危险操作

- **West** 会导致直接撞 Ghost，不可选。
- **Stop** 不危险，但不推进任务。
- **East** 是唯一安全且能推进任务的操作。

---

### 最终结论

选择 **East**，这是唯一一个既不会撞 Ghost，又能继续探索地图、寻找食物的合理操作。

---

<action>East</action>
--- ACTION ---
East
------------------------------
TIME: 2025-12-10 21:30:36.186991
--- FULL USER INPUT ---

        "*** YOUR PROMPT HERE ***" 
        你现在是一个操作顶尖的吃豆人。你有两个必须要完成的任务             1. 需要避开不断追赶你的ghosts，与他保持一定的距离。
            2. 需要把所有的豆子吃完。
        
        这个是当前的游戏数据：'''{'layout_list': ['(0,0)=Wall,(1,0)=Wall,(2,0)=Wall,(3,0)=Wall,(4,0)=Wall,(5,0)=Wall,(6,0)=Wall', '(0,1)=Wall,(1,1)=Empty,(2,1)=Empty,(3,1)=Ghost1,(4,1)=Pacman,(5,1)=Empty,(6,1)=Wall', '(0,2)=Wall,(1,2)=Empty,(2,2)=Wall,(3,2)=Wall,(4,2)=Wall,(5,2)=Empty,(6,2)=Wall', '(0,3)=Wall,(1,3)=Empty,(2,3)=Wall,(3,3)=Food,(4,3)=Empty,(5,3)=Empty,(6,3)=Wall', '(0,4)=Wall,(1,4)=Empty,(2,4)=Wall,(3,4)=Wall,(4,4)=Wall,(5,4)=Empty,(6,4)=Wall', '(0,5)=Wall,(1,5)=Food,(2,5)=Empty,(3,5)=Empty,(4,5)=Empty,(5,5)=Empty,(6,5)=Wall', '(0,6)=Wall,(1,6)=Wall,(2,6)=Wall,(3,6)=Wall,(4,6)=Wall,(5,6)=Wall,(6,6)=Wall'], 'pacman_pos': [4, 1], 'ghost_pos': [[3, 1]], 'score': -8.0, 'food_count': 2, 'legal_actions': ['West', 'Stop', 'East']}'''
        
        其中：
            1. layout_list: (List of Strings) ["(0,0)=Wall", "(1,0)=Pacman"...]
                - wall 是墙壁，不能通过这里
                - Pacman 是你所在的位置
            2. pacman_pos: (List of Integers) [x, y]
                - 表明你当前的位置
            3. ghost_pos: (List of Lists) [[x, y], [x, y]]
                - 表明ghost的位置，你需要尽可能避开它
            4. score: (Integer)
                - 当前的分数，你需要尽可能提高这个分数
            5. food_count: (Integer)
                - 地图中的食物数量，你需要获取所有的食物
            6. legal_actions: (List of Strings) ['North', 'South', ...]
                - 合法的操作。请注意绝大多数情况，不会选择'stop'，你可以理解为把'stop'移除。
        你的思路应该是
        1. 从'legal_actions'中，分别计算操作这些actions后到达的位置，以及新的位置到食物、ghost的距离。
        2. 如果有actions计算后的位置到ghost的距离小于等于1，则放弃这个actions
        3. 如果有actions计算后的位置到food的距离等于0，则直接选择这个actions
        4. 不到万不得已，不选上一步的反方向。
        请逐步推理，再给出可选的actions，你的答案只能是第一步。
        然后在给出答案前，请对答案进行检验，确定不会碰到ghosts
        好的请遵守游戏规则，并且牢记你的两个目标，完成任务吧。
        
输出最终行动，格式必须严格如下：<action>行动</action>。其中"行动"必须是以下之一: North, South, East, West, Stop
 例如：<action>North</action>
--- RESPONSE ---
<action>West</action>
--- ACTION ---
West
------------------------------
