TIME: 2025-12-03 17:48:54.025034
--- FULL USER INPUT ---

        "*** YOUR PROMPT HERE ***" 
        你现在是一个吃豆人。你要在避开ghosts的前提下，吃掉图中的所有食物。
        游戏中的ghosts是会移动的，因此你需要尽量远离他
        这个是当前的游戏数据：
        {'layout_list': ['(0,0)=Wall,(1,0)=Wall,(2,0)=Wall,(3,0)=Wall,(4,0)=Wall,(5,0)=Wall,(6,0)=Wall', '(0,1)=Wall,(1,1)=Empty,(2,1)=Pacman,(3,1)=Empty,(4,1)=Empty,(5,1)=Empty,(6,1)=Wall', '(0,2)=Wall,(1,2)=Empty,(2,2)=Wall,(3,2)=Wall,(4,2)=Wall,(5,2)=Empty,(6,2)=Wall', '(0,3)=Wall,(1,3)=Empty,(2,3)=Wall,(3,3)=Food,(4,3)=Empty,(5,3)=Empty,(6,3)=Wall', '(0,4)=Wall,(1,4)=Empty,(2,4)=Wall,(3,4)=Wall,(4,4)=Wall,(5,4)=Empty,(6,4)=Wall', '(0,5)=Wall,(1,5)=Food,(2,5)=Empty,(3,5)=Ghost1,(4,5)=Empty,(5,5)=Empty,(6,5)=Wall', '(0,6)=Wall,(1,6)=Wall,(2,6)=Wall,(3,6)=Wall,(4,6)=Wall,(5,6)=Wall,(6,6)=Wall'], 'pacman_pos': [2, 1], 'ghost_pos': [[3, 5]], 'score': 0.0, 'food_count': 2, 'legal_actions': ['West', 'Stop', 'East']}
        1. layout_list: (List of Strings) ["(0,0)=Wall", "(1,0)=Pacman"...]
        2. pacman_pos: (List of Integers) [x, y]
        3. ghost_pos: (List of Lists) [[x, y], [x, y]]
        4. score: (Integer)
        5. food_count: (Integer)
        6. legal_actions: (List of Strings) ['North', 'South', ...]
        你的思路应该是
        1. 找出多条能经过所有食物的路径
        2. 判断这些条路径上是否存在ghosts
            - 如果有，判断ghosts是否在三步以内
                - 如果是，放弃这条路径
            - 如果没有，则按这条路经走第一步。
        请逐步推理，再给出最终答案，你的答案只能是第一步。
        然后在给出答案前，请对答案进行检验，确定不会碰到ghosts
        好的请遵守游戏规则，并且牢记你的两个目标，完成任务吧。
        
输出最终行动，格式必须严格如下：<action>行动</action>。其中"行动"必须是以下之一: North, South, East, West, Stop
 例如：<action>North</action>
--- RESPONSE ---
首先，我需要分析当前的游戏数据。

### 1. 当前布局
从 `layout_list` 中可以提取出地图的结构。每个字符串表示一个坐标点和其类型（Wall, Empty, Pacman, Food, Ghost）。

- (0,0) 到 (6,0): Wall
- (0,1): Wall, (1,1): Empty, (2,1): Pacman, (3,1): Empty, (4,1): Empty, (5,1): Empty, (6,1): Wall
- (0,2): Wall, (1,2): Empty, (2,2): Wall, (3,2): Wall, (4,2): Wall, (5,2): Empty, (6,2): Wall
- (0,3): Wall, (1,3): Empty, (2,3): Wall, (3,3): Food, (4,3): Empty, (5,3): Empty, (6,3): Wall
- (0,4): Wall, (1,4): Empty, (2,4): Wall, (3,4): Wall, (4,4): Wall, (5,4): Empty, (6,4): Wall
- (0,5): Wall, (1,5): Food, (2,5): Empty, (3,5): Ghost1, (4,5): Empty, (5,5): Empty, (6,5): Wall
- (0,6): Wall, (1,6): Wall, (2,6): Wall, (3,6): Wall, (4,6): Wall, (5,6): Wall, (6,6): Wall

### 2. 当前位置
- Pacman 的位置是 [2, 1]
- Ghost 的位置是 [[3, 5]]

### 3. 可行动作
- legal_actions: ['West', 'Stop', 'East']

### 4. 目标
- 吃掉所有食物（food_count = 2）
- 避免与 ghost 相遇

### 5. 分析路径
Pacman 在 (2,1)，周围可移动的方向是 West、East 和 Stop。

#### 路径一：向西走（West）
- (2,1) → (1,1)
- (1,1) 是 Empty，没有障碍
- (1,1) 可以继续向西到 (0,1)，但 (0,1) 是 Wall，不能走
- 所以只能走到 (1,1)

#### 路径二：向东走（East）
- (2,1) → (3,1)
- (3,1) 是 Empty
- (3,1) → (4,1)
- (4,1) 是 Empty
- (4,1) → (5,1)
- (5,1) 是 Empty
- (5,1) → (5,2)（向下）
- (5,2) 是 Empty
- (5,2) → (5,3)
- (5,3) 是 Empty
- (5,3) → (5,4)
- (5,4) 是 Empty
- (5,4) → (5,5)
- (5,5) 是 Empty
- (5,5) → (5,5) 下一步可能到达 (5,3) 或 (5,4) 等，最终可以到达 (1,5)（Food）和 (3,3)（Food）

#### 路径三：停止（Stop）
- 不移动，不改变位置

### 6. 检查 ghost 的位置
ghost 在 (3,5)，距离 Pacman 的当前位置 (2,1) 有：
- x 差为 1，y 差为 4，总距离为 5 格
- 所以 ghost 不在三步以内

### 7. 选择下一步
- East 是可行的，且能接近食物
- West 也可以，但无法直接接近食物
- Stop 不会前进，也不利于吃食物

### 8. 最终结论
选择 **East**，因为这是最有可能接近食物的路径，同时不会靠近 ghost。

### 9. 检验
- (2,1) → (3,1) 是 Empty
- (3,1) 不是 ghost 的位置
- (3,1) 不是墙
- 所以可以安全地走 East

### 最终答案
<action>East</action>
--- ACTION ---
East
------------------------------
TIME: 2025-12-03 17:49:00.551793
--- FULL USER INPUT ---

        "*** YOUR PROMPT HERE ***" 
        你现在是一个吃豆人。你要在避开ghosts的前提下，吃掉图中的所有食物。
        游戏中的ghosts是会移动的，因此你需要尽量远离他
        这个是当前的游戏数据：
        {'layout_list': ['(0,0)=Wall,(1,0)=Wall,(2,0)=Wall,(3,0)=Wall,(4,0)=Wall,(5,0)=Wall,(6,0)=Wall', '(0,1)=Wall,(1,1)=Empty,(2,1)=Empty,(3,1)=Pacman,(4,1)=Empty,(5,1)=Empty,(6,1)=Wall', '(0,2)=Wall,(1,2)=Empty,(2,2)=Wall,(3,2)=Wall,(4,2)=Wall,(5,2)=Empty,(6,2)=Wall', '(0,3)=Wall,(1,3)=Empty,(2,3)=Wall,(3,3)=Food,(4,3)=Empty,(5,3)=Empty,(6,3)=Wall', '(0,4)=Wall,(1,4)=Empty,(2,4)=Wall,(3,4)=Wall,(4,4)=Wall,(5,4)=Empty,(6,4)=Wall', '(0,5)=Wall,(1,5)=Food,(2,5)=Ghost1,(3,5)=Empty,(4,5)=Empty,(5,5)=Empty,(6,5)=Wall', '(0,6)=Wall,(1,6)=Wall,(2,6)=Wall,(3,6)=Wall,(4,6)=Wall,(5,6)=Wall,(6,6)=Wall'], 'pacman_pos': [3, 1], 'ghost_pos': [[2, 5]], 'score': -1.0, 'food_count': 2, 'legal_actions': ['West', 'Stop', 'East']}
        1. layout_list: (List of Strings) ["(0,0)=Wall", "(1,0)=Pacman"...]
        2. pacman_pos: (List of Integers) [x, y]
        3. ghost_pos: (List of Lists) [[x, y], [x, y]]
        4. score: (Integer)
        5. food_count: (Integer)
        6. legal_actions: (List of Strings) ['North', 'South', ...]
        你的思路应该是
        1. 找出多条能经过所有食物的路径
        2. 判断这些条路径上是否存在ghosts
            - 如果有，判断ghosts是否在三步以内
                - 如果是，放弃这条路径
            - 如果没有，则按这条路经走第一步。
        请逐步推理，再给出最终答案，你的答案只能是第一步。
        然后在给出答案前，请对答案进行检验，确定不会碰到ghosts
        好的请遵守游戏规则，并且牢记你的两个目标，完成任务吧。
        
输出最终行动，格式必须严格如下：<action>行动</action>。其中"行动"必须是以下之一: North, South, East, West, Stop
 例如：<action>North</action>
--- RESPONSE ---
首先，我需要分析当前的游戏数据，找出所有可能的路径，并确保这些路径不会让吃豆人碰到ghosts。

### 1. 当前游戏数据
- **布局**：从 `layout_list` 可以看出，地图是一个 7x7 的网格。
- **吃豆人位置**：[3, 1]
- **ghosts 位置**：[[2, 5]]
- **食物数量**：2
- **合法动作**：['West', 'Stop', 'East']

### 2. 分析地图
从 `layout_list` 中可以提取出地图的结构。例如：
- (3,1) 是 Pacman 的位置。
- (1,5) 和 (3,3) 是食物的位置。
- (2,5) 是 ghost1 的位置。

### 3. 找出可能的路径
吃豆人当前位置是 [3,1]，可以移动的方向有 West、East、Stop（因为 South 和 North 被墙阻挡）。

#### 3.1 吃豆人当前位置 [3,1]
- **West**：[2,1]（Empty）
- **East**：[4,1]（Empty）
- **Stop**：保持原地

#### 3.2 检查是否能到达食物
- 食物在 (1,5) 和 (3,3)
- 从 [3,1] 出发，可以尝试向 West 移动到 [2,1]，然后继续向 West 到 [1,1]，再向上到 [1,2]，再向右到 [1,3]，再向上到 [1,4]，再向右到 [1,5]（食物）。
- 或者从 [3,1] 向 East 到 [4,1]，再向上到 [4,2]（被墙阻挡），所以不能走这条路。

因此，**West 是唯一可行的路径**，可以到达食物。

### 4. 检查 ghost 是否在三步以内
- ghost 在 [2,5]，而吃豆人现在在 [3,1]。
- 从 [3,1] 向 West 移动到 [2,1]，再向上到 [2,2]（被墙阻挡），无法直接接近 ghost。
- 所以 ghost 不在三步以内。

### 5. 最终结论
- **West** 是一个安全且可行的路径，可以到达食物。
- 该路径上没有 ghost，也不会在三步内遇到 ghost。

### 最终答案
<action>West</action>
--- ACTION ---
West
------------------------------
TIME: 2025-12-03 17:49:06.842222
--- FULL USER INPUT ---

        "*** YOUR PROMPT HERE ***" 
        你现在是一个吃豆人。你要在避开ghosts的前提下，吃掉图中的所有食物。
        游戏中的ghosts是会移动的，因此你需要尽量远离他
        这个是当前的游戏数据：
        {'layout_list': ['(0,0)=Wall,(1,0)=Wall,(2,0)=Wall,(3,0)=Wall,(4,0)=Wall,(5,0)=Wall,(6,0)=Wall', '(0,1)=Wall,(1,1)=Empty,(2,1)=Pacman,(3,1)=Empty,(4,1)=Empty,(5,1)=Empty,(6,1)=Wall', '(0,2)=Wall,(1,2)=Empty,(2,2)=Wall,(3,2)=Wall,(4,2)=Wall,(5,2)=Empty,(6,2)=Wall', '(0,3)=Wall,(1,3)=Empty,(2,3)=Wall,(3,3)=Food,(4,3)=Empty,(5,3)=Empty,(6,3)=Wall', '(0,4)=Wall,(1,4)=Empty,(2,4)=Wall,(3,4)=Wall,(4,4)=Wall,(5,4)=Empty,(6,4)=Wall', '(0,5)=Wall,(1,5)=Ghost1,(2,5)=Empty,(3,5)=Empty,(4,5)=Empty,(5,5)=Empty,(6,5)=Wall', '(0,6)=Wall,(1,6)=Wall,(2,6)=Wall,(3,6)=Wall,(4,6)=Wall,(5,6)=Wall,(6,6)=Wall'], 'pacman_pos': [2, 1], 'ghost_pos': [[1, 5]], 'score': -2.0, 'food_count': 2, 'legal_actions': ['West', 'Stop', 'East']}
        1. layout_list: (List of Strings) ["(0,0)=Wall", "(1,0)=Pacman"...]
        2. pacman_pos: (List of Integers) [x, y]
        3. ghost_pos: (List of Lists) [[x, y], [x, y]]
        4. score: (Integer)
        5. food_count: (Integer)
        6. legal_actions: (List of Strings) ['North', 'South', ...]
        你的思路应该是
        1. 找出多条能经过所有食物的路径
        2. 判断这些条路径上是否存在ghosts
            - 如果有，判断ghosts是否在三步以内
                - 如果是，放弃这条路径
            - 如果没有，则按这条路经走第一步。
        请逐步推理，再给出最终答案，你的答案只能是第一步。
        然后在给出答案前，请对答案进行检验，确定不会碰到ghosts
        好的请遵守游戏规则，并且牢记你的两个目标，完成任务吧。
        
输出最终行动，格式必须严格如下：<action>行动</action>。其中"行动"必须是以下之一: North, South, East, West, Stop
 例如：<action>North</action>
--- RESPONSE ---
### 1. 分析当前游戏数据

- **布局信息**（layout_list）：
  - 墙壁（Wall）和空地（Empty）、食物（Food）、吃豆人（Pacman）和幽灵（Ghost1）的位置。
  - 从布局中可以提取出地图的结构。

- **吃豆人位置**：`[2, 1]`
- **幽灵位置**：`[[1, 5]]`
- **食物数量**：`2`
- **合法动作**：`['West', 'Stop', 'East']`

### 2. 确定目标
- 吃掉所有食物，同时避开幽灵。

### 3. 找出可能路径
从吃豆人的当前位置 `[2, 1]` 出发，合法动作是 `West`, `Stop`, `East`。我们分析这些方向：

#### a. `West`（向左移动）
- 移动后位置为 `[1, 1]`。
- 检查该位置是否是墙或幽灵：
  - 该位置是 `Empty`，不是墙也不是幽灵。
- 该位置附近是否有食物？
  - 从布局看，`[1, 1]` 是空地，但没有食物。
- 该位置是否在幽灵的三步范围内？
  - 幽灵在 `[1, 5]`，吃豆人在 `[1, 1]`，两者在同一列，垂直距离为 4 格，超过三步。
  - 所以这条路径是安全的。

#### b. `East`（向右移动）
- 移动后位置为 `[3, 1]`。
- 检查该位置是否是墙或幽灵：
  - 该位置是 `Empty`，不是墙也不是幽灵。
- 该位置附近是否有食物？
  - 从布局看，`[3, 1]` 是空地，但没有食物。
- 该位置是否在幽灵的三步范围内？
  - 幽灵在 `[1, 5]`，吃豆人在 `[3, 1]`，两者不在同一行或列，距离较远。
  - 所以这条路径也是安全的。

#### c. `Stop`（不移动）
- 不改变位置，无法前进，也不安全，因为幽灵可能靠近。

### 4. 选择最佳路径
- `West` 和 `East` 都是安全的，且都允许后续探索食物。
- 从布局看，`[3, 1]` 的右侧有食物吗？查看布局：
  - 在 `(3, 3)` 有食物，但需要经过 `[3, 1]` → `[3, 2]` → `[3, 3]`，而 `[3, 2]` 是墙，不能通过。
  - 所以 `East` 路径无法直接到达食物。
- `West` 方向的 `[1, 1]` 可以继续向北或南探索，可能更接近食物。

### 5. 最终结论
- `West` 是最安全、最合理的下一步行动。

---

### <action>West</action>
--- ACTION ---
West
------------------------------
TIME: 2025-12-03 17:49:07.249424
--- FULL USER INPUT ---

        "*** YOUR PROMPT HERE ***" 
        你现在是一个吃豆人。你要在避开ghosts的前提下，吃掉图中的所有食物。
        游戏中的ghosts是会移动的，因此你需要尽量远离他
        这个是当前的游戏数据：
        {'layout_list': ['(0,0)=Wall,(1,0)=Wall,(2,0)=Wall,(3,0)=Wall,(4,0)=Wall,(5,0)=Wall,(6,0)=Wall', '(0,1)=Wall,(1,1)=Pacman,(2,1)=Empty,(3,1)=Empty,(4,1)=Empty,(5,1)=Empty,(6,1)=Wall', '(0,2)=Wall,(1,2)=Empty,(2,2)=Wall,(3,2)=Wall,(4,2)=Wall,(5,2)=Empty,(6,2)=Wall', '(0,3)=Wall,(1,3)=Empty,(2,3)=Wall,(3,3)=Food,(4,3)=Empty,(5,3)=Empty,(6,3)=Wall', '(0,4)=Wall,(1,4)=Ghost1,(2,4)=Wall,(3,4)=Wall,(4,4)=Wall,(5,4)=Empty,(6,4)=Wall', '(0,5)=Wall,(1,5)=Food,(2,5)=Empty,(3,5)=Empty,(4,5)=Empty,(5,5)=Empty,(6,5)=Wall', '(0,6)=Wall,(1,6)=Wall,(2,6)=Wall,(3,6)=Wall,(4,6)=Wall,(5,6)=Wall,(6,6)=Wall'], 'pacman_pos': [1, 1], 'ghost_pos': [[1, 4]], 'score': -3.0, 'food_count': 2, 'legal_actions': ['Stop', 'East', 'South']}
        1. layout_list: (List of Strings) ["(0,0)=Wall", "(1,0)=Pacman"...]
        2. pacman_pos: (List of Integers) [x, y]
        3. ghost_pos: (List of Lists) [[x, y], [x, y]]
        4. score: (Integer)
        5. food_count: (Integer)
        6. legal_actions: (List of Strings) ['North', 'South', ...]
        你的思路应该是
        1. 找出多条能经过所有食物的路径
        2. 判断这些条路径上是否存在ghosts
            - 如果有，判断ghosts是否在三步以内
                - 如果是，放弃这条路径
            - 如果没有，则按这条路经走第一步。
        请逐步推理，再给出最终答案，你的答案只能是第一步。
        然后在给出答案前，请对答案进行检验，确定不会碰到ghosts
        好的请遵守游戏规则，并且牢记你的两个目标，完成任务吧。
        
输出最终行动，格式必须严格如下：<action>行动</action>。其中"行动"必须是以下之一: North, South, East, West, Stop
 例如：<action>North</action>
--- RESPONSE ---
<action>East</action>
--- ACTION ---
East
------------------------------
TIME: 2025-12-03 17:49:15.535784
--- FULL USER INPUT ---

        "*** YOUR PROMPT HERE ***" 
        你现在是一个吃豆人。你要在避开ghosts的前提下，吃掉图中的所有食物。
        游戏中的ghosts是会移动的，因此你需要尽量远离他
        这个是当前的游戏数据：
        {'layout_list': ['(0,0)=Wall,(1,0)=Wall,(2,0)=Wall,(3,0)=Wall,(4,0)=Wall,(5,0)=Wall,(6,0)=Wall', '(0,1)=Wall,(1,1)=Empty,(2,1)=Pacman,(3,1)=Empty,(4,1)=Empty,(5,1)=Empty,(6,1)=Wall', '(0,2)=Wall,(1,2)=Empty,(2,2)=Wall,(3,2)=Wall,(4,2)=Wall,(5,2)=Empty,(6,2)=Wall', '(0,3)=Wall,(1,3)=Ghost1,(2,3)=Wall,(3,3)=Food,(4,3)=Empty,(5,3)=Empty,(6,3)=Wall', '(0,4)=Wall,(1,4)=Empty,(2,4)=Wall,(3,4)=Wall,(4,4)=Wall,(5,4)=Empty,(6,4)=Wall', '(0,5)=Wall,(1,5)=Food,(2,5)=Empty,(3,5)=Empty,(4,5)=Empty,(5,5)=Empty,(6,5)=Wall', '(0,6)=Wall,(1,6)=Wall,(2,6)=Wall,(3,6)=Wall,(4,6)=Wall,(5,6)=Wall,(6,6)=Wall'], 'pacman_pos': [2, 1], 'ghost_pos': [[1, 3]], 'score': -4.0, 'food_count': 2, 'legal_actions': ['West', 'Stop', 'East']}
        1. layout_list: (List of Strings) ["(0,0)=Wall", "(1,0)=Pacman"...]
        2. pacman_pos: (List of Integers) [x, y]
        3. ghost_pos: (List of Lists) [[x, y], [x, y]]
        4. score: (Integer)
        5. food_count: (Integer)
        6. legal_actions: (List of Strings) ['North', 'South', ...]
        你的思路应该是
        1. 找出多条能经过所有食物的路径
        2. 判断这些条路径上是否存在ghosts
            - 如果有，判断ghosts是否在三步以内
                - 如果是，放弃这条路径
            - 如果没有，则按这条路经走第一步。
        请逐步推理，再给出最终答案，你的答案只能是第一步。
        然后在给出答案前，请对答案进行检验，确定不会碰到ghosts
        好的请遵守游戏规则，并且牢记你的两个目标，完成任务吧。
        
输出最终行动，格式必须严格如下：<action>行动</action>。其中"行动"必须是以下之一: North, South, East, West, Stop
 例如：<action>North</action>
--- RESPONSE ---
首先，我需要分析当前的游戏数据。  
- **Pacman的位置**是 [2, 1]。  
- **Ghost的位置**是 [[1, 3]]。  
- **食物的位置**有两个：(3, 3) 和 (1, 5)。  
- **legal_actions** 是 ['West', 'Stop', 'East']。

接下来，我需要找出能经过所有食物的路径，并判断这些路径上是否存在ghosts。

### 第一步：确定可能的移动方向
根据 legal_actions，Pacman可以向 **West、East 或 Stop** 移动。  
- **West**：从 (2, 1) 移动到 (1, 1)，这是一个空格。
- **East**：从 (2, 1) 移动到 (3, 1)，这也是一个空格。
- **Stop**：不移动。

### 第二步：分析每条可能的路径
#### 路径一：West（向左）
- 从 (2, 1) → (1, 1)
- 然后继续向 West 到 (0, 1)，但这是墙，不能走。
- 所以这条路径无法到达食物。

#### 路径二：East（向右）
- 从 (2, 1) → (3, 1)
- 接下来可以向 North 到 (3, 2)，但这是墙。
- 向 South 到 (3, 0)，也是墙。
- 所以这条路也无法直接到达食物。

#### 路径三：Stop（不动）
- 不移动，无法吃掉任何食物。

### 第三步：寻找能到达所有食物的路径
目前看来，Pacman在当前位置无法直接到达食物 (3, 3) 和 (1, 5)。因此，我需要找到一条路径，能够绕过 ghost 并吃到所有食物。

#### 分析 ghost 的位置
- Ghost 在 (1, 3)，它会移动，所以需要避免靠近它。

#### 检查是否在三步以内
- Pacman 在 (2, 1)，ghost 在 (1, 3)。
- 两者之间的距离是：横向差 1，纵向差 2 → 总共 3 格。
- 所以 ghost 在三步以内，不能直接靠近。

### 第四步：选择安全的第一步
- **West**：从 (2, 1) → (1, 1)，这是一条安全的移动，不会接近 ghost。
- **East**：从 (2, 1) → (3, 1)，虽然也安全，但之后可能更接近 ghost。
- **Stop**：不移动，没有进展。

### 最终结论
选择 **West** 作为第一步，因为它是安全的，且为后续探索提供更好的机会。

### 检验
- West 移动后，Pacman 在 (1, 1)，而 ghost 在 (1, 3)，两者之间有 2 格的距离，不在三步以内。
- 所以不会碰到 ghost。

### 最终答案
<action>West</action>
--- ACTION ---
West
------------------------------
TIME: 2025-12-03 17:49:21.899504
--- FULL USER INPUT ---

        "*** YOUR PROMPT HERE ***" 
        你现在是一个吃豆人。你要在避开ghosts的前提下，吃掉图中的所有食物。
        游戏中的ghosts是会移动的，因此你需要尽量远离他
        这个是当前的游戏数据：
        {'layout_list': ['(0,0)=Wall,(1,0)=Wall,(2,0)=Wall,(3,0)=Wall,(4,0)=Wall,(5,0)=Wall,(6,0)=Wall', '(0,1)=Wall,(1,1)=Pacman,(2,1)=Empty,(3,1)=Empty,(4,1)=Empty,(5,1)=Empty,(6,1)=Wall', '(0,2)=Wall,(1,2)=Ghost1,(2,2)=Wall,(3,2)=Wall,(4,2)=Wall,(5,2)=Empty,(6,2)=Wall', '(0,3)=Wall,(1,3)=Empty,(2,3)=Wall,(3,3)=Food,(4,3)=Empty,(5,3)=Empty,(6,3)=Wall', '(0,4)=Wall,(1,4)=Empty,(2,4)=Wall,(3,4)=Wall,(4,4)=Wall,(5,4)=Empty,(6,4)=Wall', '(0,5)=Wall,(1,5)=Food,(2,5)=Empty,(3,5)=Empty,(4,5)=Empty,(5,5)=Empty,(6,5)=Wall', '(0,6)=Wall,(1,6)=Wall,(2,6)=Wall,(3,6)=Wall,(4,6)=Wall,(5,6)=Wall,(6,6)=Wall'], 'pacman_pos': [1, 1], 'ghost_pos': [[1, 2]], 'score': -5.0, 'food_count': 2, 'legal_actions': ['Stop', 'East', 'South']}
        1. layout_list: (List of Strings) ["(0,0)=Wall", "(1,0)=Pacman"...]
        2. pacman_pos: (List of Integers) [x, y]
        3. ghost_pos: (List of Lists) [[x, y], [x, y]]
        4. score: (Integer)
        5. food_count: (Integer)
        6. legal_actions: (List of Strings) ['North', 'South', ...]
        你的思路应该是
        1. 找出多条能经过所有食物的路径
        2. 判断这些条路径上是否存在ghosts
            - 如果有，判断ghosts是否在三步以内
                - 如果是，放弃这条路径
            - 如果没有，则按这条路经走第一步。
        请逐步推理，再给出最终答案，你的答案只能是第一步。
        然后在给出答案前，请对答案进行检验，确定不会碰到ghosts
        好的请遵守游戏规则，并且牢记你的两个目标，完成任务吧。
        
输出最终行动，格式必须严格如下：<action>行动</action>。其中"行动"必须是以下之一: North, South, East, West, Stop
 例如：<action>North</action>
--- RESPONSE ---
### 1. 分析当前游戏数据

- **Pacman 的位置**：[1, 1]
- **Ghost 的位置**：[[1, 2]]
- **食物数量**：2
- **合法动作**：['Stop', 'East', 'South']
- **地图布局**：
  - (1,1) 是 Pacman
  - (1,2) 是 Ghost1
  - (3,3) 是 Food
  - (1,5) 是 Food

---

### 2. 找出所有可能的路径

从 Pacman 的当前位置 [1,1] 出发，可以走的方向是：

- **East** → (2,1)
- **South** → (1,2)（但这是 Ghost 的位置，不能走）
- **Stop** → 停在原地

所以，**只有 East 和 Stop 是合法动作**。

---

### 3. 判断这些路径是否安全

#### a. 选择 "East"（向右移动）：
- 移动后的位置是 (2,1)
- 检查这个位置是否是墙或 Ghost：
  - (2,1) 是 Empty，不是墙也不是 Ghost
- 检查 Ghost 是否在三步以内：
  - Ghost 在 (1,2)，距离 (2,1) 是 1 格（横向），所以 Ghost 离得不远
  - 但目前 Ghost 并没有在 Pacman 的下一步位置上，因此 **暂时安全**

#### b. 选择 "Stop"（不动）：
- 不会移动，不会靠近 Ghost
- 但也不会吃掉任何食物，无法完成任务

---

### 4. 选择最佳路径

为了完成任务，必须吃掉所有食物。目前食物在 (3,3) 和 (1,5)。

- 从 (1,1) 向东走到 (2,1)，然后继续向东到 (3,1)，再向北到 (3,2)（墙），不行
- 可以尝试先向南走？但是 (1,2) 是 Ghost，不能走
- 所以，**第一步只能是 East**

---

### 5. 检验答案

- 选择 "East"，移动到 (2,1)
- 该位置是 Empty，不是墙也不是 Ghost
- Ghost 在 (1,2)，离 (2,1) 有 1 格距离，但不在当前路径上
- 所以 **不会碰到 Ghost**

---

### 最终答案：

<action>East</action>
--- ACTION ---
East
------------------------------
TIME: 2025-12-03 17:49:26.128705
--- FULL USER INPUT ---

        "*** YOUR PROMPT HERE ***" 
        你现在是一个吃豆人。你要在避开ghosts的前提下，吃掉图中的所有食物。
        游戏中的ghosts是会移动的，因此你需要尽量远离他
        这个是当前的游戏数据：
        {'layout_list': ['(0,0)=Wall,(1,0)=Wall,(2,0)=Wall,(3,0)=Wall,(4,0)=Wall,(5,0)=Wall,(6,0)=Wall', '(0,1)=Wall,(1,1)=Ghost1,(2,1)=Pacman,(3,1)=Empty,(4,1)=Empty,(5,1)=Empty,(6,1)=Wall', '(0,2)=Wall,(1,2)=Empty,(2,2)=Wall,(3,2)=Wall,(4,2)=Wall,(5,2)=Empty,(6,2)=Wall', '(0,3)=Wall,(1,3)=Empty,(2,3)=Wall,(3,3)=Food,(4,3)=Empty,(5,3)=Empty,(6,3)=Wall', '(0,4)=Wall,(1,4)=Empty,(2,4)=Wall,(3,4)=Wall,(4,4)=Wall,(5,4)=Empty,(6,4)=Wall', '(0,5)=Wall,(1,5)=Food,(2,5)=Empty,(3,5)=Empty,(4,5)=Empty,(5,5)=Empty,(6,5)=Wall', '(0,6)=Wall,(1,6)=Wall,(2,6)=Wall,(3,6)=Wall,(4,6)=Wall,(5,6)=Wall,(6,6)=Wall'], 'pacman_pos': [2, 1], 'ghost_pos': [[1, 1]], 'score': -6.0, 'food_count': 2, 'legal_actions': ['West', 'Stop', 'East']}
        1. layout_list: (List of Strings) ["(0,0)=Wall", "(1,0)=Pacman"...]
        2. pacman_pos: (List of Integers) [x, y]
        3. ghost_pos: (List of Lists) [[x, y], [x, y]]
        4. score: (Integer)
        5. food_count: (Integer)
        6. legal_actions: (List of Strings) ['North', 'South', ...]
        你的思路应该是
        1. 找出多条能经过所有食物的路径
        2. 判断这些条路径上是否存在ghosts
            - 如果有，判断ghosts是否在三步以内
                - 如果是，放弃这条路径
            - 如果没有，则按这条路经走第一步。
        请逐步推理，再给出最终答案，你的答案只能是第一步。
        然后在给出答案前，请对答案进行检验，确定不会碰到ghosts
        好的请遵守游戏规则，并且牢记你的两个目标，完成任务吧。
        
输出最终行动，格式必须严格如下：<action>行动</action>。其中"行动"必须是以下之一: North, South, East, West, Stop
 例如：<action>North</action>
--- RESPONSE ---
首先，我们分析当前的游戏数据：

- **Pacman的位置**：[2, 1]
- **Ghost的位置**：[[1, 1]]
- **食物的位置**：
  - (1,5)
  - (3,3)
- **legal_actions**：['West', 'Stop', 'East']

从 Pacman 的当前位置 [2, 1] 出发，可以移动的方向是 West（向左）、Stop（停止）或 East（向右）。  
由于 Ghost 在 [1, 1]，而 Pacman 在 [2, 1]，所以如果 Pacman 向 West 移动（到 [1, 1]），就会直接与 Ghost 相撞，这是不允许的。

因此，**West 是不可行的**。

接下来考虑 **East**。Pacman 从 [2, 1] 向东移动一步到 [3, 1]，这个位置是 Empty（空地），没有障碍物，也没有 Ghost。这是一条安全的路径。

再考虑 **Stop**，即不移动。虽然不会碰到 Ghost，但无法推进任务，因此不是最优选择。

综上所述，**最安全且能推进任务的行动是 East**。

### 检验：
- Pacman 从 [2, 1] 向东移动到 [3, 1]。
- [3, 1] 是 Empty，没有 Ghost。
- 这条路径不会导致 Pacman 被 Ghost 抓到。

### 最终答案：
<action>East</action>
--- ACTION ---
East
------------------------------
TIME: 2025-12-03 17:49:30.202997
--- FULL USER INPUT ---

        "*** YOUR PROMPT HERE ***" 
        你现在是一个吃豆人。你要在避开ghosts的前提下，吃掉图中的所有食物。
        游戏中的ghosts是会移动的，因此你需要尽量远离他
        这个是当前的游戏数据：
        {'layout_list': ['(0,0)=Wall,(1,0)=Wall,(2,0)=Wall,(3,0)=Wall,(4,0)=Wall,(5,0)=Wall,(6,0)=Wall', '(0,1)=Wall,(1,1)=Empty,(2,1)=Ghost1,(3,1)=Pacman,(4,1)=Empty,(5,1)=Empty,(6,1)=Wall', '(0,2)=Wall,(1,2)=Empty,(2,2)=Wall,(3,2)=Wall,(4,2)=Wall,(5,2)=Empty,(6,2)=Wall', '(0,3)=Wall,(1,3)=Empty,(2,3)=Wall,(3,3)=Food,(4,3)=Empty,(5,3)=Empty,(6,3)=Wall', '(0,4)=Wall,(1,4)=Empty,(2,4)=Wall,(3,4)=Wall,(4,4)=Wall,(5,4)=Empty,(6,4)=Wall', '(0,5)=Wall,(1,5)=Food,(2,5)=Empty,(3,5)=Empty,(4,5)=Empty,(5,5)=Empty,(6,5)=Wall', '(0,6)=Wall,(1,6)=Wall,(2,6)=Wall,(3,6)=Wall,(4,6)=Wall,(5,6)=Wall,(6,6)=Wall'], 'pacman_pos': [3, 1], 'ghost_pos': [[2, 1]], 'score': -7.0, 'food_count': 2, 'legal_actions': ['West', 'Stop', 'East']}
        1. layout_list: (List of Strings) ["(0,0)=Wall", "(1,0)=Pacman"...]
        2. pacman_pos: (List of Integers) [x, y]
        3. ghost_pos: (List of Lists) [[x, y], [x, y]]
        4. score: (Integer)
        5. food_count: (Integer)
        6. legal_actions: (List of Strings) ['North', 'South', ...]
        你的思路应该是
        1. 找出多条能经过所有食物的路径
        2. 判断这些条路径上是否存在ghosts
            - 如果有，判断ghosts是否在三步以内
                - 如果是，放弃这条路径
            - 如果没有，则按这条路经走第一步。
        请逐步推理，再给出最终答案，你的答案只能是第一步。
        然后在给出答案前，请对答案进行检验，确定不会碰到ghosts
        好的请遵守游戏规则，并且牢记你的两个目标，完成任务吧。
        
输出最终行动，格式必须严格如下：<action>行动</action>。其中"行动"必须是以下之一: North, South, East, West, Stop
 例如：<action>North</action>
--- RESPONSE ---
首先，我们分析当前的游戏数据：

- **Pacman的位置**：[3, 1]
- **Ghost的位置**：[[2, 1]]
- **食物的数量**：2
- **合法动作**：['West', 'Stop', 'East']

从布局来看，Pacman位于(3,1)，而Ghost1位于(2,1)。这意味着Ghost1就在Pacman的正西边，距离非常近。

接下来，我们分析可能的路径：

### 1. 当前位置 (3,1)
- **West**：移动到(2,1)，但这是Ghost1的位置，不能走。
- **East**：移动到(4,1)，这是一个空格，可以走。
- **Stop**：不移动。

因此，**West**是不可行的，因为会直接撞上Ghost1。**Stop**虽然安全，但不会推进任务。**East**是最安全且可行的选择。

### 2. 检查是否会有危险
- 如果Pacman向东移动到(4,1)，那么他将远离Ghost1（从(2,1)到(4,1)的距离为2步），这在当前情况下是安全的。

### 3. 是否能经过所有食物？
- 从(3,1)出发，向East移动到(4,1)，然后继续探索其他区域，可以找到剩余的食物。

综上所述，**East**是唯一安全且合理的下一步行动。

### 最终答案：
<action>East</action>
--- ACTION ---
East
------------------------------
TIME: 2025-12-03 17:49:36.300509
--- FULL USER INPUT ---

        "*** YOUR PROMPT HERE ***" 
        你现在是一个吃豆人。你要在避开ghosts的前提下，吃掉图中的所有食物。
        游戏中的ghosts是会移动的，因此你需要尽量远离他
        这个是当前的游戏数据：
        {'layout_list': ['(0,0)=Wall,(1,0)=Wall,(2,0)=Wall,(3,0)=Wall,(4,0)=Wall,(5,0)=Wall,(6,0)=Wall', '(0,1)=Wall,(1,1)=Empty,(2,1)=Empty,(3,1)=Ghost1,(4,1)=Pacman,(5,1)=Empty,(6,1)=Wall', '(0,2)=Wall,(1,2)=Empty,(2,2)=Wall,(3,2)=Wall,(4,2)=Wall,(5,2)=Empty,(6,2)=Wall', '(0,3)=Wall,(1,3)=Empty,(2,3)=Wall,(3,3)=Food,(4,3)=Empty,(5,3)=Empty,(6,3)=Wall', '(0,4)=Wall,(1,4)=Empty,(2,4)=Wall,(3,4)=Wall,(4,4)=Wall,(5,4)=Empty,(6,4)=Wall', '(0,5)=Wall,(1,5)=Food,(2,5)=Empty,(3,5)=Empty,(4,5)=Empty,(5,5)=Empty,(6,5)=Wall', '(0,6)=Wall,(1,6)=Wall,(2,6)=Wall,(3,6)=Wall,(4,6)=Wall,(5,6)=Wall,(6,6)=Wall'], 'pacman_pos': [4, 1], 'ghost_pos': [[3, 1]], 'score': -8.0, 'food_count': 2, 'legal_actions': ['West', 'Stop', 'East']}
        1. layout_list: (List of Strings) ["(0,0)=Wall", "(1,0)=Pacman"...]
        2. pacman_pos: (List of Integers) [x, y]
        3. ghost_pos: (List of Lists) [[x, y], [x, y]]
        4. score: (Integer)
        5. food_count: (Integer)
        6. legal_actions: (List of Strings) ['North', 'South', ...]
        你的思路应该是
        1. 找出多条能经过所有食物的路径
        2. 判断这些条路径上是否存在ghosts
            - 如果有，判断ghosts是否在三步以内
                - 如果是，放弃这条路径
            - 如果没有，则按这条路经走第一步。
        请逐步推理，再给出最终答案，你的答案只能是第一步。
        然后在给出答案前，请对答案进行检验，确定不会碰到ghosts
        好的请遵守游戏规则，并且牢记你的两个目标，完成任务吧。
        
输出最终行动，格式必须严格如下：<action>行动</action>。其中"行动"必须是以下之一: North, South, East, West, Stop
 例如：<action>North</action>
--- RESPONSE ---
首先，我需要分析当前的游戏数据：

- **Pacman的位置**是 `[4, 1]`。
- **Ghost的位置**是 `[[3, 1]]`。
- **食物的位置**有两个：一个在 `(1,5)`，另一个在 `(3,3)`。
- **legal_actions**是 `['West', 'Stop', 'East']`。

接下来，我需要找出能经过所有食物的路径，并判断这些路径上是否存在ghosts。

### 第一步：确定可能的移动方向
根据 `legal_actions`，Pacman可以向 **West**, **Stop**, 或 **East** 移动。

- **West**: 从 `(4,1)` 移动到 `(3,1)`。但 `(3,1)` 是 Ghost 的位置，不能走。
- **East**: 从 `(4,1)` 移动到 `(5,1)`。这是合法的，且没有障碍物。
- **Stop**: 不移动。

所以，**West** 被排除（因为会撞到 Ghost），**Stop** 是一个选择，但不会前进，**East** 是唯一可行的移动方向。

### 第二步：检查是否能到达所有食物
从 `(4,1)` 向 **East** 移动到 `(5,1)`，然后继续探索其他路径，比如向北或南，以找到食物。

- `(5,1)` 可以向北到 `(5,2)`，再向北到 `(5,3)`，再到 `(5,4)`，最后到 `(5,5)`，这里有一个食物 `(1,5)`。
- 也可以从 `(4,1)` 向北到 `(4,2)`，但 `(4,2)` 是墙，无法通过。
- 所以，从 `(4,1)` 向 **East** 移动是合理的，因为它不会直接碰到 Ghost，而且为后续寻找食物提供了可能性。

### 第三步：检验是否安全
- **East** 移动后，Pacman 在 `(5,1)`，而 Ghost 在 `(3,1)`，两者相距 2 格，不在三步以内，因此是安全的。

### 最终结论
最安全、最合理的下一步行动是 **East**。

<action>East</action>
--- ACTION ---
East
------------------------------
TIME: 2025-12-03 17:49:36.754389
--- FULL USER INPUT ---

        "*** YOUR PROMPT HERE ***" 
        你现在是一个吃豆人。你要在避开ghosts的前提下，吃掉图中的所有食物。
        游戏中的ghosts是会移动的，因此你需要尽量远离他
        这个是当前的游戏数据：
        {'layout_list': ['(0,0)=Wall,(1,0)=Wall,(2,0)=Wall,(3,0)=Wall,(4,0)=Wall,(5,0)=Wall,(6,0)=Wall', '(0,1)=Wall,(1,1)=Empty,(2,1)=Empty,(3,1)=Empty,(4,1)=Ghost1,(5,1)=Pacman,(6,1)=Wall', '(0,2)=Wall,(1,2)=Empty,(2,2)=Wall,(3,2)=Wall,(4,2)=Wall,(5,2)=Empty,(6,2)=Wall', '(0,3)=Wall,(1,3)=Empty,(2,3)=Wall,(3,3)=Food,(4,3)=Empty,(5,3)=Empty,(6,3)=Wall', '(0,4)=Wall,(1,4)=Empty,(2,4)=Wall,(3,4)=Wall,(4,4)=Wall,(5,4)=Empty,(6,4)=Wall', '(0,5)=Wall,(1,5)=Food,(2,5)=Empty,(3,5)=Empty,(4,5)=Empty,(5,5)=Empty,(6,5)=Wall', '(0,6)=Wall,(1,6)=Wall,(2,6)=Wall,(3,6)=Wall,(4,6)=Wall,(5,6)=Wall,(6,6)=Wall'], 'pacman_pos': [5, 1], 'ghost_pos': [[4, 1]], 'score': -9.0, 'food_count': 2, 'legal_actions': ['West', 'Stop', 'South']}
        1. layout_list: (List of Strings) ["(0,0)=Wall", "(1,0)=Pacman"...]
        2. pacman_pos: (List of Integers) [x, y]
        3. ghost_pos: (List of Lists) [[x, y], [x, y]]
        4. score: (Integer)
        5. food_count: (Integer)
        6. legal_actions: (List of Strings) ['North', 'South', ...]
        你的思路应该是
        1. 找出多条能经过所有食物的路径
        2. 判断这些条路径上是否存在ghosts
            - 如果有，判断ghosts是否在三步以内
                - 如果是，放弃这条路径
            - 如果没有，则按这条路经走第一步。
        请逐步推理，再给出最终答案，你的答案只能是第一步。
        然后在给出答案前，请对答案进行检验，确定不会碰到ghosts
        好的请遵守游戏规则，并且牢记你的两个目标，完成任务吧。
        
输出最终行动，格式必须严格如下：<action>行动</action>。其中"行动"必须是以下之一: North, South, East, West, Stop
 例如：<action>North</action>
--- RESPONSE ---
<action>West</action>
--- ACTION ---
West
------------------------------
