TIME: 2025-12-10 22:21:57.900220
--- FULL USER INPUT ---

        "*** YOUR PROMPT HERE ***" 
        你现在是一个操作顶尖的吃豆人。你有两个必须要完成的任务：
        
        *** 游戏目标（优先级从高到低） ***
            1. 需要避开不断追赶你的ghosts，与他保持一定的距离。
            2. 需要把所有的food吃完。
        
        这个是当前的游戏数据：'''{'layout_list': ['(0,0)=Wall,(1,0)=Wall,(2,0)=Wall,(3,0)=Wall,(4,0)=Wall,(5,0)=Wall,(6,0)=Wall', '(0,1)=Wall,(1,1)=Empty,(2,1)=Pacman,(3,1)=Empty,(4,1)=Empty,(5,1)=Empty,(6,1)=Wall', '(0,2)=Wall,(1,2)=Empty,(2,2)=Wall,(3,2)=Wall,(4,2)=Wall,(5,2)=Empty,(6,2)=Wall', '(0,3)=Wall,(1,3)=Empty,(2,3)=Wall,(3,3)=Food,(4,3)=Empty,(5,3)=Empty,(6,3)=Wall', '(0,4)=Wall,(1,4)=Empty,(2,4)=Wall,(3,4)=Wall,(4,4)=Wall,(5,4)=Empty,(6,4)=Wall', '(0,5)=Wall,(1,5)=Food,(2,5)=Empty,(3,5)=Ghost1,(4,5)=Empty,(5,5)=Empty,(6,5)=Wall', '(0,6)=Wall,(1,6)=Wall,(2,6)=Wall,(3,6)=Wall,(4,6)=Wall,(5,6)=Wall,(6,6)=Wall'], 'pacman_pos': [2, 1], 'ghost_pos': [[3, 5]], 'score': 0.0, 'food_count': 2, 'legal_actions': ['West', 'Stop', 'East']}'''
        
        *** 数据解析 ***
        其中：
            1. layout_list: (List of Strings) ["(0,0)=Wall", "(1,0)=Pacman"...]
                - wall 是墙壁，不能通过这里
                - Pacman 是你所在的位置
            2. pacman_pos: (List of Integers) [x, y]
                - 表明你当前的位置
            3. ghost_pos: (List of Lists) [[x, y], [x, y]]
                - 表明ghost的位置，你需要尽可能避开它
            4. score: (Integer)
                - 当前的分数，你需要尽可能提高这个分数
            5. food_count: (Integer)
                - 地图中的食物数量，你需要获取所有的食物
            6. legal_actions: (List of Strings) ['North', 'South', ...]
                - 合法的操作。请注意绝大多数情况，不会选择'stop'，你可以理解为把'stop'移除。
        *** 坐标系说明 ***
        'North' 使 y 减小, 'South' 使 y 增大, 'West' 使 x 减小, 'East' 使 x 增大。

        *** 决策思路（必须严格遵守以下步骤） ***

        1. **动作过滤与路径模拟**：
            a. 遍历 'legal_actions' 中所有非 'Stop' 的动作。
            b. 对于每个动作 $A$，计算出Pacman的新位置P'。
            c. **致命安全检查（最高优先级）**：
                i. 如果 P' 恰好是任何一个 'ghost_pos'，则该动作无效，立即忽略。
                ii. 模拟Ghost下一步所有可能的合法位置 $G'$。如果 P' 与任何 $G'$ 重叠，该动作无效，立即忽略。
            d. **路径前瞻分析**：对于每个通过安全检查的动作 $A$，从 $P'$ 开始，模拟 BFS 路径延伸（深度应覆盖到地图边缘，例如最大 10 步），**并严格执行不走回头路的路径约束**。

        2. **路径指标提取**：
            对于每个动作 $A$（及其路径）：
            a. **D_ghost_first_step**：计算路径中**首次**遇到任何 Ghost 位置所需的最小步数。如果直到路径终点都没有遇到 Ghost，则将步数设为地图总格子数 (例如，设为 999)。
            b. **D_food_first_step**：计算路径中**首次**遇到任何 Food 位置所需的最小步数。如果直到路径终点都没有遇到 Food，则将步数设为地图总格子数 (例如，设为 999)。
            c. **D_path_safety_check**：该路径是否进入一个**无法脱身**的死胡同（路径无法延伸超过 N 步）。（此项用于额外的平局判断，如果非必需可省略）。

        3. **最终优先级选择**：
            a. **首要标准：生存**：选择 D_ghost_first_step **最大**的动作。
            b. **次要标准：目标**：如果 D_ghost_first_step 有平局，则在平局者中选择 D_food_first_step **最小**的动作。

        4. **无路可走**：
            a. 如果没有通过安全检查的动作，最终选择 'Stop'。
            
        请逐步推理，把你的想法思考出来
        
输出最终行动，格式必须严格如下：<action>行动</action>。其中"行动"必须是以下之一: North, South, East, West, Stop
 例如：<action>North</action>
--- RESPONSE ---
<action>West</action>
--- ACTION ---
West
------------------------------
TIME: 2025-12-10 22:21:58.366640
--- FULL USER INPUT ---

        "*** YOUR PROMPT HERE ***" 
        你现在是一个操作顶尖的吃豆人。你有两个必须要完成的任务：
        
        *** 游戏目标（优先级从高到低） ***
            1. 需要避开不断追赶你的ghosts，与他保持一定的距离。
            2. 需要把所有的food吃完。
        
        这个是当前的游戏数据：'''{'layout_list': ['(0,0)=Wall,(1,0)=Wall,(2,0)=Wall,(3,0)=Wall,(4,0)=Wall,(5,0)=Wall,(6,0)=Wall', '(0,1)=Wall,(1,1)=Pacman,(2,1)=Empty,(3,1)=Empty,(4,1)=Empty,(5,1)=Empty,(6,1)=Wall', '(0,2)=Wall,(1,2)=Empty,(2,2)=Wall,(3,2)=Wall,(4,2)=Wall,(5,2)=Empty,(6,2)=Wall', '(0,3)=Wall,(1,3)=Empty,(2,3)=Wall,(3,3)=Food,(4,3)=Empty,(5,3)=Empty,(6,3)=Wall', '(0,4)=Wall,(1,4)=Empty,(2,4)=Wall,(3,4)=Wall,(4,4)=Wall,(5,4)=Empty,(6,4)=Wall', '(0,5)=Wall,(1,5)=Food,(2,5)=Ghost1,(3,5)=Empty,(4,5)=Empty,(5,5)=Empty,(6,5)=Wall', '(0,6)=Wall,(1,6)=Wall,(2,6)=Wall,(3,6)=Wall,(4,6)=Wall,(5,6)=Wall,(6,6)=Wall'], 'pacman_pos': [1, 1], 'ghost_pos': [[2, 5]], 'score': -1.0, 'food_count': 2, 'legal_actions': ['Stop', 'East', 'South']}'''
        
        *** 数据解析 ***
        其中：
            1. layout_list: (List of Strings) ["(0,0)=Wall", "(1,0)=Pacman"...]
                - wall 是墙壁，不能通过这里
                - Pacman 是你所在的位置
            2. pacman_pos: (List of Integers) [x, y]
                - 表明你当前的位置
            3. ghost_pos: (List of Lists) [[x, y], [x, y]]
                - 表明ghost的位置，你需要尽可能避开它
            4. score: (Integer)
                - 当前的分数，你需要尽可能提高这个分数
            5. food_count: (Integer)
                - 地图中的食物数量，你需要获取所有的食物
            6. legal_actions: (List of Strings) ['North', 'South', ...]
                - 合法的操作。请注意绝大多数情况，不会选择'stop'，你可以理解为把'stop'移除。
        *** 坐标系说明 ***
        'North' 使 y 减小, 'South' 使 y 增大, 'West' 使 x 减小, 'East' 使 x 增大。

        *** 决策思路（必须严格遵守以下步骤） ***

        1. **动作过滤与路径模拟**：
            a. 遍历 'legal_actions' 中所有非 'Stop' 的动作。
            b. 对于每个动作 $A$，计算出Pacman的新位置P'。
            c. **致命安全检查（最高优先级）**：
                i. 如果 P' 恰好是任何一个 'ghost_pos'，则该动作无效，立即忽略。
                ii. 模拟Ghost下一步所有可能的合法位置 $G'$。如果 P' 与任何 $G'$ 重叠，该动作无效，立即忽略。
            d. **路径前瞻分析**：对于每个通过安全检查的动作 $A$，从 $P'$ 开始，模拟 BFS 路径延伸（深度应覆盖到地图边缘，例如最大 10 步），**并严格执行不走回头路的路径约束**。

        2. **路径指标提取**：
            对于每个动作 $A$（及其路径）：
            a. **D_ghost_first_step**：计算路径中**首次**遇到任何 Ghost 位置所需的最小步数。如果直到路径终点都没有遇到 Ghost，则将步数设为地图总格子数 (例如，设为 999)。
            b. **D_food_first_step**：计算路径中**首次**遇到任何 Food 位置所需的最小步数。如果直到路径终点都没有遇到 Food，则将步数设为地图总格子数 (例如，设为 999)。
            c. **D_path_safety_check**：该路径是否进入一个**无法脱身**的死胡同（路径无法延伸超过 N 步）。（此项用于额外的平局判断，如果非必需可省略）。

        3. **最终优先级选择**：
            a. **首要标准：生存**：选择 D_ghost_first_step **最大**的动作。
            b. **次要标准：目标**：如果 D_ghost_first_step 有平局，则在平局者中选择 D_food_first_step **最小**的动作。

        4. **无路可走**：
            a. 如果没有通过安全检查的动作，最终选择 'Stop'。
            
        请逐步推理，把你的想法思考出来
        
输出最终行动，格式必须严格如下：<action>行动</action>。其中"行动"必须是以下之一: North, South, East, West, Stop
 例如：<action>North</action>
--- RESPONSE ---
<action>East</action>
--- ACTION ---
East
------------------------------
TIME: 2025-12-10 22:21:58.784501
--- FULL USER INPUT ---

        "*** YOUR PROMPT HERE ***" 
        你现在是一个操作顶尖的吃豆人。你有两个必须要完成的任务：
        
        *** 游戏目标（优先级从高到低） ***
            1. 需要避开不断追赶你的ghosts，与他保持一定的距离。
            2. 需要把所有的food吃完。
        
        这个是当前的游戏数据：'''{'layout_list': ['(0,0)=Wall,(1,0)=Wall,(2,0)=Wall,(3,0)=Wall,(4,0)=Wall,(5,0)=Wall,(6,0)=Wall', '(0,1)=Wall,(1,1)=Empty,(2,1)=Pacman,(3,1)=Empty,(4,1)=Empty,(5,1)=Empty,(6,1)=Wall', '(0,2)=Wall,(1,2)=Empty,(2,2)=Wall,(3,2)=Wall,(4,2)=Wall,(5,2)=Empty,(6,2)=Wall', '(0,3)=Wall,(1,3)=Empty,(2,3)=Wall,(3,3)=Food,(4,3)=Empty,(5,3)=Empty,(6,3)=Wall', '(0,4)=Wall,(1,4)=Empty,(2,4)=Wall,(3,4)=Wall,(4,4)=Wall,(5,4)=Empty,(6,4)=Wall', '(0,5)=Wall,(1,5)=Ghost1,(2,5)=Empty,(3,5)=Empty,(4,5)=Empty,(5,5)=Empty,(6,5)=Wall', '(0,6)=Wall,(1,6)=Wall,(2,6)=Wall,(3,6)=Wall,(4,6)=Wall,(5,6)=Wall,(6,6)=Wall'], 'pacman_pos': [2, 1], 'ghost_pos': [[1, 5]], 'score': -2.0, 'food_count': 2, 'legal_actions': ['West', 'Stop', 'East']}'''
        
        *** 数据解析 ***
        其中：
            1. layout_list: (List of Strings) ["(0,0)=Wall", "(1,0)=Pacman"...]
                - wall 是墙壁，不能通过这里
                - Pacman 是你所在的位置
            2. pacman_pos: (List of Integers) [x, y]
                - 表明你当前的位置
            3. ghost_pos: (List of Lists) [[x, y], [x, y]]
                - 表明ghost的位置，你需要尽可能避开它
            4. score: (Integer)
                - 当前的分数，你需要尽可能提高这个分数
            5. food_count: (Integer)
                - 地图中的食物数量，你需要获取所有的食物
            6. legal_actions: (List of Strings) ['North', 'South', ...]
                - 合法的操作。请注意绝大多数情况，不会选择'stop'，你可以理解为把'stop'移除。
        *** 坐标系说明 ***
        'North' 使 y 减小, 'South' 使 y 增大, 'West' 使 x 减小, 'East' 使 x 增大。

        *** 决策思路（必须严格遵守以下步骤） ***

        1. **动作过滤与路径模拟**：
            a. 遍历 'legal_actions' 中所有非 'Stop' 的动作。
            b. 对于每个动作 $A$，计算出Pacman的新位置P'。
            c. **致命安全检查（最高优先级）**：
                i. 如果 P' 恰好是任何一个 'ghost_pos'，则该动作无效，立即忽略。
                ii. 模拟Ghost下一步所有可能的合法位置 $G'$。如果 P' 与任何 $G'$ 重叠，该动作无效，立即忽略。
            d. **路径前瞻分析**：对于每个通过安全检查的动作 $A$，从 $P'$ 开始，模拟 BFS 路径延伸（深度应覆盖到地图边缘，例如最大 10 步），**并严格执行不走回头路的路径约束**。

        2. **路径指标提取**：
            对于每个动作 $A$（及其路径）：
            a. **D_ghost_first_step**：计算路径中**首次**遇到任何 Ghost 位置所需的最小步数。如果直到路径终点都没有遇到 Ghost，则将步数设为地图总格子数 (例如，设为 999)。
            b. **D_food_first_step**：计算路径中**首次**遇到任何 Food 位置所需的最小步数。如果直到路径终点都没有遇到 Food，则将步数设为地图总格子数 (例如，设为 999)。
            c. **D_path_safety_check**：该路径是否进入一个**无法脱身**的死胡同（路径无法延伸超过 N 步）。（此项用于额外的平局判断，如果非必需可省略）。

        3. **最终优先级选择**：
            a. **首要标准：生存**：选择 D_ghost_first_step **最大**的动作。
            b. **次要标准：目标**：如果 D_ghost_first_step 有平局，则在平局者中选择 D_food_first_step **最小**的动作。

        4. **无路可走**：
            a. 如果没有通过安全检查的动作，最终选择 'Stop'。
            
        请逐步推理，把你的想法思考出来
        
输出最终行动，格式必须严格如下：<action>行动</action>。其中"行动"必须是以下之一: North, South, East, West, Stop
 例如：<action>North</action>
--- RESPONSE ---
<action>West</action>
--- ACTION ---
West
------------------------------
TIME: 2025-12-10 22:21:59.172535
--- FULL USER INPUT ---

        "*** YOUR PROMPT HERE ***" 
        你现在是一个操作顶尖的吃豆人。你有两个必须要完成的任务：
        
        *** 游戏目标（优先级从高到低） ***
            1. 需要避开不断追赶你的ghosts，与他保持一定的距离。
            2. 需要把所有的food吃完。
        
        这个是当前的游戏数据：'''{'layout_list': ['(0,0)=Wall,(1,0)=Wall,(2,0)=Wall,(3,0)=Wall,(4,0)=Wall,(5,0)=Wall,(6,0)=Wall', '(0,1)=Wall,(1,1)=Pacman,(2,1)=Empty,(3,1)=Empty,(4,1)=Empty,(5,1)=Empty,(6,1)=Wall', '(0,2)=Wall,(1,2)=Empty,(2,2)=Wall,(3,2)=Wall,(4,2)=Wall,(5,2)=Empty,(6,2)=Wall', '(0,3)=Wall,(1,3)=Empty,(2,3)=Wall,(3,3)=Food,(4,3)=Empty,(5,3)=Empty,(6,3)=Wall', '(0,4)=Wall,(1,4)=Ghost1,(2,4)=Wall,(3,4)=Wall,(4,4)=Wall,(5,4)=Empty,(6,4)=Wall', '(0,5)=Wall,(1,5)=Food,(2,5)=Empty,(3,5)=Empty,(4,5)=Empty,(5,5)=Empty,(6,5)=Wall', '(0,6)=Wall,(1,6)=Wall,(2,6)=Wall,(3,6)=Wall,(4,6)=Wall,(5,6)=Wall,(6,6)=Wall'], 'pacman_pos': [1, 1], 'ghost_pos': [[1, 4]], 'score': -3.0, 'food_count': 2, 'legal_actions': ['Stop', 'East', 'South']}'''
        
        *** 数据解析 ***
        其中：
            1. layout_list: (List of Strings) ["(0,0)=Wall", "(1,0)=Pacman"...]
                - wall 是墙壁，不能通过这里
                - Pacman 是你所在的位置
            2. pacman_pos: (List of Integers) [x, y]
                - 表明你当前的位置
            3. ghost_pos: (List of Lists) [[x, y], [x, y]]
                - 表明ghost的位置，你需要尽可能避开它
            4. score: (Integer)
                - 当前的分数，你需要尽可能提高这个分数
            5. food_count: (Integer)
                - 地图中的食物数量，你需要获取所有的食物
            6. legal_actions: (List of Strings) ['North', 'South', ...]
                - 合法的操作。请注意绝大多数情况，不会选择'stop'，你可以理解为把'stop'移除。
        *** 坐标系说明 ***
        'North' 使 y 减小, 'South' 使 y 增大, 'West' 使 x 减小, 'East' 使 x 增大。

        *** 决策思路（必须严格遵守以下步骤） ***

        1. **动作过滤与路径模拟**：
            a. 遍历 'legal_actions' 中所有非 'Stop' 的动作。
            b. 对于每个动作 $A$，计算出Pacman的新位置P'。
            c. **致命安全检查（最高优先级）**：
                i. 如果 P' 恰好是任何一个 'ghost_pos'，则该动作无效，立即忽略。
                ii. 模拟Ghost下一步所有可能的合法位置 $G'$。如果 P' 与任何 $G'$ 重叠，该动作无效，立即忽略。
            d. **路径前瞻分析**：对于每个通过安全检查的动作 $A$，从 $P'$ 开始，模拟 BFS 路径延伸（深度应覆盖到地图边缘，例如最大 10 步），**并严格执行不走回头路的路径约束**。

        2. **路径指标提取**：
            对于每个动作 $A$（及其路径）：
            a. **D_ghost_first_step**：计算路径中**首次**遇到任何 Ghost 位置所需的最小步数。如果直到路径终点都没有遇到 Ghost，则将步数设为地图总格子数 (例如，设为 999)。
            b. **D_food_first_step**：计算路径中**首次**遇到任何 Food 位置所需的最小步数。如果直到路径终点都没有遇到 Food，则将步数设为地图总格子数 (例如，设为 999)。
            c. **D_path_safety_check**：该路径是否进入一个**无法脱身**的死胡同（路径无法延伸超过 N 步）。（此项用于额外的平局判断，如果非必需可省略）。

        3. **最终优先级选择**：
            a. **首要标准：生存**：选择 D_ghost_first_step **最大**的动作。
            b. **次要标准：目标**：如果 D_ghost_first_step 有平局，则在平局者中选择 D_food_first_step **最小**的动作。

        4. **无路可走**：
            a. 如果没有通过安全检查的动作，最终选择 'Stop'。
            
        请逐步推理，把你的想法思考出来
        
输出最终行动，格式必须严格如下：<action>行动</action>。其中"行动"必须是以下之一: North, South, East, West, Stop
 例如：<action>North</action>
--- RESPONSE ---
<action>East</action>
--- ACTION ---
East
------------------------------
TIME: 2025-12-10 22:22:07.949047
--- FULL USER INPUT ---

        "*** YOUR PROMPT HERE ***" 
        你现在是一个操作顶尖的吃豆人。你有两个必须要完成的任务：
        
        *** 游戏目标（优先级从高到低） ***
            1. 需要避开不断追赶你的ghosts，与他保持一定的距离。
            2. 需要把所有的food吃完。
        
        这个是当前的游戏数据：'''{'layout_list': ['(0,0)=Wall,(1,0)=Wall,(2,0)=Wall,(3,0)=Wall,(4,0)=Wall,(5,0)=Wall,(6,0)=Wall', '(0,1)=Wall,(1,1)=Empty,(2,1)=Pacman,(3,1)=Empty,(4,1)=Empty,(5,1)=Empty,(6,1)=Wall', '(0,2)=Wall,(1,2)=Empty,(2,2)=Wall,(3,2)=Wall,(4,2)=Wall,(5,2)=Empty,(6,2)=Wall', '(0,3)=Wall,(1,3)=Ghost1,(2,3)=Wall,(3,3)=Food,(4,3)=Empty,(5,3)=Empty,(6,3)=Wall', '(0,4)=Wall,(1,4)=Empty,(2,4)=Wall,(3,4)=Wall,(4,4)=Wall,(5,4)=Empty,(6,4)=Wall', '(0,5)=Wall,(1,5)=Food,(2,5)=Empty,(3,5)=Empty,(4,5)=Empty,(5,5)=Empty,(6,5)=Wall', '(0,6)=Wall,(1,6)=Wall,(2,6)=Wall,(3,6)=Wall,(4,6)=Wall,(5,6)=Wall,(6,6)=Wall'], 'pacman_pos': [2, 1], 'ghost_pos': [[1, 3]], 'score': -4.0, 'food_count': 2, 'legal_actions': ['West', 'Stop', 'East']}'''
        
        *** 数据解析 ***
        其中：
            1. layout_list: (List of Strings) ["(0,0)=Wall", "(1,0)=Pacman"...]
                - wall 是墙壁，不能通过这里
                - Pacman 是你所在的位置
            2. pacman_pos: (List of Integers) [x, y]
                - 表明你当前的位置
            3. ghost_pos: (List of Lists) [[x, y], [x, y]]
                - 表明ghost的位置，你需要尽可能避开它
            4. score: (Integer)
                - 当前的分数，你需要尽可能提高这个分数
            5. food_count: (Integer)
                - 地图中的食物数量，你需要获取所有的食物
            6. legal_actions: (List of Strings) ['North', 'South', ...]
                - 合法的操作。请注意绝大多数情况，不会选择'stop'，你可以理解为把'stop'移除。
        *** 坐标系说明 ***
        'North' 使 y 减小, 'South' 使 y 增大, 'West' 使 x 减小, 'East' 使 x 增大。

        *** 决策思路（必须严格遵守以下步骤） ***

        1. **动作过滤与路径模拟**：
            a. 遍历 'legal_actions' 中所有非 'Stop' 的动作。
            b. 对于每个动作 $A$，计算出Pacman的新位置P'。
            c. **致命安全检查（最高优先级）**：
                i. 如果 P' 恰好是任何一个 'ghost_pos'，则该动作无效，立即忽略。
                ii. 模拟Ghost下一步所有可能的合法位置 $G'$。如果 P' 与任何 $G'$ 重叠，该动作无效，立即忽略。
            d. **路径前瞻分析**：对于每个通过安全检查的动作 $A$，从 $P'$ 开始，模拟 BFS 路径延伸（深度应覆盖到地图边缘，例如最大 10 步），**并严格执行不走回头路的路径约束**。

        2. **路径指标提取**：
            对于每个动作 $A$（及其路径）：
            a. **D_ghost_first_step**：计算路径中**首次**遇到任何 Ghost 位置所需的最小步数。如果直到路径终点都没有遇到 Ghost，则将步数设为地图总格子数 (例如，设为 999)。
            b. **D_food_first_step**：计算路径中**首次**遇到任何 Food 位置所需的最小步数。如果直到路径终点都没有遇到 Food，则将步数设为地图总格子数 (例如，设为 999)。
            c. **D_path_safety_check**：该路径是否进入一个**无法脱身**的死胡同（路径无法延伸超过 N 步）。（此项用于额外的平局判断，如果非必需可省略）。

        3. **最终优先级选择**：
            a. **首要标准：生存**：选择 D_ghost_first_step **最大**的动作。
            b. **次要标准：目标**：如果 D_ghost_first_step 有平局，则在平局者中选择 D_food_first_step **最小**的动作。

        4. **无路可走**：
            a. 如果没有通过安全检查的动作，最终选择 'Stop'。
            
        请逐步推理，把你的想法思考出来
        
输出最终行动，格式必须严格如下：<action>行动</action>。其中"行动"必须是以下之一: North, South, East, West, Stop
 例如：<action>North</action>
--- RESPONSE ---
我们按照步骤逐步推理，分析当前游戏状态并做出最优决策。

---

### **1. 数据解析**

- **Pacman 位置**：[2, 1]
- **Ghost 位置**：[[1, 3]]
- **Legal Actions**：['West', 'Stop', 'East']
- **Food_count**：2（需要吃完所有食物）
- **Score**：-4（需要提高分数）

---

### **2. 动作过滤与路径模拟**

#### **Step 2a: 遍历 legal_actions 中非 Stop 的动作**
合法动作是 ['West', 'East']（因为 'Stop' 被排除）。

#### **Step 2b: 计算新位置 P'**

- **West**: (2 - 1, 1) = [1, 1]  
- **East**: (2 + 1, 1) = [3, 1]

#### **Step 2c: 致命安全检查**

##### **检查 West (1,1)**:
- 检查是否与 ghost_pos [1,3] 相同？否。
- 模拟 Ghost 下一步可能的移动：
    - Ghost 在 [1,3]，它能走的方向是：North (y-1), South (y+1), East (x+1), West (x-1)
    - 但根据 layout_list，ghost 的周围有墙，所以 Ghost 只能向 North 或 East 移动？
        - North: [1,2] 是 Empty
        - East: [2,3] 是 Wall（不能走）
    - 所以 Ghost 下一步只能到 [1,2]
- Pacman 新位置 [1,1] 与 Ghost 下一步 [1,2] 不重叠 → **有效**

##### **检查 East (3,1)**:
- 检查是否与 ghost_pos [1,3] 相同？否。
- Ghost 下一步可能的位置：
    - [1,2]（如上）
- Pacman 新位置 [3,1] 与 [1,2] 不重叠 → **有效**

→ 两个动作都通过了致命安全检查。

---

### **3. 路径前瞻分析**

#### **West (1,1)**:

从 [1,1] 开始 BFS，不走回头路，模拟最多 10 步：

- [1,1] → [1,2]（Empty）→ [1,3]（Ghost）→ 停止
- **D_ghost_first_step** = 2（到达 Ghost 的第一步）
- **D_food_first_step** = 无食物在路径中（路径中没有 Food）→ 999

#### **East (3,1)**:

从 [3,1] 开始 BFS，不走回头路，模拟最多 10 步：

- [3,1] → [3,2]（Wall）→ 无法继续
- **D_ghost_first_step** = 999（路径中没有 Ghost）
- **D_food_first_step** = [3,3]（Food）→ 2 步

---

### **4. 最终优先级选择**

| 动作 | D_ghost_first_step | D_food_first_step |
|------|-------------------|------------------|
| West | 2                 | 999              |
| East | 999               | 2                |

- **首要标准：生存** → 选择 D_ghost_first_step 最大的动作 → **East**
- **次要标准：目标** → 如果平局才考虑，这里不平局

---

### **最终行动**

<action>East</action>
--- ACTION ---
East
------------------------------
TIME: 2025-12-10 22:22:08.407878
--- FULL USER INPUT ---

        "*** YOUR PROMPT HERE ***" 
        你现在是一个操作顶尖的吃豆人。你有两个必须要完成的任务：
        
        *** 游戏目标（优先级从高到低） ***
            1. 需要避开不断追赶你的ghosts，与他保持一定的距离。
            2. 需要把所有的food吃完。
        
        这个是当前的游戏数据：'''{'layout_list': ['(0,0)=Wall,(1,0)=Wall,(2,0)=Wall,(3,0)=Wall,(4,0)=Wall,(5,0)=Wall,(6,0)=Wall', '(0,1)=Wall,(1,1)=Empty,(2,1)=Empty,(3,1)=Pacman,(4,1)=Empty,(5,1)=Empty,(6,1)=Wall', '(0,2)=Wall,(1,2)=Ghost1,(2,2)=Wall,(3,2)=Wall,(4,2)=Wall,(5,2)=Empty,(6,2)=Wall', '(0,3)=Wall,(1,3)=Empty,(2,3)=Wall,(3,3)=Food,(4,3)=Empty,(5,3)=Empty,(6,3)=Wall', '(0,4)=Wall,(1,4)=Empty,(2,4)=Wall,(3,4)=Wall,(4,4)=Wall,(5,4)=Empty,(6,4)=Wall', '(0,5)=Wall,(1,5)=Food,(2,5)=Empty,(3,5)=Empty,(4,5)=Empty,(5,5)=Empty,(6,5)=Wall', '(0,6)=Wall,(1,6)=Wall,(2,6)=Wall,(3,6)=Wall,(4,6)=Wall,(5,6)=Wall,(6,6)=Wall'], 'pacman_pos': [3, 1], 'ghost_pos': [[1, 2]], 'score': -5.0, 'food_count': 2, 'legal_actions': ['West', 'Stop', 'East']}'''
        
        *** 数据解析 ***
        其中：
            1. layout_list: (List of Strings) ["(0,0)=Wall", "(1,0)=Pacman"...]
                - wall 是墙壁，不能通过这里
                - Pacman 是你所在的位置
            2. pacman_pos: (List of Integers) [x, y]
                - 表明你当前的位置
            3. ghost_pos: (List of Lists) [[x, y], [x, y]]
                - 表明ghost的位置，你需要尽可能避开它
            4. score: (Integer)
                - 当前的分数，你需要尽可能提高这个分数
            5. food_count: (Integer)
                - 地图中的食物数量，你需要获取所有的食物
            6. legal_actions: (List of Strings) ['North', 'South', ...]
                - 合法的操作。请注意绝大多数情况，不会选择'stop'，你可以理解为把'stop'移除。
        *** 坐标系说明 ***
        'North' 使 y 减小, 'South' 使 y 增大, 'West' 使 x 减小, 'East' 使 x 增大。

        *** 决策思路（必须严格遵守以下步骤） ***

        1. **动作过滤与路径模拟**：
            a. 遍历 'legal_actions' 中所有非 'Stop' 的动作。
            b. 对于每个动作 $A$，计算出Pacman的新位置P'。
            c. **致命安全检查（最高优先级）**：
                i. 如果 P' 恰好是任何一个 'ghost_pos'，则该动作无效，立即忽略。
                ii. 模拟Ghost下一步所有可能的合法位置 $G'$。如果 P' 与任何 $G'$ 重叠，该动作无效，立即忽略。
            d. **路径前瞻分析**：对于每个通过安全检查的动作 $A$，从 $P'$ 开始，模拟 BFS 路径延伸（深度应覆盖到地图边缘，例如最大 10 步），**并严格执行不走回头路的路径约束**。

        2. **路径指标提取**：
            对于每个动作 $A$（及其路径）：
            a. **D_ghost_first_step**：计算路径中**首次**遇到任何 Ghost 位置所需的最小步数。如果直到路径终点都没有遇到 Ghost，则将步数设为地图总格子数 (例如，设为 999)。
            b. **D_food_first_step**：计算路径中**首次**遇到任何 Food 位置所需的最小步数。如果直到路径终点都没有遇到 Food，则将步数设为地图总格子数 (例如，设为 999)。
            c. **D_path_safety_check**：该路径是否进入一个**无法脱身**的死胡同（路径无法延伸超过 N 步）。（此项用于额外的平局判断，如果非必需可省略）。

        3. **最终优先级选择**：
            a. **首要标准：生存**：选择 D_ghost_first_step **最大**的动作。
            b. **次要标准：目标**：如果 D_ghost_first_step 有平局，则在平局者中选择 D_food_first_step **最小**的动作。

        4. **无路可走**：
            a. 如果没有通过安全检查的动作，最终选择 'Stop'。
            
        请逐步推理，把你的想法思考出来
        
输出最终行动，格式必须严格如下：<action>行动</action>。其中"行动"必须是以下之一: North, South, East, West, Stop
 例如：<action>North</action>
--- RESPONSE ---
<action>East</action>
--- ACTION ---
East
------------------------------
TIME: 2025-12-10 22:22:08.819550
--- FULL USER INPUT ---

        "*** YOUR PROMPT HERE ***" 
        你现在是一个操作顶尖的吃豆人。你有两个必须要完成的任务：
        
        *** 游戏目标（优先级从高到低） ***
            1. 需要避开不断追赶你的ghosts，与他保持一定的距离。
            2. 需要把所有的food吃完。
        
        这个是当前的游戏数据：'''{'layout_list': ['(0,0)=Wall,(1,0)=Wall,(2,0)=Wall,(3,0)=Wall,(4,0)=Wall,(5,0)=Wall,(6,0)=Wall', '(0,1)=Wall,(1,1)=Ghost1,(2,1)=Empty,(3,1)=Empty,(4,1)=Pacman,(5,1)=Empty,(6,1)=Wall', '(0,2)=Wall,(1,2)=Empty,(2,2)=Wall,(3,2)=Wall,(4,2)=Wall,(5,2)=Empty,(6,2)=Wall', '(0,3)=Wall,(1,3)=Empty,(2,3)=Wall,(3,3)=Food,(4,3)=Empty,(5,3)=Empty,(6,3)=Wall', '(0,4)=Wall,(1,4)=Empty,(2,4)=Wall,(3,4)=Wall,(4,4)=Wall,(5,4)=Empty,(6,4)=Wall', '(0,5)=Wall,(1,5)=Food,(2,5)=Empty,(3,5)=Empty,(4,5)=Empty,(5,5)=Empty,(6,5)=Wall', '(0,6)=Wall,(1,6)=Wall,(2,6)=Wall,(3,6)=Wall,(4,6)=Wall,(5,6)=Wall,(6,6)=Wall'], 'pacman_pos': [4, 1], 'ghost_pos': [[1, 1]], 'score': -6.0, 'food_count': 2, 'legal_actions': ['West', 'Stop', 'East']}'''
        
        *** 数据解析 ***
        其中：
            1. layout_list: (List of Strings) ["(0,0)=Wall", "(1,0)=Pacman"...]
                - wall 是墙壁，不能通过这里
                - Pacman 是你所在的位置
            2. pacman_pos: (List of Integers) [x, y]
                - 表明你当前的位置
            3. ghost_pos: (List of Lists) [[x, y], [x, y]]
                - 表明ghost的位置，你需要尽可能避开它
            4. score: (Integer)
                - 当前的分数，你需要尽可能提高这个分数
            5. food_count: (Integer)
                - 地图中的食物数量，你需要获取所有的食物
            6. legal_actions: (List of Strings) ['North', 'South', ...]
                - 合法的操作。请注意绝大多数情况，不会选择'stop'，你可以理解为把'stop'移除。
        *** 坐标系说明 ***
        'North' 使 y 减小, 'South' 使 y 增大, 'West' 使 x 减小, 'East' 使 x 增大。

        *** 决策思路（必须严格遵守以下步骤） ***

        1. **动作过滤与路径模拟**：
            a. 遍历 'legal_actions' 中所有非 'Stop' 的动作。
            b. 对于每个动作 $A$，计算出Pacman的新位置P'。
            c. **致命安全检查（最高优先级）**：
                i. 如果 P' 恰好是任何一个 'ghost_pos'，则该动作无效，立即忽略。
                ii. 模拟Ghost下一步所有可能的合法位置 $G'$。如果 P' 与任何 $G'$ 重叠，该动作无效，立即忽略。
            d. **路径前瞻分析**：对于每个通过安全检查的动作 $A$，从 $P'$ 开始，模拟 BFS 路径延伸（深度应覆盖到地图边缘，例如最大 10 步），**并严格执行不走回头路的路径约束**。

        2. **路径指标提取**：
            对于每个动作 $A$（及其路径）：
            a. **D_ghost_first_step**：计算路径中**首次**遇到任何 Ghost 位置所需的最小步数。如果直到路径终点都没有遇到 Ghost，则将步数设为地图总格子数 (例如，设为 999)。
            b. **D_food_first_step**：计算路径中**首次**遇到任何 Food 位置所需的最小步数。如果直到路径终点都没有遇到 Food，则将步数设为地图总格子数 (例如，设为 999)。
            c. **D_path_safety_check**：该路径是否进入一个**无法脱身**的死胡同（路径无法延伸超过 N 步）。（此项用于额外的平局判断，如果非必需可省略）。

        3. **最终优先级选择**：
            a. **首要标准：生存**：选择 D_ghost_first_step **最大**的动作。
            b. **次要标准：目标**：如果 D_ghost_first_step 有平局，则在平局者中选择 D_food_first_step **最小**的动作。

        4. **无路可走**：
            a. 如果没有通过安全检查的动作，最终选择 'Stop'。
            
        请逐步推理，把你的想法思考出来
        
输出最终行动，格式必须严格如下：<action>行动</action>。其中"行动"必须是以下之一: North, South, East, West, Stop
 例如：<action>North</action>
--- RESPONSE ---
<action>West</action>
--- ACTION ---
West
------------------------------
TIME: 2025-12-10 22:22:09.231942
--- FULL USER INPUT ---

        "*** YOUR PROMPT HERE ***" 
        你现在是一个操作顶尖的吃豆人。你有两个必须要完成的任务：
        
        *** 游戏目标（优先级从高到低） ***
            1. 需要避开不断追赶你的ghosts，与他保持一定的距离。
            2. 需要把所有的food吃完。
        
        这个是当前的游戏数据：'''{'layout_list': ['(0,0)=Wall,(1,0)=Wall,(2,0)=Wall,(3,0)=Wall,(4,0)=Wall,(5,0)=Wall,(6,0)=Wall', '(0,1)=Wall,(1,1)=Empty,(2,1)=Ghost1,(3,1)=Pacman,(4,1)=Empty,(5,1)=Empty,(6,1)=Wall', '(0,2)=Wall,(1,2)=Empty,(2,2)=Wall,(3,2)=Wall,(4,2)=Wall,(5,2)=Empty,(6,2)=Wall', '(0,3)=Wall,(1,3)=Empty,(2,3)=Wall,(3,3)=Food,(4,3)=Empty,(5,3)=Empty,(6,3)=Wall', '(0,4)=Wall,(1,4)=Empty,(2,4)=Wall,(3,4)=Wall,(4,4)=Wall,(5,4)=Empty,(6,4)=Wall', '(0,5)=Wall,(1,5)=Food,(2,5)=Empty,(3,5)=Empty,(4,5)=Empty,(5,5)=Empty,(6,5)=Wall', '(0,6)=Wall,(1,6)=Wall,(2,6)=Wall,(3,6)=Wall,(4,6)=Wall,(5,6)=Wall,(6,6)=Wall'], 'pacman_pos': [3, 1], 'ghost_pos': [[2, 1]], 'score': -7.0, 'food_count': 2, 'legal_actions': ['West', 'Stop', 'East']}'''
        
        *** 数据解析 ***
        其中：
            1. layout_list: (List of Strings) ["(0,0)=Wall", "(1,0)=Pacman"...]
                - wall 是墙壁，不能通过这里
                - Pacman 是你所在的位置
            2. pacman_pos: (List of Integers) [x, y]
                - 表明你当前的位置
            3. ghost_pos: (List of Lists) [[x, y], [x, y]]
                - 表明ghost的位置，你需要尽可能避开它
            4. score: (Integer)
                - 当前的分数，你需要尽可能提高这个分数
            5. food_count: (Integer)
                - 地图中的食物数量，你需要获取所有的食物
            6. legal_actions: (List of Strings) ['North', 'South', ...]
                - 合法的操作。请注意绝大多数情况，不会选择'stop'，你可以理解为把'stop'移除。
        *** 坐标系说明 ***
        'North' 使 y 减小, 'South' 使 y 增大, 'West' 使 x 减小, 'East' 使 x 增大。

        *** 决策思路（必须严格遵守以下步骤） ***

        1. **动作过滤与路径模拟**：
            a. 遍历 'legal_actions' 中所有非 'Stop' 的动作。
            b. 对于每个动作 $A$，计算出Pacman的新位置P'。
            c. **致命安全检查（最高优先级）**：
                i. 如果 P' 恰好是任何一个 'ghost_pos'，则该动作无效，立即忽略。
                ii. 模拟Ghost下一步所有可能的合法位置 $G'$。如果 P' 与任何 $G'$ 重叠，该动作无效，立即忽略。
            d. **路径前瞻分析**：对于每个通过安全检查的动作 $A$，从 $P'$ 开始，模拟 BFS 路径延伸（深度应覆盖到地图边缘，例如最大 10 步），**并严格执行不走回头路的路径约束**。

        2. **路径指标提取**：
            对于每个动作 $A$（及其路径）：
            a. **D_ghost_first_step**：计算路径中**首次**遇到任何 Ghost 位置所需的最小步数。如果直到路径终点都没有遇到 Ghost，则将步数设为地图总格子数 (例如，设为 999)。
            b. **D_food_first_step**：计算路径中**首次**遇到任何 Food 位置所需的最小步数。如果直到路径终点都没有遇到 Food，则将步数设为地图总格子数 (例如，设为 999)。
            c. **D_path_safety_check**：该路径是否进入一个**无法脱身**的死胡同（路径无法延伸超过 N 步）。（此项用于额外的平局判断，如果非必需可省略）。

        3. **最终优先级选择**：
            a. **首要标准：生存**：选择 D_ghost_first_step **最大**的动作。
            b. **次要标准：目标**：如果 D_ghost_first_step 有平局，则在平局者中选择 D_food_first_step **最小**的动作。

        4. **无路可走**：
            a. 如果没有通过安全检查的动作，最终选择 'Stop'。
            
        请逐步推理，把你的想法思考出来
        
输出最终行动，格式必须严格如下：<action>行动</action>。其中"行动"必须是以下之一: North, South, East, West, Stop
 例如：<action>North</action>
--- RESPONSE ---
<action>West</action>
--- ACTION ---
West
------------------------------
