TIME: 2025-12-10 23:42:48.424785
--- FULL USER INPUT ---

        "*** YOUR PROMPT HERE ***" 
            你现在是一个吃豆人。你要在避开ghosts的前提下，吃掉图中的所有食物。
            这个是当前的游戏数据：
            
            ================
            
            {'layout_list': ['(0,0)=Wall,(1,0)=Wall,(2,0)=Wall,(3,0)=Wall,(4,0)=Wall,(5,0)=Wall,(6,0)=Wall', '(0,1)=Wall,(1,1)=Empty,(2,1)=Pacman,(3,1)=Empty,(4,1)=Empty,(5,1)=Empty,(6,1)=Wall', '(0,2)=Wall,(1,2)=Empty,(2,2)=Wall,(3,2)=Wall,(4,2)=Wall,(5,2)=Empty,(6,2)=Wall', '(0,3)=Wall,(1,3)=Empty,(2,3)=Wall,(3,3)=Food,(4,3)=Empty,(5,3)=Empty,(6,3)=Wall', '(0,4)=Wall,(1,4)=Empty,(2,4)=Wall,(3,4)=Wall,(4,4)=Wall,(5,4)=Empty,(6,4)=Wall', '(0,5)=Wall,(1,5)=Food,(2,5)=Empty,(3,5)=Ghost1,(4,5)=Empty,(5,5)=Empty,(6,5)=Wall', '(0,6)=Wall,(1,6)=Wall,(2,6)=Wall,(3,6)=Wall,(4,6)=Wall,(5,6)=Wall,(6,6)=Wall'], 'pacman_pos': [2, 1], 'ghost_pos': [[3, 5]], 'score': 0.0, 'food_count': 2, 'legal_actions': ['West', 'Stop', 'East']}
            
            ================
            
            数据含义： 
            1. layout_list: (List of Strings) ["(0,0)=Wall", "(1,0)=Pacman"...]
            2. pacman_pos: (List of Integers) [x, y]
            3. ghost_pos: (List of Lists) [[x, y], [x, y]]
            4. score: (Integer)
            5. food_count: (Integer)
            6. legal_actions: (List of Strings) ['North', 'South', ...]
            
            ================
            
            方向声明：'north'会使 y 减小，'south'会使 y 增加，'west'会使 x 减小，'east'会使 x 增加
            
            你的思路应该是：
            1. 从'legal_actions'中剔除掉'stop'，然后对剩下的动作进行遍历，思考选择这个动作后到达的新位置。
            2. 再从这个位置出发，遍历'north', 'south', 'west', 'east'，然后判断指向那个方向后会不会到'wall',                 如果会的话就不选择那个方向；以及是否会回到上一个格子，如果会的话也不加到路径中。重复这个步骤5次，行程多组路径。
            3. 判断这两条条路径上是否存在ghosts
                如果存在一条路径没有ghosts，选择这条路径的第一步。
                否则选择ghosts出现得最晚的路径或者出现了食物的那一条路径。
            请逐步推理，再给出最终答案，你的答案只能是第一步。
            
            ===============
            下面给出一个示例：
            
            'layout_list': ['(0,0)=Wall,(1,0)=Wall,(2,0)=Wall,(3,0)=Wall,(4,0)=Wall,(5,0)=Wall,(6,0)=Wall', 
                            '(0,1)=Wall,(1,1)=Empty,(2,1)=Pacman,(3,1)=Empty,(4,1)=Empty,(5,1)=Empty,(6,1)=Wall', 
                            '(0,2)=Wall,(1,2)=Empty,(2,2)=Wall,(3,2)=Wall,(4,2)=Wall,(5,2)=Empty,(6,2)=Wall', 
                            '(0,3)=Wall,(1,3)=Empty,(2,3)=Wall,(3,3)=Food,(4,3)=Empty,(5,3)=Empty,(6,3)=Wall', 
                            '(0,4)=Wall,(1,4)=Empty,(2,4)=Wall,(3,4)=Wall,(4,4)=Wall,(5,4)=Empty,(6,4)=Wall', 
                            '(0,5)=Wall,(1,5)=Food,(2,5)=Empty,(3,5)=Ghost1,(4,5)=Empty,(5,5)=Empty,(6,5)=Wall', 
                            '(0,6)=Wall,(1,6)=Wall,(2,6)=Wall,(3,6)=Wall,(4,6)=Wall,(5,6)=Wall,(6,6)=Wall'], 
            'pacman_pos': [2, 1], 
            'ghost_pos': [[3, 5]], 
            'score': 0.0, 
            'food_count': 2, 
            'legal_actions': ['West', 'Stop', 'East']
            
            分析：
            目前的位置在 [2, 1]，合法的操作去掉'stop'后，是 'West'和'East'。
            那么有两条路径可选，
            路径一目前是: '[2, 1], [1, 1]' (执行West后到达新位置[1, 1])
            路径二目前是：'[2, 1], [3, 1]' (执行East后到达新位置[3, 1])
            
            走了一步之后，需要开始进入思路的第2步
            遍历'north', 'south', 'west', 'east'，
            针对路径一：
                - 'north' 'west'对应的位置是'wall'，不可选
                - 'east'对应的位置'[2, 1]'已经出现在了路径一中了，因此也不选
            故路径一新执行的action 应该是 'south'
            路径一更新为：'[2, 1], [1, 1], [1, 2]'
            同理，针对路径二：
                - 'north' 'south'对应的位置是'wall'，不可选
                - 'west'对应的位置'[2, 1]'已经出现在了路径一中了，因此也不选
            故路径二新执行的action 应该是 'east'
            路径二更新为：'[2, 1], [3, 1], [4, 2]'
            
            重复这个更新步骤5次，最后应该能得到
            路径一：'[2, 1], [1, 1], [1, 2], [1, 3], [1, 4], [1, 5], [2, 5]'
            路径二：'[2, 1], [3, 1], [4, 1], [5, 1], [5, 2], [5, 3], [4, 3]'
            路径三：'[2, 1], [3, 1], [4, 1], [5, 1], [5, 2], [5, 3], [4, 4]'
            注意到这里的路径三的来源是因为原始的路径二拓展到'[5, 3]'时，发现'west'和'south'都是可选动作，
            针对这种大于一个可选动作的情况，可以复制该路径，然后两条路径分别执行不同动作。
            
            那么开始判断三个路径谁最优了，首先三个路径上都没有ghost出现，因此三条都是可选的。
            其次在第一条路径中出现了食物，而路径二、三没有，因此优先选择路径一。
            结果应该输出'West'。
            
            ===============
            
            请你每次给出结果的时候都 **必须** **必须** **必须** 仿照我上面的样例，来思考。
            请你每次给出结果的时候都 **必须** **必须** **必须** 仿照我上面的样例，来思考。
            请你每次给出结果的时候都 **必须** **必须** **必须** 仿照我上面的样例，来思考。
            
        
输出最终行动，格式必须严格如下：<action>行动</action>。其中"行动"必须是以下之一: North, South, East, West, Stop
 例如：<action>North</action>
--- RESPONSE ---
<action>West</action>
--- ACTION ---
West
------------------------------
TIME: 2025-12-10 23:43:07.370676
--- FULL USER INPUT ---

        "*** YOUR PROMPT HERE ***" 
            你现在是一个吃豆人。你要在避开ghosts的前提下，吃掉图中的所有食物。
            这个是当前的游戏数据：
            
            ================
            
            {'layout_list': ['(0,0)=Wall,(1,0)=Wall,(2,0)=Wall,(3,0)=Wall,(4,0)=Wall,(5,0)=Wall,(6,0)=Wall', '(0,1)=Wall,(1,1)=Pacman,(2,1)=Empty,(3,1)=Empty,(4,1)=Empty,(5,1)=Empty,(6,1)=Wall', '(0,2)=Wall,(1,2)=Empty,(2,2)=Wall,(3,2)=Wall,(4,2)=Wall,(5,2)=Empty,(6,2)=Wall', '(0,3)=Wall,(1,3)=Empty,(2,3)=Wall,(3,3)=Food,(4,3)=Empty,(5,3)=Empty,(6,3)=Wall', '(0,4)=Wall,(1,4)=Empty,(2,4)=Wall,(3,4)=Wall,(4,4)=Wall,(5,4)=Empty,(6,4)=Wall', '(0,5)=Wall,(1,5)=Food,(2,5)=Ghost1,(3,5)=Empty,(4,5)=Empty,(5,5)=Empty,(6,5)=Wall', '(0,6)=Wall,(1,6)=Wall,(2,6)=Wall,(3,6)=Wall,(4,6)=Wall,(5,6)=Wall,(6,6)=Wall'], 'pacman_pos': [1, 1], 'ghost_pos': [[2, 5]], 'score': -1.0, 'food_count': 2, 'legal_actions': ['Stop', 'East', 'South']}
            
            ================
            
            数据含义： 
            1. layout_list: (List of Strings) ["(0,0)=Wall", "(1,0)=Pacman"...]
            2. pacman_pos: (List of Integers) [x, y]
            3. ghost_pos: (List of Lists) [[x, y], [x, y]]
            4. score: (Integer)
            5. food_count: (Integer)
            6. legal_actions: (List of Strings) ['North', 'South', ...]
            
            ================
            
            方向声明：'north'会使 y 减小，'south'会使 y 增加，'west'会使 x 减小，'east'会使 x 增加
            
            你的思路应该是：
            1. 从'legal_actions'中剔除掉'stop'，然后对剩下的动作进行遍历，思考选择这个动作后到达的新位置。
            2. 再从这个位置出发，遍历'north', 'south', 'west', 'east'，然后判断指向那个方向后会不会到'wall',                 如果会的话就不选择那个方向；以及是否会回到上一个格子，如果会的话也不加到路径中。重复这个步骤5次，行程多组路径。
            3. 判断这两条条路径上是否存在ghosts
                如果存在一条路径没有ghosts，选择这条路径的第一步。
                否则选择ghosts出现得最晚的路径或者出现了食物的那一条路径。
            请逐步推理，再给出最终答案，你的答案只能是第一步。
            
            ===============
            下面给出一个示例：
            
            'layout_list': ['(0,0)=Wall,(1,0)=Wall,(2,0)=Wall,(3,0)=Wall,(4,0)=Wall,(5,0)=Wall,(6,0)=Wall', 
                            '(0,1)=Wall,(1,1)=Empty,(2,1)=Pacman,(3,1)=Empty,(4,1)=Empty,(5,1)=Empty,(6,1)=Wall', 
                            '(0,2)=Wall,(1,2)=Empty,(2,2)=Wall,(3,2)=Wall,(4,2)=Wall,(5,2)=Empty,(6,2)=Wall', 
                            '(0,3)=Wall,(1,3)=Empty,(2,3)=Wall,(3,3)=Food,(4,3)=Empty,(5,3)=Empty,(6,3)=Wall', 
                            '(0,4)=Wall,(1,4)=Empty,(2,4)=Wall,(3,4)=Wall,(4,4)=Wall,(5,4)=Empty,(6,4)=Wall', 
                            '(0,5)=Wall,(1,5)=Food,(2,5)=Empty,(3,5)=Ghost1,(4,5)=Empty,(5,5)=Empty,(6,5)=Wall', 
                            '(0,6)=Wall,(1,6)=Wall,(2,6)=Wall,(3,6)=Wall,(4,6)=Wall,(5,6)=Wall,(6,6)=Wall'], 
            'pacman_pos': [2, 1], 
            'ghost_pos': [[3, 5]], 
            'score': 0.0, 
            'food_count': 2, 
            'legal_actions': ['West', 'Stop', 'East']
            
            分析：
            目前的位置在 [2, 1]，合法的操作去掉'stop'后，是 'West'和'East'。
            那么有两条路径可选，
            路径一目前是: '[2, 1], [1, 1]' (执行West后到达新位置[1, 1])
            路径二目前是：'[2, 1], [3, 1]' (执行East后到达新位置[3, 1])
            
            走了一步之后，需要开始进入思路的第2步
            遍历'north', 'south', 'west', 'east'，
            针对路径一：
                - 'north' 'west'对应的位置是'wall'，不可选
                - 'east'对应的位置'[2, 1]'已经出现在了路径一中了，因此也不选
            故路径一新执行的action 应该是 'south'
            路径一更新为：'[2, 1], [1, 1], [1, 2]'
            同理，针对路径二：
                - 'north' 'south'对应的位置是'wall'，不可选
                - 'west'对应的位置'[2, 1]'已经出现在了路径一中了，因此也不选
            故路径二新执行的action 应该是 'east'
            路径二更新为：'[2, 1], [3, 1], [4, 2]'
            
            重复这个更新步骤5次，最后应该能得到
            路径一：'[2, 1], [1, 1], [1, 2], [1, 3], [1, 4], [1, 5], [2, 5]'
            路径二：'[2, 1], [3, 1], [4, 1], [5, 1], [5, 2], [5, 3], [4, 3]'
            路径三：'[2, 1], [3, 1], [4, 1], [5, 1], [5, 2], [5, 3], [4, 4]'
            注意到这里的路径三的来源是因为原始的路径二拓展到'[5, 3]'时，发现'west'和'south'都是可选动作，
            针对这种大于一个可选动作的情况，可以复制该路径，然后两条路径分别执行不同动作。
            
            那么开始判断三个路径谁最优了，首先三个路径上都没有ghost出现，因此三条都是可选的。
            其次在第一条路径中出现了食物，而路径二、三没有，因此优先选择路径一。
            结果应该输出'West'。
            
            ===============
            
            请你每次给出结果的时候都 **必须** **必须** **必须** 仿照我上面的样例，来思考。
            请你每次给出结果的时候都 **必须** **必须** **必须** 仿照我上面的样例，来思考。
            请你每次给出结果的时候都 **必须** **必须** **必须** 仿照我上面的样例，来思考。
            
        
输出最终行动，格式必须严格如下：<action>行动</action>。其中"行动"必须是以下之一: North, South, East, West, Stop
 例如：<action>North</action>
--- RESPONSE ---
首先，我们分析当前的游戏数据：

- `pacman_pos`: [1, 1]
- `ghost_pos`: [[2, 5]]
- `legal_actions`: ['Stop', 'East', 'South']

### 第一步：剔除 'Stop'，得到可选动作
合法动作中去掉 'Stop' 后，剩下的是：**East**, **South**

### 第二步：遍历每个动作，生成初始路径

#### 路径一：执行 'East'，到达 [2, 1]
路径为：`[1, 1], [2, 1]`

#### 路径二：执行 'South'，到达 [1, 2]
路径为：`[1, 1], [1, 2]`

### 第三步：对每条路径进行扩展（重复5次）

#### 路径一：`[1, 1], [2, 1]`
- 当前位置是 [2, 1]
- 可选方向：North (y-1 → [2, 0]) 是 Wall ❌  
- South (y+1 → [2, 2]) 是 Wall ❌  
- West (x-1 → [1, 1]) 已经在路径中 ❌  
- East (x+1 → [3, 1]) 是 Empty ✅  
→ 新路径：`[1, 1], [2, 1], [3, 1]`

#### 路径二：`[1, 1], [1, 2]`
- 当前位置是 [1, 2]
- 可选方向：North (y-1 → [1, 1]) 已经在路径中 ❌  
- South (y+1 → [1, 3]) 是 Empty ✅  
- West (x-1 → [0, 2]) 是 Wall ❌  
- East (x+1 → [2, 2]) 是 Wall ❌  
→ 新路径：`[1, 1], [1, 2], [1, 3]`

继续扩展：

#### 路径一：`[1, 1], [2, 1], [3, 1]`
- 当前位置是 [3, 1]
- North (y-1 → [3, 0]) 是 Wall ❌  
- South (y+1 → [3, 2]) 是 Wall ❌  
- West (x-1 → [2, 1]) 已经在路径中 ❌  
- East (x+1 → [4, 1]) 是 Empty ✅  
→ 新路径：`[1, 1], [2, 1], [3, 1], [4, 1]`

#### 路径二：`[1, 1], [1, 2], [1, 3]`
- 当前位置是 [1, 3]
- North (y-1 → [1, 2]) 已经在路径中 ❌  
- South (y+1 → [1, 4]) 是 Empty ✅  
- West (x-1 → [0, 3]) 是 Wall ❌  
- East (x+1 → [2, 3]) 是 Wall ❌  
→ 新路径：`[1, 1], [1, 2], [1, 3], [1, 4]`

继续扩展：

#### 路径一：`[1, 1], [2, 1], [3, 1], [4, 1]`
- 当前位置是 [4, 1]
- North (y-1 → [4, 0]) 是 Wall ❌  
- South (y+1 → [4, 2]) 是 Wall ❌  
- West (x-1 → [3, 1]) 已经在路径中 ❌  
- East (x+1 → [5, 1]) 是 Empty ✅  
→ 新路径：`[1, 1], [2, 1], [3, 1], [4, 1], [5, 1]`

#### 路径二：`[1, 1], [1, 2], [1, 3], [1, 4]`
- 当前位置是 [1, 4]
- North (y-1 → [1, 3]) 已经在路径中 ❌  
- South (y+1 → [1, 5]) 是 Food ✅  
- West (x-1 → [0, 4]) 是 Wall ❌  
- East (x+1 → [2, 4]) 是 Wall ❌  
→ 新路径：`[1, 1], [1, 2], [1, 3], [1, 4], [1, 5]`

继续扩展：

#### 路径一：`[1, 1], [2, 1], [3, 1], [4, 1], [5, 1]`
- 当前位置是 [5, 1]
- North (y-1 → [5, 0]) 是 Wall ❌  
- South (y+1 → [5, 2]) 是 Empty ✅  
- West (x-1 → [4, 1]) 已经在路径中 ❌  
- East (x+1 → [6, 1]) 是 Wall ❌  
→ 新路径：`[1, 1], [2, 1], [3, 1], [4, 1], [5, 1], [5, 2]`

#### 路径二：`[1, 1], [1, 2], [1, 3], [1, 4], [1, 5]`
- 当前位置是 [1, 5]
- North (y-1 → [1, 4]) 已经在路径中 ❌  
- South (y+1 → [1, 6]) 是 Wall ❌  
- West (x-1 → [0, 5]) 是 Wall ❌  
- East (x+1 → [2, 5]) 是 Ghost1 ✅  
→ 新路径：`[1, 1], [1, 2], [1, 3], [1, 4], [1, 5], [2, 5]`（注意：这里会遇到 ghost）

### 第四步：判断路径是否安全

- **路径一**：`[1, 1], [2, 1], [3, 1], [4, 1], [5, 1], [5, 2]` —— 没有 ghost，可以走
- **路径二**：`[1, 1], [1, 2], [1, 3], [1, 4], [1, 5], [2, 5]` —— 最后一步到 [2, 5]，是 ghost 的位置 ❌

### 第五步：选择最优路径

- 路径一没有 ghost，且路径上没有食物
- 路径二虽然最后一步有 ghost，但前面的路径中没有食物
- 所以优先选择路径一

### 最终行动：
<action>East</action>
--- ACTION ---
East
------------------------------
TIME: 2025-12-10 23:43:07.795012
--- FULL USER INPUT ---

        "*** YOUR PROMPT HERE ***" 
            你现在是一个吃豆人。你要在避开ghosts的前提下，吃掉图中的所有食物。
            这个是当前的游戏数据：
            
            ================
            
            {'layout_list': ['(0,0)=Wall,(1,0)=Wall,(2,0)=Wall,(3,0)=Wall,(4,0)=Wall,(5,0)=Wall,(6,0)=Wall', '(0,1)=Wall,(1,1)=Empty,(2,1)=Pacman,(3,1)=Empty,(4,1)=Empty,(5,1)=Empty,(6,1)=Wall', '(0,2)=Wall,(1,2)=Empty,(2,2)=Wall,(3,2)=Wall,(4,2)=Wall,(5,2)=Empty,(6,2)=Wall', '(0,3)=Wall,(1,3)=Empty,(2,3)=Wall,(3,3)=Food,(4,3)=Empty,(5,3)=Empty,(6,3)=Wall', '(0,4)=Wall,(1,4)=Empty,(2,4)=Wall,(3,4)=Wall,(4,4)=Wall,(5,4)=Empty,(6,4)=Wall', '(0,5)=Wall,(1,5)=Ghost1,(2,5)=Empty,(3,5)=Empty,(4,5)=Empty,(5,5)=Empty,(6,5)=Wall', '(0,6)=Wall,(1,6)=Wall,(2,6)=Wall,(3,6)=Wall,(4,6)=Wall,(5,6)=Wall,(6,6)=Wall'], 'pacman_pos': [2, 1], 'ghost_pos': [[1, 5]], 'score': -2.0, 'food_count': 2, 'legal_actions': ['West', 'Stop', 'East']}
            
            ================
            
            数据含义： 
            1. layout_list: (List of Strings) ["(0,0)=Wall", "(1,0)=Pacman"...]
            2. pacman_pos: (List of Integers) [x, y]
            3. ghost_pos: (List of Lists) [[x, y], [x, y]]
            4. score: (Integer)
            5. food_count: (Integer)
            6. legal_actions: (List of Strings) ['North', 'South', ...]
            
            ================
            
            方向声明：'north'会使 y 减小，'south'会使 y 增加，'west'会使 x 减小，'east'会使 x 增加
            
            你的思路应该是：
            1. 从'legal_actions'中剔除掉'stop'，然后对剩下的动作进行遍历，思考选择这个动作后到达的新位置。
            2. 再从这个位置出发，遍历'north', 'south', 'west', 'east'，然后判断指向那个方向后会不会到'wall',                 如果会的话就不选择那个方向；以及是否会回到上一个格子，如果会的话也不加到路径中。重复这个步骤5次，行程多组路径。
            3. 判断这两条条路径上是否存在ghosts
                如果存在一条路径没有ghosts，选择这条路径的第一步。
                否则选择ghosts出现得最晚的路径或者出现了食物的那一条路径。
            请逐步推理，再给出最终答案，你的答案只能是第一步。
            
            ===============
            下面给出一个示例：
            
            'layout_list': ['(0,0)=Wall,(1,0)=Wall,(2,0)=Wall,(3,0)=Wall,(4,0)=Wall,(5,0)=Wall,(6,0)=Wall', 
                            '(0,1)=Wall,(1,1)=Empty,(2,1)=Pacman,(3,1)=Empty,(4,1)=Empty,(5,1)=Empty,(6,1)=Wall', 
                            '(0,2)=Wall,(1,2)=Empty,(2,2)=Wall,(3,2)=Wall,(4,2)=Wall,(5,2)=Empty,(6,2)=Wall', 
                            '(0,3)=Wall,(1,3)=Empty,(2,3)=Wall,(3,3)=Food,(4,3)=Empty,(5,3)=Empty,(6,3)=Wall', 
                            '(0,4)=Wall,(1,4)=Empty,(2,4)=Wall,(3,4)=Wall,(4,4)=Wall,(5,4)=Empty,(6,4)=Wall', 
                            '(0,5)=Wall,(1,5)=Food,(2,5)=Empty,(3,5)=Ghost1,(4,5)=Empty,(5,5)=Empty,(6,5)=Wall', 
                            '(0,6)=Wall,(1,6)=Wall,(2,6)=Wall,(3,6)=Wall,(4,6)=Wall,(5,6)=Wall,(6,6)=Wall'], 
            'pacman_pos': [2, 1], 
            'ghost_pos': [[3, 5]], 
            'score': 0.0, 
            'food_count': 2, 
            'legal_actions': ['West', 'Stop', 'East']
            
            分析：
            目前的位置在 [2, 1]，合法的操作去掉'stop'后，是 'West'和'East'。
            那么有两条路径可选，
            路径一目前是: '[2, 1], [1, 1]' (执行West后到达新位置[1, 1])
            路径二目前是：'[2, 1], [3, 1]' (执行East后到达新位置[3, 1])
            
            走了一步之后，需要开始进入思路的第2步
            遍历'north', 'south', 'west', 'east'，
            针对路径一：
                - 'north' 'west'对应的位置是'wall'，不可选
                - 'east'对应的位置'[2, 1]'已经出现在了路径一中了，因此也不选
            故路径一新执行的action 应该是 'south'
            路径一更新为：'[2, 1], [1, 1], [1, 2]'
            同理，针对路径二：
                - 'north' 'south'对应的位置是'wall'，不可选
                - 'west'对应的位置'[2, 1]'已经出现在了路径一中了，因此也不选
            故路径二新执行的action 应该是 'east'
            路径二更新为：'[2, 1], [3, 1], [4, 2]'
            
            重复这个更新步骤5次，最后应该能得到
            路径一：'[2, 1], [1, 1], [1, 2], [1, 3], [1, 4], [1, 5], [2, 5]'
            路径二：'[2, 1], [3, 1], [4, 1], [5, 1], [5, 2], [5, 3], [4, 3]'
            路径三：'[2, 1], [3, 1], [4, 1], [5, 1], [5, 2], [5, 3], [4, 4]'
            注意到这里的路径三的来源是因为原始的路径二拓展到'[5, 3]'时，发现'west'和'south'都是可选动作，
            针对这种大于一个可选动作的情况，可以复制该路径，然后两条路径分别执行不同动作。
            
            那么开始判断三个路径谁最优了，首先三个路径上都没有ghost出现，因此三条都是可选的。
            其次在第一条路径中出现了食物，而路径二、三没有，因此优先选择路径一。
            结果应该输出'West'。
            
            ===============
            
            请你每次给出结果的时候都 **必须** **必须** **必须** 仿照我上面的样例，来思考。
            请你每次给出结果的时候都 **必须** **必须** **必须** 仿照我上面的样例，来思考。
            请你每次给出结果的时候都 **必须** **必须** **必须** 仿照我上面的样例，来思考。
            
        
输出最终行动，格式必须严格如下：<action>行动</action>。其中"行动"必须是以下之一: North, South, East, West, Stop
 例如：<action>North</action>
--- RESPONSE ---
<action>West</action>
--- ACTION ---
West
------------------------------
TIME: 2025-12-10 23:43:08.207816
--- FULL USER INPUT ---

        "*** YOUR PROMPT HERE ***" 
            你现在是一个吃豆人。你要在避开ghosts的前提下，吃掉图中的所有食物。
            这个是当前的游戏数据：
            
            ================
            
            {'layout_list': ['(0,0)=Wall,(1,0)=Wall,(2,0)=Wall,(3,0)=Wall,(4,0)=Wall,(5,0)=Wall,(6,0)=Wall', '(0,1)=Wall,(1,1)=Pacman,(2,1)=Empty,(3,1)=Empty,(4,1)=Empty,(5,1)=Empty,(6,1)=Wall', '(0,2)=Wall,(1,2)=Empty,(2,2)=Wall,(3,2)=Wall,(4,2)=Wall,(5,2)=Empty,(6,2)=Wall', '(0,3)=Wall,(1,3)=Empty,(2,3)=Wall,(3,3)=Food,(4,3)=Empty,(5,3)=Empty,(6,3)=Wall', '(0,4)=Wall,(1,4)=Ghost1,(2,4)=Wall,(3,4)=Wall,(4,4)=Wall,(5,4)=Empty,(6,4)=Wall', '(0,5)=Wall,(1,5)=Food,(2,5)=Empty,(3,5)=Empty,(4,5)=Empty,(5,5)=Empty,(6,5)=Wall', '(0,6)=Wall,(1,6)=Wall,(2,6)=Wall,(3,6)=Wall,(4,6)=Wall,(5,6)=Wall,(6,6)=Wall'], 'pacman_pos': [1, 1], 'ghost_pos': [[1, 4]], 'score': -3.0, 'food_count': 2, 'legal_actions': ['Stop', 'East', 'South']}
            
            ================
            
            数据含义： 
            1. layout_list: (List of Strings) ["(0,0)=Wall", "(1,0)=Pacman"...]
            2. pacman_pos: (List of Integers) [x, y]
            3. ghost_pos: (List of Lists) [[x, y], [x, y]]
            4. score: (Integer)
            5. food_count: (Integer)
            6. legal_actions: (List of Strings) ['North', 'South', ...]
            
            ================
            
            方向声明：'north'会使 y 减小，'south'会使 y 增加，'west'会使 x 减小，'east'会使 x 增加
            
            你的思路应该是：
            1. 从'legal_actions'中剔除掉'stop'，然后对剩下的动作进行遍历，思考选择这个动作后到达的新位置。
            2. 再从这个位置出发，遍历'north', 'south', 'west', 'east'，然后判断指向那个方向后会不会到'wall',                 如果会的话就不选择那个方向；以及是否会回到上一个格子，如果会的话也不加到路径中。重复这个步骤5次，行程多组路径。
            3. 判断这两条条路径上是否存在ghosts
                如果存在一条路径没有ghosts，选择这条路径的第一步。
                否则选择ghosts出现得最晚的路径或者出现了食物的那一条路径。
            请逐步推理，再给出最终答案，你的答案只能是第一步。
            
            ===============
            下面给出一个示例：
            
            'layout_list': ['(0,0)=Wall,(1,0)=Wall,(2,0)=Wall,(3,0)=Wall,(4,0)=Wall,(5,0)=Wall,(6,0)=Wall', 
                            '(0,1)=Wall,(1,1)=Empty,(2,1)=Pacman,(3,1)=Empty,(4,1)=Empty,(5,1)=Empty,(6,1)=Wall', 
                            '(0,2)=Wall,(1,2)=Empty,(2,2)=Wall,(3,2)=Wall,(4,2)=Wall,(5,2)=Empty,(6,2)=Wall', 
                            '(0,3)=Wall,(1,3)=Empty,(2,3)=Wall,(3,3)=Food,(4,3)=Empty,(5,3)=Empty,(6,3)=Wall', 
                            '(0,4)=Wall,(1,4)=Empty,(2,4)=Wall,(3,4)=Wall,(4,4)=Wall,(5,4)=Empty,(6,4)=Wall', 
                            '(0,5)=Wall,(1,5)=Food,(2,5)=Empty,(3,5)=Ghost1,(4,5)=Empty,(5,5)=Empty,(6,5)=Wall', 
                            '(0,6)=Wall,(1,6)=Wall,(2,6)=Wall,(3,6)=Wall,(4,6)=Wall,(5,6)=Wall,(6,6)=Wall'], 
            'pacman_pos': [2, 1], 
            'ghost_pos': [[3, 5]], 
            'score': 0.0, 
            'food_count': 2, 
            'legal_actions': ['West', 'Stop', 'East']
            
            分析：
            目前的位置在 [2, 1]，合法的操作去掉'stop'后，是 'West'和'East'。
            那么有两条路径可选，
            路径一目前是: '[2, 1], [1, 1]' (执行West后到达新位置[1, 1])
            路径二目前是：'[2, 1], [3, 1]' (执行East后到达新位置[3, 1])
            
            走了一步之后，需要开始进入思路的第2步
            遍历'north', 'south', 'west', 'east'，
            针对路径一：
                - 'north' 'west'对应的位置是'wall'，不可选
                - 'east'对应的位置'[2, 1]'已经出现在了路径一中了，因此也不选
            故路径一新执行的action 应该是 'south'
            路径一更新为：'[2, 1], [1, 1], [1, 2]'
            同理，针对路径二：
                - 'north' 'south'对应的位置是'wall'，不可选
                - 'west'对应的位置'[2, 1]'已经出现在了路径一中了，因此也不选
            故路径二新执行的action 应该是 'east'
            路径二更新为：'[2, 1], [3, 1], [4, 2]'
            
            重复这个更新步骤5次，最后应该能得到
            路径一：'[2, 1], [1, 1], [1, 2], [1, 3], [1, 4], [1, 5], [2, 5]'
            路径二：'[2, 1], [3, 1], [4, 1], [5, 1], [5, 2], [5, 3], [4, 3]'
            路径三：'[2, 1], [3, 1], [4, 1], [5, 1], [5, 2], [5, 3], [4, 4]'
            注意到这里的路径三的来源是因为原始的路径二拓展到'[5, 3]'时，发现'west'和'south'都是可选动作，
            针对这种大于一个可选动作的情况，可以复制该路径，然后两条路径分别执行不同动作。
            
            那么开始判断三个路径谁最优了，首先三个路径上都没有ghost出现，因此三条都是可选的。
            其次在第一条路径中出现了食物，而路径二、三没有，因此优先选择路径一。
            结果应该输出'West'。
            
            ===============
            
            请你每次给出结果的时候都 **必须** **必须** **必须** 仿照我上面的样例，来思考。
            请你每次给出结果的时候都 **必须** **必须** **必须** 仿照我上面的样例，来思考。
            请你每次给出结果的时候都 **必须** **必须** **必须** 仿照我上面的样例，来思考。
            
        
输出最终行动，格式必须严格如下：<action>行动</action>。其中"行动"必须是以下之一: North, South, East, West, Stop
 例如：<action>North</action>
--- RESPONSE ---
<action>East</action>
--- ACTION ---
East
------------------------------
TIME: 2025-12-10 23:43:15.188675
--- FULL USER INPUT ---

        "*** YOUR PROMPT HERE ***" 
            你现在是一个吃豆人。你要在避开ghosts的前提下，吃掉图中的所有食物。
            这个是当前的游戏数据：
            
            ================
            
            {'layout_list': ['(0,0)=Wall,(1,0)=Wall,(2,0)=Wall,(3,0)=Wall,(4,0)=Wall,(5,0)=Wall,(6,0)=Wall', '(0,1)=Wall,(1,1)=Empty,(2,1)=Pacman,(3,1)=Empty,(4,1)=Empty,(5,1)=Empty,(6,1)=Wall', '(0,2)=Wall,(1,2)=Empty,(2,2)=Wall,(3,2)=Wall,(4,2)=Wall,(5,2)=Empty,(6,2)=Wall', '(0,3)=Wall,(1,3)=Ghost1,(2,3)=Wall,(3,3)=Food,(4,3)=Empty,(5,3)=Empty,(6,3)=Wall', '(0,4)=Wall,(1,4)=Empty,(2,4)=Wall,(3,4)=Wall,(4,4)=Wall,(5,4)=Empty,(6,4)=Wall', '(0,5)=Wall,(1,5)=Food,(2,5)=Empty,(3,5)=Empty,(4,5)=Empty,(5,5)=Empty,(6,5)=Wall', '(0,6)=Wall,(1,6)=Wall,(2,6)=Wall,(3,6)=Wall,(4,6)=Wall,(5,6)=Wall,(6,6)=Wall'], 'pacman_pos': [2, 1], 'ghost_pos': [[1, 3]], 'score': -4.0, 'food_count': 2, 'legal_actions': ['West', 'Stop', 'East']}
            
            ================
            
            数据含义： 
            1. layout_list: (List of Strings) ["(0,0)=Wall", "(1,0)=Pacman"...]
            2. pacman_pos: (List of Integers) [x, y]
            3. ghost_pos: (List of Lists) [[x, y], [x, y]]
            4. score: (Integer)
            5. food_count: (Integer)
            6. legal_actions: (List of Strings) ['North', 'South', ...]
            
            ================
            
            方向声明：'north'会使 y 减小，'south'会使 y 增加，'west'会使 x 减小，'east'会使 x 增加
            
            你的思路应该是：
            1. 从'legal_actions'中剔除掉'stop'，然后对剩下的动作进行遍历，思考选择这个动作后到达的新位置。
            2. 再从这个位置出发，遍历'north', 'south', 'west', 'east'，然后判断指向那个方向后会不会到'wall',                 如果会的话就不选择那个方向；以及是否会回到上一个格子，如果会的话也不加到路径中。重复这个步骤5次，行程多组路径。
            3. 判断这两条条路径上是否存在ghosts
                如果存在一条路径没有ghosts，选择这条路径的第一步。
                否则选择ghosts出现得最晚的路径或者出现了食物的那一条路径。
            请逐步推理，再给出最终答案，你的答案只能是第一步。
            
            ===============
            下面给出一个示例：
            
            'layout_list': ['(0,0)=Wall,(1,0)=Wall,(2,0)=Wall,(3,0)=Wall,(4,0)=Wall,(5,0)=Wall,(6,0)=Wall', 
                            '(0,1)=Wall,(1,1)=Empty,(2,1)=Pacman,(3,1)=Empty,(4,1)=Empty,(5,1)=Empty,(6,1)=Wall', 
                            '(0,2)=Wall,(1,2)=Empty,(2,2)=Wall,(3,2)=Wall,(4,2)=Wall,(5,2)=Empty,(6,2)=Wall', 
                            '(0,3)=Wall,(1,3)=Empty,(2,3)=Wall,(3,3)=Food,(4,3)=Empty,(5,3)=Empty,(6,3)=Wall', 
                            '(0,4)=Wall,(1,4)=Empty,(2,4)=Wall,(3,4)=Wall,(4,4)=Wall,(5,4)=Empty,(6,4)=Wall', 
                            '(0,5)=Wall,(1,5)=Food,(2,5)=Empty,(3,5)=Ghost1,(4,5)=Empty,(5,5)=Empty,(6,5)=Wall', 
                            '(0,6)=Wall,(1,6)=Wall,(2,6)=Wall,(3,6)=Wall,(4,6)=Wall,(5,6)=Wall,(6,6)=Wall'], 
            'pacman_pos': [2, 1], 
            'ghost_pos': [[3, 5]], 
            'score': 0.0, 
            'food_count': 2, 
            'legal_actions': ['West', 'Stop', 'East']
            
            分析：
            目前的位置在 [2, 1]，合法的操作去掉'stop'后，是 'West'和'East'。
            那么有两条路径可选，
            路径一目前是: '[2, 1], [1, 1]' (执行West后到达新位置[1, 1])
            路径二目前是：'[2, 1], [3, 1]' (执行East后到达新位置[3, 1])
            
            走了一步之后，需要开始进入思路的第2步
            遍历'north', 'south', 'west', 'east'，
            针对路径一：
                - 'north' 'west'对应的位置是'wall'，不可选
                - 'east'对应的位置'[2, 1]'已经出现在了路径一中了，因此也不选
            故路径一新执行的action 应该是 'south'
            路径一更新为：'[2, 1], [1, 1], [1, 2]'
            同理，针对路径二：
                - 'north' 'south'对应的位置是'wall'，不可选
                - 'west'对应的位置'[2, 1]'已经出现在了路径一中了，因此也不选
            故路径二新执行的action 应该是 'east'
            路径二更新为：'[2, 1], [3, 1], [4, 2]'
            
            重复这个更新步骤5次，最后应该能得到
            路径一：'[2, 1], [1, 1], [1, 2], [1, 3], [1, 4], [1, 5], [2, 5]'
            路径二：'[2, 1], [3, 1], [4, 1], [5, 1], [5, 2], [5, 3], [4, 3]'
            路径三：'[2, 1], [3, 1], [4, 1], [5, 1], [5, 2], [5, 3], [4, 4]'
            注意到这里的路径三的来源是因为原始的路径二拓展到'[5, 3]'时，发现'west'和'south'都是可选动作，
            针对这种大于一个可选动作的情况，可以复制该路径，然后两条路径分别执行不同动作。
            
            那么开始判断三个路径谁最优了，首先三个路径上都没有ghost出现，因此三条都是可选的。
            其次在第一条路径中出现了食物，而路径二、三没有，因此优先选择路径一。
            结果应该输出'West'。
            
            ===============
            
            请你每次给出结果的时候都 **必须** **必须** **必须** 仿照我上面的样例，来思考。
            请你每次给出结果的时候都 **必须** **必须** **必须** 仿照我上面的样例，来思考。
            请你每次给出结果的时候都 **必须** **必须** **必须** 仿照我上面的样例，来思考。
            
        
输出最终行动，格式必须严格如下：<action>行动</action>。其中"行动"必须是以下之一: North, South, East, West, Stop
 例如：<action>North</action>
--- RESPONSE ---
分析：
目前的位置在 [2, 1]，合法的操作去掉 'Stop' 后，是 'West' 和 'East'。

那么有两条路径可选，
路径一目前是: '[2, 1], [1, 1]' (执行 West 后到达新位置 [1, 1])
路径二目前是：'[2, 1], [3, 1]' (执行 East 后到达新位置 [3, 1])

走了一步之后，需要开始进入思路的第2步
遍历 'north', 'south', 'west', 'east'，
针对路径一：
- 'north' 对应的位置是 [1, 0]，是 Wall，不可选
- 'south' 对应的位置是 [1, 2]，是 Empty，可以选
- 'west' 对应的位置是 [0, 1]，是 Wall，不可选
- 'east' 对应的位置是 [2, 1]，已经出现在了路径一中，因此也不选

故路径一新执行的 action 应该是 'south'
路径一更新为：'[2, 1], [1, 1], [1, 2]'

针对路径二：
- 'north' 对应的位置是 [3, 0]，是 Wall，不可选
- 'south' 对应的位置是 [3, 2]，是 Wall，不可选
- 'west' 对应的位置是 [2, 1]，已经出现在了路径二中，因此也不选
- 'east' 对应的位置是 [4, 1]，是 Empty，可以选

故路径二新执行的 action 应该是 'east'
路径二更新为：'[2, 1], [3, 1], [4, 1]'

重复这个更新步骤5次，最后应该能得到
路径一：'[2, 1], [1, 1], [1, 2], [1, 3], [1, 4], [1, 5], [2, 5]'
路径二：'[2, 1], [3, 1], [4, 1], [5, 1], [5, 2], [5, 3], [5, 4]'

判断这两条路径上是否存在 ghosts：
- 路径一：没有 ghost 出现
- 路径二：没有 ghost 出现

两条路径都没有 ghost，但路径一中出现了食物（[2, 5]），而路径二中没有。因此优先选择路径一。

最终答案是路径一的第一步动作：West

<action>West</action>
--- ACTION ---
West
------------------------------
TIME: 2025-12-10 23:43:16.067595
--- FULL USER INPUT ---

        "*** YOUR PROMPT HERE ***" 
            你现在是一个吃豆人。你要在避开ghosts的前提下，吃掉图中的所有食物。
            这个是当前的游戏数据：
            
            ================
            
            {'layout_list': ['(0,0)=Wall,(1,0)=Wall,(2,0)=Wall,(3,0)=Wall,(4,0)=Wall,(5,0)=Wall,(6,0)=Wall', '(0,1)=Wall,(1,1)=Pacman,(2,1)=Empty,(3,1)=Empty,(4,1)=Empty,(5,1)=Empty,(6,1)=Wall', '(0,2)=Wall,(1,2)=Ghost1,(2,2)=Wall,(3,2)=Wall,(4,2)=Wall,(5,2)=Empty,(6,2)=Wall', '(0,3)=Wall,(1,3)=Empty,(2,3)=Wall,(3,3)=Food,(4,3)=Empty,(5,3)=Empty,(6,3)=Wall', '(0,4)=Wall,(1,4)=Empty,(2,4)=Wall,(3,4)=Wall,(4,4)=Wall,(5,4)=Empty,(6,4)=Wall', '(0,5)=Wall,(1,5)=Food,(2,5)=Empty,(3,5)=Empty,(4,5)=Empty,(5,5)=Empty,(6,5)=Wall', '(0,6)=Wall,(1,6)=Wall,(2,6)=Wall,(3,6)=Wall,(4,6)=Wall,(5,6)=Wall,(6,6)=Wall'], 'pacman_pos': [1, 1], 'ghost_pos': [[1, 2]], 'score': -5.0, 'food_count': 2, 'legal_actions': ['Stop', 'East', 'South']}
            
            ================
            
            数据含义： 
            1. layout_list: (List of Strings) ["(0,0)=Wall", "(1,0)=Pacman"...]
            2. pacman_pos: (List of Integers) [x, y]
            3. ghost_pos: (List of Lists) [[x, y], [x, y]]
            4. score: (Integer)
            5. food_count: (Integer)
            6. legal_actions: (List of Strings) ['North', 'South', ...]
            
            ================
            
            方向声明：'north'会使 y 减小，'south'会使 y 增加，'west'会使 x 减小，'east'会使 x 增加
            
            你的思路应该是：
            1. 从'legal_actions'中剔除掉'stop'，然后对剩下的动作进行遍历，思考选择这个动作后到达的新位置。
            2. 再从这个位置出发，遍历'north', 'south', 'west', 'east'，然后判断指向那个方向后会不会到'wall',                 如果会的话就不选择那个方向；以及是否会回到上一个格子，如果会的话也不加到路径中。重复这个步骤5次，行程多组路径。
            3. 判断这两条条路径上是否存在ghosts
                如果存在一条路径没有ghosts，选择这条路径的第一步。
                否则选择ghosts出现得最晚的路径或者出现了食物的那一条路径。
            请逐步推理，再给出最终答案，你的答案只能是第一步。
            
            ===============
            下面给出一个示例：
            
            'layout_list': ['(0,0)=Wall,(1,0)=Wall,(2,0)=Wall,(3,0)=Wall,(4,0)=Wall,(5,0)=Wall,(6,0)=Wall', 
                            '(0,1)=Wall,(1,1)=Empty,(2,1)=Pacman,(3,1)=Empty,(4,1)=Empty,(5,1)=Empty,(6,1)=Wall', 
                            '(0,2)=Wall,(1,2)=Empty,(2,2)=Wall,(3,2)=Wall,(4,2)=Wall,(5,2)=Empty,(6,2)=Wall', 
                            '(0,3)=Wall,(1,3)=Empty,(2,3)=Wall,(3,3)=Food,(4,3)=Empty,(5,3)=Empty,(6,3)=Wall', 
                            '(0,4)=Wall,(1,4)=Empty,(2,4)=Wall,(3,4)=Wall,(4,4)=Wall,(5,4)=Empty,(6,4)=Wall', 
                            '(0,5)=Wall,(1,5)=Food,(2,5)=Empty,(3,5)=Ghost1,(4,5)=Empty,(5,5)=Empty,(6,5)=Wall', 
                            '(0,6)=Wall,(1,6)=Wall,(2,6)=Wall,(3,6)=Wall,(4,6)=Wall,(5,6)=Wall,(6,6)=Wall'], 
            'pacman_pos': [2, 1], 
            'ghost_pos': [[3, 5]], 
            'score': 0.0, 
            'food_count': 2, 
            'legal_actions': ['West', 'Stop', 'East']
            
            分析：
            目前的位置在 [2, 1]，合法的操作去掉'stop'后，是 'West'和'East'。
            那么有两条路径可选，
            路径一目前是: '[2, 1], [1, 1]' (执行West后到达新位置[1, 1])
            路径二目前是：'[2, 1], [3, 1]' (执行East后到达新位置[3, 1])
            
            走了一步之后，需要开始进入思路的第2步
            遍历'north', 'south', 'west', 'east'，
            针对路径一：
                - 'north' 'west'对应的位置是'wall'，不可选
                - 'east'对应的位置'[2, 1]'已经出现在了路径一中了，因此也不选
            故路径一新执行的action 应该是 'south'
            路径一更新为：'[2, 1], [1, 1], [1, 2]'
            同理，针对路径二：
                - 'north' 'south'对应的位置是'wall'，不可选
                - 'west'对应的位置'[2, 1]'已经出现在了路径一中了，因此也不选
            故路径二新执行的action 应该是 'east'
            路径二更新为：'[2, 1], [3, 1], [4, 2]'
            
            重复这个更新步骤5次，最后应该能得到
            路径一：'[2, 1], [1, 1], [1, 2], [1, 3], [1, 4], [1, 5], [2, 5]'
            路径二：'[2, 1], [3, 1], [4, 1], [5, 1], [5, 2], [5, 3], [4, 3]'
            路径三：'[2, 1], [3, 1], [4, 1], [5, 1], [5, 2], [5, 3], [4, 4]'
            注意到这里的路径三的来源是因为原始的路径二拓展到'[5, 3]'时，发现'west'和'south'都是可选动作，
            针对这种大于一个可选动作的情况，可以复制该路径，然后两条路径分别执行不同动作。
            
            那么开始判断三个路径谁最优了，首先三个路径上都没有ghost出现，因此三条都是可选的。
            其次在第一条路径中出现了食物，而路径二、三没有，因此优先选择路径一。
            结果应该输出'West'。
            
            ===============
            
            请你每次给出结果的时候都 **必须** **必须** **必须** 仿照我上面的样例，来思考。
            请你每次给出结果的时候都 **必须** **必须** **必须** 仿照我上面的样例，来思考。
            请你每次给出结果的时候都 **必须** **必须** **必须** 仿照我上面的样例，来思考。
            
        
输出最终行动，格式必须严格如下：<action>行动</action>。其中"行动"必须是以下之一: North, South, East, West, Stop
 例如：<action>North</action>
--- RESPONSE ---
<action>East</action>
--- ACTION ---
East
------------------------------
TIME: 2025-12-10 23:43:16.532581
--- FULL USER INPUT ---

        "*** YOUR PROMPT HERE ***" 
            你现在是一个吃豆人。你要在避开ghosts的前提下，吃掉图中的所有食物。
            这个是当前的游戏数据：
            
            ================
            
            {'layout_list': ['(0,0)=Wall,(1,0)=Wall,(2,0)=Wall,(3,0)=Wall,(4,0)=Wall,(5,0)=Wall,(6,0)=Wall', '(0,1)=Wall,(1,1)=Ghost1,(2,1)=Pacman,(3,1)=Empty,(4,1)=Empty,(5,1)=Empty,(6,1)=Wall', '(0,2)=Wall,(1,2)=Empty,(2,2)=Wall,(3,2)=Wall,(4,2)=Wall,(5,2)=Empty,(6,2)=Wall', '(0,3)=Wall,(1,3)=Empty,(2,3)=Wall,(3,3)=Food,(4,3)=Empty,(5,3)=Empty,(6,3)=Wall', '(0,4)=Wall,(1,4)=Empty,(2,4)=Wall,(3,4)=Wall,(4,4)=Wall,(5,4)=Empty,(6,4)=Wall', '(0,5)=Wall,(1,5)=Food,(2,5)=Empty,(3,5)=Empty,(4,5)=Empty,(5,5)=Empty,(6,5)=Wall', '(0,6)=Wall,(1,6)=Wall,(2,6)=Wall,(3,6)=Wall,(4,6)=Wall,(5,6)=Wall,(6,6)=Wall'], 'pacman_pos': [2, 1], 'ghost_pos': [[1, 1]], 'score': -6.0, 'food_count': 2, 'legal_actions': ['West', 'Stop', 'East']}
            
            ================
            
            数据含义： 
            1. layout_list: (List of Strings) ["(0,0)=Wall", "(1,0)=Pacman"...]
            2. pacman_pos: (List of Integers) [x, y]
            3. ghost_pos: (List of Lists) [[x, y], [x, y]]
            4. score: (Integer)
            5. food_count: (Integer)
            6. legal_actions: (List of Strings) ['North', 'South', ...]
            
            ================
            
            方向声明：'north'会使 y 减小，'south'会使 y 增加，'west'会使 x 减小，'east'会使 x 增加
            
            你的思路应该是：
            1. 从'legal_actions'中剔除掉'stop'，然后对剩下的动作进行遍历，思考选择这个动作后到达的新位置。
            2. 再从这个位置出发，遍历'north', 'south', 'west', 'east'，然后判断指向那个方向后会不会到'wall',                 如果会的话就不选择那个方向；以及是否会回到上一个格子，如果会的话也不加到路径中。重复这个步骤5次，行程多组路径。
            3. 判断这两条条路径上是否存在ghosts
                如果存在一条路径没有ghosts，选择这条路径的第一步。
                否则选择ghosts出现得最晚的路径或者出现了食物的那一条路径。
            请逐步推理，再给出最终答案，你的答案只能是第一步。
            
            ===============
            下面给出一个示例：
            
            'layout_list': ['(0,0)=Wall,(1,0)=Wall,(2,0)=Wall,(3,0)=Wall,(4,0)=Wall,(5,0)=Wall,(6,0)=Wall', 
                            '(0,1)=Wall,(1,1)=Empty,(2,1)=Pacman,(3,1)=Empty,(4,1)=Empty,(5,1)=Empty,(6,1)=Wall', 
                            '(0,2)=Wall,(1,2)=Empty,(2,2)=Wall,(3,2)=Wall,(4,2)=Wall,(5,2)=Empty,(6,2)=Wall', 
                            '(0,3)=Wall,(1,3)=Empty,(2,3)=Wall,(3,3)=Food,(4,3)=Empty,(5,3)=Empty,(6,3)=Wall', 
                            '(0,4)=Wall,(1,4)=Empty,(2,4)=Wall,(3,4)=Wall,(4,4)=Wall,(5,4)=Empty,(6,4)=Wall', 
                            '(0,5)=Wall,(1,5)=Food,(2,5)=Empty,(3,5)=Ghost1,(4,5)=Empty,(5,5)=Empty,(6,5)=Wall', 
                            '(0,6)=Wall,(1,6)=Wall,(2,6)=Wall,(3,6)=Wall,(4,6)=Wall,(5,6)=Wall,(6,6)=Wall'], 
            'pacman_pos': [2, 1], 
            'ghost_pos': [[3, 5]], 
            'score': 0.0, 
            'food_count': 2, 
            'legal_actions': ['West', 'Stop', 'East']
            
            分析：
            目前的位置在 [2, 1]，合法的操作去掉'stop'后，是 'West'和'East'。
            那么有两条路径可选，
            路径一目前是: '[2, 1], [1, 1]' (执行West后到达新位置[1, 1])
            路径二目前是：'[2, 1], [3, 1]' (执行East后到达新位置[3, 1])
            
            走了一步之后，需要开始进入思路的第2步
            遍历'north', 'south', 'west', 'east'，
            针对路径一：
                - 'north' 'west'对应的位置是'wall'，不可选
                - 'east'对应的位置'[2, 1]'已经出现在了路径一中了，因此也不选
            故路径一新执行的action 应该是 'south'
            路径一更新为：'[2, 1], [1, 1], [1, 2]'
            同理，针对路径二：
                - 'north' 'south'对应的位置是'wall'，不可选
                - 'west'对应的位置'[2, 1]'已经出现在了路径一中了，因此也不选
            故路径二新执行的action 应该是 'east'
            路径二更新为：'[2, 1], [3, 1], [4, 2]'
            
            重复这个更新步骤5次，最后应该能得到
            路径一：'[2, 1], [1, 1], [1, 2], [1, 3], [1, 4], [1, 5], [2, 5]'
            路径二：'[2, 1], [3, 1], [4, 1], [5, 1], [5, 2], [5, 3], [4, 3]'
            路径三：'[2, 1], [3, 1], [4, 1], [5, 1], [5, 2], [5, 3], [4, 4]'
            注意到这里的路径三的来源是因为原始的路径二拓展到'[5, 3]'时，发现'west'和'south'都是可选动作，
            针对这种大于一个可选动作的情况，可以复制该路径，然后两条路径分别执行不同动作。
            
            那么开始判断三个路径谁最优了，首先三个路径上都没有ghost出现，因此三条都是可选的。
            其次在第一条路径中出现了食物，而路径二、三没有，因此优先选择路径一。
            结果应该输出'West'。
            
            ===============
            
            请你每次给出结果的时候都 **必须** **必须** **必须** 仿照我上面的样例，来思考。
            请你每次给出结果的时候都 **必须** **必须** **必须** 仿照我上面的样例，来思考。
            请你每次给出结果的时候都 **必须** **必须** **必须** 仿照我上面的样例，来思考。
            
        
输出最终行动，格式必须严格如下：<action>行动</action>。其中"行动"必须是以下之一: North, South, East, West, Stop
 例如：<action>North</action>
--- RESPONSE ---
<action>West</action>
--- ACTION ---
West
------------------------------
