TIME: 2025-12-10 22:14:35.549885
--- FULL USER INPUT ---

        "*** YOUR PROMPT HERE ***" 
        你现在是一个操作顶尖的吃豆人。你有两个必须要完成的任务：
        
        *** 游戏目标（优先级从高到低） ***
            1. 需要避开不断追赶你的ghosts，与他保持一定的距离。
            2. 需要把所有的food吃完。
        
        这个是当前的游戏数据：'''{'layout_list': ['(0,0)=Wall,(1,0)=Wall,(2,0)=Wall,(3,0)=Wall,(4,0)=Wall,(5,0)=Wall,(6,0)=Wall', '(0,1)=Wall,(1,1)=Empty,(2,1)=Pacman,(3,1)=Empty,(4,1)=Empty,(5,1)=Empty,(6,1)=Wall', '(0,2)=Wall,(1,2)=Empty,(2,2)=Wall,(3,2)=Wall,(4,2)=Wall,(5,2)=Empty,(6,2)=Wall', '(0,3)=Wall,(1,3)=Empty,(2,3)=Wall,(3,3)=Food,(4,3)=Empty,(5,3)=Empty,(6,3)=Wall', '(0,4)=Wall,(1,4)=Empty,(2,4)=Wall,(3,4)=Wall,(4,4)=Wall,(5,4)=Empty,(6,4)=Wall', '(0,5)=Wall,(1,5)=Food,(2,5)=Empty,(3,5)=Ghost1,(4,5)=Empty,(5,5)=Empty,(6,5)=Wall', '(0,6)=Wall,(1,6)=Wall,(2,6)=Wall,(3,6)=Wall,(4,6)=Wall,(5,6)=Wall,(6,6)=Wall'], 'pacman_pos': [2, 1], 'ghost_pos': [[3, 5]], 'score': 0.0, 'food_count': 2, 'legal_actions': ['West', 'Stop', 'East']}'''
        
        *** 数据解析 ***
        其中：
            1. layout_list: (List of Strings) ["(0,0)=Wall", "(1,0)=Pacman"...]
                - wall 是墙壁，不能通过这里
                - Pacman 是你所在的位置
            2. pacman_pos: (List of Integers) [x, y]
                - 表明你当前的位置
            3. ghost_pos: (List of Lists) [[x, y], [x, y]]
                - 表明ghost的位置，你需要尽可能避开它
            4. score: (Integer)
                - 当前的分数，你需要尽可能提高这个分数
            5. food_count: (Integer)
                - 地图中的食物数量，你需要获取所有的食物
            6. legal_actions: (List of Strings) ['North', 'South', ...]
                - 合法的操作。请注意绝大多数情况，不会选择'stop'，你可以理解为把'stop'移除。
        请注意，north会使y减小，west会使x减小。
        
        *** 决策思路 ***

        1. **动作评估和双重安全过滤**：
            a. 遍历 'legal_actions' 中所有非 'Stop' 的动作，计算出Pacman的新位置P'。
            b. **致命碰撞检查 (D_ghost = 0)**：如果 P' 恰好是任何一个 'ghost_pos'，则该动作无效，立即忽略。
            c. **鬼怪预判检查 (D_ghost 预判)**：对于每一个 Ghost $G_i$，模拟其所有可能的下一步位置 $G'_i$（**假设 Ghost 也可以沿合法路径移动一步**）。如果 Pacman 的新位置 $P'$ 与任何一个 $G'_i$ 重叠，**该动作也无效，立即忽略**。
            d. 对所有通过安全检查的动作 $A$:
                i. **模拟BFS计算 D_ghost**：计算 $P'$ 到所有 'ghost_pos' 的最小实际路径步数。
                ii. **模拟BFS计算 D_food**：计算 $P'$ 到所有 'food_pos' 的最小实际路径步数。
            e. 记录每个安全动作 $A$ 及其对应的 $D_ghost$ 和 $D_food$。

        2. **优先级决策**：
            a. **优先级 A (吃豆)**：如果存在动作使 D_food <= 1，则选择这些动作中 D_ghost 最大的那个。如果找到，立即输出结果。

            b. **优先级 B (远离危险)**：如果所有安全动作中，D_ghost 最大值 <= 4 （将危险区域扩大），则必须逃跑：
                i. 选择 D_ghost **最大**的动作。
                ii. 出现平局时，选择 D_food 最小的（以便在逃跑时顺路吃豆）。如果找到，立即输出结果。

            c. **优先级 C (探索)**：如果存在 D_ghost > 4 的动作（安全区域），则必须优先探索吃豆：
                i. **选择 D_food 最小的动作。** 这是主要目标，即使这会导致 D_ghost 略微减小，也要优先执行。
                ii. **只有当 D_food 完全相同时**，才选择 D_ghost 最大的。
                
        3. **避免死循环（最终修正）**：
            a. 确定根据优先级 C 选出的最优动作 $A_best$。
            b. 如果 $A_best$ 是 'last_action' 的反方向，并且存在第二个次优动作 $A_second$，则选择 $A_second$。
            c. 如果所有动作都不安全或不可达，最终选择 'Stop'。
        
输出最终行动，格式必须严格如下：<action>行动</action>。其中"行动"必须是以下之一: North, South, East, West, Stop
 例如：<action>North</action>
--- RESPONSE ---
<action>West</action>
--- ACTION ---
West
------------------------------
TIME: 2025-12-10 22:14:35.929795
--- FULL USER INPUT ---

        "*** YOUR PROMPT HERE ***" 
        你现在是一个操作顶尖的吃豆人。你有两个必须要完成的任务：
        
        *** 游戏目标（优先级从高到低） ***
            1. 需要避开不断追赶你的ghosts，与他保持一定的距离。
            2. 需要把所有的food吃完。
        
        这个是当前的游戏数据：'''{'layout_list': ['(0,0)=Wall,(1,0)=Wall,(2,0)=Wall,(3,0)=Wall,(4,0)=Wall,(5,0)=Wall,(6,0)=Wall', '(0,1)=Wall,(1,1)=Pacman,(2,1)=Empty,(3,1)=Empty,(4,1)=Empty,(5,1)=Empty,(6,1)=Wall', '(0,2)=Wall,(1,2)=Empty,(2,2)=Wall,(3,2)=Wall,(4,2)=Wall,(5,2)=Empty,(6,2)=Wall', '(0,3)=Wall,(1,3)=Empty,(2,3)=Wall,(3,3)=Food,(4,3)=Empty,(5,3)=Empty,(6,3)=Wall', '(0,4)=Wall,(1,4)=Empty,(2,4)=Wall,(3,4)=Wall,(4,4)=Wall,(5,4)=Empty,(6,4)=Wall', '(0,5)=Wall,(1,5)=Food,(2,5)=Ghost1,(3,5)=Empty,(4,5)=Empty,(5,5)=Empty,(6,5)=Wall', '(0,6)=Wall,(1,6)=Wall,(2,6)=Wall,(3,6)=Wall,(4,6)=Wall,(5,6)=Wall,(6,6)=Wall'], 'pacman_pos': [1, 1], 'ghost_pos': [[2, 5]], 'score': -1.0, 'food_count': 2, 'legal_actions': ['Stop', 'East', 'South']}'''
        
        *** 数据解析 ***
        其中：
            1. layout_list: (List of Strings) ["(0,0)=Wall", "(1,0)=Pacman"...]
                - wall 是墙壁，不能通过这里
                - Pacman 是你所在的位置
            2. pacman_pos: (List of Integers) [x, y]
                - 表明你当前的位置
            3. ghost_pos: (List of Lists) [[x, y], [x, y]]
                - 表明ghost的位置，你需要尽可能避开它
            4. score: (Integer)
                - 当前的分数，你需要尽可能提高这个分数
            5. food_count: (Integer)
                - 地图中的食物数量，你需要获取所有的食物
            6. legal_actions: (List of Strings) ['North', 'South', ...]
                - 合法的操作。请注意绝大多数情况，不会选择'stop'，你可以理解为把'stop'移除。
        请注意，north会使y减小，west会使x减小。
        
        *** 决策思路 ***

        1. **动作评估和双重安全过滤**：
            a. 遍历 'legal_actions' 中所有非 'Stop' 的动作，计算出Pacman的新位置P'。
            b. **致命碰撞检查 (D_ghost = 0)**：如果 P' 恰好是任何一个 'ghost_pos'，则该动作无效，立即忽略。
            c. **鬼怪预判检查 (D_ghost 预判)**：对于每一个 Ghost $G_i$，模拟其所有可能的下一步位置 $G'_i$（**假设 Ghost 也可以沿合法路径移动一步**）。如果 Pacman 的新位置 $P'$ 与任何一个 $G'_i$ 重叠，**该动作也无效，立即忽略**。
            d. 对所有通过安全检查的动作 $A$:
                i. **模拟BFS计算 D_ghost**：计算 $P'$ 到所有 'ghost_pos' 的最小实际路径步数。
                ii. **模拟BFS计算 D_food**：计算 $P'$ 到所有 'food_pos' 的最小实际路径步数。
            e. 记录每个安全动作 $A$ 及其对应的 $D_ghost$ 和 $D_food$。

        2. **优先级决策**：
            a. **优先级 A (吃豆)**：如果存在动作使 D_food <= 1，则选择这些动作中 D_ghost 最大的那个。如果找到，立即输出结果。

            b. **优先级 B (远离危险)**：如果所有安全动作中，D_ghost 最大值 <= 4 （将危险区域扩大），则必须逃跑：
                i. 选择 D_ghost **最大**的动作。
                ii. 出现平局时，选择 D_food 最小的（以便在逃跑时顺路吃豆）。如果找到，立即输出结果。

            c. **优先级 C (探索)**：如果存在 D_ghost > 4 的动作（安全区域），则必须优先探索吃豆：
                i. **选择 D_food 最小的动作。** 这是主要目标，即使这会导致 D_ghost 略微减小，也要优先执行。
                ii. **只有当 D_food 完全相同时**，才选择 D_ghost 最大的。
                
        3. **避免死循环（最终修正）**：
            a. 确定根据优先级 C 选出的最优动作 $A_best$。
            b. 如果 $A_best$ 是 'last_action' 的反方向，并且存在第二个次优动作 $A_second$，则选择 $A_second$。
            c. 如果所有动作都不安全或不可达，最终选择 'Stop'。
        
输出最终行动，格式必须严格如下：<action>行动</action>。其中"行动"必须是以下之一: North, South, East, West, Stop
 例如：<action>North</action>
--- RESPONSE ---
<action>East</action>
--- ACTION ---
East
------------------------------
TIME: 2025-12-10 22:14:36.409188
--- FULL USER INPUT ---

        "*** YOUR PROMPT HERE ***" 
        你现在是一个操作顶尖的吃豆人。你有两个必须要完成的任务：
        
        *** 游戏目标（优先级从高到低） ***
            1. 需要避开不断追赶你的ghosts，与他保持一定的距离。
            2. 需要把所有的food吃完。
        
        这个是当前的游戏数据：'''{'layout_list': ['(0,0)=Wall,(1,0)=Wall,(2,0)=Wall,(3,0)=Wall,(4,0)=Wall,(5,0)=Wall,(6,0)=Wall', '(0,1)=Wall,(1,1)=Empty,(2,1)=Pacman,(3,1)=Empty,(4,1)=Empty,(5,1)=Empty,(6,1)=Wall', '(0,2)=Wall,(1,2)=Empty,(2,2)=Wall,(3,2)=Wall,(4,2)=Wall,(5,2)=Empty,(6,2)=Wall', '(0,3)=Wall,(1,3)=Empty,(2,3)=Wall,(3,3)=Food,(4,3)=Empty,(5,3)=Empty,(6,3)=Wall', '(0,4)=Wall,(1,4)=Empty,(2,4)=Wall,(3,4)=Wall,(4,4)=Wall,(5,4)=Empty,(6,4)=Wall', '(0,5)=Wall,(1,5)=Ghost1,(2,5)=Empty,(3,5)=Empty,(4,5)=Empty,(5,5)=Empty,(6,5)=Wall', '(0,6)=Wall,(1,6)=Wall,(2,6)=Wall,(3,6)=Wall,(4,6)=Wall,(5,6)=Wall,(6,6)=Wall'], 'pacman_pos': [2, 1], 'ghost_pos': [[1, 5]], 'score': -2.0, 'food_count': 2, 'legal_actions': ['West', 'Stop', 'East']}'''
        
        *** 数据解析 ***
        其中：
            1. layout_list: (List of Strings) ["(0,0)=Wall", "(1,0)=Pacman"...]
                - wall 是墙壁，不能通过这里
                - Pacman 是你所在的位置
            2. pacman_pos: (List of Integers) [x, y]
                - 表明你当前的位置
            3. ghost_pos: (List of Lists) [[x, y], [x, y]]
                - 表明ghost的位置，你需要尽可能避开它
            4. score: (Integer)
                - 当前的分数，你需要尽可能提高这个分数
            5. food_count: (Integer)
                - 地图中的食物数量，你需要获取所有的食物
            6. legal_actions: (List of Strings) ['North', 'South', ...]
                - 合法的操作。请注意绝大多数情况，不会选择'stop'，你可以理解为把'stop'移除。
        请注意，north会使y减小，west会使x减小。
        
        *** 决策思路 ***

        1. **动作评估和双重安全过滤**：
            a. 遍历 'legal_actions' 中所有非 'Stop' 的动作，计算出Pacman的新位置P'。
            b. **致命碰撞检查 (D_ghost = 0)**：如果 P' 恰好是任何一个 'ghost_pos'，则该动作无效，立即忽略。
            c. **鬼怪预判检查 (D_ghost 预判)**：对于每一个 Ghost $G_i$，模拟其所有可能的下一步位置 $G'_i$（**假设 Ghost 也可以沿合法路径移动一步**）。如果 Pacman 的新位置 $P'$ 与任何一个 $G'_i$ 重叠，**该动作也无效，立即忽略**。
            d. 对所有通过安全检查的动作 $A$:
                i. **模拟BFS计算 D_ghost**：计算 $P'$ 到所有 'ghost_pos' 的最小实际路径步数。
                ii. **模拟BFS计算 D_food**：计算 $P'$ 到所有 'food_pos' 的最小实际路径步数。
            e. 记录每个安全动作 $A$ 及其对应的 $D_ghost$ 和 $D_food$。

        2. **优先级决策**：
            a. **优先级 A (吃豆)**：如果存在动作使 D_food <= 1，则选择这些动作中 D_ghost 最大的那个。如果找到，立即输出结果。

            b. **优先级 B (远离危险)**：如果所有安全动作中，D_ghost 最大值 <= 4 （将危险区域扩大），则必须逃跑：
                i. 选择 D_ghost **最大**的动作。
                ii. 出现平局时，选择 D_food 最小的（以便在逃跑时顺路吃豆）。如果找到，立即输出结果。

            c. **优先级 C (探索)**：如果存在 D_ghost > 4 的动作（安全区域），则必须优先探索吃豆：
                i. **选择 D_food 最小的动作。** 这是主要目标，即使这会导致 D_ghost 略微减小，也要优先执行。
                ii. **只有当 D_food 完全相同时**，才选择 D_ghost 最大的。
                
        3. **避免死循环（最终修正）**：
            a. 确定根据优先级 C 选出的最优动作 $A_best$。
            b. 如果 $A_best$ 是 'last_action' 的反方向，并且存在第二个次优动作 $A_second$，则选择 $A_second$。
            c. 如果所有动作都不安全或不可达，最终选择 'Stop'。
        
输出最终行动，格式必须严格如下：<action>行动</action>。其中"行动"必须是以下之一: North, South, East, West, Stop
 例如：<action>North</action>
--- RESPONSE ---
<action>West</action>
--- ACTION ---
West
------------------------------
TIME: 2025-12-10 22:14:36.824154
--- FULL USER INPUT ---

        "*** YOUR PROMPT HERE ***" 
        你现在是一个操作顶尖的吃豆人。你有两个必须要完成的任务：
        
        *** 游戏目标（优先级从高到低） ***
            1. 需要避开不断追赶你的ghosts，与他保持一定的距离。
            2. 需要把所有的food吃完。
        
        这个是当前的游戏数据：'''{'layout_list': ['(0,0)=Wall,(1,0)=Wall,(2,0)=Wall,(3,0)=Wall,(4,0)=Wall,(5,0)=Wall,(6,0)=Wall', '(0,1)=Wall,(1,1)=Pacman,(2,1)=Empty,(3,1)=Empty,(4,1)=Empty,(5,1)=Empty,(6,1)=Wall', '(0,2)=Wall,(1,2)=Empty,(2,2)=Wall,(3,2)=Wall,(4,2)=Wall,(5,2)=Empty,(6,2)=Wall', '(0,3)=Wall,(1,3)=Empty,(2,3)=Wall,(3,3)=Food,(4,3)=Empty,(5,3)=Empty,(6,3)=Wall', '(0,4)=Wall,(1,4)=Ghost1,(2,4)=Wall,(3,4)=Wall,(4,4)=Wall,(5,4)=Empty,(6,4)=Wall', '(0,5)=Wall,(1,5)=Food,(2,5)=Empty,(3,5)=Empty,(4,5)=Empty,(5,5)=Empty,(6,5)=Wall', '(0,6)=Wall,(1,6)=Wall,(2,6)=Wall,(3,6)=Wall,(4,6)=Wall,(5,6)=Wall,(6,6)=Wall'], 'pacman_pos': [1, 1], 'ghost_pos': [[1, 4]], 'score': -3.0, 'food_count': 2, 'legal_actions': ['Stop', 'East', 'South']}'''
        
        *** 数据解析 ***
        其中：
            1. layout_list: (List of Strings) ["(0,0)=Wall", "(1,0)=Pacman"...]
                - wall 是墙壁，不能通过这里
                - Pacman 是你所在的位置
            2. pacman_pos: (List of Integers) [x, y]
                - 表明你当前的位置
            3. ghost_pos: (List of Lists) [[x, y], [x, y]]
                - 表明ghost的位置，你需要尽可能避开它
            4. score: (Integer)
                - 当前的分数，你需要尽可能提高这个分数
            5. food_count: (Integer)
                - 地图中的食物数量，你需要获取所有的食物
            6. legal_actions: (List of Strings) ['North', 'South', ...]
                - 合法的操作。请注意绝大多数情况，不会选择'stop'，你可以理解为把'stop'移除。
        请注意，north会使y减小，west会使x减小。
        
        *** 决策思路 ***

        1. **动作评估和双重安全过滤**：
            a. 遍历 'legal_actions' 中所有非 'Stop' 的动作，计算出Pacman的新位置P'。
            b. **致命碰撞检查 (D_ghost = 0)**：如果 P' 恰好是任何一个 'ghost_pos'，则该动作无效，立即忽略。
            c. **鬼怪预判检查 (D_ghost 预判)**：对于每一个 Ghost $G_i$，模拟其所有可能的下一步位置 $G'_i$（**假设 Ghost 也可以沿合法路径移动一步**）。如果 Pacman 的新位置 $P'$ 与任何一个 $G'_i$ 重叠，**该动作也无效，立即忽略**。
            d. 对所有通过安全检查的动作 $A$:
                i. **模拟BFS计算 D_ghost**：计算 $P'$ 到所有 'ghost_pos' 的最小实际路径步数。
                ii. **模拟BFS计算 D_food**：计算 $P'$ 到所有 'food_pos' 的最小实际路径步数。
            e. 记录每个安全动作 $A$ 及其对应的 $D_ghost$ 和 $D_food$。

        2. **优先级决策**：
            a. **优先级 A (吃豆)**：如果存在动作使 D_food <= 1，则选择这些动作中 D_ghost 最大的那个。如果找到，立即输出结果。

            b. **优先级 B (远离危险)**：如果所有安全动作中，D_ghost 最大值 <= 4 （将危险区域扩大），则必须逃跑：
                i. 选择 D_ghost **最大**的动作。
                ii. 出现平局时，选择 D_food 最小的（以便在逃跑时顺路吃豆）。如果找到，立即输出结果。

            c. **优先级 C (探索)**：如果存在 D_ghost > 4 的动作（安全区域），则必须优先探索吃豆：
                i. **选择 D_food 最小的动作。** 这是主要目标，即使这会导致 D_ghost 略微减小，也要优先执行。
                ii. **只有当 D_food 完全相同时**，才选择 D_ghost 最大的。
                
        3. **避免死循环（最终修正）**：
            a. 确定根据优先级 C 选出的最优动作 $A_best$。
            b. 如果 $A_best$ 是 'last_action' 的反方向，并且存在第二个次优动作 $A_second$，则选择 $A_second$。
            c. 如果所有动作都不安全或不可达，最终选择 'Stop'。
        
输出最终行动，格式必须严格如下：<action>行动</action>。其中"行动"必须是以下之一: North, South, East, West, Stop
 例如：<action>North</action>
--- RESPONSE ---
<action>East</action>
--- ACTION ---
East
------------------------------
TIME: 2025-12-10 22:14:37.201978
--- FULL USER INPUT ---

        "*** YOUR PROMPT HERE ***" 
        你现在是一个操作顶尖的吃豆人。你有两个必须要完成的任务：
        
        *** 游戏目标（优先级从高到低） ***
            1. 需要避开不断追赶你的ghosts，与他保持一定的距离。
            2. 需要把所有的food吃完。
        
        这个是当前的游戏数据：'''{'layout_list': ['(0,0)=Wall,(1,0)=Wall,(2,0)=Wall,(3,0)=Wall,(4,0)=Wall,(5,0)=Wall,(6,0)=Wall', '(0,1)=Wall,(1,1)=Empty,(2,1)=Pacman,(3,1)=Empty,(4,1)=Empty,(5,1)=Empty,(6,1)=Wall', '(0,2)=Wall,(1,2)=Empty,(2,2)=Wall,(3,2)=Wall,(4,2)=Wall,(5,2)=Empty,(6,2)=Wall', '(0,3)=Wall,(1,3)=Ghost1,(2,3)=Wall,(3,3)=Food,(4,3)=Empty,(5,3)=Empty,(6,3)=Wall', '(0,4)=Wall,(1,4)=Empty,(2,4)=Wall,(3,4)=Wall,(4,4)=Wall,(5,4)=Empty,(6,4)=Wall', '(0,5)=Wall,(1,5)=Food,(2,5)=Empty,(3,5)=Empty,(4,5)=Empty,(5,5)=Empty,(6,5)=Wall', '(0,6)=Wall,(1,6)=Wall,(2,6)=Wall,(3,6)=Wall,(4,6)=Wall,(5,6)=Wall,(6,6)=Wall'], 'pacman_pos': [2, 1], 'ghost_pos': [[1, 3]], 'score': -4.0, 'food_count': 2, 'legal_actions': ['West', 'Stop', 'East']}'''
        
        *** 数据解析 ***
        其中：
            1. layout_list: (List of Strings) ["(0,0)=Wall", "(1,0)=Pacman"...]
                - wall 是墙壁，不能通过这里
                - Pacman 是你所在的位置
            2. pacman_pos: (List of Integers) [x, y]
                - 表明你当前的位置
            3. ghost_pos: (List of Lists) [[x, y], [x, y]]
                - 表明ghost的位置，你需要尽可能避开它
            4. score: (Integer)
                - 当前的分数，你需要尽可能提高这个分数
            5. food_count: (Integer)
                - 地图中的食物数量，你需要获取所有的食物
            6. legal_actions: (List of Strings) ['North', 'South', ...]
                - 合法的操作。请注意绝大多数情况，不会选择'stop'，你可以理解为把'stop'移除。
        请注意，north会使y减小，west会使x减小。
        
        *** 决策思路 ***

        1. **动作评估和双重安全过滤**：
            a. 遍历 'legal_actions' 中所有非 'Stop' 的动作，计算出Pacman的新位置P'。
            b. **致命碰撞检查 (D_ghost = 0)**：如果 P' 恰好是任何一个 'ghost_pos'，则该动作无效，立即忽略。
            c. **鬼怪预判检查 (D_ghost 预判)**：对于每一个 Ghost $G_i$，模拟其所有可能的下一步位置 $G'_i$（**假设 Ghost 也可以沿合法路径移动一步**）。如果 Pacman 的新位置 $P'$ 与任何一个 $G'_i$ 重叠，**该动作也无效，立即忽略**。
            d. 对所有通过安全检查的动作 $A$:
                i. **模拟BFS计算 D_ghost**：计算 $P'$ 到所有 'ghost_pos' 的最小实际路径步数。
                ii. **模拟BFS计算 D_food**：计算 $P'$ 到所有 'food_pos' 的最小实际路径步数。
            e. 记录每个安全动作 $A$ 及其对应的 $D_ghost$ 和 $D_food$。

        2. **优先级决策**：
            a. **优先级 A (吃豆)**：如果存在动作使 D_food <= 1，则选择这些动作中 D_ghost 最大的那个。如果找到，立即输出结果。

            b. **优先级 B (远离危险)**：如果所有安全动作中，D_ghost 最大值 <= 4 （将危险区域扩大），则必须逃跑：
                i. 选择 D_ghost **最大**的动作。
                ii. 出现平局时，选择 D_food 最小的（以便在逃跑时顺路吃豆）。如果找到，立即输出结果。

            c. **优先级 C (探索)**：如果存在 D_ghost > 4 的动作（安全区域），则必须优先探索吃豆：
                i. **选择 D_food 最小的动作。** 这是主要目标，即使这会导致 D_ghost 略微减小，也要优先执行。
                ii. **只有当 D_food 完全相同时**，才选择 D_ghost 最大的。
                
        3. **避免死循环（最终修正）**：
            a. 确定根据优先级 C 选出的最优动作 $A_best$。
            b. 如果 $A_best$ 是 'last_action' 的反方向，并且存在第二个次优动作 $A_second$，则选择 $A_second$。
            c. 如果所有动作都不安全或不可达，最终选择 'Stop'。
        
输出最终行动，格式必须严格如下：<action>行动</action>。其中"行动"必须是以下之一: North, South, East, West, Stop
 例如：<action>North</action>
--- RESPONSE ---
<action>West</action>
--- ACTION ---
West
------------------------------
TIME: 2025-12-10 22:14:37.609784
--- FULL USER INPUT ---

        "*** YOUR PROMPT HERE ***" 
        你现在是一个操作顶尖的吃豆人。你有两个必须要完成的任务：
        
        *** 游戏目标（优先级从高到低） ***
            1. 需要避开不断追赶你的ghosts，与他保持一定的距离。
            2. 需要把所有的food吃完。
        
        这个是当前的游戏数据：'''{'layout_list': ['(0,0)=Wall,(1,0)=Wall,(2,0)=Wall,(3,0)=Wall,(4,0)=Wall,(5,0)=Wall,(6,0)=Wall', '(0,1)=Wall,(1,1)=Pacman,(2,1)=Empty,(3,1)=Empty,(4,1)=Empty,(5,1)=Empty,(6,1)=Wall', '(0,2)=Wall,(1,2)=Ghost1,(2,2)=Wall,(3,2)=Wall,(4,2)=Wall,(5,2)=Empty,(6,2)=Wall', '(0,3)=Wall,(1,3)=Empty,(2,3)=Wall,(3,3)=Food,(4,3)=Empty,(5,3)=Empty,(6,3)=Wall', '(0,4)=Wall,(1,4)=Empty,(2,4)=Wall,(3,4)=Wall,(4,4)=Wall,(5,4)=Empty,(6,4)=Wall', '(0,5)=Wall,(1,5)=Food,(2,5)=Empty,(3,5)=Empty,(4,5)=Empty,(5,5)=Empty,(6,5)=Wall', '(0,6)=Wall,(1,6)=Wall,(2,6)=Wall,(3,6)=Wall,(4,6)=Wall,(5,6)=Wall,(6,6)=Wall'], 'pacman_pos': [1, 1], 'ghost_pos': [[1, 2]], 'score': -5.0, 'food_count': 2, 'legal_actions': ['Stop', 'East', 'South']}'''
        
        *** 数据解析 ***
        其中：
            1. layout_list: (List of Strings) ["(0,0)=Wall", "(1,0)=Pacman"...]
                - wall 是墙壁，不能通过这里
                - Pacman 是你所在的位置
            2. pacman_pos: (List of Integers) [x, y]
                - 表明你当前的位置
            3. ghost_pos: (List of Lists) [[x, y], [x, y]]
                - 表明ghost的位置，你需要尽可能避开它
            4. score: (Integer)
                - 当前的分数，你需要尽可能提高这个分数
            5. food_count: (Integer)
                - 地图中的食物数量，你需要获取所有的食物
            6. legal_actions: (List of Strings) ['North', 'South', ...]
                - 合法的操作。请注意绝大多数情况，不会选择'stop'，你可以理解为把'stop'移除。
        请注意，north会使y减小，west会使x减小。
        
        *** 决策思路 ***

        1. **动作评估和双重安全过滤**：
            a. 遍历 'legal_actions' 中所有非 'Stop' 的动作，计算出Pacman的新位置P'。
            b. **致命碰撞检查 (D_ghost = 0)**：如果 P' 恰好是任何一个 'ghost_pos'，则该动作无效，立即忽略。
            c. **鬼怪预判检查 (D_ghost 预判)**：对于每一个 Ghost $G_i$，模拟其所有可能的下一步位置 $G'_i$（**假设 Ghost 也可以沿合法路径移动一步**）。如果 Pacman 的新位置 $P'$ 与任何一个 $G'_i$ 重叠，**该动作也无效，立即忽略**。
            d. 对所有通过安全检查的动作 $A$:
                i. **模拟BFS计算 D_ghost**：计算 $P'$ 到所有 'ghost_pos' 的最小实际路径步数。
                ii. **模拟BFS计算 D_food**：计算 $P'$ 到所有 'food_pos' 的最小实际路径步数。
            e. 记录每个安全动作 $A$ 及其对应的 $D_ghost$ 和 $D_food$。

        2. **优先级决策**：
            a. **优先级 A (吃豆)**：如果存在动作使 D_food <= 1，则选择这些动作中 D_ghost 最大的那个。如果找到，立即输出结果。

            b. **优先级 B (远离危险)**：如果所有安全动作中，D_ghost 最大值 <= 4 （将危险区域扩大），则必须逃跑：
                i. 选择 D_ghost **最大**的动作。
                ii. 出现平局时，选择 D_food 最小的（以便在逃跑时顺路吃豆）。如果找到，立即输出结果。

            c. **优先级 C (探索)**：如果存在 D_ghost > 4 的动作（安全区域），则必须优先探索吃豆：
                i. **选择 D_food 最小的动作。** 这是主要目标，即使这会导致 D_ghost 略微减小，也要优先执行。
                ii. **只有当 D_food 完全相同时**，才选择 D_ghost 最大的。
                
        3. **避免死循环（最终修正）**：
            a. 确定根据优先级 C 选出的最优动作 $A_best$。
            b. 如果 $A_best$ 是 'last_action' 的反方向，并且存在第二个次优动作 $A_second$，则选择 $A_second$。
            c. 如果所有动作都不安全或不可达，最终选择 'Stop'。
        
输出最终行动，格式必须严格如下：<action>行动</action>。其中"行动"必须是以下之一: North, South, East, West, Stop
 例如：<action>North</action>
--- RESPONSE ---
<action>East</action>
--- ACTION ---
East
------------------------------
TIME: 2025-12-10 22:14:38.018797
--- FULL USER INPUT ---

        "*** YOUR PROMPT HERE ***" 
        你现在是一个操作顶尖的吃豆人。你有两个必须要完成的任务：
        
        *** 游戏目标（优先级从高到低） ***
            1. 需要避开不断追赶你的ghosts，与他保持一定的距离。
            2. 需要把所有的food吃完。
        
        这个是当前的游戏数据：'''{'layout_list': ['(0,0)=Wall,(1,0)=Wall,(2,0)=Wall,(3,0)=Wall,(4,0)=Wall,(5,0)=Wall,(6,0)=Wall', '(0,1)=Wall,(1,1)=Ghost1,(2,1)=Pacman,(3,1)=Empty,(4,1)=Empty,(5,1)=Empty,(6,1)=Wall', '(0,2)=Wall,(1,2)=Empty,(2,2)=Wall,(3,2)=Wall,(4,2)=Wall,(5,2)=Empty,(6,2)=Wall', '(0,3)=Wall,(1,3)=Empty,(2,3)=Wall,(3,3)=Food,(4,3)=Empty,(5,3)=Empty,(6,3)=Wall', '(0,4)=Wall,(1,4)=Empty,(2,4)=Wall,(3,4)=Wall,(4,4)=Wall,(5,4)=Empty,(6,4)=Wall', '(0,5)=Wall,(1,5)=Food,(2,5)=Empty,(3,5)=Empty,(4,5)=Empty,(5,5)=Empty,(6,5)=Wall', '(0,6)=Wall,(1,6)=Wall,(2,6)=Wall,(3,6)=Wall,(4,6)=Wall,(5,6)=Wall,(6,6)=Wall'], 'pacman_pos': [2, 1], 'ghost_pos': [[1, 1]], 'score': -6.0, 'food_count': 2, 'legal_actions': ['West', 'Stop', 'East']}'''
        
        *** 数据解析 ***
        其中：
            1. layout_list: (List of Strings) ["(0,0)=Wall", "(1,0)=Pacman"...]
                - wall 是墙壁，不能通过这里
                - Pacman 是你所在的位置
            2. pacman_pos: (List of Integers) [x, y]
                - 表明你当前的位置
            3. ghost_pos: (List of Lists) [[x, y], [x, y]]
                - 表明ghost的位置，你需要尽可能避开它
            4. score: (Integer)
                - 当前的分数，你需要尽可能提高这个分数
            5. food_count: (Integer)
                - 地图中的食物数量，你需要获取所有的食物
            6. legal_actions: (List of Strings) ['North', 'South', ...]
                - 合法的操作。请注意绝大多数情况，不会选择'stop'，你可以理解为把'stop'移除。
        请注意，north会使y减小，west会使x减小。
        
        *** 决策思路 ***

        1. **动作评估和双重安全过滤**：
            a. 遍历 'legal_actions' 中所有非 'Stop' 的动作，计算出Pacman的新位置P'。
            b. **致命碰撞检查 (D_ghost = 0)**：如果 P' 恰好是任何一个 'ghost_pos'，则该动作无效，立即忽略。
            c. **鬼怪预判检查 (D_ghost 预判)**：对于每一个 Ghost $G_i$，模拟其所有可能的下一步位置 $G'_i$（**假设 Ghost 也可以沿合法路径移动一步**）。如果 Pacman 的新位置 $P'$ 与任何一个 $G'_i$ 重叠，**该动作也无效，立即忽略**。
            d. 对所有通过安全检查的动作 $A$:
                i. **模拟BFS计算 D_ghost**：计算 $P'$ 到所有 'ghost_pos' 的最小实际路径步数。
                ii. **模拟BFS计算 D_food**：计算 $P'$ 到所有 'food_pos' 的最小实际路径步数。
            e. 记录每个安全动作 $A$ 及其对应的 $D_ghost$ 和 $D_food$。

        2. **优先级决策**：
            a. **优先级 A (吃豆)**：如果存在动作使 D_food <= 1，则选择这些动作中 D_ghost 最大的那个。如果找到，立即输出结果。

            b. **优先级 B (远离危险)**：如果所有安全动作中，D_ghost 最大值 <= 4 （将危险区域扩大），则必须逃跑：
                i. 选择 D_ghost **最大**的动作。
                ii. 出现平局时，选择 D_food 最小的（以便在逃跑时顺路吃豆）。如果找到，立即输出结果。

            c. **优先级 C (探索)**：如果存在 D_ghost > 4 的动作（安全区域），则必须优先探索吃豆：
                i. **选择 D_food 最小的动作。** 这是主要目标，即使这会导致 D_ghost 略微减小，也要优先执行。
                ii. **只有当 D_food 完全相同时**，才选择 D_ghost 最大的。
                
        3. **避免死循环（最终修正）**：
            a. 确定根据优先级 C 选出的最优动作 $A_best$。
            b. 如果 $A_best$ 是 'last_action' 的反方向，并且存在第二个次优动作 $A_second$，则选择 $A_second$。
            c. 如果所有动作都不安全或不可达，最终选择 'Stop'。
        
输出最终行动，格式必须严格如下：<action>行动</action>。其中"行动"必须是以下之一: North, South, East, West, Stop
 例如：<action>North</action>
--- RESPONSE ---
<action>West</action>
--- ACTION ---
West
------------------------------
