TIME: 2025-12-10 21:42:26.897938
--- FULL USER INPUT ---

        "*** YOUR PROMPT HERE ***" 
        你现在是一个操作顶尖的吃豆人。你有两个必须要完成的任务             1. 需要避开不断追赶你的ghosts，与他保持一定的距离。
            2. 需要把所有的豆子吃完。
        
        这个是当前的游戏数据：'''{'layout_list': ['(0,0)=Wall,(1,0)=Wall,(2,0)=Wall,(3,0)=Wall,(4,0)=Wall,(5,0)=Wall,(6,0)=Wall', '(0,1)=Wall,(1,1)=Empty,(2,1)=Pacman,(3,1)=Empty,(4,1)=Empty,(5,1)=Empty,(6,1)=Wall', '(0,2)=Wall,(1,2)=Empty,(2,2)=Wall,(3,2)=Wall,(4,2)=Wall,(5,2)=Empty,(6,2)=Wall', '(0,3)=Wall,(1,3)=Empty,(2,3)=Wall,(3,3)=Food,(4,3)=Empty,(5,3)=Empty,(6,3)=Wall', '(0,4)=Wall,(1,4)=Empty,(2,4)=Wall,(3,4)=Wall,(4,4)=Wall,(5,4)=Empty,(6,4)=Wall', '(0,5)=Wall,(1,5)=Food,(2,5)=Empty,(3,5)=Ghost1,(4,5)=Empty,(5,5)=Empty,(6,5)=Wall', '(0,6)=Wall,(1,6)=Wall,(2,6)=Wall,(3,6)=Wall,(4,6)=Wall,(5,6)=Wall,(6,6)=Wall'], 'pacman_pos': [2, 1], 'ghost_pos': [[3, 5]], 'score': 0.0, 'food_count': 2, 'legal_actions': ['West', 'Stop', 'East']}'''
        
        其中：
            1. layout_list: (List of Strings) ["(0,0)=Wall", "(1,0)=Pacman"...]
                - wall 是墙壁，不能通过这里
                - Pacman 是你所在的位置
            2. pacman_pos: (List of Integers) [x, y]
                - 表明你当前的位置
            3. ghost_pos: (List of Lists) [[x, y], [x, y]]
                - 表明ghost的位置，你需要尽可能避开它
            4. score: (Integer)
                - 当前的分数，你需要尽可能提高这个分数
            5. food_count: (Integer)
                - 地图中的食物数量，你需要获取所有的食物
            6. legal_actions: (List of Strings) ['North', 'South', ...]
                - 合法的操作。请注意绝大多数情况，不会选择'stop'，你可以理解为把'stop'移除。
        请注意，这里的向北会使x减小，向东会使y减小。
        
        你的思路应该是
        1. 从'legal_actions'中，分别计算操作这些actions后到达的位置，以及新的位置到食物、ghost的距离。
        2. 如果所有actions距离ghost的距离都小于等于3，那么你应该果断选择远离ghost的路径。
        3. 如果存在有actions距离ghost的距离大于3，那么找计算后的位置到food的距离等于0，则直接选择这个actions
        4. 不到万不得已，不选上一步的反方向。
        5. 如果最后没得选，则选一个离ghost距离最远的，总之不能选stop。
        其中以上的距离全部是|x_1 - x| + |y_1 - y|。
        请逐步推理，再给出可选的actions，你的答案只能是第一步。
        然后在给出答案前，请对答案进行检验，确定不会碰到ghosts
        好的请遵守游戏规则，并且牢记你的两个目标，完成任务吧。
        
输出最终行动，格式必须严格如下：<action>行动</action>。其中"行动"必须是以下之一: North, South, East, West, Stop
 例如：<action>North</action>
--- RESPONSE ---
首先，我们分析当前的游戏数据：

### 1. 当前布局信息
从 `layout_list` 中可以提取出地图的结构。我们重点关注 Pacman 和 Ghost 的位置以及食物的位置。

- **Pacman 的位置**：[2, 1]
- **Ghost 的位置**：[[3, 5]]
- **食物的位置**：
  - (1, 5)
  - (3, 3)

### 2. 可用动作（legal_actions）：
['West', 'Stop', 'East']

注意：根据规则，"Stop" 不是首选，除非没有其他选择。

### 3. 分析每个合法动作后的新位置

#### a. West（向西移动）
- 新位置：[1, 1]
- 检查是否是墙：(1,1) 是 Empty，可以走。
- 到 Ghost 的距离：|3 - 1| + |5 - 1| = 2 + 4 = 6
- 到食物的距离：
  - 到 (1,5)：|1 - 1| + |5 - 1| = 0 + 4 = 4
  - 到 (3,3)：|3 - 1| + |3 - 1| = 2 + 2 = 4
- **结论**：到食物的距离为 4，不是 0，但距离 Ghost 较远。

#### b. East（向东移动）
- 新位置：[3, 1]
- 检查是否是墙：(3,1) 是 Empty，可以走。
- 到 Ghost 的距离：|3 - 3| + |5 - 1| = 0 + 4 = 4
- 到食物的距离：
  - 到 (1,5)：|1 - 3| + |5 - 1| = 2 + 4 = 6
  - 到 (3,3)：|3 - 3| + |3 - 1| = 0 + 2 = 2
- **结论**：到 (3,3) 的距离为 2，接近食物。

#### c. Stop（停止）
- 不移动，位置不变。
- 到 Ghost 的距离：|3 - 2| + |5 - 1| = 1 + 4 = 5
- 到食物的距离：
  - 到 (1,5)：|1 - 2| + |5 - 1| = 1 + 4 = 5
  - 到 (3,3)：|3 - 2| + |3 - 1| = 1 + 2 = 3
- **结论**：不推荐，因为不能吃豆子，且可能被 Ghost 追上。

---

### 4. 根据规则进行决策

- **是否存在动作到 Ghost 的距离 > 3？**
  - West: 6 > 3 ✅
  - East: 4 > 3 ✅
  - Stop: 5 > 3 ✅

- **是否有动作到食物的距离等于 0？**
  - 没有动作能直接到达食物，所以跳过此条件。

- **是否要避免反方向？**
  - 当前 Pacman 在 [2,1]，如果选择 East（到 [3,1]），那么下一步再往 West 就是原地，这不算反方向，可以接受。

- **最终选择：**
  - 选择一个到 Ghost 距离大于 3，同时尽可能靠近食物的动作。
  - East 到 [3,1]，距离 Ghost 为 4，距离 (3,3) 为 2，是一个好的选择。

---

### 5. 检验是否安全

- 新位置 [3,1] 是否是墙？否。
- 是否与 Ghost 相遇？Ghost 在 [3,5]，不会相遇。
- 是否在合法范围内？是。

---

### 最终行动
<action>East</action>
--- ACTION ---
East
------------------------------
TIME: 2025-12-10 21:42:38.546281
--- FULL USER INPUT ---

        "*** YOUR PROMPT HERE ***" 
        你现在是一个操作顶尖的吃豆人。你有两个必须要完成的任务             1. 需要避开不断追赶你的ghosts，与他保持一定的距离。
            2. 需要把所有的豆子吃完。
        
        这个是当前的游戏数据：'''{'layout_list': ['(0,0)=Wall,(1,0)=Wall,(2,0)=Wall,(3,0)=Wall,(4,0)=Wall,(5,0)=Wall,(6,0)=Wall', '(0,1)=Wall,(1,1)=Empty,(2,1)=Empty,(3,1)=Pacman,(4,1)=Empty,(5,1)=Empty,(6,1)=Wall', '(0,2)=Wall,(1,2)=Empty,(2,2)=Wall,(3,2)=Wall,(4,2)=Wall,(5,2)=Empty,(6,2)=Wall', '(0,3)=Wall,(1,3)=Empty,(2,3)=Wall,(3,3)=Food,(4,3)=Empty,(5,3)=Empty,(6,3)=Wall', '(0,4)=Wall,(1,4)=Empty,(2,4)=Wall,(3,4)=Wall,(4,4)=Wall,(5,4)=Empty,(6,4)=Wall', '(0,5)=Wall,(1,5)=Food,(2,5)=Empty,(3,5)=Empty,(4,5)=Ghost1,(5,5)=Empty,(6,5)=Wall', '(0,6)=Wall,(1,6)=Wall,(2,6)=Wall,(3,6)=Wall,(4,6)=Wall,(5,6)=Wall,(6,6)=Wall'], 'pacman_pos': [3, 1], 'ghost_pos': [[4, 5]], 'score': -1.0, 'food_count': 2, 'legal_actions': ['West', 'Stop', 'East']}'''
        
        其中：
            1. layout_list: (List of Strings) ["(0,0)=Wall", "(1,0)=Pacman"...]
                - wall 是墙壁，不能通过这里
                - Pacman 是你所在的位置
            2. pacman_pos: (List of Integers) [x, y]
                - 表明你当前的位置
            3. ghost_pos: (List of Lists) [[x, y], [x, y]]
                - 表明ghost的位置，你需要尽可能避开它
            4. score: (Integer)
                - 当前的分数，你需要尽可能提高这个分数
            5. food_count: (Integer)
                - 地图中的食物数量，你需要获取所有的食物
            6. legal_actions: (List of Strings) ['North', 'South', ...]
                - 合法的操作。请注意绝大多数情况，不会选择'stop'，你可以理解为把'stop'移除。
        请注意，这里的向北会使x减小，向东会使y减小。
        
        你的思路应该是
        1. 从'legal_actions'中，分别计算操作这些actions后到达的位置，以及新的位置到食物、ghost的距离。
        2. 如果所有actions距离ghost的距离都小于等于3，那么你应该果断选择远离ghost的路径。
        3. 如果存在有actions距离ghost的距离大于3，那么找计算后的位置到food的距离等于0，则直接选择这个actions
        4. 不到万不得已，不选上一步的反方向。
        5. 如果最后没得选，则选一个离ghost距离最远的，总之不能选stop。
        其中以上的距离全部是|x_1 - x| + |y_1 - y|。
        请逐步推理，再给出可选的actions，你的答案只能是第一步。
        然后在给出答案前，请对答案进行检验，确定不会碰到ghosts
        好的请遵守游戏规则，并且牢记你的两个目标，完成任务吧。
        
输出最终行动，格式必须严格如下：<action>行动</action>。其中"行动"必须是以下之一: North, South, East, West, Stop
 例如：<action>North</action>
--- RESPONSE ---
首先，我们分析当前的游戏数据：

- **Pacman的位置**：[3, 1]  
- **Ghost的位置**：[[4, 5]]  
- **合法操作**：['West', 'Stop', 'East']  
- **食物数量**：2  
- **地图布局**：从 layout_list 中可以提取出以下关键信息：
  - (3,1) 是 Pacman 的位置
  - (3,3) 是一个 Food
  - (1,5) 是一个 Food
  - (4,5) 是 Ghost1 的位置

---

### 第一步：计算每个合法动作后的新位置

#### 1. West（向西）：
- 当前位置 [3, 1]
- 向西移动后的位置是 [2, 1]
- 检查是否是墙？根据 layout_list，(2,1)=Empty → 可以走

#### 2. East（向东）：
- 当前位置 [3, 1]
- 向东移动后的位置是 [4, 1]
- 检查是否是墙？根据 layout_list，(4,1)=Empty → 可以走

#### 3. Stop（停止）：
- 不移动，位置不变 [3, 1]

---

### 第二步：计算每个新位置到 Ghost 和 Food 的距离

#### Ghost 位置：[4, 5]

- **West 后的位置 [2, 1]**:
  - 到 Ghost 的距离 = |2 - 4| + |1 - 5| = 2 + 4 = 6
- **East 后的位置 [4, 1]**:
  - 到 Ghost 的距离 = |4 - 4| + |1 - 5| = 0 + 4 = 4
- **Stop 位置 [3, 1]**:
  - 到 Ghost 的距离 = |3 - 4| + |1 - 5| = 1 + 4 = 5

#### Food 位置：
- (3,3): Food
- (1,5): Food

- **West 后的位置 [2, 1]**:
  - 到 (3,3) 的距离 = |2 - 3| + |1 - 3| = 1 + 2 = 3
  - 到 (1,5) 的距离 = |2 - 1| + |1 - 5| = 1 + 4 = 5
- **East 后的位置 [4, 1]**:
  - 到 (3,3) 的距离 = |4 - 3| + |1 - 3| = 1 + 2 = 3
  - 到 (1,5) 的距离 = |4 - 1| + |1 - 5| = 3 + 4 = 7
- **Stop 位置 [3, 1]**:
  - 到 (3,3) 的距离 = |3 - 3| + |1 - 3| = 0 + 2 = 2
  - 到 (1,5) 的距离 = |3 - 1| + |1 - 5| = 2 + 4 = 6

---

### 第三步：根据规则筛选最佳行动

#### 规则回顾：
1. 如果所有 actions 距离 ghost 都 ≤ 3，选最远的。
2. 如果有 action 距离 ghost > 3，且该 action 到 food 的距离为 0，则选这个 action。
3. 不到万不得已，不选反方向。
4. 最后没得选，选离 ghost 最远的。

---

### 分析：

- **West**：到 ghost 的距离 = 6 > 3，到 food 的距离 = 3（不是 0）
- **East**：到 ghost 的距离 = 4 > 3，到 food 的距离 = 3（不是 0）
- **Stop**：到 ghost 的距离 = 5 > 3，到 food 的距离 = 2（不是 0）

没有哪个 action 到 food 的距离为 0。所以不能直接选择到 food 的路径。

但我们可以优先选择 **远离 ghost 的路径**，因为它们的距离都大于 3。

比较：
- West: 6
- East: 4
- Stop: 5

**West** 是最远的，因此优先选择 **West**。

---

### 第四步：验证是否安全

- **West** 后的位置是 [2, 1]，检查是否是墙？
  - 根据 layout_list，(2,1)=Empty → 可以走
- 是否会碰到 ghost？
  - Ghost 在 [4,5]，而 Pacman 在 [2,1]，两者不相邻，不会碰撞

---

### ✅ 最终结论：

<action>West</action>
--- ACTION ---
West
------------------------------
TIME: 2025-12-10 21:42:45.251283
--- FULL USER INPUT ---

        "*** YOUR PROMPT HERE ***" 
        你现在是一个操作顶尖的吃豆人。你有两个必须要完成的任务             1. 需要避开不断追赶你的ghosts，与他保持一定的距离。
            2. 需要把所有的豆子吃完。
        
        这个是当前的游戏数据：'''{'layout_list': ['(0,0)=Wall,(1,0)=Wall,(2,0)=Wall,(3,0)=Wall,(4,0)=Wall,(5,0)=Wall,(6,0)=Wall', '(0,1)=Wall,(1,1)=Empty,(2,1)=Pacman,(3,1)=Empty,(4,1)=Empty,(5,1)=Empty,(6,1)=Wall', '(0,2)=Wall,(1,2)=Empty,(2,2)=Wall,(3,2)=Wall,(4,2)=Wall,(5,2)=Empty,(6,2)=Wall', '(0,3)=Wall,(1,3)=Empty,(2,3)=Wall,(3,3)=Food,(4,3)=Empty,(5,3)=Empty,(6,3)=Wall', '(0,4)=Wall,(1,4)=Empty,(2,4)=Wall,(3,4)=Wall,(4,4)=Wall,(5,4)=Empty,(6,4)=Wall', '(0,5)=Wall,(1,5)=Food,(2,5)=Empty,(3,5)=Empty,(4,5)=Empty,(5,5)=Ghost1,(6,5)=Wall', '(0,6)=Wall,(1,6)=Wall,(2,6)=Wall,(3,6)=Wall,(4,6)=Wall,(5,6)=Wall,(6,6)=Wall'], 'pacman_pos': [2, 1], 'ghost_pos': [[5, 5]], 'score': -2.0, 'food_count': 2, 'legal_actions': ['West', 'Stop', 'East']}'''
        
        其中：
            1. layout_list: (List of Strings) ["(0,0)=Wall", "(1,0)=Pacman"...]
                - wall 是墙壁，不能通过这里
                - Pacman 是你所在的位置
            2. pacman_pos: (List of Integers) [x, y]
                - 表明你当前的位置
            3. ghost_pos: (List of Lists) [[x, y], [x, y]]
                - 表明ghost的位置，你需要尽可能避开它
            4. score: (Integer)
                - 当前的分数，你需要尽可能提高这个分数
            5. food_count: (Integer)
                - 地图中的食物数量，你需要获取所有的食物
            6. legal_actions: (List of Strings) ['North', 'South', ...]
                - 合法的操作。请注意绝大多数情况，不会选择'stop'，你可以理解为把'stop'移除。
        请注意，这里的向北会使x减小，向东会使y减小。
        
        你的思路应该是
        1. 从'legal_actions'中，分别计算操作这些actions后到达的位置，以及新的位置到食物、ghost的距离。
        2. 如果所有actions距离ghost的距离都小于等于3，那么你应该果断选择远离ghost的路径。
        3. 如果存在有actions距离ghost的距离大于3，那么找计算后的位置到food的距离等于0，则直接选择这个actions
        4. 不到万不得已，不选上一步的反方向。
        5. 如果最后没得选，则选一个离ghost距离最远的，总之不能选stop。
        其中以上的距离全部是|x_1 - x| + |y_1 - y|。
        请逐步推理，再给出可选的actions，你的答案只能是第一步。
        然后在给出答案前，请对答案进行检验，确定不会碰到ghosts
        好的请遵守游戏规则，并且牢记你的两个目标，完成任务吧。
        
输出最终行动，格式必须严格如下：<action>行动</action>。其中"行动"必须是以下之一: North, South, East, West, Stop
 例如：<action>North</action>
--- RESPONSE ---
### 第一步：分析当前游戏数据

**当前布局（layout_list）**：
- 从字符串中可以提取出地图的结构，其中：
  - `(1,1)=Empty`、`(3,1)=Empty`、`(4,1)=Empty`、`(5,1)=Empty`、`(1,2)=Empty`、`(5,2)=Empty`、`(1,3)=Empty`、`(1,4)=Empty`、`(2,5)=Empty`、`(3,5)=Empty`、`(4,5)=Empty` 是可走的空地。
  - `(2,1)=Pacman` 是当前吃豆人的位置。
  - `(5,5)=Ghost1` 是鬼的位置。
  - 其余为墙。

**当前吃豆人位置**：[2, 1]  
**鬼的位置**：[[5, 5]]  
**食物数量**：2  
**合法操作**：['West', 'Stop', 'East']  

---

### 第二步：计算每个合法动作后的新位置

#### 1. West（向西）：
- 当前位置是 [2, 1]
- 向西移动，y 减小 → 新位置是 [2, 0]
- 检查是否是墙：根据 layout_list 中 `(2,0)=Wall`，所以不能走。

#### 2. Stop（停止）：
- 不移动，位置不变 [2, 1]
- 但题目要求“绝大多数情况不选 stop”，除非没有其他选择。

#### 3. East（向东）：
- 东方向是 y 增大 → 新位置是 [2, 2]
- 检查是否是墙：根据 layout_list 中 `(2,2)=Wall`，所以不能走。

---

### 第三步：检查哪些动作是可行的

- **West**：不可行（墙）
- **Stop**：可行，但尽量避免
- **East**：不可行（墙）

→ **只有 "Stop" 是合法且可行的动作**

---

### 第四步：验证是否能安全移动

- 如果选择 "Stop"，则位置保持 [2, 1]，与鬼的位置 [5, 5] 的距离是：
  - |2 - 5| + |1 - 5| = 3 + 4 = 7
- 这个距离大于 3，说明目前是安全的。

---

### 第五步：是否满足任务目标？

- **任务一**：避开鬼。当前距离为 7，安全。
- **任务二**：吃完所有豆子。当前还有 2 颗豆子，需要继续移动。

但当前没有其他合法动作，只能选择 "Stop"。

---

### 最终结论：

虽然 "Stop" 不是最优选择，但在当前情况下是唯一可行的选择，且不会碰到鬼。

---

### <action>Stop</action>
--- ACTION ---
Stop
------------------------------
TIME: 2025-12-10 21:42:53.563828
--- FULL USER INPUT ---

        "*** YOUR PROMPT HERE ***" 
        你现在是一个操作顶尖的吃豆人。你有两个必须要完成的任务             1. 需要避开不断追赶你的ghosts，与他保持一定的距离。
            2. 需要把所有的豆子吃完。
        
        这个是当前的游戏数据：'''{'layout_list': ['(0,0)=Wall,(1,0)=Wall,(2,0)=Wall,(3,0)=Wall,(4,0)=Wall,(5,0)=Wall,(6,0)=Wall', '(0,1)=Wall,(1,1)=Empty,(2,1)=Pacman,(3,1)=Empty,(4,1)=Empty,(5,1)=Empty,(6,1)=Wall', '(0,2)=Wall,(1,2)=Empty,(2,2)=Wall,(3,2)=Wall,(4,2)=Wall,(5,2)=Empty,(6,2)=Wall', '(0,3)=Wall,(1,3)=Empty,(2,3)=Wall,(3,3)=Food,(4,3)=Empty,(5,3)=Empty,(6,3)=Wall', '(0,4)=Wall,(1,4)=Empty,(2,4)=Wall,(3,4)=Wall,(4,4)=Wall,(5,4)=Ghost1,(6,4)=Wall', '(0,5)=Wall,(1,5)=Food,(2,5)=Empty,(3,5)=Empty,(4,5)=Empty,(5,5)=Empty,(6,5)=Wall', '(0,6)=Wall,(1,6)=Wall,(2,6)=Wall,(3,6)=Wall,(4,6)=Wall,(5,6)=Wall,(6,6)=Wall'], 'pacman_pos': [2, 1], 'ghost_pos': [[5, 4]], 'score': -3.0, 'food_count': 2, 'legal_actions': ['West', 'Stop', 'East']}'''
        
        其中：
            1. layout_list: (List of Strings) ["(0,0)=Wall", "(1,0)=Pacman"...]
                - wall 是墙壁，不能通过这里
                - Pacman 是你所在的位置
            2. pacman_pos: (List of Integers) [x, y]
                - 表明你当前的位置
            3. ghost_pos: (List of Lists) [[x, y], [x, y]]
                - 表明ghost的位置，你需要尽可能避开它
            4. score: (Integer)
                - 当前的分数，你需要尽可能提高这个分数
            5. food_count: (Integer)
                - 地图中的食物数量，你需要获取所有的食物
            6. legal_actions: (List of Strings) ['North', 'South', ...]
                - 合法的操作。请注意绝大多数情况，不会选择'stop'，你可以理解为把'stop'移除。
        请注意，这里的向北会使x减小，向东会使y减小。
        
        你的思路应该是
        1. 从'legal_actions'中，分别计算操作这些actions后到达的位置，以及新的位置到食物、ghost的距离。
        2. 如果所有actions距离ghost的距离都小于等于3，那么你应该果断选择远离ghost的路径。
        3. 如果存在有actions距离ghost的距离大于3，那么找计算后的位置到food的距离等于0，则直接选择这个actions
        4. 不到万不得已，不选上一步的反方向。
        5. 如果最后没得选，则选一个离ghost距离最远的，总之不能选stop。
        其中以上的距离全部是|x_1 - x| + |y_1 - y|。
        请逐步推理，再给出可选的actions，你的答案只能是第一步。
        然后在给出答案前，请对答案进行检验，确定不会碰到ghosts
        好的请遵守游戏规则，并且牢记你的两个目标，完成任务吧。
        
输出最终行动，格式必须严格如下：<action>行动</action>。其中"行动"必须是以下之一: North, South, East, West, Stop
 例如：<action>North</action>
--- RESPONSE ---
### 1. 分析当前游戏数据

- **Pacman 的位置**：[2, 1]
- **Ghost 的位置**：[[5, 4]]
- **Legal actions**：['West', 'Stop', 'East']
- **Food_count**：2（需要吃完所有食物）
- **Score**：-3.0（需要提高分数）

---

### 2. 计算每个合法动作后的新位置

#### a. West (向西移动)
- 新位置：[1, 1]
- 检查是否是墙？`layout_list[1]` 中 `(1,1)=Empty` → 可以走
- 到 Ghost 的距离：|5 - 1| + |4 - 1| = 4 + 3 = **7**
- 到 Food 的距离：
  - 食物在 (1,5) 和 (3,3)
  - 到 (1,5)：|1 - 1| + |5 - 1| = 0 + 4 = **4**
  - 到 (3,3)：|3 - 1| + |3 - 1| = 2 + 2 = **4**

#### b. East (向东移动)
- 新位置：[3, 1]
- 检查是否是墙？`layout_list[1]` 中 `(3,1)=Empty` → 可以走
- 到 Ghost 的距离：|5 - 3| + |4 - 1| = 2 + 3 = **5**
- 到 Food 的距离：
  - 到 (1,5)：|1 - 3| + |5 - 1| = 2 + 4 = **6**
  - 到 (3,3)：|3 - 3| + |3 - 1| = 0 + 2 = **2**

#### c. Stop (停止)
- 不移动，不改变位置
- 距离 Ghost：|5 - 2| + |4 - 1| = 3 + 3 = **6**
- 但根据规则，**不要选 Stop**，除非没有其他选择

---

### 3. 评估各动作

| Action | New Position | Distance to Ghost | Distance to Food (min) | Valid? |
|--------|--------------|-------------------|--------------------------|--------|
| West   | [1, 1]       | 7                 | 4                        | ✅     |
| East   | [3, 1]       | 5                 | 2                        | ✅     |
| Stop   | [2, 1]       | 6                 | 0 (current position)     | ❌     |

---

### 4. 根据规则筛选

- 所有动作中，**West 和 East** 都可以走。
- **East** 到食物的距离更小（只有 2），且到 ghost 的距离为 5，大于 3。
- **West** 到食物的距离为 4，也大于 3。

所以，**优先选择到食物最近的路径**，即 **East**。

---

### 5. 最终结论

<action>East</action>
--- ACTION ---
East
------------------------------
TIME: 2025-12-10 21:43:01.578275
--- FULL USER INPUT ---

        "*** YOUR PROMPT HERE ***" 
        你现在是一个操作顶尖的吃豆人。你有两个必须要完成的任务             1. 需要避开不断追赶你的ghosts，与他保持一定的距离。
            2. 需要把所有的豆子吃完。
        
        这个是当前的游戏数据：'''{'layout_list': ['(0,0)=Wall,(1,0)=Wall,(2,0)=Wall,(3,0)=Wall,(4,0)=Wall,(5,0)=Wall,(6,0)=Wall', '(0,1)=Wall,(1,1)=Empty,(2,1)=Empty,(3,1)=Pacman,(4,1)=Empty,(5,1)=Empty,(6,1)=Wall', '(0,2)=Wall,(1,2)=Empty,(2,2)=Wall,(3,2)=Wall,(4,2)=Wall,(5,2)=Empty,(6,2)=Wall', '(0,3)=Wall,(1,3)=Empty,(2,3)=Wall,(3,3)=Food,(4,3)=Empty,(5,3)=Ghost1,(6,3)=Wall', '(0,4)=Wall,(1,4)=Empty,(2,4)=Wall,(3,4)=Wall,(4,4)=Wall,(5,4)=Empty,(6,4)=Wall', '(0,5)=Wall,(1,5)=Food,(2,5)=Empty,(3,5)=Empty,(4,5)=Empty,(5,5)=Empty,(6,5)=Wall', '(0,6)=Wall,(1,6)=Wall,(2,6)=Wall,(3,6)=Wall,(4,6)=Wall,(5,6)=Wall,(6,6)=Wall'], 'pacman_pos': [3, 1], 'ghost_pos': [[5, 3]], 'score': -4.0, 'food_count': 2, 'legal_actions': ['West', 'Stop', 'East']}'''
        
        其中：
            1. layout_list: (List of Strings) ["(0,0)=Wall", "(1,0)=Pacman"...]
                - wall 是墙壁，不能通过这里
                - Pacman 是你所在的位置
            2. pacman_pos: (List of Integers) [x, y]
                - 表明你当前的位置
            3. ghost_pos: (List of Lists) [[x, y], [x, y]]
                - 表明ghost的位置，你需要尽可能避开它
            4. score: (Integer)
                - 当前的分数，你需要尽可能提高这个分数
            5. food_count: (Integer)
                - 地图中的食物数量，你需要获取所有的食物
            6. legal_actions: (List of Strings) ['North', 'South', ...]
                - 合法的操作。请注意绝大多数情况，不会选择'stop'，你可以理解为把'stop'移除。
        请注意，这里的向北会使x减小，向东会使y减小。
        
        你的思路应该是
        1. 从'legal_actions'中，分别计算操作这些actions后到达的位置，以及新的位置到食物、ghost的距离。
        2. 如果所有actions距离ghost的距离都小于等于3，那么你应该果断选择远离ghost的路径。
        3. 如果存在有actions距离ghost的距离大于3，那么找计算后的位置到food的距离等于0，则直接选择这个actions
        4. 不到万不得已，不选上一步的反方向。
        5. 如果最后没得选，则选一个离ghost距离最远的，总之不能选stop。
        其中以上的距离全部是|x_1 - x| + |y_1 - y|。
        请逐步推理，再给出可选的actions，你的答案只能是第一步。
        然后在给出答案前，请对答案进行检验，确定不会碰到ghosts
        好的请遵守游戏规则，并且牢记你的两个目标，完成任务吧。
        
输出最终行动，格式必须严格如下：<action>行动</action>。其中"行动"必须是以下之一: North, South, East, West, Stop
 例如：<action>North</action>
--- RESPONSE ---
首先，我们分析当前的游戏数据：

### 1. 当前布局信息
- `layout_list` 中的每个字符串表示一个格子的状态。
- 从 `layout_list` 可以看出：
  - Pacman 的位置是 `(3,1)`（即 x=3, y=1）。
  - Ghost1 的位置是 `(5,3)`。
  - 食物的位置有两处：`(1,5)` 和 `(3,3)`。

### 2. 当前位置和合法动作
- `pacman_pos`: `[3, 1]`
- `ghost_pos`: `[[5, 3]]`
- `legal_actions`: `['West', 'Stop', 'East']`

注意：根据规则，大多数情况下不会选择 `Stop`，所以我们可以忽略它。

### 3. 分析每个合法动作后的新位置

#### a. West (向西移动)
- 新位置: `(2, 1)`
- 检查是否是墙：`layout_list[1]` 中 `(2,1)=Empty` → 不是墙，合法。
- 到食物的距离：
  - `(1,5)`: |2-1| + |1-5| = 1 + 4 = 5
  - `(3,3)`: |2-3| + |1-3| = 1 + 2 = 3
- 到 ghost 的距离: |2-5| + |1-3| = 3 + 2 = 5

#### b. East (向东移动)
- 新位置: `(4, 1)`
- 检查是否是墙：`layout_list[1]` 中 `(4,1)=Empty` → 不是墙，合法。
- 到食物的距离：
  - `(1,5)`: |4-1| + |1-5| = 3 + 4 = 7
  - `(3,3)`: |4-3| + |1-3| = 1 + 2 = 3
- 到 ghost 的距离: |4-5| + |1-3| = 1 + 2 = 3

### 4. 评估每个动作

#### a. West
- 到 ghost 的距离为 5 > 3 → 安全
- 到食物的最小距离为 3（到 `(3,3)`）
- 有食物在附近，可以考虑

#### b. East
- 到 ghost 的距离为 3 → 接近
- 到食物的最小距离为 3（到 `(3,3)`）
- 但离 ghost 太近，风险较高

### 5. 根据规则判断

- 存在动作（West）到 ghost 的距离大于 3，且到食物的距离为 3。
- 所以优先选择 **West**，因为它更安全，同时接近食物。

### 6. 最终结论

<action>West</action>
--- ACTION ---
West
------------------------------
TIME: 2025-12-10 21:43:10.199113
--- FULL USER INPUT ---

        "*** YOUR PROMPT HERE ***" 
        你现在是一个操作顶尖的吃豆人。你有两个必须要完成的任务             1. 需要避开不断追赶你的ghosts，与他保持一定的距离。
            2. 需要把所有的豆子吃完。
        
        这个是当前的游戏数据：'''{'layout_list': ['(0,0)=Wall,(1,0)=Wall,(2,0)=Wall,(3,0)=Wall,(4,0)=Wall,(5,0)=Wall,(6,0)=Wall', '(0,1)=Wall,(1,1)=Empty,(2,1)=Pacman,(3,1)=Empty,(4,1)=Empty,(5,1)=Empty,(6,1)=Wall', '(0,2)=Wall,(1,2)=Empty,(2,2)=Wall,(3,2)=Wall,(4,2)=Wall,(5,2)=Ghost1,(6,2)=Wall', '(0,3)=Wall,(1,3)=Empty,(2,3)=Wall,(3,3)=Food,(4,3)=Empty,(5,3)=Empty,(6,3)=Wall', '(0,4)=Wall,(1,4)=Empty,(2,4)=Wall,(3,4)=Wall,(4,4)=Wall,(5,4)=Empty,(6,4)=Wall', '(0,5)=Wall,(1,5)=Food,(2,5)=Empty,(3,5)=Empty,(4,5)=Empty,(5,5)=Empty,(6,5)=Wall', '(0,6)=Wall,(1,6)=Wall,(2,6)=Wall,(3,6)=Wall,(4,6)=Wall,(5,6)=Wall,(6,6)=Wall'], 'pacman_pos': [2, 1], 'ghost_pos': [[5, 2]], 'score': -5.0, 'food_count': 2, 'legal_actions': ['West', 'Stop', 'East']}'''
        
        其中：
            1. layout_list: (List of Strings) ["(0,0)=Wall", "(1,0)=Pacman"...]
                - wall 是墙壁，不能通过这里
                - Pacman 是你所在的位置
            2. pacman_pos: (List of Integers) [x, y]
                - 表明你当前的位置
            3. ghost_pos: (List of Lists) [[x, y], [x, y]]
                - 表明ghost的位置，你需要尽可能避开它
            4. score: (Integer)
                - 当前的分数，你需要尽可能提高这个分数
            5. food_count: (Integer)
                - 地图中的食物数量，你需要获取所有的食物
            6. legal_actions: (List of Strings) ['North', 'South', ...]
                - 合法的操作。请注意绝大多数情况，不会选择'stop'，你可以理解为把'stop'移除。
        请注意，这里的向北会使x减小，向东会使y减小。
        
        你的思路应该是
        1. 从'legal_actions'中，分别计算操作这些actions后到达的位置，以及新的位置到食物、ghost的距离。
        2. 如果所有actions距离ghost的距离都小于等于3，那么你应该果断选择远离ghost的路径。
        3. 如果存在有actions距离ghost的距离大于3，那么找计算后的位置到food的距离等于0，则直接选择这个actions
        4. 不到万不得已，不选上一步的反方向。
        5. 如果最后没得选，则选一个离ghost距离最远的，总之不能选stop。
        其中以上的距离全部是|x_1 - x| + |y_1 - y|。
        请逐步推理，再给出可选的actions，你的答案只能是第一步。
        然后在给出答案前，请对答案进行检验，确定不会碰到ghosts
        好的请遵守游戏规则，并且牢记你的两个目标，完成任务吧。
        
输出最终行动，格式必须严格如下：<action>行动</action>。其中"行动"必须是以下之一: North, South, East, West, Stop
 例如：<action>North</action>
--- RESPONSE ---
首先，我们分析当前游戏数据：

### 1. 当前布局
- `layout_list` 中的字符串表示了地图的结构。
- 我们可以从中提取出以下关键信息：
  - **Pacman 的位置**：在 `(2,1)`（即 x=2, y=1）。
  - **Ghost 的位置**：在 `(5,2)`（即 x=5, y=2）。
  - **食物的位置**：
    - `(3,3)`
    - `(1,5)`
  - **墙壁**：其他位置为墙或空地。

### 2. 可用动作
- `legal_actions`: ['West', 'Stop', 'East']
- 根据规则，我们应排除 `'Stop'`，只考虑 `'West'` 和 `'East'`。

### 3. 分析每个动作后的新位置

#### a. West (向西移动)
- 当前位置是 `(2,1)`，向西移动后变为 `(1,1)`。
- 检查是否是合法位置：`(1,1)` 是 `Empty`，合法。
- 新位置到 Ghost 的距离：`|5-1| + |2-1| = 4 + 1 = 5`
- 新位置到食物的距离：
  - 到 `(3,3)`：`|3-1| + |3-1| = 2 + 2 = 4`
  - 到 `(1,5)`：`|1-1| + |5-1| = 0 + 4 = 4`
- 所以，这个位置到食物的最短距离是 4。

#### b. East (向东移动)
- 当前位置是 `(2,1)`，向东移动后变为 `(3,1)`。
- 检查是否是合法位置：`(3,1)` 是 `Empty`，合法。
- 新位置到 Ghost 的距离：`|5-3| + |2-1| = 2 + 1 = 3`
- 新位置到食物的距离：
  - 到 `(3,3)`：`|3-3| + |3-1| = 0 + 2 = 2`
  - 到 `(1,5)`：`|1-3| + |5-1| = 2 + 4 = 6`
- 所以，这个位置到食物的最短距离是 2。

### 4. 评估每个动作

- **West**:
  - 到 Ghost 的距离是 5（>3），安全。
  - 到食物的最短距离是 4。
- **East**:
  - 到 Ghost 的距离是 3（≤3），不安全。
  - 到食物的最短距离是 2（更近）。

### 5. 选择最佳行动

根据规则：
- 如果存在动作到 Ghost 的距离 > 3，则优先找一个到食物距离为 0 的动作。
- 如果没有这样的动作，则选一个到 Ghost 距离最远的。

- 在本例中，只有 `West` 到 Ghost 的距离 > 3，且它到食物的距离为 4。
- `East` 虽然更靠近食物，但距离 Ghost 太近（3），不安全。

因此，**选择 West** 是唯一安全且合理的选择。

---

### 最终答案：
<action>West</action>
--- ACTION ---
West
------------------------------
TIME: 2025-12-10 21:43:19.578591
--- FULL USER INPUT ---

        "*** YOUR PROMPT HERE ***" 
        你现在是一个操作顶尖的吃豆人。你有两个必须要完成的任务             1. 需要避开不断追赶你的ghosts，与他保持一定的距离。
            2. 需要把所有的豆子吃完。
        
        这个是当前的游戏数据：'''{'layout_list': ['(0,0)=Wall,(1,0)=Wall,(2,0)=Wall,(3,0)=Wall,(4,0)=Wall,(5,0)=Wall,(6,0)=Wall', '(0,1)=Wall,(1,1)=Pacman,(2,1)=Empty,(3,1)=Empty,(4,1)=Empty,(5,1)=Ghost1,(6,1)=Wall', '(0,2)=Wall,(1,2)=Empty,(2,2)=Wall,(3,2)=Wall,(4,2)=Wall,(5,2)=Empty,(6,2)=Wall', '(0,3)=Wall,(1,3)=Empty,(2,3)=Wall,(3,3)=Food,(4,3)=Empty,(5,3)=Empty,(6,3)=Wall', '(0,4)=Wall,(1,4)=Empty,(2,4)=Wall,(3,4)=Wall,(4,4)=Wall,(5,4)=Empty,(6,4)=Wall', '(0,5)=Wall,(1,5)=Food,(2,5)=Empty,(3,5)=Empty,(4,5)=Empty,(5,5)=Empty,(6,5)=Wall', '(0,6)=Wall,(1,6)=Wall,(2,6)=Wall,(3,6)=Wall,(4,6)=Wall,(5,6)=Wall,(6,6)=Wall'], 'pacman_pos': [1, 1], 'ghost_pos': [[5, 1]], 'score': -6.0, 'food_count': 2, 'legal_actions': ['Stop', 'East', 'South']}'''
        
        其中：
            1. layout_list: (List of Strings) ["(0,0)=Wall", "(1,0)=Pacman"...]
                - wall 是墙壁，不能通过这里
                - Pacman 是你所在的位置
            2. pacman_pos: (List of Integers) [x, y]
                - 表明你当前的位置
            3. ghost_pos: (List of Lists) [[x, y], [x, y]]
                - 表明ghost的位置，你需要尽可能避开它
            4. score: (Integer)
                - 当前的分数，你需要尽可能提高这个分数
            5. food_count: (Integer)
                - 地图中的食物数量，你需要获取所有的食物
            6. legal_actions: (List of Strings) ['North', 'South', ...]
                - 合法的操作。请注意绝大多数情况，不会选择'stop'，你可以理解为把'stop'移除。
        请注意，这里的向北会使x减小，向东会使y减小。
        
        你的思路应该是
        1. 从'legal_actions'中，分别计算操作这些actions后到达的位置，以及新的位置到食物、ghost的距离。
        2. 如果所有actions距离ghost的距离都小于等于3，那么你应该果断选择远离ghost的路径。
        3. 如果存在有actions距离ghost的距离大于3，那么找计算后的位置到food的距离等于0，则直接选择这个actions
        4. 不到万不得已，不选上一步的反方向。
        5. 如果最后没得选，则选一个离ghost距离最远的，总之不能选stop。
        其中以上的距离全部是|x_1 - x| + |y_1 - y|。
        请逐步推理，再给出可选的actions，你的答案只能是第一步。
        然后在给出答案前，请对答案进行检验，确定不会碰到ghosts
        好的请遵守游戏规则，并且牢记你的两个目标，完成任务吧。
        
输出最终行动，格式必须严格如下：<action>行动</action>。其中"行动"必须是以下之一: North, South, East, West, Stop
 例如：<action>North</action>
--- RESPONSE ---
首先，我们分析当前的游戏数据：

### 1. 当前布局
从 `layout_list` 中可以提取出地图信息。我们可以看到：
- Pacman 的位置是 `(1,1)`。
- Ghost1 的位置是 `(5,1)`。
- 食物的位置有：
  - `(1,5)`
  - `(3,3)`

### 2. 可用动作
`legal_actions` 是：`['Stop', 'East', 'South']`。

注意：根据规则，"North" 和 "West" 不在合法动作中，所以不能选择它们。

### 3. 分析每个合法动作的后果

#### a. `East`
- `East` 意味着 y 坐标减小（因为向北会使 x 减小，向东会使 y 减小）。
- 当前 Pacman 位置是 `(1,1)`，执行 `East` 后，Pacman 会移动到 `(1,0)`。
- 但 `(1,0)` 是墙（根据 layout_list 中的 `(1,0)=Wall`），**不可通过**。
- 所以 `East` 是非法操作。

#### b. `South`
- `South` 意味着 x 坐标增加。
- 当前 Pacman 位置是 `(1,1)`，执行 `South` 后，Pacman 会移动到 `(2,1)`。
- 查看 layout_list 中的 `(2,1)=Empty`，说明该位置是空地，**合法**。
- 新位置是 `(2,1)`。

#### c. `Stop`
- `Stop` 是一个合法动作，但根据规则，不到万不得已不选它。
- 我们先尝试其他更优的动作。

### 4. 检查每个合法动作后与 ghost 的距离

ghost 的位置是 `(5,1)`。

#### a. `South` 后的位置是 `(2,1)`。
- 距离 ghost 的曼哈顿距离是：`|5 - 2| + |1 - 1| = 3`。

#### b. `East` 是非法动作，跳过。

#### c. `Stop` 保持原位置 `(1,1)`。
- 距离 ghost 的曼哈顿距离是：`|5 - 1| + |1 - 1| = 4`。

### 5. 检查是否能吃到食物

- 当前食物位置是 `(1,5)` 和 `(3,3)`。
- `South` 后的位置是 `(2,1)`，离食物的距离为：
  - 到 `(1,5)`：`|1 - 2| + |5 - 1| = 1 + 4 = 5`
  - 到 `(3,3)`：`|3 - 2| + |3 - 1| = 1 + 2 = 3`
- 所以 `South` 后的位置离食物有一定距离，但不是最接近的。

### 6. 是否存在更优路径？

目前只有 `South` 是合法且可行的路径，而 `Stop` 虽然安全，但不符合“尽可能吃豆子”的目标。

### 7. 最终决策

- `East` 是非法动作（墙）。
- `Stop` 是安全的，但不是最优选择。
- `South` 是唯一合法且可行的路径，虽然离食物有一定距离，但不会碰到 ghost。

### 8. 检查是否碰到 ghost

- `South` 后的位置是 `(2,1)`，ghost 在 `(5,1)`，距离为 3，**未被追上**。

---

### ✅ 最终行动是：  
<action>South</action>
--- ACTION ---
South
------------------------------
TIME: 2025-12-10 21:43:24.826661
--- FULL USER INPUT ---

        "*** YOUR PROMPT HERE ***" 
        你现在是一个操作顶尖的吃豆人。你有两个必须要完成的任务             1. 需要避开不断追赶你的ghosts，与他保持一定的距离。
            2. 需要把所有的豆子吃完。
        
        这个是当前的游戏数据：'''{'layout_list': ['(0,0)=Wall,(1,0)=Wall,(2,0)=Wall,(3,0)=Wall,(4,0)=Wall,(5,0)=Wall,(6,0)=Wall', '(0,1)=Wall,(1,1)=Empty,(2,1)=Empty,(3,1)=Empty,(4,1)=Ghost1,(5,1)=Empty,(6,1)=Wall', '(0,2)=Wall,(1,2)=Pacman,(2,2)=Wall,(3,2)=Wall,(4,2)=Wall,(5,2)=Empty,(6,2)=Wall', '(0,3)=Wall,(1,3)=Empty,(2,3)=Wall,(3,3)=Food,(4,3)=Empty,(5,3)=Empty,(6,3)=Wall', '(0,4)=Wall,(1,4)=Empty,(2,4)=Wall,(3,4)=Wall,(4,4)=Wall,(5,4)=Empty,(6,4)=Wall', '(0,5)=Wall,(1,5)=Food,(2,5)=Empty,(3,5)=Empty,(4,5)=Empty,(5,5)=Empty,(6,5)=Wall', '(0,6)=Wall,(1,6)=Wall,(2,6)=Wall,(3,6)=Wall,(4,6)=Wall,(5,6)=Wall,(6,6)=Wall'], 'pacman_pos': [1, 2], 'ghost_pos': [[4, 1]], 'score': -7.0, 'food_count': 2, 'legal_actions': ['Stop', 'North', 'South']}'''
        
        其中：
            1. layout_list: (List of Strings) ["(0,0)=Wall", "(1,0)=Pacman"...]
                - wall 是墙壁，不能通过这里
                - Pacman 是你所在的位置
            2. pacman_pos: (List of Integers) [x, y]
                - 表明你当前的位置
            3. ghost_pos: (List of Lists) [[x, y], [x, y]]
                - 表明ghost的位置，你需要尽可能避开它
            4. score: (Integer)
                - 当前的分数，你需要尽可能提高这个分数
            5. food_count: (Integer)
                - 地图中的食物数量，你需要获取所有的食物
            6. legal_actions: (List of Strings) ['North', 'South', ...]
                - 合法的操作。请注意绝大多数情况，不会选择'stop'，你可以理解为把'stop'移除。
        请注意，这里的向北会使x减小，向东会使y减小。
        
        你的思路应该是
        1. 从'legal_actions'中，分别计算操作这些actions后到达的位置，以及新的位置到食物、ghost的距离。
        2. 如果所有actions距离ghost的距离都小于等于3，那么你应该果断选择远离ghost的路径。
        3. 如果存在有actions距离ghost的距离大于3，那么找计算后的位置到food的距离等于0，则直接选择这个actions
        4. 不到万不得已，不选上一步的反方向。
        5. 如果最后没得选，则选一个离ghost距离最远的，总之不能选stop。
        其中以上的距离全部是|x_1 - x| + |y_1 - y|。
        请逐步推理，再给出可选的actions，你的答案只能是第一步。
        然后在给出答案前，请对答案进行检验，确定不会碰到ghosts
        好的请遵守游戏规则，并且牢记你的两个目标，完成任务吧。
        
输出最终行动，格式必须严格如下：<action>行动</action>。其中"行动"必须是以下之一: North, South, East, West, Stop
 例如：<action>North</action>
--- RESPONSE ---
### 步骤 1: 分析当前游戏数据

- **Pacman 的位置**: [1, 2]
- **Ghost 的位置**: [[4, 1]]
- **合法操作**: ['Stop', 'North', 'South']
- **食物数量**: 2
- **地图布局**:
  - (1,2) 是 Pacman 的位置。
  - (4,1) 是 Ghost1 的位置。
  - (3,3) 和 (1,5) 是食物的位置。

---

### 步骤 2: 计算每个合法动作后的新位置

#### 1. North (北): x 减小，y 不变 → [0, 2]
- 检查是否是墙：(0,2) = Wall → **不可行**

#### 2. South (南): x 增大，y 不变 → [2, 2]
- 检查是否是墙：(2,2) = Wall → **不可行**

#### 3. Stop (停止): 不移动 → 保持原位置 [1, 2]
- 但根据规则，除非万不得已，不要选择 Stop

---

### 步骤 3: 排除不可行的选项

- **North** 和 **South** 都是墙，不能走。
- **Stop** 虽然可行，但不是最优选择。

---

### 步骤 4: 检查是否有其他可选动作

目前只有 `Stop` 可以选择，但根据规则，我们应尽量避免它。

---

### 步骤 5: 最终决策

由于所有合法动作中，只有 `Stop` 是可行的，且没有其他路径可以走，因此只能选择 `Stop`。

---

### 检验：不会碰到 ghost

- Pacman 当前在 [1, 2]，ghost 在 [4, 1]。
- 两者距离为 |1 - 4| + |2 - 1| = 3 + 1 = 4。
- 所以即使选择 `Stop`，也不会碰到 ghost。

---

### 最终答案：

<action>Stop</action>
--- ACTION ---
Stop
------------------------------
TIME: 2025-12-10 21:43:33.597672
--- FULL USER INPUT ---

        "*** YOUR PROMPT HERE ***" 
        你现在是一个操作顶尖的吃豆人。你有两个必须要完成的任务             1. 需要避开不断追赶你的ghosts，与他保持一定的距离。
            2. 需要把所有的豆子吃完。
        
        这个是当前的游戏数据：'''{'layout_list': ['(0,0)=Wall,(1,0)=Wall,(2,0)=Wall,(3,0)=Wall,(4,0)=Wall,(5,0)=Wall,(6,0)=Wall', '(0,1)=Wall,(1,1)=Empty,(2,1)=Empty,(3,1)=Ghost1,(4,1)=Empty,(5,1)=Empty,(6,1)=Wall', '(0,2)=Wall,(1,2)=Pacman,(2,2)=Wall,(3,2)=Wall,(4,2)=Wall,(5,2)=Empty,(6,2)=Wall', '(0,3)=Wall,(1,3)=Empty,(2,3)=Wall,(3,3)=Food,(4,3)=Empty,(5,3)=Empty,(6,3)=Wall', '(0,4)=Wall,(1,4)=Empty,(2,4)=Wall,(3,4)=Wall,(4,4)=Wall,(5,4)=Empty,(6,4)=Wall', '(0,5)=Wall,(1,5)=Food,(2,5)=Empty,(3,5)=Empty,(4,5)=Empty,(5,5)=Empty,(6,5)=Wall', '(0,6)=Wall,(1,6)=Wall,(2,6)=Wall,(3,6)=Wall,(4,6)=Wall,(5,6)=Wall,(6,6)=Wall'], 'pacman_pos': [1, 2], 'ghost_pos': [[3, 1]], 'score': -8.0, 'food_count': 2, 'legal_actions': ['Stop', 'North', 'South']}'''
        
        其中：
            1. layout_list: (List of Strings) ["(0,0)=Wall", "(1,0)=Pacman"...]
                - wall 是墙壁，不能通过这里
                - Pacman 是你所在的位置
            2. pacman_pos: (List of Integers) [x, y]
                - 表明你当前的位置
            3. ghost_pos: (List of Lists) [[x, y], [x, y]]
                - 表明ghost的位置，你需要尽可能避开它
            4. score: (Integer)
                - 当前的分数，你需要尽可能提高这个分数
            5. food_count: (Integer)
                - 地图中的食物数量，你需要获取所有的食物
            6. legal_actions: (List of Strings) ['North', 'South', ...]
                - 合法的操作。请注意绝大多数情况，不会选择'stop'，你可以理解为把'stop'移除。
        请注意，这里的向北会使x减小，向东会使y减小。
        
        你的思路应该是
        1. 从'legal_actions'中，分别计算操作这些actions后到达的位置，以及新的位置到食物、ghost的距离。
        2. 如果所有actions距离ghost的距离都小于等于3，那么你应该果断选择远离ghost的路径。
        3. 如果存在有actions距离ghost的距离大于3，那么找计算后的位置到food的距离等于0，则直接选择这个actions
        4. 不到万不得已，不选上一步的反方向。
        5. 如果最后没得选，则选一个离ghost距离最远的，总之不能选stop。
        其中以上的距离全部是|x_1 - x| + |y_1 - y|。
        请逐步推理，再给出可选的actions，你的答案只能是第一步。
        然后在给出答案前，请对答案进行检验，确定不会碰到ghosts
        好的请遵守游戏规则，并且牢记你的两个目标，完成任务吧。
        
输出最终行动，格式必须严格如下：<action>行动</action>。其中"行动"必须是以下之一: North, South, East, West, Stop
 例如：<action>North</action>
--- RESPONSE ---
首先，我们分析当前的游戏数据：

### 1. 当前布局信息
- `layout_list` 中的每个字符串表示一个格子的状态。
- 例如：`(0,0)=Wall` 表示 (0,0) 是墙，不能通过。
- `(1,1)=Empty` 表示 (1,1) 是空地。
- `(3,1)=Ghost1` 表示 Ghost1 在 (3,1)。
- `(1,2)=Pacman` 表示 Pacman 在 (1,2)。

### 2. 当前位置
- `pacman_pos = [1, 2]`
- `ghost_pos = [[3, 1]]`

### 3. 可用动作
- `legal_actions = ['Stop', 'North', 'South']`（注意：East 和 West 不在合法动作中）

### 4. 目标
- **避开 ghost**：保持与 ghost 的距离尽可能远。
- **吃掉所有豆子**：目前 `food_count = 2`，需要找到食物的位置并前往。

---

### 第一步：确定当前坐标和合法动作

#### 当前坐标：
- Pacman 在 (1,2)

#### 合法动作：
- `North`: x 减小 → (0,2)
- `South`: x 增大 → (2,2)
- `Stop`: 不移动

---

### 第二步：计算每个动作后的新位置，并判断是否合法

#### 1. North: (0,2)
- 检查该位置是否是墙：
  - 根据 layout_list，(0,2) 是 Wall（因为 `(0,2)=Wall`）→ **非法**

#### 2. South: (2,2)
- 检查该位置是否是墙：
  - 根据 layout_list，(2,2) 是 Wall（因为 `(2,2)=Wall`）→ **非法**

#### 3. Stop: (1,2)
- 位置不变，合法

所以，**只有 "Stop" 是合法动作**。但根据规则，**不到万不得已不选 Stop**，所以我们需要重新检查是否有其他合法动作被遗漏。

---

### 第三步：重新检查 layout_list，确认是否还有其他合法动作

从 layout_list 中提取出所有格子信息，可以发现：

- (1,2) 是 Pacman
- (1,1) 是 Empty
- (1,3) 是 Empty
- (1,5) 是 Food

因此，Pacman 可以向 **East** 或 **West** 移动吗？我们来验证一下。

#### East: (2,2)
- 根据 layout_list，(2,2) 是 Wall → **非法**

#### West: (0,2)
- 根据 layout_list，(0,2) 是 Wall → **非法**

所以，**确实只有 "Stop" 是合法动作**。

---

### 第四步：选择最安全的动作

根据规则：
> 如果最后没得选，则选一个离 ghost 距离最远的，总之不能选 stop。

虽然 "Stop" 是唯一合法动作，但我们必须确保不会碰到 ghost。

#### 计算 Pacman 与 ghost 的距离：
- Pacman 在 (1,2)
- Ghost 在 (3,1)
- 距离 = |1 - 3| + |2 - 1| = 2 + 1 = **3**

如果选择 "Stop"，Pacman 仍然在 (1,2)，与 ghost 的距离为 3，**没有危险**。

---

### 最终结论：

- **唯一合法动作是 "Stop"**
- 且此时与 ghost 的距离为 3，**不会被追上**
- 所以可以安全选择 "Stop"

---

### <action>Stop</action>
--- ACTION ---
Stop
------------------------------
TIME: 2025-12-10 21:43:40.024546
--- FULL USER INPUT ---

        "*** YOUR PROMPT HERE ***" 
        你现在是一个操作顶尖的吃豆人。你有两个必须要完成的任务             1. 需要避开不断追赶你的ghosts，与他保持一定的距离。
            2. 需要把所有的豆子吃完。
        
        这个是当前的游戏数据：'''{'layout_list': ['(0,0)=Wall,(1,0)=Wall,(2,0)=Wall,(3,0)=Wall,(4,0)=Wall,(5,0)=Wall,(6,0)=Wall', '(0,1)=Wall,(1,1)=Empty,(2,1)=Ghost1,(3,1)=Empty,(4,1)=Empty,(5,1)=Empty,(6,1)=Wall', '(0,2)=Wall,(1,2)=Pacman,(2,2)=Wall,(3,2)=Wall,(4,2)=Wall,(5,2)=Empty,(6,2)=Wall', '(0,3)=Wall,(1,3)=Empty,(2,3)=Wall,(3,3)=Food,(4,3)=Empty,(5,3)=Empty,(6,3)=Wall', '(0,4)=Wall,(1,4)=Empty,(2,4)=Wall,(3,4)=Wall,(4,4)=Wall,(5,4)=Empty,(6,4)=Wall', '(0,5)=Wall,(1,5)=Food,(2,5)=Empty,(3,5)=Empty,(4,5)=Empty,(5,5)=Empty,(6,5)=Wall', '(0,6)=Wall,(1,6)=Wall,(2,6)=Wall,(3,6)=Wall,(4,6)=Wall,(5,6)=Wall,(6,6)=Wall'], 'pacman_pos': [1, 2], 'ghost_pos': [[2, 1]], 'score': -9.0, 'food_count': 2, 'legal_actions': ['Stop', 'North', 'South']}'''
        
        其中：
            1. layout_list: (List of Strings) ["(0,0)=Wall", "(1,0)=Pacman"...]
                - wall 是墙壁，不能通过这里
                - Pacman 是你所在的位置
            2. pacman_pos: (List of Integers) [x, y]
                - 表明你当前的位置
            3. ghost_pos: (List of Lists) [[x, y], [x, y]]
                - 表明ghost的位置，你需要尽可能避开它
            4. score: (Integer)
                - 当前的分数，你需要尽可能提高这个分数
            5. food_count: (Integer)
                - 地图中的食物数量，你需要获取所有的食物
            6. legal_actions: (List of Strings) ['North', 'South', ...]
                - 合法的操作。请注意绝大多数情况，不会选择'stop'，你可以理解为把'stop'移除。
        请注意，这里的向北会使x减小，向东会使y减小。
        
        你的思路应该是
        1. 从'legal_actions'中，分别计算操作这些actions后到达的位置，以及新的位置到食物、ghost的距离。
        2. 如果所有actions距离ghost的距离都小于等于3，那么你应该果断选择远离ghost的路径。
        3. 如果存在有actions距离ghost的距离大于3，那么找计算后的位置到food的距离等于0，则直接选择这个actions
        4. 不到万不得已，不选上一步的反方向。
        5. 如果最后没得选，则选一个离ghost距离最远的，总之不能选stop。
        其中以上的距离全部是|x_1 - x| + |y_1 - y|。
        请逐步推理，再给出可选的actions，你的答案只能是第一步。
        然后在给出答案前，请对答案进行检验，确定不会碰到ghosts
        好的请遵守游戏规则，并且牢记你的两个目标，完成任务吧。
        
输出最终行动，格式必须严格如下：<action>行动</action>。其中"行动"必须是以下之一: North, South, East, West, Stop
 例如：<action>North</action>
--- RESPONSE ---
### Step 1: 分析当前游戏数据

- **Pacman 的位置**: [1, 2]
- **Ghost 的位置**: [[2, 1]]
- **legal_actions**: ['Stop', 'North', 'South']
- **food_count**: 2（需要吃完所有食物）
- **布局信息**:
  - (1,2) 是 Pacman
  - (2,1) 是 Ghost1
  - (3,3) 是 Food
  - (1,5) 是 Food
  - 其他是墙或空地

---

### Step 2: 计算每个合法动作后的新位置

#### 1. North (向北移动)
- 当前坐标: [1, 2]
- 向北移动后: [0, 2]（检查是否是墙）→ (0,2) = Wall ❌ 不合法

#### 2. South (向南移动)
- 当前坐标: [1, 2]
- 向南移动后: [2, 2]（检查是否是墙）→ (2,2) = Wall ❌ 不合法

#### 3. Stop (停止)
- 停止不移动，但根据规则，除非万不得已，否则不选 Stop

---

### Step 3: 检查哪些动作是合法的

从上面分析：
- **North** 和 **South** 都会进入墙，不合法
- **Stop** 虽然合法，但不是最优选择

所以目前没有合法的动作可以移动！

---

### Step 4: 检查是否有其他可能的路径

我们再仔细看地图：

- (1,2) 是 Pacman
- (2,1) 是 Ghost1
- (1,3) 是 Empty
- (1,1) 是 Empty
- (1,5) 是 Food
- (3,3) 是 Food

Pacman 可以尝试向 **East** 或 **West** 移动吗？虽然不在 legal_actions 中，但根据题目描述，`legal_actions` 是给定的，不能超出这个范围。

---

### Step 5: 最终结论

在当前的 legal_actions 中，只有 `Stop` 是合法的。但是根据规则，不到万不得已不选 `Stop`。

因此，**没有合法的移动方式**，只能选择 `Stop`。

---

### <action>Stop</action>
--- ACTION ---
Stop
------------------------------
TIME: 2025-12-10 21:43:43.785878
--- FULL USER INPUT ---

        "*** YOUR PROMPT HERE ***" 
        你现在是一个操作顶尖的吃豆人。你有两个必须要完成的任务             1. 需要避开不断追赶你的ghosts，与他保持一定的距离。
            2. 需要把所有的豆子吃完。
        
        这个是当前的游戏数据：'''{'layout_list': ['(0,0)=Wall,(1,0)=Wall,(2,0)=Wall,(3,0)=Wall,(4,0)=Wall,(5,0)=Wall,(6,0)=Wall', '(0,1)=Wall,(1,1)=Ghost1,(2,1)=Empty,(3,1)=Empty,(4,1)=Empty,(5,1)=Empty,(6,1)=Wall', '(0,2)=Wall,(1,2)=Pacman,(2,2)=Wall,(3,2)=Wall,(4,2)=Wall,(5,2)=Empty,(6,2)=Wall', '(0,3)=Wall,(1,3)=Empty,(2,3)=Wall,(3,3)=Food,(4,3)=Empty,(5,3)=Empty,(6,3)=Wall', '(0,4)=Wall,(1,4)=Empty,(2,4)=Wall,(3,4)=Wall,(4,4)=Wall,(5,4)=Empty,(6,4)=Wall', '(0,5)=Wall,(1,5)=Food,(2,5)=Empty,(3,5)=Empty,(4,5)=Empty,(5,5)=Empty,(6,5)=Wall', '(0,6)=Wall,(1,6)=Wall,(2,6)=Wall,(3,6)=Wall,(4,6)=Wall,(5,6)=Wall,(6,6)=Wall'], 'pacman_pos': [1, 2], 'ghost_pos': [[1, 1]], 'score': -10.0, 'food_count': 2, 'legal_actions': ['Stop', 'North', 'South']}'''
        
        其中：
            1. layout_list: (List of Strings) ["(0,0)=Wall", "(1,0)=Pacman"...]
                - wall 是墙壁，不能通过这里
                - Pacman 是你所在的位置
            2. pacman_pos: (List of Integers) [x, y]
                - 表明你当前的位置
            3. ghost_pos: (List of Lists) [[x, y], [x, y]]
                - 表明ghost的位置，你需要尽可能避开它
            4. score: (Integer)
                - 当前的分数，你需要尽可能提高这个分数
            5. food_count: (Integer)
                - 地图中的食物数量，你需要获取所有的食物
            6. legal_actions: (List of Strings) ['North', 'South', ...]
                - 合法的操作。请注意绝大多数情况，不会选择'stop'，你可以理解为把'stop'移除。
        请注意，这里的向北会使x减小，向东会使y减小。
        
        你的思路应该是
        1. 从'legal_actions'中，分别计算操作这些actions后到达的位置，以及新的位置到食物、ghost的距离。
        2. 如果所有actions距离ghost的距离都小于等于3，那么你应该果断选择远离ghost的路径。
        3. 如果存在有actions距离ghost的距离大于3，那么找计算后的位置到food的距离等于0，则直接选择这个actions
        4. 不到万不得已，不选上一步的反方向。
        5. 如果最后没得选，则选一个离ghost距离最远的，总之不能选stop。
        其中以上的距离全部是|x_1 - x| + |y_1 - y|。
        请逐步推理，再给出可选的actions，你的答案只能是第一步。
        然后在给出答案前，请对答案进行检验，确定不会碰到ghosts
        好的请遵守游戏规则，并且牢记你的两个目标，完成任务吧。
        
输出最终行动，格式必须严格如下：<action>行动</action>。其中"行动"必须是以下之一: North, South, East, West, Stop
 例如：<action>North</action>
--- RESPONSE ---
### 步骤一：分析当前状态

- **Pacman位置**：[1, 2]
- **Ghost位置**：[[1, 1]]
- **Legal actions**：['Stop', 'North', 'South']
- **Food_count**：2
- **Score**：-10.0

---

### 步骤二：计算每个合法动作后的新位置

#### 1. North（向北）：
- 当前坐标 [1, 2]，向北是 x 减小 → [0, 2]
- 检查是否是墙：根据 layout_list 中的第3行 `(0,2)=Wall`，所以不能走。

#### 2. South（向南）：
- 向南是 x 增大 → [2, 2]
- 检查是否是墙：根据 layout_list 中的第3行 `(2,2)=Wall`，所以不能走。

#### 3. Stop（停止）：
- 不移动，但题目要求不选 Stop，除非没有其他选择。

---

### 步骤三：检查哪些动作是可行的

从上面分析可以看出：

- **North** 和 **South** 都是不可行的（因为是墙）
- **Stop** 是不允许的（除非万不得已）

因此，**没有合法的移动动作**！

---

### 步骤四：最终决策

由于所有合法动作都不可行，只能选择一个最安全的选项。虽然不能选 Stop，但这是唯一的选择。

---

### 最终答案：

<action>Stop</action>
--- ACTION ---
Stop
------------------------------
