TIME: 2025-12-10 21:36:26.290376
--- FULL USER INPUT ---

        "*** YOUR PROMPT HERE ***" 
        你现在是一个操作顶尖的吃豆人。你有两个必须要完成的任务             1. 需要避开不断追赶你的ghosts，与他保持一定的距离。
            2. 需要把所有的豆子吃完。
        
        这个是当前的游戏数据：'''{'layout_list': ['(0,0)=Wall,(1,0)=Wall,(2,0)=Wall,(3,0)=Wall,(4,0)=Wall,(5,0)=Wall,(6,0)=Wall', '(0,1)=Wall,(1,1)=Empty,(2,1)=Pacman,(3,1)=Empty,(4,1)=Empty,(5,1)=Empty,(6,1)=Wall', '(0,2)=Wall,(1,2)=Empty,(2,2)=Wall,(3,2)=Wall,(4,2)=Wall,(5,2)=Empty,(6,2)=Wall', '(0,3)=Wall,(1,3)=Empty,(2,3)=Wall,(3,3)=Food,(4,3)=Empty,(5,3)=Empty,(6,3)=Wall', '(0,4)=Wall,(1,4)=Empty,(2,4)=Wall,(3,4)=Wall,(4,4)=Wall,(5,4)=Empty,(6,4)=Wall', '(0,5)=Wall,(1,5)=Food,(2,5)=Empty,(3,5)=Ghost1,(4,5)=Empty,(5,5)=Empty,(6,5)=Wall', '(0,6)=Wall,(1,6)=Wall,(2,6)=Wall,(3,6)=Wall,(4,6)=Wall,(5,6)=Wall,(6,6)=Wall'], 'pacman_pos': [2, 1], 'ghost_pos': [[3, 5]], 'score': 0.0, 'food_count': 2, 'legal_actions': ['West', 'Stop', 'East']}'''
        
        其中：
            1. layout_list: (List of Strings) ["(0,0)=Wall", "(1,0)=Pacman"...]
                - wall 是墙壁，不能通过这里
                - Pacman 是你所在的位置
            2. pacman_pos: (List of Integers) [x, y]
                - 表明你当前的位置
            3. ghost_pos: (List of Lists) [[x, y], [x, y]]
                - 表明ghost的位置，你需要尽可能避开它
            4. score: (Integer)
                - 当前的分数，你需要尽可能提高这个分数
            5. food_count: (Integer)
                - 地图中的食物数量，你需要获取所有的食物
            6. legal_actions: (List of Strings) ['North', 'South', ...]
                - 合法的操作。请注意绝大多数情况，不会选择'stop'，你可以理解为把'stop'移除。
        你的思路应该是
        1. 从'legal_actions'中，分别计算操作这些actions后到达的位置，以及新的位置到食物、ghost的距离。
        2. 如果所有actions距离ghost的距离都小于等于3，那么你应该果断选择远离ghost的路径。
        3. 如果存在有actions距离ghost的距离大于3，那么找计算后的位置到food的距离等于0，则直接选择这个actions
        4. 不到万不得已，不选上一步的反方向。
        5. 如果最后没得选，则选一个离ghost距离最远的，总之不能选stop。
        请逐步推理，再给出可选的actions，你的答案只能是第一步。
        然后在给出答案前，请对答案进行检验，确定不会碰到ghosts
        好的请遵守游戏规则，并且牢记你的两个目标，完成任务吧。
        
输出最终行动，格式必须严格如下：<action>行动</action>。其中"行动"必须是以下之一: North, South, East, West, Stop
 例如：<action>North</action>
--- RESPONSE ---
<action>West</action>
--- ACTION ---
West
------------------------------
TIME: 2025-12-10 21:36:26.666520
--- FULL USER INPUT ---

        "*** YOUR PROMPT HERE ***" 
        你现在是一个操作顶尖的吃豆人。你有两个必须要完成的任务             1. 需要避开不断追赶你的ghosts，与他保持一定的距离。
            2. 需要把所有的豆子吃完。
        
        这个是当前的游戏数据：'''{'layout_list': ['(0,0)=Wall,(1,0)=Wall,(2,0)=Wall,(3,0)=Wall,(4,0)=Wall,(5,0)=Wall,(6,0)=Wall', '(0,1)=Wall,(1,1)=Pacman,(2,1)=Empty,(3,1)=Empty,(4,1)=Empty,(5,1)=Empty,(6,1)=Wall', '(0,2)=Wall,(1,2)=Empty,(2,2)=Wall,(3,2)=Wall,(4,2)=Wall,(5,2)=Empty,(6,2)=Wall', '(0,3)=Wall,(1,3)=Empty,(2,3)=Wall,(3,3)=Food,(4,3)=Empty,(5,3)=Empty,(6,3)=Wall', '(0,4)=Wall,(1,4)=Empty,(2,4)=Wall,(3,4)=Wall,(4,4)=Wall,(5,4)=Empty,(6,4)=Wall', '(0,5)=Wall,(1,5)=Food,(2,5)=Ghost1,(3,5)=Empty,(4,5)=Empty,(5,5)=Empty,(6,5)=Wall', '(0,6)=Wall,(1,6)=Wall,(2,6)=Wall,(3,6)=Wall,(4,6)=Wall,(5,6)=Wall,(6,6)=Wall'], 'pacman_pos': [1, 1], 'ghost_pos': [[2, 5]], 'score': -1.0, 'food_count': 2, 'legal_actions': ['Stop', 'East', 'South']}'''
        
        其中：
            1. layout_list: (List of Strings) ["(0,0)=Wall", "(1,0)=Pacman"...]
                - wall 是墙壁，不能通过这里
                - Pacman 是你所在的位置
            2. pacman_pos: (List of Integers) [x, y]
                - 表明你当前的位置
            3. ghost_pos: (List of Lists) [[x, y], [x, y]]
                - 表明ghost的位置，你需要尽可能避开它
            4. score: (Integer)
                - 当前的分数，你需要尽可能提高这个分数
            5. food_count: (Integer)
                - 地图中的食物数量，你需要获取所有的食物
            6. legal_actions: (List of Strings) ['North', 'South', ...]
                - 合法的操作。请注意绝大多数情况，不会选择'stop'，你可以理解为把'stop'移除。
        你的思路应该是
        1. 从'legal_actions'中，分别计算操作这些actions后到达的位置，以及新的位置到食物、ghost的距离。
        2. 如果所有actions距离ghost的距离都小于等于3，那么你应该果断选择远离ghost的路径。
        3. 如果存在有actions距离ghost的距离大于3，那么找计算后的位置到food的距离等于0，则直接选择这个actions
        4. 不到万不得已，不选上一步的反方向。
        5. 如果最后没得选，则选一个离ghost距离最远的，总之不能选stop。
        请逐步推理，再给出可选的actions，你的答案只能是第一步。
        然后在给出答案前，请对答案进行检验，确定不会碰到ghosts
        好的请遵守游戏规则，并且牢记你的两个目标，完成任务吧。
        
输出最终行动，格式必须严格如下：<action>行动</action>。其中"行动"必须是以下之一: North, South, East, West, Stop
 例如：<action>North</action>
--- RESPONSE ---
<action>East</action>
--- ACTION ---
East
------------------------------
TIME: 2025-12-10 21:36:27.079666
--- FULL USER INPUT ---

        "*** YOUR PROMPT HERE ***" 
        你现在是一个操作顶尖的吃豆人。你有两个必须要完成的任务             1. 需要避开不断追赶你的ghosts，与他保持一定的距离。
            2. 需要把所有的豆子吃完。
        
        这个是当前的游戏数据：'''{'layout_list': ['(0,0)=Wall,(1,0)=Wall,(2,0)=Wall,(3,0)=Wall,(4,0)=Wall,(5,0)=Wall,(6,0)=Wall', '(0,1)=Wall,(1,1)=Empty,(2,1)=Pacman,(3,1)=Empty,(4,1)=Empty,(5,1)=Empty,(6,1)=Wall', '(0,2)=Wall,(1,2)=Empty,(2,2)=Wall,(3,2)=Wall,(4,2)=Wall,(5,2)=Empty,(6,2)=Wall', '(0,3)=Wall,(1,3)=Empty,(2,3)=Wall,(3,3)=Food,(4,3)=Empty,(5,3)=Empty,(6,3)=Wall', '(0,4)=Wall,(1,4)=Empty,(2,4)=Wall,(3,4)=Wall,(4,4)=Wall,(5,4)=Empty,(6,4)=Wall', '(0,5)=Wall,(1,5)=Ghost1,(2,5)=Empty,(3,5)=Empty,(4,5)=Empty,(5,5)=Empty,(6,5)=Wall', '(0,6)=Wall,(1,6)=Wall,(2,6)=Wall,(3,6)=Wall,(4,6)=Wall,(5,6)=Wall,(6,6)=Wall'], 'pacman_pos': [2, 1], 'ghost_pos': [[1, 5]], 'score': -2.0, 'food_count': 2, 'legal_actions': ['West', 'Stop', 'East']}'''
        
        其中：
            1. layout_list: (List of Strings) ["(0,0)=Wall", "(1,0)=Pacman"...]
                - wall 是墙壁，不能通过这里
                - Pacman 是你所在的位置
            2. pacman_pos: (List of Integers) [x, y]
                - 表明你当前的位置
            3. ghost_pos: (List of Lists) [[x, y], [x, y]]
                - 表明ghost的位置，你需要尽可能避开它
            4. score: (Integer)
                - 当前的分数，你需要尽可能提高这个分数
            5. food_count: (Integer)
                - 地图中的食物数量，你需要获取所有的食物
            6. legal_actions: (List of Strings) ['North', 'South', ...]
                - 合法的操作。请注意绝大多数情况，不会选择'stop'，你可以理解为把'stop'移除。
        你的思路应该是
        1. 从'legal_actions'中，分别计算操作这些actions后到达的位置，以及新的位置到食物、ghost的距离。
        2. 如果所有actions距离ghost的距离都小于等于3，那么你应该果断选择远离ghost的路径。
        3. 如果存在有actions距离ghost的距离大于3，那么找计算后的位置到food的距离等于0，则直接选择这个actions
        4. 不到万不得已，不选上一步的反方向。
        5. 如果最后没得选，则选一个离ghost距离最远的，总之不能选stop。
        请逐步推理，再给出可选的actions，你的答案只能是第一步。
        然后在给出答案前，请对答案进行检验，确定不会碰到ghosts
        好的请遵守游戏规则，并且牢记你的两个目标，完成任务吧。
        
输出最终行动，格式必须严格如下：<action>行动</action>。其中"行动"必须是以下之一: North, South, East, West, Stop
 例如：<action>North</action>
--- RESPONSE ---
<action>West</action>
--- ACTION ---
West
------------------------------
TIME: 2025-12-10 21:36:27.511735
--- FULL USER INPUT ---

        "*** YOUR PROMPT HERE ***" 
        你现在是一个操作顶尖的吃豆人。你有两个必须要完成的任务             1. 需要避开不断追赶你的ghosts，与他保持一定的距离。
            2. 需要把所有的豆子吃完。
        
        这个是当前的游戏数据：'''{'layout_list': ['(0,0)=Wall,(1,0)=Wall,(2,0)=Wall,(3,0)=Wall,(4,0)=Wall,(5,0)=Wall,(6,0)=Wall', '(0,1)=Wall,(1,1)=Pacman,(2,1)=Empty,(3,1)=Empty,(4,1)=Empty,(5,1)=Empty,(6,1)=Wall', '(0,2)=Wall,(1,2)=Empty,(2,2)=Wall,(3,2)=Wall,(4,2)=Wall,(5,2)=Empty,(6,2)=Wall', '(0,3)=Wall,(1,3)=Empty,(2,3)=Wall,(3,3)=Food,(4,3)=Empty,(5,3)=Empty,(6,3)=Wall', '(0,4)=Wall,(1,4)=Ghost1,(2,4)=Wall,(3,4)=Wall,(4,4)=Wall,(5,4)=Empty,(6,4)=Wall', '(0,5)=Wall,(1,5)=Food,(2,5)=Empty,(3,5)=Empty,(4,5)=Empty,(5,5)=Empty,(6,5)=Wall', '(0,6)=Wall,(1,6)=Wall,(2,6)=Wall,(3,6)=Wall,(4,6)=Wall,(5,6)=Wall,(6,6)=Wall'], 'pacman_pos': [1, 1], 'ghost_pos': [[1, 4]], 'score': -3.0, 'food_count': 2, 'legal_actions': ['Stop', 'East', 'South']}'''
        
        其中：
            1. layout_list: (List of Strings) ["(0,0)=Wall", "(1,0)=Pacman"...]
                - wall 是墙壁，不能通过这里
                - Pacman 是你所在的位置
            2. pacman_pos: (List of Integers) [x, y]
                - 表明你当前的位置
            3. ghost_pos: (List of Lists) [[x, y], [x, y]]
                - 表明ghost的位置，你需要尽可能避开它
            4. score: (Integer)
                - 当前的分数，你需要尽可能提高这个分数
            5. food_count: (Integer)
                - 地图中的食物数量，你需要获取所有的食物
            6. legal_actions: (List of Strings) ['North', 'South', ...]
                - 合法的操作。请注意绝大多数情况，不会选择'stop'，你可以理解为把'stop'移除。
        你的思路应该是
        1. 从'legal_actions'中，分别计算操作这些actions后到达的位置，以及新的位置到食物、ghost的距离。
        2. 如果所有actions距离ghost的距离都小于等于3，那么你应该果断选择远离ghost的路径。
        3. 如果存在有actions距离ghost的距离大于3，那么找计算后的位置到food的距离等于0，则直接选择这个actions
        4. 不到万不得已，不选上一步的反方向。
        5. 如果最后没得选，则选一个离ghost距离最远的，总之不能选stop。
        请逐步推理，再给出可选的actions，你的答案只能是第一步。
        然后在给出答案前，请对答案进行检验，确定不会碰到ghosts
        好的请遵守游戏规则，并且牢记你的两个目标，完成任务吧。
        
输出最终行动，格式必须严格如下：<action>行动</action>。其中"行动"必须是以下之一: North, South, East, West, Stop
 例如：<action>North</action>
--- RESPONSE ---
<action>East</action>
--- ACTION ---
East
------------------------------
TIME: 2025-12-10 21:36:27.896107
--- FULL USER INPUT ---

        "*** YOUR PROMPT HERE ***" 
        你现在是一个操作顶尖的吃豆人。你有两个必须要完成的任务             1. 需要避开不断追赶你的ghosts，与他保持一定的距离。
            2. 需要把所有的豆子吃完。
        
        这个是当前的游戏数据：'''{'layout_list': ['(0,0)=Wall,(1,0)=Wall,(2,0)=Wall,(3,0)=Wall,(4,0)=Wall,(5,0)=Wall,(6,0)=Wall', '(0,1)=Wall,(1,1)=Empty,(2,1)=Pacman,(3,1)=Empty,(4,1)=Empty,(5,1)=Empty,(6,1)=Wall', '(0,2)=Wall,(1,2)=Empty,(2,2)=Wall,(3,2)=Wall,(4,2)=Wall,(5,2)=Empty,(6,2)=Wall', '(0,3)=Wall,(1,3)=Ghost1,(2,3)=Wall,(3,3)=Food,(4,3)=Empty,(5,3)=Empty,(6,3)=Wall', '(0,4)=Wall,(1,4)=Empty,(2,4)=Wall,(3,4)=Wall,(4,4)=Wall,(5,4)=Empty,(6,4)=Wall', '(0,5)=Wall,(1,5)=Food,(2,5)=Empty,(3,5)=Empty,(4,5)=Empty,(5,5)=Empty,(6,5)=Wall', '(0,6)=Wall,(1,6)=Wall,(2,6)=Wall,(3,6)=Wall,(4,6)=Wall,(5,6)=Wall,(6,6)=Wall'], 'pacman_pos': [2, 1], 'ghost_pos': [[1, 3]], 'score': -4.0, 'food_count': 2, 'legal_actions': ['West', 'Stop', 'East']}'''
        
        其中：
            1. layout_list: (List of Strings) ["(0,0)=Wall", "(1,0)=Pacman"...]
                - wall 是墙壁，不能通过这里
                - Pacman 是你所在的位置
            2. pacman_pos: (List of Integers) [x, y]
                - 表明你当前的位置
            3. ghost_pos: (List of Lists) [[x, y], [x, y]]
                - 表明ghost的位置，你需要尽可能避开它
            4. score: (Integer)
                - 当前的分数，你需要尽可能提高这个分数
            5. food_count: (Integer)
                - 地图中的食物数量，你需要获取所有的食物
            6. legal_actions: (List of Strings) ['North', 'South', ...]
                - 合法的操作。请注意绝大多数情况，不会选择'stop'，你可以理解为把'stop'移除。
        你的思路应该是
        1. 从'legal_actions'中，分别计算操作这些actions后到达的位置，以及新的位置到食物、ghost的距离。
        2. 如果所有actions距离ghost的距离都小于等于3，那么你应该果断选择远离ghost的路径。
        3. 如果存在有actions距离ghost的距离大于3，那么找计算后的位置到food的距离等于0，则直接选择这个actions
        4. 不到万不得已，不选上一步的反方向。
        5. 如果最后没得选，则选一个离ghost距离最远的，总之不能选stop。
        请逐步推理，再给出可选的actions，你的答案只能是第一步。
        然后在给出答案前，请对答案进行检验，确定不会碰到ghosts
        好的请遵守游戏规则，并且牢记你的两个目标，完成任务吧。
        
输出最终行动，格式必须严格如下：<action>行动</action>。其中"行动"必须是以下之一: North, South, East, West, Stop
 例如：<action>North</action>
--- RESPONSE ---
<action>West</action>
--- ACTION ---
West
------------------------------
TIME: 2025-12-10 21:36:33.558649
--- FULL USER INPUT ---

        "*** YOUR PROMPT HERE ***" 
        你现在是一个操作顶尖的吃豆人。你有两个必须要完成的任务             1. 需要避开不断追赶你的ghosts，与他保持一定的距离。
            2. 需要把所有的豆子吃完。
        
        这个是当前的游戏数据：'''{'layout_list': ['(0,0)=Wall,(1,0)=Wall,(2,0)=Wall,(3,0)=Wall,(4,0)=Wall,(5,0)=Wall,(6,0)=Wall', '(0,1)=Wall,(1,1)=Pacman,(2,1)=Empty,(3,1)=Empty,(4,1)=Empty,(5,1)=Empty,(6,1)=Wall', '(0,2)=Wall,(1,2)=Ghost1,(2,2)=Wall,(3,2)=Wall,(4,2)=Wall,(5,2)=Empty,(6,2)=Wall', '(0,3)=Wall,(1,3)=Empty,(2,3)=Wall,(3,3)=Food,(4,3)=Empty,(5,3)=Empty,(6,3)=Wall', '(0,4)=Wall,(1,4)=Empty,(2,4)=Wall,(3,4)=Wall,(4,4)=Wall,(5,4)=Empty,(6,4)=Wall', '(0,5)=Wall,(1,5)=Food,(2,5)=Empty,(3,5)=Empty,(4,5)=Empty,(5,5)=Empty,(6,5)=Wall', '(0,6)=Wall,(1,6)=Wall,(2,6)=Wall,(3,6)=Wall,(4,6)=Wall,(5,6)=Wall,(6,6)=Wall'], 'pacman_pos': [1, 1], 'ghost_pos': [[1, 2]], 'score': -5.0, 'food_count': 2, 'legal_actions': ['Stop', 'East', 'South']}'''
        
        其中：
            1. layout_list: (List of Strings) ["(0,0)=Wall", "(1,0)=Pacman"...]
                - wall 是墙壁，不能通过这里
                - Pacman 是你所在的位置
            2. pacman_pos: (List of Integers) [x, y]
                - 表明你当前的位置
            3. ghost_pos: (List of Lists) [[x, y], [x, y]]
                - 表明ghost的位置，你需要尽可能避开它
            4. score: (Integer)
                - 当前的分数，你需要尽可能提高这个分数
            5. food_count: (Integer)
                - 地图中的食物数量，你需要获取所有的食物
            6. legal_actions: (List of Strings) ['North', 'South', ...]
                - 合法的操作。请注意绝大多数情况，不会选择'stop'，你可以理解为把'stop'移除。
        你的思路应该是
        1. 从'legal_actions'中，分别计算操作这些actions后到达的位置，以及新的位置到食物、ghost的距离。
        2. 如果所有actions距离ghost的距离都小于等于3，那么你应该果断选择远离ghost的路径。
        3. 如果存在有actions距离ghost的距离大于3，那么找计算后的位置到food的距离等于0，则直接选择这个actions
        4. 不到万不得已，不选上一步的反方向。
        5. 如果最后没得选，则选一个离ghost距离最远的，总之不能选stop。
        请逐步推理，再给出可选的actions，你的答案只能是第一步。
        然后在给出答案前，请对答案进行检验，确定不会碰到ghosts
        好的请遵守游戏规则，并且牢记你的两个目标，完成任务吧。
        
输出最终行动，格式必须严格如下：<action>行动</action>。其中"行动"必须是以下之一: North, South, East, West, Stop
 例如：<action>North</action>
--- RESPONSE ---
首先，我们分析当前游戏数据：

### 1. 当前布局
- `layout_list` 表示地图的每个格子状态。
- 我们可以从中提取出关键信息：
  - **Pacman 的位置**：在 `(1,1)`（即 `[1,1]`）。
  - **Ghost 的位置**：在 `(1,2)`（即 `[1,2]`）。
  - **食物的位置**：
    - `(3,3)`
    - `(1,5)`

### 2. 当前合法操作
- `legal_actions`: ['Stop', 'East', 'South']

注意：根据规则，我们应排除 `Stop`，除非没有其他选择。

### 3. 分析每个合法动作后的新位置

#### a. East (东)
- 从 `(1,1)` 向东移动到 `(2,1)`。
- 检查是否是墙：`(2,1)` 是 `Empty`，可以走。
- 新位置：`(2,1)`
- 到 Ghost 的距离：`(2,1)` 和 `(1,2)` 的曼哈顿距离是 `|2-1| + |1-2| = 1 + 1 = 2`
- 到食物的距离：
  - 到 `(3,3)`：`|3-2| + |3-1| = 1 + 2 = 3`
  - 到 `(1,5)`：`|1-2| + |5-1| = 1 + 4 = 5`
- 所以，这个动作是安全的，且靠近食物。

#### b. South (南)
- 从 `(1,1)` 向南移动到 `(1,2)`。
- 检查是否是墙：`(1,2)` 是 `Ghost1`，不能走。
- 所以，这个动作不可行。

#### c. Stop (停止)
- 不移动，但会浪费时间，且可能被 ghost 追上。
- 根据规则，不到万不得已不选。

### 4. 综合判断
- 只有 `East` 是可行的合法动作。
- 其他两个动作要么是墙，要么是 `Stop`。
- `East` 距离 ghost 为 2，小于 3，但它是唯一可选的动作。
- 且它靠近食物，有助于完成任务。

### 5. 检验
- `East` 后的位置 `(2,1)` 是 `Empty`，不是墙。
- 不会碰到 ghost。
- 是唯一可行的合法动作。

---

### 最终行动：
<action>East</action>
--- ACTION ---
East
------------------------------
TIME: 2025-12-10 21:36:33.902742
--- FULL USER INPUT ---

        "*** YOUR PROMPT HERE ***" 
        你现在是一个操作顶尖的吃豆人。你有两个必须要完成的任务             1. 需要避开不断追赶你的ghosts，与他保持一定的距离。
            2. 需要把所有的豆子吃完。
        
        这个是当前的游戏数据：'''{'layout_list': ['(0,0)=Wall,(1,0)=Wall,(2,0)=Wall,(3,0)=Wall,(4,0)=Wall,(5,0)=Wall,(6,0)=Wall', '(0,1)=Wall,(1,1)=Ghost1,(2,1)=Pacman,(3,1)=Empty,(4,1)=Empty,(5,1)=Empty,(6,1)=Wall', '(0,2)=Wall,(1,2)=Empty,(2,2)=Wall,(3,2)=Wall,(4,2)=Wall,(5,2)=Empty,(6,2)=Wall', '(0,3)=Wall,(1,3)=Empty,(2,3)=Wall,(3,3)=Food,(4,3)=Empty,(5,3)=Empty,(6,3)=Wall', '(0,4)=Wall,(1,4)=Empty,(2,4)=Wall,(3,4)=Wall,(4,4)=Wall,(5,4)=Empty,(6,4)=Wall', '(0,5)=Wall,(1,5)=Food,(2,5)=Empty,(3,5)=Empty,(4,5)=Empty,(5,5)=Empty,(6,5)=Wall', '(0,6)=Wall,(1,6)=Wall,(2,6)=Wall,(3,6)=Wall,(4,6)=Wall,(5,6)=Wall,(6,6)=Wall'], 'pacman_pos': [2, 1], 'ghost_pos': [[1, 1]], 'score': -6.0, 'food_count': 2, 'legal_actions': ['West', 'Stop', 'East']}'''
        
        其中：
            1. layout_list: (List of Strings) ["(0,0)=Wall", "(1,0)=Pacman"...]
                - wall 是墙壁，不能通过这里
                - Pacman 是你所在的位置
            2. pacman_pos: (List of Integers) [x, y]
                - 表明你当前的位置
            3. ghost_pos: (List of Lists) [[x, y], [x, y]]
                - 表明ghost的位置，你需要尽可能避开它
            4. score: (Integer)
                - 当前的分数，你需要尽可能提高这个分数
            5. food_count: (Integer)
                - 地图中的食物数量，你需要获取所有的食物
            6. legal_actions: (List of Strings) ['North', 'South', ...]
                - 合法的操作。请注意绝大多数情况，不会选择'stop'，你可以理解为把'stop'移除。
        你的思路应该是
        1. 从'legal_actions'中，分别计算操作这些actions后到达的位置，以及新的位置到食物、ghost的距离。
        2. 如果所有actions距离ghost的距离都小于等于3，那么你应该果断选择远离ghost的路径。
        3. 如果存在有actions距离ghost的距离大于3，那么找计算后的位置到food的距离等于0，则直接选择这个actions
        4. 不到万不得已，不选上一步的反方向。
        5. 如果最后没得选，则选一个离ghost距离最远的，总之不能选stop。
        请逐步推理，再给出可选的actions，你的答案只能是第一步。
        然后在给出答案前，请对答案进行检验，确定不会碰到ghosts
        好的请遵守游戏规则，并且牢记你的两个目标，完成任务吧。
        
输出最终行动，格式必须严格如下：<action>行动</action>。其中"行动"必须是以下之一: North, South, East, West, Stop
 例如：<action>North</action>
--- RESPONSE ---
<action>East</action>
--- ACTION ---
East
------------------------------
TIME: 2025-12-10 21:36:34.278499
--- FULL USER INPUT ---

        "*** YOUR PROMPT HERE ***" 
        你现在是一个操作顶尖的吃豆人。你有两个必须要完成的任务             1. 需要避开不断追赶你的ghosts，与他保持一定的距离。
            2. 需要把所有的豆子吃完。
        
        这个是当前的游戏数据：'''{'layout_list': ['(0,0)=Wall,(1,0)=Wall,(2,0)=Wall,(3,0)=Wall,(4,0)=Wall,(5,0)=Wall,(6,0)=Wall', '(0,1)=Wall,(1,1)=Empty,(2,1)=Ghost1,(3,1)=Pacman,(4,1)=Empty,(5,1)=Empty,(6,1)=Wall', '(0,2)=Wall,(1,2)=Empty,(2,2)=Wall,(3,2)=Wall,(4,2)=Wall,(5,2)=Empty,(6,2)=Wall', '(0,3)=Wall,(1,3)=Empty,(2,3)=Wall,(3,3)=Food,(4,3)=Empty,(5,3)=Empty,(6,3)=Wall', '(0,4)=Wall,(1,4)=Empty,(2,4)=Wall,(3,4)=Wall,(4,4)=Wall,(5,4)=Empty,(6,4)=Wall', '(0,5)=Wall,(1,5)=Food,(2,5)=Empty,(3,5)=Empty,(4,5)=Empty,(5,5)=Empty,(6,5)=Wall', '(0,6)=Wall,(1,6)=Wall,(2,6)=Wall,(3,6)=Wall,(4,6)=Wall,(5,6)=Wall,(6,6)=Wall'], 'pacman_pos': [3, 1], 'ghost_pos': [[2, 1]], 'score': -7.0, 'food_count': 2, 'legal_actions': ['West', 'Stop', 'East']}'''
        
        其中：
            1. layout_list: (List of Strings) ["(0,0)=Wall", "(1,0)=Pacman"...]
                - wall 是墙壁，不能通过这里
                - Pacman 是你所在的位置
            2. pacman_pos: (List of Integers) [x, y]
                - 表明你当前的位置
            3. ghost_pos: (List of Lists) [[x, y], [x, y]]
                - 表明ghost的位置，你需要尽可能避开它
            4. score: (Integer)
                - 当前的分数，你需要尽可能提高这个分数
            5. food_count: (Integer)
                - 地图中的食物数量，你需要获取所有的食物
            6. legal_actions: (List of Strings) ['North', 'South', ...]
                - 合法的操作。请注意绝大多数情况，不会选择'stop'，你可以理解为把'stop'移除。
        你的思路应该是
        1. 从'legal_actions'中，分别计算操作这些actions后到达的位置，以及新的位置到食物、ghost的距离。
        2. 如果所有actions距离ghost的距离都小于等于3，那么你应该果断选择远离ghost的路径。
        3. 如果存在有actions距离ghost的距离大于3，那么找计算后的位置到food的距离等于0，则直接选择这个actions
        4. 不到万不得已，不选上一步的反方向。
        5. 如果最后没得选，则选一个离ghost距离最远的，总之不能选stop。
        请逐步推理，再给出可选的actions，你的答案只能是第一步。
        然后在给出答案前，请对答案进行检验，确定不会碰到ghosts
        好的请遵守游戏规则，并且牢记你的两个目标，完成任务吧。
        
输出最终行动，格式必须严格如下：<action>行动</action>。其中"行动"必须是以下之一: North, South, East, West, Stop
 例如：<action>North</action>
--- RESPONSE ---
<action>West</action>
--- ACTION ---
West
------------------------------
