TIME: 2025-12-10 21:44:06.104095
--- FULL USER INPUT ---

        "*** YOUR PROMPT HERE ***" 
        你现在是一个操作顶尖的吃豆人。你有两个必须要完成的任务             1. 需要避开不断追赶你的ghosts，与他保持一定的距离。
            2. 需要把所有的豆子吃完。
        
        这个是当前的游戏数据：'''{'layout_list': ['(0,0)=Wall,(1,0)=Wall,(2,0)=Wall,(3,0)=Wall,(4,0)=Wall,(5,0)=Wall,(6,0)=Wall', '(0,1)=Wall,(1,1)=Empty,(2,1)=Pacman,(3,1)=Empty,(4,1)=Empty,(5,1)=Empty,(6,1)=Wall', '(0,2)=Wall,(1,2)=Empty,(2,2)=Wall,(3,2)=Wall,(4,2)=Wall,(5,2)=Empty,(6,2)=Wall', '(0,3)=Wall,(1,3)=Empty,(2,3)=Wall,(3,3)=Food,(4,3)=Empty,(5,3)=Empty,(6,3)=Wall', '(0,4)=Wall,(1,4)=Empty,(2,4)=Wall,(3,4)=Wall,(4,4)=Wall,(5,4)=Empty,(6,4)=Wall', '(0,5)=Wall,(1,5)=Food,(2,5)=Empty,(3,5)=Ghost1,(4,5)=Empty,(5,5)=Empty,(6,5)=Wall', '(0,6)=Wall,(1,6)=Wall,(2,6)=Wall,(3,6)=Wall,(4,6)=Wall,(5,6)=Wall,(6,6)=Wall'], 'pacman_pos': [2, 1], 'ghost_pos': [[3, 5]], 'score': 0.0, 'food_count': 2, 'legal_actions': ['West', 'Stop', 'East']}'''
        
        其中：
            1. layout_list: (List of Strings) ["(0,0)=Wall", "(1,0)=Pacman"...]
                - wall 是墙壁，不能通过这里
                - Pacman 是你所在的位置
            2. pacman_pos: (List of Integers) [x, y]
                - 表明你当前的位置
            3. ghost_pos: (List of Lists) [[x, y], [x, y]]
                - 表明ghost的位置，你需要尽可能避开它
            4. score: (Integer)
                - 当前的分数，你需要尽可能提高这个分数
            5. food_count: (Integer)
                - 地图中的食物数量，你需要获取所有的食物
            6. legal_actions: (List of Strings) ['North', 'South', ...]
                - 合法的操作。请注意绝大多数情况，不会选择'stop'，你可以理解为把'stop'移除。

        
        你的思路应该是
        1. 从'legal_actions'中，分别计算操作这些actions后到达的位置，以及新的位置到食物、ghost的距离。
        2. 如果所有actions距离ghost的距离都小于等于3，那么你应该果断选择远离ghost的路径。
        3. 如果存在有actions距离ghost的距离大于3，那么找计算后的位置到food的距离等于0，则直接选择这个actions
        4. 不到万不得已，不选上一步的反方向。
        5. 如果最后没得选，则选一个离ghost距离最远的，总之不能选stop。
        其中以上的距离全部是|x_1 - x| + |y_1 - y|。
        请逐步推理，再给出可选的actions，你的答案只能是第一步。
        然后在给出答案前，请对答案进行检验，确定不会碰到ghosts
        好的请遵守游戏规则，并且牢记你的两个目标，完成任务吧。
        
输出最终行动，格式必须严格如下：<action>行动</action>。其中"行动"必须是以下之一: North, South, East, West, Stop
 例如：<action>North</action>
--- RESPONSE ---
### 第一步：分析当前游戏数据

根据提供的游戏数据：

- **Pacman 的位置**是 `[2, 1]`。
- **Ghost 的位置**是 `[[3, 5]]`。
- **合法的操作**是 `['West', 'Stop', 'East']`。注意，我们通常不会选择 `Stop`，所以可以忽略它。
- **食物数量**是 `2`，说明还有两个豆子需要吃。
- **地图布局**中，Pacman 在 `(2,1)`，而 Ghost 在 `(3,5)`。

---

### 第二步：计算每个合法操作后的新位置

#### 1. West（向西）：
- 当前位置是 `(2,1)`，向西移动到 `(1,1)`。
- 检查是否是墙：`(1,1)` 是 `Empty`，可以走。
- 新位置是 `(1,1)`。

#### 2. East（向东）：
- 当前位置是 `(2,1)`，向东移动到 `(3,1)`。
- 检查是否是墙：`(3,1)` 是 `Empty`，可以走。
- 新位置是 `(3,1)`。

---

### 第三步：计算新位置到 Ghost 和 Food 的距离

#### Ghost 的位置是 `(3,5)`。

##### West 后的位置 `(1,1)` 到 Ghost 的距离：
- 距离 = `|1 - 3| + |1 - 5| = 2 + 4 = 6`

##### East 后的位置 `(3,1)` 到 Ghost 的距离：
- 距离 = `|3 - 3| + |1 - 5| = 0 + 4 = 4`

#### Food 的位置：
- 根据 layout_list，Food 的位置有：
  - `(1,5)`
  - `(3,3)`

##### West 后的位置 `(1,1)` 到 Food 的距离：
- 到 `(1,5)`：`|1 - 1| + |1 - 5| = 0 + 4 = 4`
- 到 `(3,3)`：`|1 - 3| + |1 - 3| = 2 + 2 = 4`

##### East 后的位置 `(3,1)` 到 Food 的距离：
- 到 `(1,5)`：`|3 - 1| + |1 - 5| = 2 + 4 = 6`
- 到 `(3,3)`：`|3 - 3| + |1 - 3| = 0 + 2 = 2`

---

### 第四步：根据规则进行决策

- **规则 3**：如果存在一个动作使得新位置到 food 的距离为 0，则直接选这个动作。
  - 但目前没有动作能到达 food 的位置，所以不适用。

- **规则 2**：如果所有动作到 ghost 的距离都小于等于 3，那么选择远离 ghost 的路径。
  - West 后的距离是 6，East 后的距离是 4。
  - 所以不是所有动作都小于等于 3，因此不适用。

- **规则 4**：不到万不得已，不选上一步的反方向。
  - 上一步没有移动，所以这条规则暂时不适用。

- **规则 5**：如果没有其他选择，就选离 ghost 最远的。
  - West 后的距离是 6，East 后的距离是 4。
  - 所以应该选 **West**。

---

### 第五步：验证是否安全

- West 后的位置是 `(1,1)`，检查是否是墙或 ghost 的位置。
  - `(1,1)` 是 `Empty`，不是墙。
  - Ghost 在 `(3,5)`，不在 `(1,1)`。
- 所以 **West 是安全的**。

---

### 最终答案：

<action>West</action>
--- ACTION ---
West
------------------------------
TIME: 2025-12-10 21:44:06.535042
--- FULL USER INPUT ---

        "*** YOUR PROMPT HERE ***" 
        你现在是一个操作顶尖的吃豆人。你有两个必须要完成的任务             1. 需要避开不断追赶你的ghosts，与他保持一定的距离。
            2. 需要把所有的豆子吃完。
        
        这个是当前的游戏数据：'''{'layout_list': ['(0,0)=Wall,(1,0)=Wall,(2,0)=Wall,(3,0)=Wall,(4,0)=Wall,(5,0)=Wall,(6,0)=Wall', '(0,1)=Wall,(1,1)=Pacman,(2,1)=Empty,(3,1)=Empty,(4,1)=Empty,(5,1)=Empty,(6,1)=Wall', '(0,2)=Wall,(1,2)=Empty,(2,2)=Wall,(3,2)=Wall,(4,2)=Wall,(5,2)=Empty,(6,2)=Wall', '(0,3)=Wall,(1,3)=Empty,(2,3)=Wall,(3,3)=Food,(4,3)=Empty,(5,3)=Empty,(6,3)=Wall', '(0,4)=Wall,(1,4)=Empty,(2,4)=Wall,(3,4)=Wall,(4,4)=Wall,(5,4)=Empty,(6,4)=Wall', '(0,5)=Wall,(1,5)=Food,(2,5)=Ghost1,(3,5)=Empty,(4,5)=Empty,(5,5)=Empty,(6,5)=Wall', '(0,6)=Wall,(1,6)=Wall,(2,6)=Wall,(3,6)=Wall,(4,6)=Wall,(5,6)=Wall,(6,6)=Wall'], 'pacman_pos': [1, 1], 'ghost_pos': [[2, 5]], 'score': -1.0, 'food_count': 2, 'legal_actions': ['Stop', 'East', 'South']}'''
        
        其中：
            1. layout_list: (List of Strings) ["(0,0)=Wall", "(1,0)=Pacman"...]
                - wall 是墙壁，不能通过这里
                - Pacman 是你所在的位置
            2. pacman_pos: (List of Integers) [x, y]
                - 表明你当前的位置
            3. ghost_pos: (List of Lists) [[x, y], [x, y]]
                - 表明ghost的位置，你需要尽可能避开它
            4. score: (Integer)
                - 当前的分数，你需要尽可能提高这个分数
            5. food_count: (Integer)
                - 地图中的食物数量，你需要获取所有的食物
            6. legal_actions: (List of Strings) ['North', 'South', ...]
                - 合法的操作。请注意绝大多数情况，不会选择'stop'，你可以理解为把'stop'移除。

        
        你的思路应该是
        1. 从'legal_actions'中，分别计算操作这些actions后到达的位置，以及新的位置到食物、ghost的距离。
        2. 如果所有actions距离ghost的距离都小于等于3，那么你应该果断选择远离ghost的路径。
        3. 如果存在有actions距离ghost的距离大于3，那么找计算后的位置到food的距离等于0，则直接选择这个actions
        4. 不到万不得已，不选上一步的反方向。
        5. 如果最后没得选，则选一个离ghost距离最远的，总之不能选stop。
        其中以上的距离全部是|x_1 - x| + |y_1 - y|。
        请逐步推理，再给出可选的actions，你的答案只能是第一步。
        然后在给出答案前，请对答案进行检验，确定不会碰到ghosts
        好的请遵守游戏规则，并且牢记你的两个目标，完成任务吧。
        
输出最终行动，格式必须严格如下：<action>行动</action>。其中"行动"必须是以下之一: North, South, East, West, Stop
 例如：<action>North</action>
--- RESPONSE ---
<action>East</action>
--- ACTION ---
East
------------------------------
TIME: 2025-12-10 21:44:14.252640
--- FULL USER INPUT ---

        "*** YOUR PROMPT HERE ***" 
        你现在是一个操作顶尖的吃豆人。你有两个必须要完成的任务             1. 需要避开不断追赶你的ghosts，与他保持一定的距离。
            2. 需要把所有的豆子吃完。
        
        这个是当前的游戏数据：'''{'layout_list': ['(0,0)=Wall,(1,0)=Wall,(2,0)=Wall,(3,0)=Wall,(4,0)=Wall,(5,0)=Wall,(6,0)=Wall', '(0,1)=Wall,(1,1)=Empty,(2,1)=Pacman,(3,1)=Empty,(4,1)=Empty,(5,1)=Empty,(6,1)=Wall', '(0,2)=Wall,(1,2)=Empty,(2,2)=Wall,(3,2)=Wall,(4,2)=Wall,(5,2)=Empty,(6,2)=Wall', '(0,3)=Wall,(1,3)=Empty,(2,3)=Wall,(3,3)=Food,(4,3)=Empty,(5,3)=Empty,(6,3)=Wall', '(0,4)=Wall,(1,4)=Empty,(2,4)=Wall,(3,4)=Wall,(4,4)=Wall,(5,4)=Empty,(6,4)=Wall', '(0,5)=Wall,(1,5)=Ghost1,(2,5)=Empty,(3,5)=Empty,(4,5)=Empty,(5,5)=Empty,(6,5)=Wall', '(0,6)=Wall,(1,6)=Wall,(2,6)=Wall,(3,6)=Wall,(4,6)=Wall,(5,6)=Wall,(6,6)=Wall'], 'pacman_pos': [2, 1], 'ghost_pos': [[1, 5]], 'score': -2.0, 'food_count': 2, 'legal_actions': ['West', 'Stop', 'East']}'''
        
        其中：
            1. layout_list: (List of Strings) ["(0,0)=Wall", "(1,0)=Pacman"...]
                - wall 是墙壁，不能通过这里
                - Pacman 是你所在的位置
            2. pacman_pos: (List of Integers) [x, y]
                - 表明你当前的位置
            3. ghost_pos: (List of Lists) [[x, y], [x, y]]
                - 表明ghost的位置，你需要尽可能避开它
            4. score: (Integer)
                - 当前的分数，你需要尽可能提高这个分数
            5. food_count: (Integer)
                - 地图中的食物数量，你需要获取所有的食物
            6. legal_actions: (List of Strings) ['North', 'South', ...]
                - 合法的操作。请注意绝大多数情况，不会选择'stop'，你可以理解为把'stop'移除。

        
        你的思路应该是
        1. 从'legal_actions'中，分别计算操作这些actions后到达的位置，以及新的位置到食物、ghost的距离。
        2. 如果所有actions距离ghost的距离都小于等于3，那么你应该果断选择远离ghost的路径。
        3. 如果存在有actions距离ghost的距离大于3，那么找计算后的位置到food的距离等于0，则直接选择这个actions
        4. 不到万不得已，不选上一步的反方向。
        5. 如果最后没得选，则选一个离ghost距离最远的，总之不能选stop。
        其中以上的距离全部是|x_1 - x| + |y_1 - y|。
        请逐步推理，再给出可选的actions，你的答案只能是第一步。
        然后在给出答案前，请对答案进行检验，确定不会碰到ghosts
        好的请遵守游戏规则，并且牢记你的两个目标，完成任务吧。
        
输出最终行动，格式必须严格如下：<action>行动</action>。其中"行动"必须是以下之一: North, South, East, West, Stop
 例如：<action>North</action>
--- RESPONSE ---
首先，我们分析当前的游戏数据：

### 1. 当前布局
从 `layout_list` 中可以提取出地图的结构。根据 `pacman_pos = [2, 1]`，我们可以知道吃豆人当前在 (2,1) 的位置。

### 2. Ghost 的位置
`ghost_pos = [[1, 5]]`，即 ghost 在 (1,5) 的位置。

### 3. 可选动作
`legal_actions = ['West', 'Stop', 'East']`，所以可选的动作是：West、Stop、East。

---

### 4. 分析每个动作后的位置

#### a. West（向西移动）
- 新位置：[1, 1]
- 检查是否是墙？根据 layout_list：
  - (1,1)=Empty → 是合法位置。
- 到 ghost 的距离：|1 - 1| + |1 - 5| = 0 + 4 = **4**
- 到食物的距离：(1,1) 是否有食物？根据 layout_list：
  - (1,1)=Empty → 没有食物。
- 所以这个动作不会吃到食物，但离 ghost 较远。

#### b. Stop（停止）
- 不移动，位置不变。
- 到 ghost 的距离：|2 - 1| + |1 - 5| = 1 + 4 = **5**
- 到食物的距离：当前位置 (2,1) 是 Empty，没有食物。
- 但不能选择 Stop，因为规则中说“绝大多数情况不选 Stop”，除非没得选。

#### c. East（向东移动）
- 新位置：[3, 1]
- 检查是否是墙？根据 layout_list：
  - (3,1)=Empty → 合法位置。
- 到 ghost 的距离：|3 - 1| + |1 - 5| = 2 + 4 = **6**
- 到食物的距离：(3,1) 是 Empty，没有食物。
- 这个动作也离 ghost 很远，但也没有食物。

---

### 5. 检查是否有动作能吃到食物
目前地图中还有 2 个食物，但所有可选动作后的位置都没有食物。因此，**无法通过这些动作直接吃到食物**。

---

### 6. 选择最安全的路径
- West: 距离 ghost 4
- East: 距离 ghost 6
- Stop: 距离 ghost 5（但不能选）

所以，**East** 是最安全的选择，因为它离 ghost 最远。

---

### 7. 检查是否可能碰到 ghost
- East 后的位置是 (3,1)，而 ghost 在 (1,5)，两者之间相距 6，不会碰到。

---

### ✅ 最终结论
选择 **East**，这是最安全且符合规则的行动。

```
<action>East</action>
```
--- ACTION ---
East
------------------------------
TIME: 2025-12-10 21:44:22.234180
--- FULL USER INPUT ---

        "*** YOUR PROMPT HERE ***" 
        你现在是一个操作顶尖的吃豆人。你有两个必须要完成的任务             1. 需要避开不断追赶你的ghosts，与他保持一定的距离。
            2. 需要把所有的豆子吃完。
        
        这个是当前的游戏数据：'''{'layout_list': ['(0,0)=Wall,(1,0)=Wall,(2,0)=Wall,(3,0)=Wall,(4,0)=Wall,(5,0)=Wall,(6,0)=Wall', '(0,1)=Wall,(1,1)=Empty,(2,1)=Empty,(3,1)=Pacman,(4,1)=Empty,(5,1)=Empty,(6,1)=Wall', '(0,2)=Wall,(1,2)=Empty,(2,2)=Wall,(3,2)=Wall,(4,2)=Wall,(5,2)=Empty,(6,2)=Wall', '(0,3)=Wall,(1,3)=Empty,(2,3)=Wall,(3,3)=Food,(4,3)=Empty,(5,3)=Empty,(6,3)=Wall', '(0,4)=Wall,(1,4)=Ghost1,(2,4)=Wall,(3,4)=Wall,(4,4)=Wall,(5,4)=Empty,(6,4)=Wall', '(0,5)=Wall,(1,5)=Food,(2,5)=Empty,(3,5)=Empty,(4,5)=Empty,(5,5)=Empty,(6,5)=Wall', '(0,6)=Wall,(1,6)=Wall,(2,6)=Wall,(3,6)=Wall,(4,6)=Wall,(5,6)=Wall,(6,6)=Wall'], 'pacman_pos': [3, 1], 'ghost_pos': [[1, 4]], 'score': -3.0, 'food_count': 2, 'legal_actions': ['West', 'Stop', 'East']}'''
        
        其中：
            1. layout_list: (List of Strings) ["(0,0)=Wall", "(1,0)=Pacman"...]
                - wall 是墙壁，不能通过这里
                - Pacman 是你所在的位置
            2. pacman_pos: (List of Integers) [x, y]
                - 表明你当前的位置
            3. ghost_pos: (List of Lists) [[x, y], [x, y]]
                - 表明ghost的位置，你需要尽可能避开它
            4. score: (Integer)
                - 当前的分数，你需要尽可能提高这个分数
            5. food_count: (Integer)
                - 地图中的食物数量，你需要获取所有的食物
            6. legal_actions: (List of Strings) ['North', 'South', ...]
                - 合法的操作。请注意绝大多数情况，不会选择'stop'，你可以理解为把'stop'移除。

        
        你的思路应该是
        1. 从'legal_actions'中，分别计算操作这些actions后到达的位置，以及新的位置到食物、ghost的距离。
        2. 如果所有actions距离ghost的距离都小于等于3，那么你应该果断选择远离ghost的路径。
        3. 如果存在有actions距离ghost的距离大于3，那么找计算后的位置到food的距离等于0，则直接选择这个actions
        4. 不到万不得已，不选上一步的反方向。
        5. 如果最后没得选，则选一个离ghost距离最远的，总之不能选stop。
        其中以上的距离全部是|x_1 - x| + |y_1 - y|。
        请逐步推理，再给出可选的actions，你的答案只能是第一步。
        然后在给出答案前，请对答案进行检验，确定不会碰到ghosts
        好的请遵守游戏规则，并且牢记你的两个目标，完成任务吧。
        
输出最终行动，格式必须严格如下：<action>行动</action>。其中"行动"必须是以下之一: North, South, East, West, Stop
 例如：<action>North</action>
--- RESPONSE ---
### 第一步：分析当前游戏数据

- **Pacman 位置**：[3, 1]
- **Ghost 位置**：[[1, 4]]
- **Legal actions**：['West', 'Stop', 'East']
- **Food_count**：2（说明还有两个食物未吃）
- **Score**：-3.0（需要提高分数）

---

### 第二步：计算每个合法动作后的新位置

#### 1. West（向西移动）  
- 新位置：[2, 1]  
- 检查是否是墙？`layout_list[1]` 中 `(2,1)=Empty` → 可以走  
- 到 Ghost 的距离：|2 - 1| + |1 - 4| = 1 + 3 = **4**  
- 到 Food 的距离：查看地图中是否有 Food 在 [2,1]，根据 layout_list，该位置是 Empty → 不是 Food  

#### 2. East（向东移动）  
- 新位置：[4, 1]  
- 检查是否是墙？`layout_list[1]` 中 `(4,1)=Empty` → 可以走  
- 到 Ghost 的距离：|4 - 1| + |1 - 4| = 3 + 3 = **6**  
- 到 Food 的距离：检查 [4,1] 是否有 Food？根据 layout_list，该位置是 Empty → 不是 Food  

#### 3. Stop（停止）  
- 不移动，不改变位置  
- 到 Ghost 的距离：|3 - 1| + |1 - 4| = 2 + 3 = **5**  
- 但题目要求“不选 stop”，除非万不得已  

---

### 第三步：判断哪个动作最符合规则

- **West**：到 Ghost 距离为 4，到 Food 距离为 0（不是 Food）  
- **East**：到 Ghost 距离为 6，到 Food 距离为 0（不是 Food）  
- **Stop**：虽然距离 Ghost 为 5，但不能选  

我们发现：
- 所有动作到 Ghost 的距离都大于 3（West: 4, East: 6, Stop: 5）  
- 但没有一个动作到达 Food 的位置（food_count=2，说明还有两个 Food 未吃）  
- 所以我们要找的是**能接近 Food 的路径**，而不是直接吃到 Food 的路径  

在所有合法动作中，**East** 是唯一一个可以往右走的，而右边的区域可能包含 Food。因此选择 **East**。

---

### 第四步：验证是否安全

- **East** 后的位置是 [4,1]，根据 layout_list，该位置是 Empty，不是 Wall  
- 到 Ghost 的距离是 6，远于 3，不会被追上  
- 且没有其他更优的选择  

---

### 最终答案：

<action>East</action>
--- ACTION ---
East
------------------------------
TIME: 2025-12-10 21:44:33.565680
--- FULL USER INPUT ---

        "*** YOUR PROMPT HERE ***" 
        你现在是一个操作顶尖的吃豆人。你有两个必须要完成的任务             1. 需要避开不断追赶你的ghosts，与他保持一定的距离。
            2. 需要把所有的豆子吃完。
        
        这个是当前的游戏数据：'''{'layout_list': ['(0,0)=Wall,(1,0)=Wall,(2,0)=Wall,(3,0)=Wall,(4,0)=Wall,(5,0)=Wall,(6,0)=Wall', '(0,1)=Wall,(1,1)=Empty,(2,1)=Empty,(3,1)=Empty,(4,1)=Pacman,(5,1)=Empty,(6,1)=Wall', '(0,2)=Wall,(1,2)=Empty,(2,2)=Wall,(3,2)=Wall,(4,2)=Wall,(5,2)=Empty,(6,2)=Wall', '(0,3)=Wall,(1,3)=Ghost1,(2,3)=Wall,(3,3)=Food,(4,3)=Empty,(5,3)=Empty,(6,3)=Wall', '(0,4)=Wall,(1,4)=Empty,(2,4)=Wall,(3,4)=Wall,(4,4)=Wall,(5,4)=Empty,(6,4)=Wall', '(0,5)=Wall,(1,5)=Food,(2,5)=Empty,(3,5)=Empty,(4,5)=Empty,(5,5)=Empty,(6,5)=Wall', '(0,6)=Wall,(1,6)=Wall,(2,6)=Wall,(3,6)=Wall,(4,6)=Wall,(5,6)=Wall,(6,6)=Wall'], 'pacman_pos': [4, 1], 'ghost_pos': [[1, 3]], 'score': -4.0, 'food_count': 2, 'legal_actions': ['West', 'Stop', 'East']}'''
        
        其中：
            1. layout_list: (List of Strings) ["(0,0)=Wall", "(1,0)=Pacman"...]
                - wall 是墙壁，不能通过这里
                - Pacman 是你所在的位置
            2. pacman_pos: (List of Integers) [x, y]
                - 表明你当前的位置
            3. ghost_pos: (List of Lists) [[x, y], [x, y]]
                - 表明ghost的位置，你需要尽可能避开它
            4. score: (Integer)
                - 当前的分数，你需要尽可能提高这个分数
            5. food_count: (Integer)
                - 地图中的食物数量，你需要获取所有的食物
            6. legal_actions: (List of Strings) ['North', 'South', ...]
                - 合法的操作。请注意绝大多数情况，不会选择'stop'，你可以理解为把'stop'移除。

        
        你的思路应该是
        1. 从'legal_actions'中，分别计算操作这些actions后到达的位置，以及新的位置到食物、ghost的距离。
        2. 如果所有actions距离ghost的距离都小于等于3，那么你应该果断选择远离ghost的路径。
        3. 如果存在有actions距离ghost的距离大于3，那么找计算后的位置到food的距离等于0，则直接选择这个actions
        4. 不到万不得已，不选上一步的反方向。
        5. 如果最后没得选，则选一个离ghost距离最远的，总之不能选stop。
        其中以上的距离全部是|x_1 - x| + |y_1 - y|。
        请逐步推理，再给出可选的actions，你的答案只能是第一步。
        然后在给出答案前，请对答案进行检验，确定不会碰到ghosts
        好的请遵守游戏规则，并且牢记你的两个目标，完成任务吧。
        
输出最终行动，格式必须严格如下：<action>行动</action>。其中"行动"必须是以下之一: North, South, East, West, Stop
 例如：<action>North</action>
--- RESPONSE ---
首先，我们分析当前的游戏数据：

- **pacman_pos**: [4, 1]  
- **ghost_pos**: [[1, 3]]  
- **legal_actions**: ['West', 'Stop', 'East']  

注意：根据规则，我们应尽量避免选择 'Stop'，除非没有其他选择。

---

### 第一步：计算每个合法动作后的新位置

#### 1. West (向西移动)
- 当前位置是 [4, 1]
- 向西移动后的位置是 [3, 1]

检查该位置是否为墙：
- 根据 layout_list 中的第2行：`(3,1)=Empty` → 是可走的。

#### 2. East (向东移动)
- 当前位置是 [4, 1]
- 向东移动后的位置是 [5, 1]

检查该位置是否为墙：
- 根据 layout_list 中的第2行：`(5,1)=Empty` → 是可走的。

#### 3. Stop (停止)
- 不移动，位置仍为 [4, 1]

---

### 第二步：计算新位置到 ghost 和 food 的距离

#### Ghost 位置: [1, 3]

**West 后的位置 [3, 1]**:
- 到 ghost 的距离 = |3 - 1| + |1 - 3| = 2 + 2 = **4**

**East 后的位置 [5, 1]**:
- 到 ghost 的距离 = |5 - 1| + |1 - 3| = 4 + 2 = **6**

**Stop 后的位置 [4, 1]**:
- 到 ghost 的距离 = |4 - 1| + |1 - 3| = 3 + 2 = **5**

---

### 第三步：判断食物位置

从 layout_list 中可以看到：
- (3,3) = Food
- (1,5) = Food

所以目前还有两个食物未吃。

**West 后的位置 [3, 1]**:
- 到最近的食物 (3,3) 的距离 = |3 - 3| + |1 - 3| = 0 + 2 = **2**

**East 后的位置 [5, 1]**:
- 到最近的食物 (1,5) 的距离 = |5 - 1| + |1 - 5| = 4 + 4 = **8**

**Stop 后的位置 [4, 1]**:
- 到最近的食物 (3,3) 的距离 = |4 - 3| + |1 - 3| = 1 + 2 = **3**

---

### 第四步：综合评估

我们有以下三个选项：

| 动作   | 新位置   | 到 ghost 距离 | 到食物距离 | 是否安全 |
|--------|----------|----------------|-------------|-----------|
| West   | [3, 1]   | 4              | 2           | ✅         |
| East   | [5, 1]   | 6              | 8           | ✅         |
| Stop   | [4, 1]   | 5              | 3           | ✅         |

根据规则：
- 如果所有动作到 ghost 的距离都小于等于 3，则选远离 ghost 的。
- 如果存在动作到 ghost 的距离大于 3，且有动作到食物的距离为 0，则优先选这个动作。
- 不到万不得已，不选上一步的反方向。
- 最后没得选则选离 ghost 最远的。

现在：
- 所有动作到 ghost 的距离都 > 3（4、6、5）
- 没有动作到食物的距离为 0
- 所以我们选择一个**最接近食物**的路径

在 West 和 East 中：
- West 到食物距离为 2
- East 到食物距离为 8

因此，**West 更优**。

---

### 最终答案：

<action>West</action>
--- ACTION ---
West
------------------------------
TIME: 2025-12-10 21:44:33.947011
--- FULL USER INPUT ---

        "*** YOUR PROMPT HERE ***" 
        你现在是一个操作顶尖的吃豆人。你有两个必须要完成的任务             1. 需要避开不断追赶你的ghosts，与他保持一定的距离。
            2. 需要把所有的豆子吃完。
        
        这个是当前的游戏数据：'''{'layout_list': ['(0,0)=Wall,(1,0)=Wall,(2,0)=Wall,(3,0)=Wall,(4,0)=Wall,(5,0)=Wall,(6,0)=Wall', '(0,1)=Wall,(1,1)=Empty,(2,1)=Empty,(3,1)=Pacman,(4,1)=Empty,(5,1)=Empty,(6,1)=Wall', '(0,2)=Wall,(1,2)=Ghost1,(2,2)=Wall,(3,2)=Wall,(4,2)=Wall,(5,2)=Empty,(6,2)=Wall', '(0,3)=Wall,(1,3)=Empty,(2,3)=Wall,(3,3)=Food,(4,3)=Empty,(5,3)=Empty,(6,3)=Wall', '(0,4)=Wall,(1,4)=Empty,(2,4)=Wall,(3,4)=Wall,(4,4)=Wall,(5,4)=Empty,(6,4)=Wall', '(0,5)=Wall,(1,5)=Food,(2,5)=Empty,(3,5)=Empty,(4,5)=Empty,(5,5)=Empty,(6,5)=Wall', '(0,6)=Wall,(1,6)=Wall,(2,6)=Wall,(3,6)=Wall,(4,6)=Wall,(5,6)=Wall,(6,6)=Wall'], 'pacman_pos': [3, 1], 'ghost_pos': [[1, 2]], 'score': -5.0, 'food_count': 2, 'legal_actions': ['West', 'Stop', 'East']}'''
        
        其中：
            1. layout_list: (List of Strings) ["(0,0)=Wall", "(1,0)=Pacman"...]
                - wall 是墙壁，不能通过这里
                - Pacman 是你所在的位置
            2. pacman_pos: (List of Integers) [x, y]
                - 表明你当前的位置
            3. ghost_pos: (List of Lists) [[x, y], [x, y]]
                - 表明ghost的位置，你需要尽可能避开它
            4. score: (Integer)
                - 当前的分数，你需要尽可能提高这个分数
            5. food_count: (Integer)
                - 地图中的食物数量，你需要获取所有的食物
            6. legal_actions: (List of Strings) ['North', 'South', ...]
                - 合法的操作。请注意绝大多数情况，不会选择'stop'，你可以理解为把'stop'移除。

        
        你的思路应该是
        1. 从'legal_actions'中，分别计算操作这些actions后到达的位置，以及新的位置到食物、ghost的距离。
        2. 如果所有actions距离ghost的距离都小于等于3，那么你应该果断选择远离ghost的路径。
        3. 如果存在有actions距离ghost的距离大于3，那么找计算后的位置到food的距离等于0，则直接选择这个actions
        4. 不到万不得已，不选上一步的反方向。
        5. 如果最后没得选，则选一个离ghost距离最远的，总之不能选stop。
        其中以上的距离全部是|x_1 - x| + |y_1 - y|。
        请逐步推理，再给出可选的actions，你的答案只能是第一步。
        然后在给出答案前，请对答案进行检验，确定不会碰到ghosts
        好的请遵守游戏规则，并且牢记你的两个目标，完成任务吧。
        
输出最终行动，格式必须严格如下：<action>行动</action>。其中"行动"必须是以下之一: North, South, East, West, Stop
 例如：<action>North</action>
--- RESPONSE ---
<action>West</action>
--- ACTION ---
West
------------------------------
TIME: 2025-12-10 21:44:34.346345
--- FULL USER INPUT ---

        "*** YOUR PROMPT HERE ***" 
        你现在是一个操作顶尖的吃豆人。你有两个必须要完成的任务             1. 需要避开不断追赶你的ghosts，与他保持一定的距离。
            2. 需要把所有的豆子吃完。
        
        这个是当前的游戏数据：'''{'layout_list': ['(0,0)=Wall,(1,0)=Wall,(2,0)=Wall,(3,0)=Wall,(4,0)=Wall,(5,0)=Wall,(6,0)=Wall', '(0,1)=Wall,(1,1)=Ghost1,(2,1)=Pacman,(3,1)=Empty,(4,1)=Empty,(5,1)=Empty,(6,1)=Wall', '(0,2)=Wall,(1,2)=Empty,(2,2)=Wall,(3,2)=Wall,(4,2)=Wall,(5,2)=Empty,(6,2)=Wall', '(0,3)=Wall,(1,3)=Empty,(2,3)=Wall,(3,3)=Food,(4,3)=Empty,(5,3)=Empty,(6,3)=Wall', '(0,4)=Wall,(1,4)=Empty,(2,4)=Wall,(3,4)=Wall,(4,4)=Wall,(5,4)=Empty,(6,4)=Wall', '(0,5)=Wall,(1,5)=Food,(2,5)=Empty,(3,5)=Empty,(4,5)=Empty,(5,5)=Empty,(6,5)=Wall', '(0,6)=Wall,(1,6)=Wall,(2,6)=Wall,(3,6)=Wall,(4,6)=Wall,(5,6)=Wall,(6,6)=Wall'], 'pacman_pos': [2, 1], 'ghost_pos': [[1, 1]], 'score': -6.0, 'food_count': 2, 'legal_actions': ['West', 'Stop', 'East']}'''
        
        其中：
            1. layout_list: (List of Strings) ["(0,0)=Wall", "(1,0)=Pacman"...]
                - wall 是墙壁，不能通过这里
                - Pacman 是你所在的位置
            2. pacman_pos: (List of Integers) [x, y]
                - 表明你当前的位置
            3. ghost_pos: (List of Lists) [[x, y], [x, y]]
                - 表明ghost的位置，你需要尽可能避开它
            4. score: (Integer)
                - 当前的分数，你需要尽可能提高这个分数
            5. food_count: (Integer)
                - 地图中的食物数量，你需要获取所有的食物
            6. legal_actions: (List of Strings) ['North', 'South', ...]
                - 合法的操作。请注意绝大多数情况，不会选择'stop'，你可以理解为把'stop'移除。

        
        你的思路应该是
        1. 从'legal_actions'中，分别计算操作这些actions后到达的位置，以及新的位置到食物、ghost的距离。
        2. 如果所有actions距离ghost的距离都小于等于3，那么你应该果断选择远离ghost的路径。
        3. 如果存在有actions距离ghost的距离大于3，那么找计算后的位置到food的距离等于0，则直接选择这个actions
        4. 不到万不得已，不选上一步的反方向。
        5. 如果最后没得选，则选一个离ghost距离最远的，总之不能选stop。
        其中以上的距离全部是|x_1 - x| + |y_1 - y|。
        请逐步推理，再给出可选的actions，你的答案只能是第一步。
        然后在给出答案前，请对答案进行检验，确定不会碰到ghosts
        好的请遵守游戏规则，并且牢记你的两个目标，完成任务吧。
        
输出最终行动，格式必须严格如下：<action>行动</action>。其中"行动"必须是以下之一: North, South, East, West, Stop
 例如：<action>North</action>
--- RESPONSE ---
<action>West</action>
--- ACTION ---
West
------------------------------
