TIME: 2025-12-03 17:44:18.209778
--- FULL USER INPUT ---

        "*** YOUR PROMPT HERE ***" 
        你现在是一个吃豆人。你要在避开ghosts的前提下，吃掉图中的所有食物。
        这个是当前的游戏数据：
        {'layout_list': ['(0,0)=Wall,(1,0)=Wall,(2,0)=Wall,(3,0)=Wall,(4,0)=Wall,(5,0)=Wall,(6,0)=Wall', '(0,1)=Wall,(1,1)=Empty,(2,1)=Pacman,(3,1)=Empty,(4,1)=Empty,(5,1)=Empty,(6,1)=Wall', '(0,2)=Wall,(1,2)=Empty,(2,2)=Wall,(3,2)=Wall,(4,2)=Wall,(5,2)=Empty,(6,2)=Wall', '(0,3)=Wall,(1,3)=Empty,(2,3)=Wall,(3,3)=Food,(4,3)=Empty,(5,3)=Empty,(6,3)=Wall', '(0,4)=Wall,(1,4)=Empty,(2,4)=Wall,(3,4)=Wall,(4,4)=Wall,(5,4)=Empty,(6,4)=Wall', '(0,5)=Wall,(1,5)=Food,(2,5)=Empty,(3,5)=Ghost1,(4,5)=Empty,(5,5)=Empty,(6,5)=Wall', '(0,6)=Wall,(1,6)=Wall,(2,6)=Wall,(3,6)=Wall,(4,6)=Wall,(5,6)=Wall,(6,6)=Wall'], 'pacman_pos': [2, 1], 'ghost_pos': [[3, 5]], 'score': 0.0, 'food_count': 2, 'legal_actions': ['West', 'Stop', 'East']}
        1. layout_list: (List of Strings) ["(0,0)=Wall", "(1,0)=Pacman"...]
        2. pacman_pos: (List of Integers) [x, y]
        3. ghost_pos: (List of Lists) [[x, y], [x, y]]
        4. score: (Integer)
        5. food_count: (Integer)
        6. legal_actions: (List of Strings) ['North', 'South', ...]
        你的思路应该是
        1. 找出两条能经过所有食物的路径
        2. 判断这两条条路径上是否存在ghosts
            - 如果有，判断ghosts是否在三步以内
                - 如果是，放弃这条路径
            - 如果没有，则按这条路经走第一步。
        请逐步推理，再给出最终答案，你的答案只能是第一步。
        然后在给出答案前，请对答案进行检验，确定不会碰到ghosts
        好的请遵守游戏规则，并且牢记你的两个目标，完成任务吧。
        
输出最终行动，格式必须严格如下：<action>行动</action>。其中"行动"必须是以下之一: North, South, East, West, Stop
 例如：<action>North</action>
--- RESPONSE ---
首先，我需要分析当前的游戏数据。

### 1. 分析布局
从 `layout_list` 中可以提取出地图的结构。每个字符串表示一行，格式为 `(x,y)=type`，其中 type 可以是 Wall、Empty、Pacman、Food 或 Ghost。

根据 `layout_list`，我们可以绘制出地图的大致结构：

```
Row 0: Wall Wall Wall Wall Wall Wall Wall
Row 1: Wall Empty Pacman Empty Empty Empty Wall
Row 2: Wall Empty Wall Wall Wall Empty Wall
Row 3: Wall Empty Wall Food Empty Empty Wall
Row 4: Wall Empty Wall Wall Wall Empty Wall
Row 5: Wall Food Empty Ghost1 Empty Empty Wall
Row 6: Wall Wall Wall Wall Wall Wall Wall
```

### 2. 当前位置
- **Pacman 的位置**：[2, 1]（即 x=2, y=1）
- **Ghost 的位置**：[[3, 5]]（即 x=3, y=5）

### 3. 可用动作
`legal_actions` 是 ['West', 'Stop', 'East']，说明 Pacman 只能向西、停止或向东移动。

### 4. 目标
- 吃掉所有食物（food_count = 2）
- 避开 ghost

### 5. 找出可能路径
从 Pacman 的当前位置 [2, 1] 出发，可走的方向是：
- **West**：到 [1, 1]
- **East**：到 [3, 1]

#### 路径一：West → [1, 1]
- [1, 1] 是 Empty，没有障碍。
- 接下来可以继续向 West 到 [0, 1]（Wall），不能走。
- 向 East 回到 [2, 1]，或者向 North/South？

#### 路径二：East → [3, 1]
- [3, 1] 是 Empty，没有障碍。
- 接下来可以继续向 East 到 [4, 1]（Empty）。
- 然后可以向 South 到 [4, 2]（Wall），不能走。
- 向 North 到 [3, 0]（Wall），不能走。
- 向 West 回到 [3, 1]。

现在我们看食物的位置：
- [3, 3]：Food
- [1, 5]：Food

所以，我们需要找到一条路径，能够到达这两个食物点，并且避开 ghost。

### 6. 检查 ghost 的位置
ghost 在 [3, 5]，也就是 x=3, y=5。

从 Pacman 的当前位置 [2, 1] 出发，如果选择 **East** 到 [3, 1]，那么下一步可以向 North 到 [3, 2]（Wall），不能走；向 South 到 [3, 2]（Wall），也不能走。所以无法直接靠近 ghost。

因此，**East** 是安全的。

### 7. 最终结论
- 选择 **East**，因为这是唯一可行且安全的移动方向。
- 该方向不会碰到 ghost，也不会撞墙。

### 检验
- 从 [2, 1] 向 East 移动到 [3, 1]，是 Empty，没有障碍。
- 该位置不与 ghost 的位置 [3, 5] 相邻，也没有在三步以内。

---

<action>East</action>
--- ACTION ---
East
------------------------------
TIME: 2025-12-03 17:44:25.719524
--- FULL USER INPUT ---

        "*** YOUR PROMPT HERE ***" 
        你现在是一个吃豆人。你要在避开ghosts的前提下，吃掉图中的所有食物。
        这个是当前的游戏数据：
        {'layout_list': ['(0,0)=Wall,(1,0)=Wall,(2,0)=Wall,(3,0)=Wall,(4,0)=Wall,(5,0)=Wall,(6,0)=Wall', '(0,1)=Wall,(1,1)=Empty,(2,1)=Empty,(3,1)=Pacman,(4,1)=Empty,(5,1)=Empty,(6,1)=Wall', '(0,2)=Wall,(1,2)=Empty,(2,2)=Wall,(3,2)=Wall,(4,2)=Wall,(5,2)=Empty,(6,2)=Wall', '(0,3)=Wall,(1,3)=Empty,(2,3)=Wall,(3,3)=Food,(4,3)=Empty,(5,3)=Empty,(6,3)=Wall', '(0,4)=Wall,(1,4)=Empty,(2,4)=Wall,(3,4)=Wall,(4,4)=Wall,(5,4)=Empty,(6,4)=Wall', '(0,5)=Wall,(1,5)=Food,(2,5)=Ghost1,(3,5)=Empty,(4,5)=Empty,(5,5)=Empty,(6,5)=Wall', '(0,6)=Wall,(1,6)=Wall,(2,6)=Wall,(3,6)=Wall,(4,6)=Wall,(5,6)=Wall,(6,6)=Wall'], 'pacman_pos': [3, 1], 'ghost_pos': [[2, 5]], 'score': -1.0, 'food_count': 2, 'legal_actions': ['West', 'Stop', 'East']}
        1. layout_list: (List of Strings) ["(0,0)=Wall", "(1,0)=Pacman"...]
        2. pacman_pos: (List of Integers) [x, y]
        3. ghost_pos: (List of Lists) [[x, y], [x, y]]
        4. score: (Integer)
        5. food_count: (Integer)
        6. legal_actions: (List of Strings) ['North', 'South', ...]
        你的思路应该是
        1. 找出两条能经过所有食物的路径
        2. 判断这两条条路径上是否存在ghosts
            - 如果有，判断ghosts是否在三步以内
                - 如果是，放弃这条路径
            - 如果没有，则按这条路经走第一步。
        请逐步推理，再给出最终答案，你的答案只能是第一步。
        然后在给出答案前，请对答案进行检验，确定不会碰到ghosts
        好的请遵守游戏规则，并且牢记你的两个目标，完成任务吧。
        
输出最终行动，格式必须严格如下：<action>行动</action>。其中"行动"必须是以下之一: North, South, East, West, Stop
 例如：<action>North</action>
--- RESPONSE ---
首先，我需要分析当前的游戏数据。

### 1. 解析布局
从 `layout_list` 中可以提取出地图的结构。每个字符串表示一个行，格式为 `(x,y)=type`，其中 type 可以是 Wall、Empty、Pacman、Food 或 Ghost。

根据 `layout_list`，我们可以得到以下地图信息（简化版）：

```
Row 0: [Wall, Wall, Wall, Wall, Wall, Wall, Wall]
Row 1: [Wall, Empty, Empty, Pacman, Empty, Empty, Wall]
Row 2: [Wall, Empty, Wall, Wall, Wall, Empty, Wall]
Row 3: [Wall, Empty, Wall, Food, Wall, Empty, Wall]
Row 4: [Wall, Empty, Wall, Wall, Wall, Empty, Wall]
Row 5: [Wall, Food, Ghost1, Empty, Empty, Empty, Wall]
Row 6: [Wall, Wall, Wall, Wall, Wall, Wall, Wall]
```

### 2. 当前位置
- **Pacman 的位置**：[3, 1]（即 x=3, y=1）
- **Ghost 的位置**：[[2, 5]]（即 x=2, y=5）

### 3. 食物位置
- (1,5) 是 Food
- (3,3) 是 Food

### 4. 可用动作
- ['West', 'Stop', 'East']

### 5. 目标
- 在避开 ghost 的前提下，吃掉所有食物。

---

### 6. 分析路径

#### 路径一：从 (3,1) → (1,5)
- (3,1) → (2,1) → (1,1) → (1,2) → (1,3) → (1,4) → (1,5)
- 这条路径中没有 ghost，但需要注意的是，(1,5) 是 Food，所以可以吃掉。

#### 路径二：从 (3,1) → (3,3)
- (3,1) → (3,2) → (3,3)
- (3,3) 是 Food，可以吃掉。
- 但是 (3,2) 是 Wall，不能通过。

因此，路径二不可行。

---

### 7. 检查 ghost 是否在三步以内

ghost 的位置是 (2,5)，而 pacman 的当前位置是 (3,1)。

- (3,1) → (2,1) → (1,1) → (1,2) → (1,3) → (1,4) → (1,5)
- ghost 在 (2,5)，距离 pacman 的路径较远，不在三步之内。

---

### 8. 最终决策

- 选择路径一：从 (3,1) → (2,1) → (1,1) → (1,2) → (1,3) → (1,4) → (1,5)
- 第一步是向西（West），因为 (3,1) 的左边是 (2,1)，是 Empty，可以走。

---

### 9. 检验是否碰到 ghost

- 第一步是 West，走到 (2,1)，这个位置是 Empty，没有 ghost。
- 所以不会碰到 ghost。

---

### 最终答案：
<action>West</action>
--- ACTION ---
West
------------------------------
TIME: 2025-12-03 17:44:31.476096
--- FULL USER INPUT ---

        "*** YOUR PROMPT HERE ***" 
        你现在是一个吃豆人。你要在避开ghosts的前提下，吃掉图中的所有食物。
        这个是当前的游戏数据：
        {'layout_list': ['(0,0)=Wall,(1,0)=Wall,(2,0)=Wall,(3,0)=Wall,(4,0)=Wall,(5,0)=Wall,(6,0)=Wall', '(0,1)=Wall,(1,1)=Empty,(2,1)=Pacman,(3,1)=Empty,(4,1)=Empty,(5,1)=Empty,(6,1)=Wall', '(0,2)=Wall,(1,2)=Empty,(2,2)=Wall,(3,2)=Wall,(4,2)=Wall,(5,2)=Empty,(6,2)=Wall', '(0,3)=Wall,(1,3)=Empty,(2,3)=Wall,(3,3)=Food,(4,3)=Empty,(5,3)=Empty,(6,3)=Wall', '(0,4)=Wall,(1,4)=Empty,(2,4)=Wall,(3,4)=Wall,(4,4)=Wall,(5,4)=Empty,(6,4)=Wall', '(0,5)=Wall,(1,5)=Ghost1,(2,5)=Empty,(3,5)=Empty,(4,5)=Empty,(5,5)=Empty,(6,5)=Wall', '(0,6)=Wall,(1,6)=Wall,(2,6)=Wall,(3,6)=Wall,(4,6)=Wall,(5,6)=Wall,(6,6)=Wall'], 'pacman_pos': [2, 1], 'ghost_pos': [[1, 5]], 'score': -2.0, 'food_count': 2, 'legal_actions': ['West', 'Stop', 'East']}
        1. layout_list: (List of Strings) ["(0,0)=Wall", "(1,0)=Pacman"...]
        2. pacman_pos: (List of Integers) [x, y]
        3. ghost_pos: (List of Lists) [[x, y], [x, y]]
        4. score: (Integer)
        5. food_count: (Integer)
        6. legal_actions: (List of Strings) ['North', 'South', ...]
        你的思路应该是
        1. 找出两条能经过所有食物的路径
        2. 判断这两条条路径上是否存在ghosts
            - 如果有，判断ghosts是否在三步以内
                - 如果是，放弃这条路径
            - 如果没有，则按这条路经走第一步。
        请逐步推理，再给出最终答案，你的答案只能是第一步。
        然后在给出答案前，请对答案进行检验，确定不会碰到ghosts
        好的请遵守游戏规则，并且牢记你的两个目标，完成任务吧。
        
输出最终行动，格式必须严格如下：<action>行动</action>。其中"行动"必须是以下之一: North, South, East, West, Stop
 例如：<action>North</action>
--- RESPONSE ---
首先，我需要分析当前的游戏数据，找出所有食物的位置，并规划两条可能的路径。

### 1. 分析布局
从 `layout_list` 中可以提取出地图的结构。根据这些信息，我们可以绘制出一个简单的地图：

```
Row 0: Wall Wall Wall Wall Wall Wall Wall
Row 1: Wall Empty Pacman Empty Empty Empty Wall
Row 2: Wall Empty Wall Wall Wall Empty Wall
Row 3: Wall Empty Wall Food Empty Empty Wall
Row 4: Wall Empty Wall Wall Wall Empty Wall
Row 5: Wall Ghost1 Empty Empty Empty Empty Wall
Row 6: Wall Wall Wall Wall Wall Wall Wall
```

### 2. 找出食物位置
从上面的地图中可以看到，食物只在 `(3,3)` 处。

### 3. 确定吃豆人的当前位置
吃豆人位于 `(2,1)`。

### 4. 确定鬼魂的位置
鬼魂位于 `(1,5)`。

### 5. 确定合法动作
当前的合法动作是：`['West', 'Stop', 'East']`。

### 6. 规划路径
由于只有一个食物，只需要找到一条能到达 `(3,3)` 的路径即可。

#### 路径一：从 `(2,1)` 到 `(3,3)`
- `(2,1) -> (3,1)`（向右）
- `(3,1) -> (3,2)`（向下）
- `(3,2) -> (3,3)`（向下）

这条路径上没有鬼魂，且不会经过任何墙。

#### 路径二：从 `(2,1)` 到 `(3,3)`（其他可能路径）
- `(2,1) -> (1,1)`（向左）
- `(1,1) -> (1,2)`（向下）
- `(1,2) -> (1,3)`（向右）
- `(1,3) -> (2,3)`（向下）
- `(2,3) -> (3,3)`（向下）

这条路径上也没有鬼魂，但会经过 `(1,3)`，而该位置是空的，不会与鬼魂冲突。

### 7. 检查鬼魂是否在三步以内
鬼魂位于 `(1,5)`，而吃豆人目前在 `(2,1)`。两者之间相距较远，不在三步以内。

### 8. 选择下一步行动
当前合法动作是：`West`, `Stop`, `East`。

- `West`：从 `(2,1)` 向左到 `(1,1)`。
- `East`：从 `(2,1)` 向右到 `(3,1)`。
- `Stop`：不移动。

从 `(2,1)` 出发，`East` 是最直接通往食物的路径，且不会遇到鬼魂。

### 9. 最终答案
<action>East</action>
--- ACTION ---
East
------------------------------
TIME: 2025-12-03 17:44:38.467822
--- FULL USER INPUT ---

        "*** YOUR PROMPT HERE ***" 
        你现在是一个吃豆人。你要在避开ghosts的前提下，吃掉图中的所有食物。
        这个是当前的游戏数据：
        {'layout_list': ['(0,0)=Wall,(1,0)=Wall,(2,0)=Wall,(3,0)=Wall,(4,0)=Wall,(5,0)=Wall,(6,0)=Wall', '(0,1)=Wall,(1,1)=Empty,(2,1)=Empty,(3,1)=Pacman,(4,1)=Empty,(5,1)=Empty,(6,1)=Wall', '(0,2)=Wall,(1,2)=Empty,(2,2)=Wall,(3,2)=Wall,(4,2)=Wall,(5,2)=Empty,(6,2)=Wall', '(0,3)=Wall,(1,3)=Empty,(2,3)=Wall,(3,3)=Food,(4,3)=Empty,(5,3)=Empty,(6,3)=Wall', '(0,4)=Wall,(1,4)=Ghost1,(2,4)=Wall,(3,4)=Wall,(4,4)=Wall,(5,4)=Empty,(6,4)=Wall', '(0,5)=Wall,(1,5)=Food,(2,5)=Empty,(3,5)=Empty,(4,5)=Empty,(5,5)=Empty,(6,5)=Wall', '(0,6)=Wall,(1,6)=Wall,(2,6)=Wall,(3,6)=Wall,(4,6)=Wall,(5,6)=Wall,(6,6)=Wall'], 'pacman_pos': [3, 1], 'ghost_pos': [[1, 4]], 'score': -3.0, 'food_count': 2, 'legal_actions': ['West', 'Stop', 'East']}
        1. layout_list: (List of Strings) ["(0,0)=Wall", "(1,0)=Pacman"...]
        2. pacman_pos: (List of Integers) [x, y]
        3. ghost_pos: (List of Lists) [[x, y], [x, y]]
        4. score: (Integer)
        5. food_count: (Integer)
        6. legal_actions: (List of Strings) ['North', 'South', ...]
        你的思路应该是
        1. 找出两条能经过所有食物的路径
        2. 判断这两条条路径上是否存在ghosts
            - 如果有，判断ghosts是否在三步以内
                - 如果是，放弃这条路径
            - 如果没有，则按这条路经走第一步。
        请逐步推理，再给出最终答案，你的答案只能是第一步。
        然后在给出答案前，请对答案进行检验，确定不会碰到ghosts
        好的请遵守游戏规则，并且牢记你的两个目标，完成任务吧。
        
输出最终行动，格式必须严格如下：<action>行动</action>。其中"行动"必须是以下之一: North, South, East, West, Stop
 例如：<action>North</action>
--- RESPONSE ---
首先，我们分析当前的游戏数据：

### 1. 当前布局
从 `layout_list` 中可以提取出地图的结构。我们可以将其转换为一个二维网格来理解：
- 墙壁（Wall）是不可通过的。
- 空地（Empty）是可以走的。
- Pacman 的位置是 `(3,1)`。
- Ghost 的位置是 `(1,4)`。
- 食物的位置是 `(3,3)` 和 `(1,5)`。

### 2. 当前状态
- `pacman_pos`: [3, 1]
- `ghost_pos`: [[1, 4]]
- `food_count`: 2
- `legal_actions`: ['West', 'Stop', 'East']

### 3. 分析路径
我们需要找到两条能经过所有食物的路径，并判断是否安全。

#### 路径一：从 (3,1) 到 (1,5) 再到 (3,3)
- 从 (3,1) 向西走到 (1,1)，然后向北到 (1,2)，再向东到 (1,3)，再向北到 (1,4)（这里有一个 ghost），所以这条路不安全。

#### 路径二：从 (3,1) 到 (3,3) 再到 (1,5)
- 从 (3,1) 向东到 (4,1)，再向北到 (4,2)（墙），不行。
- 从 (3,1) 向西到 (2,1)，再向北到 (2,2)（墙），不行。
- 从 (3,1) 向南到 (3,0)（墙），不行。
- 所以只能考虑向西或向东。

### 4. 检查合法动作
- `West`：从 (3,1) 移动到 (2,1)，这是空地，可行。
- `East`：从 (3,1) 移动到 (4,1)，这是空地，可行。
- `Stop`：不移动。

### 5. 检查鬼魂是否在三步以内
- Ghost 在 (1,4)。
- 从 (3,1) 到 (1,4) 的距离是 3 格（横向 2 格，纵向 3 格），所以鬼魂在三步以内。
- 因此，不能选择任何可能接近鬼魂的路径。

### 6. 选择最安全的行动
- `West`：移动到 (2,1)，不会靠近鬼魂。
- `East`：移动到 (4,1)，也不会靠近鬼魂。
- 两者都安全。

### 7. 选择下一步
由于 `West` 是更靠近食物 (3,3) 的方向，因此优先选择 `West`。

---

### 最终答案：
<action>West</action>
--- ACTION ---
West
------------------------------
TIME: 2025-12-03 17:44:49.933046
--- FULL USER INPUT ---

        "*** YOUR PROMPT HERE ***" 
        你现在是一个吃豆人。你要在避开ghosts的前提下，吃掉图中的所有食物。
        这个是当前的游戏数据：
        {'layout_list': ['(0,0)=Wall,(1,0)=Wall,(2,0)=Wall,(3,0)=Wall,(4,0)=Wall,(5,0)=Wall,(6,0)=Wall', '(0,1)=Wall,(1,1)=Empty,(2,1)=Pacman,(3,1)=Empty,(4,1)=Empty,(5,1)=Empty,(6,1)=Wall', '(0,2)=Wall,(1,2)=Empty,(2,2)=Wall,(3,2)=Wall,(4,2)=Wall,(5,2)=Empty,(6,2)=Wall', '(0,3)=Wall,(1,3)=Ghost1,(2,3)=Wall,(3,3)=Food,(4,3)=Empty,(5,3)=Empty,(6,3)=Wall', '(0,4)=Wall,(1,4)=Empty,(2,4)=Wall,(3,4)=Wall,(4,4)=Wall,(5,4)=Empty,(6,4)=Wall', '(0,5)=Wall,(1,5)=Food,(2,5)=Empty,(3,5)=Empty,(4,5)=Empty,(5,5)=Empty,(6,5)=Wall', '(0,6)=Wall,(1,6)=Wall,(2,6)=Wall,(3,6)=Wall,(4,6)=Wall,(5,6)=Wall,(6,6)=Wall'], 'pacman_pos': [2, 1], 'ghost_pos': [[1, 3]], 'score': -4.0, 'food_count': 2, 'legal_actions': ['West', 'Stop', 'East']}
        1. layout_list: (List of Strings) ["(0,0)=Wall", "(1,0)=Pacman"...]
        2. pacman_pos: (List of Integers) [x, y]
        3. ghost_pos: (List of Lists) [[x, y], [x, y]]
        4. score: (Integer)
        5. food_count: (Integer)
        6. legal_actions: (List of Strings) ['North', 'South', ...]
        你的思路应该是
        1. 找出两条能经过所有食物的路径
        2. 判断这两条条路径上是否存在ghosts
            - 如果有，判断ghosts是否在三步以内
                - 如果是，放弃这条路径
            - 如果没有，则按这条路经走第一步。
        请逐步推理，再给出最终答案，你的答案只能是第一步。
        然后在给出答案前，请对答案进行检验，确定不会碰到ghosts
        好的请遵守游戏规则，并且牢记你的两个目标，完成任务吧。
        
输出最终行动，格式必须严格如下：<action>行动</action>。其中"行动"必须是以下之一: North, South, East, West, Stop
 例如：<action>North</action>
--- RESPONSE ---
首先，我需要分析当前的游戏数据，了解吃豆人（Pacman）的位置、食物的位置、幽灵（ghosts）的位置以及合法的行动方向。

### 1. 当前游戏数据解析
- **layout_list**：表示地图布局。每个字符串代表一行，格式为 `(x,y)=Type`，其中 `Type` 可以是 `Wall`（墙）、`Empty`（空地）、`Food`（食物）、`Pacman`（吃豆人）或 `Ghost1`（幽灵）。
- **pacman_pos**: [2, 1]，表示吃豆人在 (2,1) 的位置。
- **ghost_pos**: [[1, 3]]，表示幽灵在 (1,3) 的位置。
- **score**: -4.0，表示当前得分。
- **food_count**: 2，表示还有 2 颗食物未被吃掉。
- **legal_actions**: ['West', 'Stop', 'East']，表示吃豆人可以向西、停止或向东移动。

### 2. 分析地图
从 layout_list 中提取出所有食物和路径信息：

#### 食物位置：
- (3,3): Food
- (1,5): Food

#### 墙壁和可走路径：
- (2,1): Pacman
- (1,3): Ghost1
- (3,3): Food
- (1,5): Food

从 (2,1) 出发，可以向 **West**（到 (1,1)）、**East**（到 (3,1)）或 **Stop**（不动）。

### 3. 找出可能的路径
我们需要找到一条能经过所有食物的路径，并且避开幽灵。

#### 路径一：从 (2,1) → (1,1) → (1,5)
- (2,1) → (1,1)：可行，是空地。
- (1,1) → (1,5)：中间有 (1,2), (1,3), (1,4) 等格子，但 (1,3) 是幽灵所在位置，不能通过。
- 所以这条路径不可行。

#### 路径二：从 (2,1) → (3,1) → (3,3) → (1,5)
- (2,1) → (3,1)：可行，是空地。
- (3,1) → (3,3)：中间是 (3,2) 和 (3,3)，(3,2) 是墙，不能通过。
- 所以这条路径也不可行。

#### 路径三：从 (2,1) → (1,1) → (1,2) → (1,5)
- (2,1) → (1,1)：可行。
- (1,1) → (1,2)：可行。
- (1,2) → (1,5)：中间是 (1,3)（幽灵），不能通过。
- 所以这条路径也不可行。

#### 路径四：从 (2,1) → (3,1) → (3,3)（吃掉食物）→ (4,3) → (5,3) → (5,5) → (1,5)
- (2,1) → (3,1)：可行。
- (3,1) → (3,3)：中间是 (3,2)（墙），不能通过。
- 所以这条路径也不可行。

### 4. 判断是否可以走 West 或 East
- **West**：从 (2,1) 移动到 (1,1)，这是空地，没有幽灵，可以走。
- **East**：从 (2,1) 移动到 (3,1)，也是空地，没有幽灵，可以走。

### 5. 检查幽灵是否在三步以内
- 幽灵在 (1,3)，吃豆人在 (2,1)。
- 从 (2,1) 到 (1,3) 的距离是 2 格（横向 1 格，纵向 2 格），所以幽灵在两步之内。
- 如果我们选择 **West**（到 (1,1)），那么离幽灵更远了，不会被碰到。
- 如果我们选择 **East**（到 (3,1)），则离幽灵更近了，可能会被碰到。

### 6. 最终结论
- **West** 是安全的，不会碰到幽灵。
- **East** 会靠近幽灵，不安全。
- **Stop** 不会移动，无法吃掉食物。

### ✅ 最终答案：
<action>West</action>
--- ACTION ---
West
------------------------------
TIME: 2025-12-03 17:44:50.406330
--- FULL USER INPUT ---

        "*** YOUR PROMPT HERE ***" 
        你现在是一个吃豆人。你要在避开ghosts的前提下，吃掉图中的所有食物。
        这个是当前的游戏数据：
        {'layout_list': ['(0,0)=Wall,(1,0)=Wall,(2,0)=Wall,(3,0)=Wall,(4,0)=Wall,(5,0)=Wall,(6,0)=Wall', '(0,1)=Wall,(1,1)=Pacman,(2,1)=Empty,(3,1)=Empty,(4,1)=Empty,(5,1)=Empty,(6,1)=Wall', '(0,2)=Wall,(1,2)=Ghost1,(2,2)=Wall,(3,2)=Wall,(4,2)=Wall,(5,2)=Empty,(6,2)=Wall', '(0,3)=Wall,(1,3)=Empty,(2,3)=Wall,(3,3)=Food,(4,3)=Empty,(5,3)=Empty,(6,3)=Wall', '(0,4)=Wall,(1,4)=Empty,(2,4)=Wall,(3,4)=Wall,(4,4)=Wall,(5,4)=Empty,(6,4)=Wall', '(0,5)=Wall,(1,5)=Food,(2,5)=Empty,(3,5)=Empty,(4,5)=Empty,(5,5)=Empty,(6,5)=Wall', '(0,6)=Wall,(1,6)=Wall,(2,6)=Wall,(3,6)=Wall,(4,6)=Wall,(5,6)=Wall,(6,6)=Wall'], 'pacman_pos': [1, 1], 'ghost_pos': [[1, 2]], 'score': -5.0, 'food_count': 2, 'legal_actions': ['Stop', 'East', 'South']}
        1. layout_list: (List of Strings) ["(0,0)=Wall", "(1,0)=Pacman"...]
        2. pacman_pos: (List of Integers) [x, y]
        3. ghost_pos: (List of Lists) [[x, y], [x, y]]
        4. score: (Integer)
        5. food_count: (Integer)
        6. legal_actions: (List of Strings) ['North', 'South', ...]
        你的思路应该是
        1. 找出两条能经过所有食物的路径
        2. 判断这两条条路径上是否存在ghosts
            - 如果有，判断ghosts是否在三步以内
                - 如果是，放弃这条路径
            - 如果没有，则按这条路经走第一步。
        请逐步推理，再给出最终答案，你的答案只能是第一步。
        然后在给出答案前，请对答案进行检验，确定不会碰到ghosts
        好的请遵守游戏规则，并且牢记你的两个目标，完成任务吧。
        
输出最终行动，格式必须严格如下：<action>行动</action>。其中"行动"必须是以下之一: North, South, East, West, Stop
 例如：<action>North</action>
--- RESPONSE ---
<action>East</action>
--- ACTION ---
East
------------------------------
TIME: 2025-12-03 17:45:00.674311
--- FULL USER INPUT ---

        "*** YOUR PROMPT HERE ***" 
        你现在是一个吃豆人。你要在避开ghosts的前提下，吃掉图中的所有食物。
        这个是当前的游戏数据：
        {'layout_list': ['(0,0)=Wall,(1,0)=Wall,(2,0)=Wall,(3,0)=Wall,(4,0)=Wall,(5,0)=Wall,(6,0)=Wall', '(0,1)=Wall,(1,1)=Ghost1,(2,1)=Pacman,(3,1)=Empty,(4,1)=Empty,(5,1)=Empty,(6,1)=Wall', '(0,2)=Wall,(1,2)=Empty,(2,2)=Wall,(3,2)=Wall,(4,2)=Wall,(5,2)=Empty,(6,2)=Wall', '(0,3)=Wall,(1,3)=Empty,(2,3)=Wall,(3,3)=Food,(4,3)=Empty,(5,3)=Empty,(6,3)=Wall', '(0,4)=Wall,(1,4)=Empty,(2,4)=Wall,(3,4)=Wall,(4,4)=Wall,(5,4)=Empty,(6,4)=Wall', '(0,5)=Wall,(1,5)=Food,(2,5)=Empty,(3,5)=Empty,(4,5)=Empty,(5,5)=Empty,(6,5)=Wall', '(0,6)=Wall,(1,6)=Wall,(2,6)=Wall,(3,6)=Wall,(4,6)=Wall,(5,6)=Wall,(6,6)=Wall'], 'pacman_pos': [2, 1], 'ghost_pos': [[1, 1]], 'score': -6.0, 'food_count': 2, 'legal_actions': ['West', 'Stop', 'East']}
        1. layout_list: (List of Strings) ["(0,0)=Wall", "(1,0)=Pacman"...]
        2. pacman_pos: (List of Integers) [x, y]
        3. ghost_pos: (List of Lists) [[x, y], [x, y]]
        4. score: (Integer)
        5. food_count: (Integer)
        6. legal_actions: (List of Strings) ['North', 'South', ...]
        你的思路应该是
        1. 找出两条能经过所有食物的路径
        2. 判断这两条条路径上是否存在ghosts
            - 如果有，判断ghosts是否在三步以内
                - 如果是，放弃这条路径
            - 如果没有，则按这条路经走第一步。
        请逐步推理，再给出最终答案，你的答案只能是第一步。
        然后在给出答案前，请对答案进行检验，确定不会碰到ghosts
        好的请遵守游戏规则，并且牢记你的两个目标，完成任务吧。
        
输出最终行动，格式必须严格如下：<action>行动</action>。其中"行动"必须是以下之一: North, South, East, West, Stop
 例如：<action>North</action>
--- RESPONSE ---
首先，我们分析当前的游戏数据：

### 1. 当前布局
从 `layout_list` 中可以提取出地图的结构。我们可以将其转换为二维网格来更直观地理解。

- 第0行：全部是墙（Wall）。
- 第1行：(1,1)=Ghost1, (2,1)=Pacman, (3,1)=Empty, (4,1)=Empty, (5,1)=Empty, (6,1)=Wall。
- 第2行：(1,2)=Empty, (2,2)=Wall, (3,2)=Wall, (4,2)=Wall, (5,2)=Empty, (6,2)=Wall。
- 第3行：(1,3)=Empty, (2,3)=Wall, (3,3)=Food, (4,3)=Empty, (5,3)=Empty, (6,3)=Wall。
- 第4行：(1,4)=Empty, (2,4)=Wall, (3,4)=Wall, (4,4)=Wall, (5,4)=Empty, (6,4)=Wall。
- 第5行：(1,5)=Food, (2,5)=Empty, (3,5)=Empty, (4,5)=Empty, (5,5)=Empty, (6,5)=Wall。
- 第6行：全部是墙（Wall）。

### 2. Pacman 的位置
- `pacman_pos = [2, 1]`，即在第1行、第2列（x=2, y=1）。

### 3. Ghost 的位置
- `ghost_pos = [[1, 1]]`，即在第1行、第1列（x=1, y=1）。

### 4. 可行动作
- `legal_actions = ['West', 'Stop', 'East']`，说明目前只能向西、停止或向东移动。

---

### 5. 分析路径

#### 目标：
- 吃掉所有食物（food_count = 2）。
- 避开 ghost（ghost 在 (1,1)）。

#### 当前食物的位置：
- (3,3) = Food
- (1,5) = Food

#### 从 Pacman 的当前位置 (2,1) 出发，可能的路径：

##### 路径一：向西（West）
- 移动到 (1,1)，但这是 ghost 的位置，不能走。

##### 路径二：向东（East）
- 移动到 (3,1)，然后继续向北（North）到 (3,2) 是墙，不能走。
- 从 (3,1) 向东到 (4,1)，再向北到 (4,2) 是墙，不能走。
- 从 (3,1) 向南到 (3,0) 是墙，不能走。
- 所以从 (2,1) 东走后，无法直接到达食物点 (3,3) 或 (1,5)。

##### 路径三：向北（North）？
- 不在 legal_actions 中，所以不能走。

##### 路径四：向南（South）？
- 不在 legal_actions 中，所以不能走。

因此，**唯一合法的移动是 West 或 East**。

---

### 6. 检查是否能避开 ghost

- 如果选择 **West**，会移动到 (1,1)，与 ghost 重合 → **危险**。
- 如果选择 **East**，会移动到 (3,1)，这个位置是 Empty，没有 ghost，也没有墙 → **安全**。

---

### 7. 最终结论

- 选择 **East**，因为这是唯一安全且合法的移动。
- 之后可以继续探索其他路径，比如向北到 (3,2) 是墙，不能走；向南到 (3,0) 是墙，也不能走；只能继续向东到 (4,1)、(5,1) 等，最终找到食物点 (3,3) 和 (1,5)。

---

### <action>East</action>
--- ACTION ---
East
------------------------------
TIME: 2025-12-03 17:45:05.650748
--- FULL USER INPUT ---

        "*** YOUR PROMPT HERE ***" 
        你现在是一个吃豆人。你要在避开ghosts的前提下，吃掉图中的所有食物。
        这个是当前的游戏数据：
        {'layout_list': ['(0,0)=Wall,(1,0)=Wall,(2,0)=Wall,(3,0)=Wall,(4,0)=Wall,(5,0)=Wall,(6,0)=Wall', '(0,1)=Wall,(1,1)=Empty,(2,1)=Ghost1,(3,1)=Pacman,(4,1)=Empty,(5,1)=Empty,(6,1)=Wall', '(0,2)=Wall,(1,2)=Empty,(2,2)=Wall,(3,2)=Wall,(4,2)=Wall,(5,2)=Empty,(6,2)=Wall', '(0,3)=Wall,(1,3)=Empty,(2,3)=Wall,(3,3)=Food,(4,3)=Empty,(5,3)=Empty,(6,3)=Wall', '(0,4)=Wall,(1,4)=Empty,(2,4)=Wall,(3,4)=Wall,(4,4)=Wall,(5,4)=Empty,(6,4)=Wall', '(0,5)=Wall,(1,5)=Food,(2,5)=Empty,(3,5)=Empty,(4,5)=Empty,(5,5)=Empty,(6,5)=Wall', '(0,6)=Wall,(1,6)=Wall,(2,6)=Wall,(3,6)=Wall,(4,6)=Wall,(5,6)=Wall,(6,6)=Wall'], 'pacman_pos': [3, 1], 'ghost_pos': [[2, 1]], 'score': -7.0, 'food_count': 2, 'legal_actions': ['West', 'Stop', 'East']}
        1. layout_list: (List of Strings) ["(0,0)=Wall", "(1,0)=Pacman"...]
        2. pacman_pos: (List of Integers) [x, y]
        3. ghost_pos: (List of Lists) [[x, y], [x, y]]
        4. score: (Integer)
        5. food_count: (Integer)
        6. legal_actions: (List of Strings) ['North', 'South', ...]
        你的思路应该是
        1. 找出两条能经过所有食物的路径
        2. 判断这两条条路径上是否存在ghosts
            - 如果有，判断ghosts是否在三步以内
                - 如果是，放弃这条路径
            - 如果没有，则按这条路经走第一步。
        请逐步推理，再给出最终答案，你的答案只能是第一步。
        然后在给出答案前，请对答案进行检验，确定不会碰到ghosts
        好的请遵守游戏规则，并且牢记你的两个目标，完成任务吧。
        
输出最终行动，格式必须严格如下：<action>行动</action>。其中"行动"必须是以下之一: North, South, East, West, Stop
 例如：<action>North</action>
--- RESPONSE ---
首先，我们分析当前的游戏数据：

### 1. 当前布局
从 `layout_list` 中可以提取出地图的结构。我们可以将其转换为一个二维网格来更清晰地理解。

#### 布局解析（x, y）：
- **Row 0**: Wall (所有位置)
- **Row 1**: [Wall, Empty, Ghost1, Pacman, Empty, Empty, Wall]
- **Row 2**: [Wall, Empty, Wall, Wall, Wall, Empty, Wall]
- **Row 3**: [Wall, Empty, Wall, Food, Empty, Empty, Wall]
- **Row 4**: [Wall, Empty, Wall, Wall, Wall, Empty, Wall]
- **Row 5**: [Wall, Food, Empty, Empty, Empty, Empty, Wall]
- **Row 6**: Wall (所有位置)

#### 当前位置：
- **Pacman**: (3, 1)
- **Ghost1**: (2, 1)
- **Food positions**:
  - (3, 3)
  - (1, 5)

#### Legal actions: ['West', 'Stop', 'East']

---

### 2. 分析可能路径

#### 路径一：从 (3, 1) → (2, 1) → (1, 1) → (1, 5) → (3, 3)
- (3, 1) → (2, 1): 有 Ghost1，不能走。
- 所以这条路径不可行。

#### 路径二：从 (3, 1) → (4, 1) → (5, 1) → (5, 5) → (3, 3)
- (3, 1) → (4, 1): 可行
- (4, 1) → (5, 1): 可行
- (5, 1) → (5, 5): 可行
- (5, 5) → (3, 3): 可行

这条路径是可行的，且没有 Ghosts。

---

### 3. 检查是否在三步以内有 Ghosts

- 当前 Ghost 位置是 (2, 1)
- 从 (3, 1) 向 East 移动到 (4, 1)，距离 Ghost 是 1 格，不在三步内。
- 所以这条路径安全。

---

### 4. 最终行动

根据以上分析，下一步应向 **East** 移动。

### <action>East</action>
--- ACTION ---
East
------------------------------
TIME: 2025-12-03 17:45:13.735120
--- FULL USER INPUT ---

        "*** YOUR PROMPT HERE ***" 
        你现在是一个吃豆人。你要在避开ghosts的前提下，吃掉图中的所有食物。
        这个是当前的游戏数据：
        {'layout_list': ['(0,0)=Wall,(1,0)=Wall,(2,0)=Wall,(3,0)=Wall,(4,0)=Wall,(5,0)=Wall,(6,0)=Wall', '(0,1)=Wall,(1,1)=Empty,(2,1)=Empty,(3,1)=Ghost1,(4,1)=Pacman,(5,1)=Empty,(6,1)=Wall', '(0,2)=Wall,(1,2)=Empty,(2,2)=Wall,(3,2)=Wall,(4,2)=Wall,(5,2)=Empty,(6,2)=Wall', '(0,3)=Wall,(1,3)=Empty,(2,3)=Wall,(3,3)=Food,(4,3)=Empty,(5,3)=Empty,(6,3)=Wall', '(0,4)=Wall,(1,4)=Empty,(2,4)=Wall,(3,4)=Wall,(4,4)=Wall,(5,4)=Empty,(6,4)=Wall', '(0,5)=Wall,(1,5)=Food,(2,5)=Empty,(3,5)=Empty,(4,5)=Empty,(5,5)=Empty,(6,5)=Wall', '(0,6)=Wall,(1,6)=Wall,(2,6)=Wall,(3,6)=Wall,(4,6)=Wall,(5,6)=Wall,(6,6)=Wall'], 'pacman_pos': [4, 1], 'ghost_pos': [[3, 1]], 'score': -8.0, 'food_count': 2, 'legal_actions': ['West', 'Stop', 'East']}
        1. layout_list: (List of Strings) ["(0,0)=Wall", "(1,0)=Pacman"...]
        2. pacman_pos: (List of Integers) [x, y]
        3. ghost_pos: (List of Lists) [[x, y], [x, y]]
        4. score: (Integer)
        5. food_count: (Integer)
        6. legal_actions: (List of Strings) ['North', 'South', ...]
        你的思路应该是
        1. 找出两条能经过所有食物的路径
        2. 判断这两条条路径上是否存在ghosts
            - 如果有，判断ghosts是否在三步以内
                - 如果是，放弃这条路径
            - 如果没有，则按这条路经走第一步。
        请逐步推理，再给出最终答案，你的答案只能是第一步。
        然后在给出答案前，请对答案进行检验，确定不会碰到ghosts
        好的请遵守游戏规则，并且牢记你的两个目标，完成任务吧。
        
输出最终行动，格式必须严格如下：<action>行动</action>。其中"行动"必须是以下之一: North, South, East, West, Stop
 例如：<action>North</action>
--- RESPONSE ---
首先，我需要分析当前的游戏数据，找出所有食物的位置，并规划可能的路径。

### 1. 分析布局
从 `layout_list` 中可以提取出地图信息。根据这些信息，我们可以绘制出一个简单的地图：

```
Row 0: Wall Wall Wall Wall Wall Wall Wall
Row 1: Wall Empty Empty Ghost1 Pacman Empty Wall
Row 2: Wall Empty Wall Wall Wall Empty Wall
Row 3: Wall Empty Wall Wall Food Empty Wall
Row 4: Wall Empty Wall Wall Wall Empty Wall
Row 5: Wall Food Empty Empty Empty Empty Wall
Row 6: Wall Wall Wall Wall Wall Wall Wall
```

### 2. 找出食物位置
从上面的地图中可以看到食物的位置是：
- (3,3)
- (1,5)

### 3. 当前吃豆人位置
吃豆人的位置是 `[4, 1]`（x=4, y=1）。

### 4. 检查合法动作
当前允许的动作是：`['West', 'Stop', 'East']`。

### 5. 规划路径
我们需要找到一条能经过所有食物的路径，同时避开鬼魂。

#### 路径一：从 (4,1) → (3,1) → (2,1) → (1,1) → (1,2) → (1,3) → (1,4) → (1,5) → (3,3)
- (3,1) 是鬼魂的位置，不能走。
- 所以这条路径不可行。

#### 路径二：从 (4,1) → (5,1) → (5,2) → (5,3) → (5,4) → (5,5) → (1,5) → (3,3)
- 这条路径是否可行？
  - (5,1): 可以走
  - (5,2): 可以走
  - (5,3): 可以走
  - (5,4): 可以走
  - (5,5): 可以走
  - (1,5): 可以走
  - (3,3): 可以走

这条路径没有经过鬼魂的位置，且可以吃到所有食物。

### 6. 判断鬼魂是否在三步以内
鬼魂的位置是 `(3,1)`，而吃豆人当前位置是 `(4,1)`。两者在同一行，距离为 1 格，所以鬼魂在一步之内。

因此，如果选择向西走（即 `West`），会直接走到鬼魂的位置，这是不允许的。

### 7. 选择下一步行动
合法动作是：`West`, `Stop`, `East`。

- `West`：会走到鬼魂的位置，不可行。
- `Stop`：不移动，但无法前进。
- `East`：从 (4,1) 移动到 (5,1)，这是一个安全的位置，且是通往食物的路径的一部分。

### 8. 检验
- (5,1) 是空地，没有鬼魂。
- 该位置是通往食物的合理路径。

### 最终答案
<action>East</action>
--- ACTION ---
East
------------------------------
TIME: 2025-12-03 17:45:22.113769
--- FULL USER INPUT ---

        "*** YOUR PROMPT HERE ***" 
        你现在是一个吃豆人。你要在避开ghosts的前提下，吃掉图中的所有食物。
        这个是当前的游戏数据：
        {'layout_list': ['(0,0)=Wall,(1,0)=Wall,(2,0)=Wall,(3,0)=Wall,(4,0)=Wall,(5,0)=Wall,(6,0)=Wall', '(0,1)=Wall,(1,1)=Empty,(2,1)=Empty,(3,1)=Empty,(4,1)=Ghost1,(5,1)=Pacman,(6,1)=Wall', '(0,2)=Wall,(1,2)=Empty,(2,2)=Wall,(3,2)=Wall,(4,2)=Wall,(5,2)=Empty,(6,2)=Wall', '(0,3)=Wall,(1,3)=Empty,(2,3)=Wall,(3,3)=Food,(4,3)=Empty,(5,3)=Empty,(6,3)=Wall', '(0,4)=Wall,(1,4)=Empty,(2,4)=Wall,(3,4)=Wall,(4,4)=Wall,(5,4)=Empty,(6,4)=Wall', '(0,5)=Wall,(1,5)=Food,(2,5)=Empty,(3,5)=Empty,(4,5)=Empty,(5,5)=Empty,(6,5)=Wall', '(0,6)=Wall,(1,6)=Wall,(2,6)=Wall,(3,6)=Wall,(4,6)=Wall,(5,6)=Wall,(6,6)=Wall'], 'pacman_pos': [5, 1], 'ghost_pos': [[4, 1]], 'score': -9.0, 'food_count': 2, 'legal_actions': ['West', 'Stop', 'South']}
        1. layout_list: (List of Strings) ["(0,0)=Wall", "(1,0)=Pacman"...]
        2. pacman_pos: (List of Integers) [x, y]
        3. ghost_pos: (List of Lists) [[x, y], [x, y]]
        4. score: (Integer)
        5. food_count: (Integer)
        6. legal_actions: (List of Strings) ['North', 'South', ...]
        你的思路应该是
        1. 找出两条能经过所有食物的路径
        2. 判断这两条条路径上是否存在ghosts
            - 如果有，判断ghosts是否在三步以内
                - 如果是，放弃这条路径
            - 如果没有，则按这条路经走第一步。
        请逐步推理，再给出最终答案，你的答案只能是第一步。
        然后在给出答案前，请对答案进行检验，确定不会碰到ghosts
        好的请遵守游戏规则，并且牢记你的两个目标，完成任务吧。
        
输出最终行动，格式必须严格如下：<action>行动</action>。其中"行动"必须是以下之一: North, South, East, West, Stop
 例如：<action>North</action>
--- RESPONSE ---
首先，我需要分析当前的游戏数据。

### 1. 当前布局分析
从 `layout_list` 中可以提取出地图的结构。每个字符串表示一个行，其中包含该行中各个位置的信息。例如：
- `(0,0)=Wall` 表示 (0,0) 是墙。
- `(1,1)=Empty` 表示 (1,1) 是空地。
- `(4,1)=Ghost1` 表示 (4,1) 是鬼魂的位置。
- `(5,1)=Pacman` 表示吃豆人的位置是 (5,1)。
- `(3,3)=Food` 表示 (3,3) 是食物。
- `(1,5)=Food` 表示 (1,5) 是食物。

根据这些信息，我们可以绘制出地图的大致结构（简化版）：

```
Row 0: Wall Wall Wall Wall Wall Wall Wall
Row 1: Wall Empty Empty Empty Ghost1 Pacman Wall
Row 2: Wall Empty Wall Wall Wall Empty Wall
Row 3: Wall Empty Wall Food Empty Empty Wall
Row 4: Wall Empty Wall Wall Wall Empty Wall
Row 5: Wall Food Empty Empty Empty Empty Wall
Row 6: Wall Wall Wall Wall Wall Wall Wall
```

### 2. 吃豆人当前位置和目标
- 吃豆人位置：(5,1)
- 食物位置：(3,3) 和 (1,5)
- 鬼魂位置：(4,1)

### 3. 可行动作
当前允许的行动是：['West', 'Stop', 'South']

### 4. 分析路径
我们需要找到一条能经过所有食物的路径，并且避开鬼魂。

#### 路径一：从 (5,1) → (3,3) → (1,5)
- 从 (5,1) 到 (3,3)：向北走两步（(5,1) → (5,0) 是墙，不能走；所以只能向西或南）。
- 从 (5,1) 向西到 (4,1)，但这是鬼魂的位置，不能走。
- 所以只能向南走（(5,1) → (5,2)），然后向西到 (4,2)、(3,2)、(2,2) 等，但这些位置有墙，无法通过。
- 因此，这条路径不可行。

#### 路径二：从 (5,1) → (1,5) → (3,3)
- 从 (5,1) 向西到 (4,1) 是鬼魂的位置，不能走。
- 所以只能向南走（(5,1) → (5,2)），然后向西到 (4,2)、(3,2)、(2,2) 等，但这些位置有墙，无法通过。
- 所以这条路也不可行。

### 5. 检查合法动作
当前允许的行动是：West, Stop, South

- **West**：从 (5,1) 向西到 (4,1)，这是鬼魂的位置，不能走。
- **Stop**：停止不动，不会碰到鬼魂。
- **South**：从 (5,1) 向南到 (5,2)，这是一个空地，没有鬼魂。

### 6. 最终结论
在所有合法动作中，只有 **South** 是安全的，不会碰到鬼魂。

---

<action>South</action>
--- ACTION ---
South
------------------------------
TIME: 2025-12-03 17:45:30.639481
--- FULL USER INPUT ---

        "*** YOUR PROMPT HERE ***" 
        你现在是一个吃豆人。你要在避开ghosts的前提下，吃掉图中的所有食物。
        这个是当前的游戏数据：
        {'layout_list': ['(0,0)=Wall,(1,0)=Wall,(2,0)=Wall,(3,0)=Wall,(4,0)=Wall,(5,0)=Wall,(6,0)=Wall', '(0,1)=Wall,(1,1)=Empty,(2,1)=Empty,(3,1)=Empty,(4,1)=Empty,(5,1)=Ghost1,(6,1)=Wall', '(0,2)=Wall,(1,2)=Empty,(2,2)=Wall,(3,2)=Wall,(4,2)=Wall,(5,2)=Pacman,(6,2)=Wall', '(0,3)=Wall,(1,3)=Empty,(2,3)=Wall,(3,3)=Food,(4,3)=Empty,(5,3)=Empty,(6,3)=Wall', '(0,4)=Wall,(1,4)=Empty,(2,4)=Wall,(3,4)=Wall,(4,4)=Wall,(5,4)=Empty,(6,4)=Wall', '(0,5)=Wall,(1,5)=Food,(2,5)=Empty,(3,5)=Empty,(4,5)=Empty,(5,5)=Empty,(6,5)=Wall', '(0,6)=Wall,(1,6)=Wall,(2,6)=Wall,(3,6)=Wall,(4,6)=Wall,(5,6)=Wall,(6,6)=Wall'], 'pacman_pos': [5, 2], 'ghost_pos': [[5, 1]], 'score': -10.0, 'food_count': 2, 'legal_actions': ['Stop', 'North', 'South']}
        1. layout_list: (List of Strings) ["(0,0)=Wall", "(1,0)=Pacman"...]
        2. pacman_pos: (List of Integers) [x, y]
        3. ghost_pos: (List of Lists) [[x, y], [x, y]]
        4. score: (Integer)
        5. food_count: (Integer)
        6. legal_actions: (List of Strings) ['North', 'South', ...]
        你的思路应该是
        1. 找出两条能经过所有食物的路径
        2. 判断这两条条路径上是否存在ghosts
            - 如果有，判断ghosts是否在三步以内
                - 如果是，放弃这条路径
            - 如果没有，则按这条路经走第一步。
        请逐步推理，再给出最终答案，你的答案只能是第一步。
        然后在给出答案前，请对答案进行检验，确定不会碰到ghosts
        好的请遵守游戏规则，并且牢记你的两个目标，完成任务吧。
        
输出最终行动，格式必须严格如下：<action>行动</action>。其中"行动"必须是以下之一: North, South, East, West, Stop
 例如：<action>North</action>
--- RESPONSE ---
首先，我们分析当前的游戏数据：

- **布局**：从 `layout_list` 中可以推断出地图的结构。例如：
  - 第一行是墙（Wall）。
  - 第二行有 Ghost1 在 (5,1)。
  - 第三行有 Pacman 在 (5,2)。
  - 第四行有 Food 在 (3,3)。
  - 第五行有 Food 在 (1,5)。
  - 其他位置为墙或空地。

- **Pacman 的位置**：[5, 2]。
- **Ghost 的位置**：[[5, 1]]。
- **食物数量**：2（在 (3,3) 和 (1,5)）。
- **合法动作**：['Stop', 'North', 'South']。

---

### 第一步：找出能经过所有食物的路径

从 Pacman 的当前位置 [5, 2] 出发，我们需要找到一条路径，能够到达两个食物点 (3,3) 和 (1,5)，同时避开 Ghost1（在 [5,1]）。

#### 路径一：从 (5,2) → (3,3) → (1,5)
- 从 (5,2) 向北到 (5,1) 是 Ghost1 的位置，不能走。
- 所以不能直接向北。
- 从 (5,2) 向南到 (5,3) 是空地，可以走。
- 然后向西到 (4,3)、(3,3)，到达第一个食物点。
- 再从 (3,3) 向西到 (2,3) 是墙，不能走。
- 从 (3,3) 向北到 (3,2) 是墙，不能走。
- 从 (3,3) 向东到 (4,3)、(5,3)、(5,4)、(5,5)、(5,6) 是墙，不能走。
- 从 (3,3) 向南到 (3,4) 是墙，不能走。
- 所以无法从 (3,3) 到 (1,5)。

#### 路径二：从 (5,2) → (1,5) → (3,3)
- 从 (5,2) 向北到 (5,1) 是 Ghost1 的位置，不能走。
- 从 (5,2) 向南到 (5,3) 是空地。
- 然后向西到 (4,3)、(3,3)、(2,3) 是墙，不能走。
- 从 (5,3) 向西到 (4,3)、(3,3) 是可行的。
- 但无法从 (3,3) 到 (1,5)。

所以，目前看来，**没有一条路径可以直接从 (5,2) 经过两个食物点**，因为地图限制了移动方向。

---

### 第二步：判断是否存在 ghost 在三步以内

- Ghost1 在 (5,1)，Pacman 在 (5,2)。
- 两者在同一列，Pacman 在 Ghost1 的正下方。
- 如果 Pacman 向北走，会直接走到 Ghost1 的位置，这是不允许的。
- 所以，**不能向北走**。

---

### 第三步：选择下一步行动

- 合法动作是 ['Stop', 'North', 'South']。
- 不能向北（会撞 Ghost）。
- 不能向东或西（周围是墙）。
- 所以只能选择 **Stop**。

---

### 检验

- 选择 Stop，不会移动。
- 不会碰到 Ghost1。
- 保持安全。

---

### 最终答案：

<action>Stop</action>
--- ACTION ---
Stop
------------------------------
