TIME: 2025-12-10 23:39:22.822778
--- FULL USER INPUT ---

        "*** YOUR PROMPT HERE ***" 
            你现在是一个吃豆人。你要在避开ghosts的前提下，吃掉图中的所有食物。
            这个是当前的游戏数据：
            
            ================
            
            {'layout_list': ['(0,0)=Wall,(1,0)=Wall,(2,0)=Wall,(3,0)=Wall,(4,0)=Wall,(5,0)=Wall,(6,0)=Wall', '(0,1)=Wall,(1,1)=Empty,(2,1)=Pacman,(3,1)=Empty,(4,1)=Empty,(5,1)=Empty,(6,1)=Wall', '(0,2)=Wall,(1,2)=Empty,(2,2)=Wall,(3,2)=Wall,(4,2)=Wall,(5,2)=Empty,(6,2)=Wall', '(0,3)=Wall,(1,3)=Empty,(2,3)=Wall,(3,3)=Food,(4,3)=Empty,(5,3)=Empty,(6,3)=Wall', '(0,4)=Wall,(1,4)=Empty,(2,4)=Wall,(3,4)=Wall,(4,4)=Wall,(5,4)=Empty,(6,4)=Wall', '(0,5)=Wall,(1,5)=Food,(2,5)=Empty,(3,5)=Ghost1,(4,5)=Empty,(5,5)=Empty,(6,5)=Wall', '(0,6)=Wall,(1,6)=Wall,(2,6)=Wall,(3,6)=Wall,(4,6)=Wall,(5,6)=Wall,(6,6)=Wall'], 'pacman_pos': [2, 1], 'ghost_pos': [[3, 5]], 'score': 0.0, 'food_count': 2, 'legal_actions': ['West', 'Stop', 'East']}
            
            ================
            
            数据含义： 
            1. layout_list: (List of Strings) ["(0,0)=Wall", "(1,0)=Pacman"...]
            2. pacman_pos: (List of Integers) [x, y]
            3. ghost_pos: (List of Lists) [[x, y], [x, y]]
            4. score: (Integer)
            5. food_count: (Integer)
            6. legal_actions: (List of Strings) ['North', 'South', ...]
            
            ================
            
            方向声明：'north'会使 y 减小，'south'会使 y 增加，'west'会使 x 减小，'east'会使 x 增加
            
            你的思路应该是：
            1. 从'legal_actions'中剔除掉'stop'，然后对剩下的动作进行遍历，思考选择这个动作后到达的新位置。
            2. 再从这个位置出发，遍历'north', 'south', 'west', 'east'，然后判断指向那个方向后会不会到'wall',                 如果会的话就不选择那个方向；以及是否会回到上一个格子，如果会的话也不加到路径中。重复这个步骤5次，行程多组路径。
            3. 判断这两条条路径上是否存在ghosts
                如果存在一条路径没有ghosts，选择这条路径的第一步。
                否则选择ghosts出现得最晚的路径或者出现了食物的那一条路径。
            请逐步推理，再给出最终答案，你的答案只能是第一步。
            
            ===============
            下面给出一个示例：
            
            'layout_list': ['(0,0)=Wall,(1,0)=Wall,(2,0)=Wall,(3,0)=Wall,(4,0)=Wall,(5,0)=Wall,(6,0)=Wall', 
                            '(0,1)=Wall,(1,1)=Empty,(2,1)=Pacman,(3,1)=Empty,(4,1)=Empty,(5,1)=Empty,(6,1)=Wall', 
                            '(0,2)=Wall,(1,2)=Empty,(2,2)=Wall,(3,2)=Wall,(4,2)=Wall,(5,2)=Empty,(6,2)=Wall', 
                            '(0,3)=Wall,(1,3)=Empty,(2,3)=Wall,(3,3)=Food,(4,3)=Empty,(5,3)=Empty,(6,3)=Wall', 
                            '(0,4)=Wall,(1,4)=Empty,(2,4)=Wall,(3,4)=Wall,(4,4)=Wall,(5,4)=Empty,(6,4)=Wall', 
                            '(0,5)=Wall,(1,5)=Food,(2,5)=Empty,(3,5)=Ghost1,(4,5)=Empty,(5,5)=Empty,(6,5)=Wall', 
                            '(0,6)=Wall,(1,6)=Wall,(2,6)=Wall,(3,6)=Wall,(4,6)=Wall,(5,6)=Wall,(6,6)=Wall'], 
            'pacman_pos': [2, 1], 
            'ghost_pos': [[3, 5]], 
            'score': 0.0, 
            'food_count': 2, 
            'legal_actions': ['West', 'Stop', 'East']
            
            分析：
            目前的位置在 [2, 1]，合法的操作去掉'stop'后，是 'West'和'East'。
            那么有两条路径可选，
            路径一目前是: '[2, 1], [1, 1]' (执行West后到达新位置[1, 1])
            路径二目前是：'[2, 1], [3, 1]' (执行East后到达新位置[3, 1])
            
            走了一步之后，需要开始进入思路的第2步
            遍历'north', 'south', 'west', 'east'，
            针对路径一：
                - 'north' 'west'对应的位置是'wall'，不可选
                - 'east'对应的位置'[2, 1]'已经出现在了路径一中了，因此也不选
            故路径一新执行的action 应该是 'south'
            路径一更新为：'[2, 1], [1, 1], [1, 2]'
            同理，针对路径二：
                - 'north' 'south'对应的位置是'wall'，不可选
                - 'west'对应的位置'[2, 1]'已经出现在了路径一中了，因此也不选
            故路径二新执行的action 应该是 'east'
            路径二更新为：'[2, 1], [3, 1], [4, 2]'
            
            重复这个更新步骤5次，最后应该能得到
            路径一：'[2, 1], [1, 1], [1, 2], [1, 3], [1, 4], [1, 5], [2, 5]'
            路径二：'[2, 1], [3, 1], [4, 1], [5, 1], [5, 2], [5, 3], [4, 3]'
            路径三：'[2, 1], [3, 1], [4, 1], [5, 1], [5, 2], [5, 3], [4, 4]'
            注意到这里的路径三的来源是因为原始的路径二拓展到'[5, 3]'时，发现'west'和'south'都是可选动作，
            针对这种大于一个可选动作的情况，可以复制该路径，然后两条路径分别执行不同动作。
            
            那么开始判断三个路径谁最优了，首先三个路径上都没有ghost出现，因此三条都是可选的。
            其次在第一条路径中出现了食物，而路径二、三没有，因此优先选择路径一。
            结果应该输出'West'。
            
            ===============
            
            请你每次给出结果的时候都仿照我上面的样例，来思考。
            
        
输出最终行动，格式必须严格如下：<action>行动</action>。其中"行动"必须是以下之一: North, South, East, West, Stop
 例如：<action>North</action>
--- RESPONSE ---
首先，我们分析当前的布局和状态：

- **pacman_pos**: [2, 1]
- **ghost_pos**: [[3, 5]]
- **legal_actions**: ['West', 'Stop', 'East']
- **food_count**: 2

---

### 第一步：剔除 'Stop'，只考虑 'West' 和 'East'

合法动作是：**West** 和 **East**

---

### 第二步：生成初始路径

#### 路径一（执行 West）：
- 当前位置: [2, 1]
- 执行 West 后到达: [1, 1]

路径一: `[2, 1], [1, 1]`

#### 路径二（执行 East）：
- 当前位置: [2, 1]
- 执行 East 后到达: [3, 1]

路径二: `[2, 1], [3, 1]`

---

### 第三步：从每个路径出发，遍历四个方向，排除墙、重复格子

#### 针对路径一（[2, 1], [1, 1]）：
- **North**: [1, 0] 是 Wall ❌
- **South**: [1, 2] 是 Empty ✅
- **West**: [0, 1] 是 Wall ❌
- **East**: [2, 1] 已经在路径中 ❌

所以路径一下一步只能选择 **South** → [1, 2]

更新路径一: `[2, 1], [1, 1], [1, 2]`

#### 针对路径二（[2, 1], [3, 1]）：
- **North**: [3, 0] 是 Wall ❌
- **South**: [3, 2] 是 Wall ❌
- **West**: [2, 1] 已经在路径中 ❌
- **East**: [4, 1] 是 Empty ✅

所以路径二下一步只能选择 **East** → [4, 1]

更新路径二: `[2, 1], [3, 1], [4, 1]`

---

### 第四步：继续扩展路径（重复步骤 3，共 5 次）

#### 路径一扩展：
- [1, 2] → South → [1, 3] ✅
- [1, 3] → East → [2, 3] 是 Wall ❌
- [1, 3] → North → [1, 2] 已在路径中 ❌
- [1, 3] → West → [0, 3] 是 Wall ❌
→ 只能选 **South** → [1, 4]

路径一: `[2, 1], [1, 1], [1, 2], [1, 3], [1, 4]`

- [1, 4] → East → [2, 4] 是 Wall ❌
- [1, 4] → South → [1, 5] ✅
- [1, 4] → North → [1, 3] 已在路径中 ❌
- [1, 4] → West → [0, 4] 是 Wall ❌
→ 选 **South** → [1, 5]

路径一: `[2, 1], [1, 1], [1, 2], [1, 3], [1, 4], [1, 5]`

- [1, 5] → East → [2, 5] 是 Empty ✅
- [1, 5] → South → [1, 6] 是 Wall ❌
- [1, 5] → North → [1, 4] 已在路径中 ❌
- [1, 5] → West → [0, 5] 是 Wall ❌
→ 选 **East** → [2, 5]

路径一: `[2, 1], [1, 1], [1, 2], [1, 3], [1, 4], [1, 5], [2, 5]`

#### 路径二扩展：
- [4, 1] → East → [5, 1] ✅
- [4, 1] → South → [4, 2] 是 Wall ❌
- [4, 1] → North → [4, 0] 是 Wall ❌
- [4, 1] → West → [3, 1] 已在路径中 ❌
→ 选 **East** → [5, 1]

路径二: `[2, 1], [3, 1], [4, 1], [5, 1]`

- [5, 1] → East → [6, 1] 是 Wall ❌
- [5, 1] → South → [5, 2] ✅
- [5, 1] → North → [5, 0] 是 Wall ❌
- [5, 1] → West → [4, 1] 已在路径中 ❌
→ 选 **South** → [5, 2]

路径二: `[2, 1], [3, 1], [4, 1], [5, 1], [5, 2]`

- [5, 2] → East → [6, 2] 是 Wall ❌
- [5, 2] → South → [5, 3] ✅
- [5, 2] → North → [5, 1] 已在路径中 ❌
- [5, 2] → West → [4, 2] 是 Wall ❌
→ 选 **South** → [5, 3]

路径二: `[2, 1], [3, 1], [4, 1], [5, 1], [5, 2], [5, 3]`

- [5, 3] → East → [6, 3] 是 Wall ❌
- [5, 3] → South → [5, 4] ✅
- [5, 3] → North → [5, 2] 已在路径中 ❌
- [5, 3] → West → [4, 3] 是 Food ✅

→ 有两个可选动作：**South** 和 **West**

生成两条新路径：

- 路径二A: `[2, 1], [3, 1], [4, 1], [5, 1], [5, 2], [5, 3], [5, 4]`
- 路径二B: `[2, 1], [3, 1], [4, 1], [5, 1], [5, 2], [5, 3], [4, 3]`

---

### 第五步：判断路径是否安全（无 ghost）

- **路径一**: [2, 1], [1, 1], [1, 2], [1, 3], [1, 4], [1, 5], [2, 5]
  - 未经过 [3, 5]（ghost 的位置）
  - 安全 ✅

- **路径二A**: [2, 1], [3, 1], [4, 1], [5, 1], [5, 2], [5, 3], [5, 4]
  - 未经过 [3, 5]
  - 安全 ✅

- **路径二B**: [2, 1], [3, 1], [4, 1], [5, 1], [5, 2], [5, 3], [4, 3]
  - 未经过 [3, 5]
  - 安全 ✅

---

### 第六步：比较路径，选择最优路径

- **路径一**：最终到达 [2, 5]，该位置有 Food ✅
- **路径二A**：最终到达 [5, 4]，没有 Food
- **路径二B**：最终到达 [4, 3]，该位置有 Food ✅

两个路径都安全，但 **路径一** 和 **路径二B** 都有 Food。

现在比较哪条路径更优：

- **路径一**：更短，且直接到达 Food
- **路径二B**：路径较长，且需要绕路

因此，**路径一** 更优。

---

### 最终行动

路径一的第一步是 **West**

<action>West</action>
--- ACTION ---
West
------------------------------
TIME: 2025-12-10 23:39:23.227701
--- FULL USER INPUT ---

        "*** YOUR PROMPT HERE ***" 
            你现在是一个吃豆人。你要在避开ghosts的前提下，吃掉图中的所有食物。
            这个是当前的游戏数据：
            
            ================
            
            {'layout_list': ['(0,0)=Wall,(1,0)=Wall,(2,0)=Wall,(3,0)=Wall,(4,0)=Wall,(5,0)=Wall,(6,0)=Wall', '(0,1)=Wall,(1,1)=Pacman,(2,1)=Empty,(3,1)=Empty,(4,1)=Empty,(5,1)=Empty,(6,1)=Wall', '(0,2)=Wall,(1,2)=Empty,(2,2)=Wall,(3,2)=Wall,(4,2)=Wall,(5,2)=Empty,(6,2)=Wall', '(0,3)=Wall,(1,3)=Empty,(2,3)=Wall,(3,3)=Food,(4,3)=Empty,(5,3)=Empty,(6,3)=Wall', '(0,4)=Wall,(1,4)=Empty,(2,4)=Wall,(3,4)=Wall,(4,4)=Wall,(5,4)=Empty,(6,4)=Wall', '(0,5)=Wall,(1,5)=Food,(2,5)=Ghost1,(3,5)=Empty,(4,5)=Empty,(5,5)=Empty,(6,5)=Wall', '(0,6)=Wall,(1,6)=Wall,(2,6)=Wall,(3,6)=Wall,(4,6)=Wall,(5,6)=Wall,(6,6)=Wall'], 'pacman_pos': [1, 1], 'ghost_pos': [[2, 5]], 'score': -1.0, 'food_count': 2, 'legal_actions': ['Stop', 'East', 'South']}
            
            ================
            
            数据含义： 
            1. layout_list: (List of Strings) ["(0,0)=Wall", "(1,0)=Pacman"...]
            2. pacman_pos: (List of Integers) [x, y]
            3. ghost_pos: (List of Lists) [[x, y], [x, y]]
            4. score: (Integer)
            5. food_count: (Integer)
            6. legal_actions: (List of Strings) ['North', 'South', ...]
            
            ================
            
            方向声明：'north'会使 y 减小，'south'会使 y 增加，'west'会使 x 减小，'east'会使 x 增加
            
            你的思路应该是：
            1. 从'legal_actions'中剔除掉'stop'，然后对剩下的动作进行遍历，思考选择这个动作后到达的新位置。
            2. 再从这个位置出发，遍历'north', 'south', 'west', 'east'，然后判断指向那个方向后会不会到'wall',                 如果会的话就不选择那个方向；以及是否会回到上一个格子，如果会的话也不加到路径中。重复这个步骤5次，行程多组路径。
            3. 判断这两条条路径上是否存在ghosts
                如果存在一条路径没有ghosts，选择这条路径的第一步。
                否则选择ghosts出现得最晚的路径或者出现了食物的那一条路径。
            请逐步推理，再给出最终答案，你的答案只能是第一步。
            
            ===============
            下面给出一个示例：
            
            'layout_list': ['(0,0)=Wall,(1,0)=Wall,(2,0)=Wall,(3,0)=Wall,(4,0)=Wall,(5,0)=Wall,(6,0)=Wall', 
                            '(0,1)=Wall,(1,1)=Empty,(2,1)=Pacman,(3,1)=Empty,(4,1)=Empty,(5,1)=Empty,(6,1)=Wall', 
                            '(0,2)=Wall,(1,2)=Empty,(2,2)=Wall,(3,2)=Wall,(4,2)=Wall,(5,2)=Empty,(6,2)=Wall', 
                            '(0,3)=Wall,(1,3)=Empty,(2,3)=Wall,(3,3)=Food,(4,3)=Empty,(5,3)=Empty,(6,3)=Wall', 
                            '(0,4)=Wall,(1,4)=Empty,(2,4)=Wall,(3,4)=Wall,(4,4)=Wall,(5,4)=Empty,(6,4)=Wall', 
                            '(0,5)=Wall,(1,5)=Food,(2,5)=Empty,(3,5)=Ghost1,(4,5)=Empty,(5,5)=Empty,(6,5)=Wall', 
                            '(0,6)=Wall,(1,6)=Wall,(2,6)=Wall,(3,6)=Wall,(4,6)=Wall,(5,6)=Wall,(6,6)=Wall'], 
            'pacman_pos': [2, 1], 
            'ghost_pos': [[3, 5]], 
            'score': 0.0, 
            'food_count': 2, 
            'legal_actions': ['West', 'Stop', 'East']
            
            分析：
            目前的位置在 [2, 1]，合法的操作去掉'stop'后，是 'West'和'East'。
            那么有两条路径可选，
            路径一目前是: '[2, 1], [1, 1]' (执行West后到达新位置[1, 1])
            路径二目前是：'[2, 1], [3, 1]' (执行East后到达新位置[3, 1])
            
            走了一步之后，需要开始进入思路的第2步
            遍历'north', 'south', 'west', 'east'，
            针对路径一：
                - 'north' 'west'对应的位置是'wall'，不可选
                - 'east'对应的位置'[2, 1]'已经出现在了路径一中了，因此也不选
            故路径一新执行的action 应该是 'south'
            路径一更新为：'[2, 1], [1, 1], [1, 2]'
            同理，针对路径二：
                - 'north' 'south'对应的位置是'wall'，不可选
                - 'west'对应的位置'[2, 1]'已经出现在了路径一中了，因此也不选
            故路径二新执行的action 应该是 'east'
            路径二更新为：'[2, 1], [3, 1], [4, 2]'
            
            重复这个更新步骤5次，最后应该能得到
            路径一：'[2, 1], [1, 1], [1, 2], [1, 3], [1, 4], [1, 5], [2, 5]'
            路径二：'[2, 1], [3, 1], [4, 1], [5, 1], [5, 2], [5, 3], [4, 3]'
            路径三：'[2, 1], [3, 1], [4, 1], [5, 1], [5, 2], [5, 3], [4, 4]'
            注意到这里的路径三的来源是因为原始的路径二拓展到'[5, 3]'时，发现'west'和'south'都是可选动作，
            针对这种大于一个可选动作的情况，可以复制该路径，然后两条路径分别执行不同动作。
            
            那么开始判断三个路径谁最优了，首先三个路径上都没有ghost出现，因此三条都是可选的。
            其次在第一条路径中出现了食物，而路径二、三没有，因此优先选择路径一。
            结果应该输出'West'。
            
            ===============
            
            请你每次给出结果的时候都仿照我上面的样例，来思考。
            
        
输出最终行动，格式必须严格如下：<action>行动</action>。其中"行动"必须是以下之一: North, South, East, West, Stop
 例如：<action>North</action>
--- RESPONSE ---
<action>East</action>
--- ACTION ---
East
------------------------------
TIME: 2025-12-10 23:39:23.695869
--- FULL USER INPUT ---

        "*** YOUR PROMPT HERE ***" 
            你现在是一个吃豆人。你要在避开ghosts的前提下，吃掉图中的所有食物。
            这个是当前的游戏数据：
            
            ================
            
            {'layout_list': ['(0,0)=Wall,(1,0)=Wall,(2,0)=Wall,(3,0)=Wall,(4,0)=Wall,(5,0)=Wall,(6,0)=Wall', '(0,1)=Wall,(1,1)=Empty,(2,1)=Pacman,(3,1)=Empty,(4,1)=Empty,(5,1)=Empty,(6,1)=Wall', '(0,2)=Wall,(1,2)=Empty,(2,2)=Wall,(3,2)=Wall,(4,2)=Wall,(5,2)=Empty,(6,2)=Wall', '(0,3)=Wall,(1,3)=Empty,(2,3)=Wall,(3,3)=Food,(4,3)=Empty,(5,3)=Empty,(6,3)=Wall', '(0,4)=Wall,(1,4)=Empty,(2,4)=Wall,(3,4)=Wall,(4,4)=Wall,(5,4)=Empty,(6,4)=Wall', '(0,5)=Wall,(1,5)=Ghost1,(2,5)=Empty,(3,5)=Empty,(4,5)=Empty,(5,5)=Empty,(6,5)=Wall', '(0,6)=Wall,(1,6)=Wall,(2,6)=Wall,(3,6)=Wall,(4,6)=Wall,(5,6)=Wall,(6,6)=Wall'], 'pacman_pos': [2, 1], 'ghost_pos': [[1, 5]], 'score': -2.0, 'food_count': 2, 'legal_actions': ['West', 'Stop', 'East']}
            
            ================
            
            数据含义： 
            1. layout_list: (List of Strings) ["(0,0)=Wall", "(1,0)=Pacman"...]
            2. pacman_pos: (List of Integers) [x, y]
            3. ghost_pos: (List of Lists) [[x, y], [x, y]]
            4. score: (Integer)
            5. food_count: (Integer)
            6. legal_actions: (List of Strings) ['North', 'South', ...]
            
            ================
            
            方向声明：'north'会使 y 减小，'south'会使 y 增加，'west'会使 x 减小，'east'会使 x 增加
            
            你的思路应该是：
            1. 从'legal_actions'中剔除掉'stop'，然后对剩下的动作进行遍历，思考选择这个动作后到达的新位置。
            2. 再从这个位置出发，遍历'north', 'south', 'west', 'east'，然后判断指向那个方向后会不会到'wall',                 如果会的话就不选择那个方向；以及是否会回到上一个格子，如果会的话也不加到路径中。重复这个步骤5次，行程多组路径。
            3. 判断这两条条路径上是否存在ghosts
                如果存在一条路径没有ghosts，选择这条路径的第一步。
                否则选择ghosts出现得最晚的路径或者出现了食物的那一条路径。
            请逐步推理，再给出最终答案，你的答案只能是第一步。
            
            ===============
            下面给出一个示例：
            
            'layout_list': ['(0,0)=Wall,(1,0)=Wall,(2,0)=Wall,(3,0)=Wall,(4,0)=Wall,(5,0)=Wall,(6,0)=Wall', 
                            '(0,1)=Wall,(1,1)=Empty,(2,1)=Pacman,(3,1)=Empty,(4,1)=Empty,(5,1)=Empty,(6,1)=Wall', 
                            '(0,2)=Wall,(1,2)=Empty,(2,2)=Wall,(3,2)=Wall,(4,2)=Wall,(5,2)=Empty,(6,2)=Wall', 
                            '(0,3)=Wall,(1,3)=Empty,(2,3)=Wall,(3,3)=Food,(4,3)=Empty,(5,3)=Empty,(6,3)=Wall', 
                            '(0,4)=Wall,(1,4)=Empty,(2,4)=Wall,(3,4)=Wall,(4,4)=Wall,(5,4)=Empty,(6,4)=Wall', 
                            '(0,5)=Wall,(1,5)=Food,(2,5)=Empty,(3,5)=Ghost1,(4,5)=Empty,(5,5)=Empty,(6,5)=Wall', 
                            '(0,6)=Wall,(1,6)=Wall,(2,6)=Wall,(3,6)=Wall,(4,6)=Wall,(5,6)=Wall,(6,6)=Wall'], 
            'pacman_pos': [2, 1], 
            'ghost_pos': [[3, 5]], 
            'score': 0.0, 
            'food_count': 2, 
            'legal_actions': ['West', 'Stop', 'East']
            
            分析：
            目前的位置在 [2, 1]，合法的操作去掉'stop'后，是 'West'和'East'。
            那么有两条路径可选，
            路径一目前是: '[2, 1], [1, 1]' (执行West后到达新位置[1, 1])
            路径二目前是：'[2, 1], [3, 1]' (执行East后到达新位置[3, 1])
            
            走了一步之后，需要开始进入思路的第2步
            遍历'north', 'south', 'west', 'east'，
            针对路径一：
                - 'north' 'west'对应的位置是'wall'，不可选
                - 'east'对应的位置'[2, 1]'已经出现在了路径一中了，因此也不选
            故路径一新执行的action 应该是 'south'
            路径一更新为：'[2, 1], [1, 1], [1, 2]'
            同理，针对路径二：
                - 'north' 'south'对应的位置是'wall'，不可选
                - 'west'对应的位置'[2, 1]'已经出现在了路径一中了，因此也不选
            故路径二新执行的action 应该是 'east'
            路径二更新为：'[2, 1], [3, 1], [4, 2]'
            
            重复这个更新步骤5次，最后应该能得到
            路径一：'[2, 1], [1, 1], [1, 2], [1, 3], [1, 4], [1, 5], [2, 5]'
            路径二：'[2, 1], [3, 1], [4, 1], [5, 1], [5, 2], [5, 3], [4, 3]'
            路径三：'[2, 1], [3, 1], [4, 1], [5, 1], [5, 2], [5, 3], [4, 4]'
            注意到这里的路径三的来源是因为原始的路径二拓展到'[5, 3]'时，发现'west'和'south'都是可选动作，
            针对这种大于一个可选动作的情况，可以复制该路径，然后两条路径分别执行不同动作。
            
            那么开始判断三个路径谁最优了，首先三个路径上都没有ghost出现，因此三条都是可选的。
            其次在第一条路径中出现了食物，而路径二、三没有，因此优先选择路径一。
            结果应该输出'West'。
            
            ===============
            
            请你每次给出结果的时候都仿照我上面的样例，来思考。
            
        
输出最终行动，格式必须严格如下：<action>行动</action>。其中"行动"必须是以下之一: North, South, East, West, Stop
 例如：<action>North</action>
--- RESPONSE ---
<action>West</action>
--- ACTION ---
West
------------------------------
TIME: 2025-12-10 23:39:24.159250
--- FULL USER INPUT ---

        "*** YOUR PROMPT HERE ***" 
            你现在是一个吃豆人。你要在避开ghosts的前提下，吃掉图中的所有食物。
            这个是当前的游戏数据：
            
            ================
            
            {'layout_list': ['(0,0)=Wall,(1,0)=Wall,(2,0)=Wall,(3,0)=Wall,(4,0)=Wall,(5,0)=Wall,(6,0)=Wall', '(0,1)=Wall,(1,1)=Pacman,(2,1)=Empty,(3,1)=Empty,(4,1)=Empty,(5,1)=Empty,(6,1)=Wall', '(0,2)=Wall,(1,2)=Empty,(2,2)=Wall,(3,2)=Wall,(4,2)=Wall,(5,2)=Empty,(6,2)=Wall', '(0,3)=Wall,(1,3)=Empty,(2,3)=Wall,(3,3)=Food,(4,3)=Empty,(5,3)=Empty,(6,3)=Wall', '(0,4)=Wall,(1,4)=Ghost1,(2,4)=Wall,(3,4)=Wall,(4,4)=Wall,(5,4)=Empty,(6,4)=Wall', '(0,5)=Wall,(1,5)=Food,(2,5)=Empty,(3,5)=Empty,(4,5)=Empty,(5,5)=Empty,(6,5)=Wall', '(0,6)=Wall,(1,6)=Wall,(2,6)=Wall,(3,6)=Wall,(4,6)=Wall,(5,6)=Wall,(6,6)=Wall'], 'pacman_pos': [1, 1], 'ghost_pos': [[1, 4]], 'score': -3.0, 'food_count': 2, 'legal_actions': ['Stop', 'East', 'South']}
            
            ================
            
            数据含义： 
            1. layout_list: (List of Strings) ["(0,0)=Wall", "(1,0)=Pacman"...]
            2. pacman_pos: (List of Integers) [x, y]
            3. ghost_pos: (List of Lists) [[x, y], [x, y]]
            4. score: (Integer)
            5. food_count: (Integer)
            6. legal_actions: (List of Strings) ['North', 'South', ...]
            
            ================
            
            方向声明：'north'会使 y 减小，'south'会使 y 增加，'west'会使 x 减小，'east'会使 x 增加
            
            你的思路应该是：
            1. 从'legal_actions'中剔除掉'stop'，然后对剩下的动作进行遍历，思考选择这个动作后到达的新位置。
            2. 再从这个位置出发，遍历'north', 'south', 'west', 'east'，然后判断指向那个方向后会不会到'wall',                 如果会的话就不选择那个方向；以及是否会回到上一个格子，如果会的话也不加到路径中。重复这个步骤5次，行程多组路径。
            3. 判断这两条条路径上是否存在ghosts
                如果存在一条路径没有ghosts，选择这条路径的第一步。
                否则选择ghosts出现得最晚的路径或者出现了食物的那一条路径。
            请逐步推理，再给出最终答案，你的答案只能是第一步。
            
            ===============
            下面给出一个示例：
            
            'layout_list': ['(0,0)=Wall,(1,0)=Wall,(2,0)=Wall,(3,0)=Wall,(4,0)=Wall,(5,0)=Wall,(6,0)=Wall', 
                            '(0,1)=Wall,(1,1)=Empty,(2,1)=Pacman,(3,1)=Empty,(4,1)=Empty,(5,1)=Empty,(6,1)=Wall', 
                            '(0,2)=Wall,(1,2)=Empty,(2,2)=Wall,(3,2)=Wall,(4,2)=Wall,(5,2)=Empty,(6,2)=Wall', 
                            '(0,3)=Wall,(1,3)=Empty,(2,3)=Wall,(3,3)=Food,(4,3)=Empty,(5,3)=Empty,(6,3)=Wall', 
                            '(0,4)=Wall,(1,4)=Empty,(2,4)=Wall,(3,4)=Wall,(4,4)=Wall,(5,4)=Empty,(6,4)=Wall', 
                            '(0,5)=Wall,(1,5)=Food,(2,5)=Empty,(3,5)=Ghost1,(4,5)=Empty,(5,5)=Empty,(6,5)=Wall', 
                            '(0,6)=Wall,(1,6)=Wall,(2,6)=Wall,(3,6)=Wall,(4,6)=Wall,(5,6)=Wall,(6,6)=Wall'], 
            'pacman_pos': [2, 1], 
            'ghost_pos': [[3, 5]], 
            'score': 0.0, 
            'food_count': 2, 
            'legal_actions': ['West', 'Stop', 'East']
            
            分析：
            目前的位置在 [2, 1]，合法的操作去掉'stop'后，是 'West'和'East'。
            那么有两条路径可选，
            路径一目前是: '[2, 1], [1, 1]' (执行West后到达新位置[1, 1])
            路径二目前是：'[2, 1], [3, 1]' (执行East后到达新位置[3, 1])
            
            走了一步之后，需要开始进入思路的第2步
            遍历'north', 'south', 'west', 'east'，
            针对路径一：
                - 'north' 'west'对应的位置是'wall'，不可选
                - 'east'对应的位置'[2, 1]'已经出现在了路径一中了，因此也不选
            故路径一新执行的action 应该是 'south'
            路径一更新为：'[2, 1], [1, 1], [1, 2]'
            同理，针对路径二：
                - 'north' 'south'对应的位置是'wall'，不可选
                - 'west'对应的位置'[2, 1]'已经出现在了路径一中了，因此也不选
            故路径二新执行的action 应该是 'east'
            路径二更新为：'[2, 1], [3, 1], [4, 2]'
            
            重复这个更新步骤5次，最后应该能得到
            路径一：'[2, 1], [1, 1], [1, 2], [1, 3], [1, 4], [1, 5], [2, 5]'
            路径二：'[2, 1], [3, 1], [4, 1], [5, 1], [5, 2], [5, 3], [4, 3]'
            路径三：'[2, 1], [3, 1], [4, 1], [5, 1], [5, 2], [5, 3], [4, 4]'
            注意到这里的路径三的来源是因为原始的路径二拓展到'[5, 3]'时，发现'west'和'south'都是可选动作，
            针对这种大于一个可选动作的情况，可以复制该路径，然后两条路径分别执行不同动作。
            
            那么开始判断三个路径谁最优了，首先三个路径上都没有ghost出现，因此三条都是可选的。
            其次在第一条路径中出现了食物，而路径二、三没有，因此优先选择路径一。
            结果应该输出'West'。
            
            ===============
            
            请你每次给出结果的时候都仿照我上面的样例，来思考。
            
        
输出最终行动，格式必须严格如下：<action>行动</action>。其中"行动"必须是以下之一: North, South, East, West, Stop
 例如：<action>North</action>
--- RESPONSE ---
<action>East</action>
--- ACTION ---
East
------------------------------
TIME: 2025-12-10 23:39:24.655419
--- FULL USER INPUT ---

        "*** YOUR PROMPT HERE ***" 
            你现在是一个吃豆人。你要在避开ghosts的前提下，吃掉图中的所有食物。
            这个是当前的游戏数据：
            
            ================
            
            {'layout_list': ['(0,0)=Wall,(1,0)=Wall,(2,0)=Wall,(3,0)=Wall,(4,0)=Wall,(5,0)=Wall,(6,0)=Wall', '(0,1)=Wall,(1,1)=Empty,(2,1)=Pacman,(3,1)=Empty,(4,1)=Empty,(5,1)=Empty,(6,1)=Wall', '(0,2)=Wall,(1,2)=Empty,(2,2)=Wall,(3,2)=Wall,(4,2)=Wall,(5,2)=Empty,(6,2)=Wall', '(0,3)=Wall,(1,3)=Ghost1,(2,3)=Wall,(3,3)=Food,(4,3)=Empty,(5,3)=Empty,(6,3)=Wall', '(0,4)=Wall,(1,4)=Empty,(2,4)=Wall,(3,4)=Wall,(4,4)=Wall,(5,4)=Empty,(6,4)=Wall', '(0,5)=Wall,(1,5)=Food,(2,5)=Empty,(3,5)=Empty,(4,5)=Empty,(5,5)=Empty,(6,5)=Wall', '(0,6)=Wall,(1,6)=Wall,(2,6)=Wall,(3,6)=Wall,(4,6)=Wall,(5,6)=Wall,(6,6)=Wall'], 'pacman_pos': [2, 1], 'ghost_pos': [[1, 3]], 'score': -4.0, 'food_count': 2, 'legal_actions': ['West', 'Stop', 'East']}
            
            ================
            
            数据含义： 
            1. layout_list: (List of Strings) ["(0,0)=Wall", "(1,0)=Pacman"...]
            2. pacman_pos: (List of Integers) [x, y]
            3. ghost_pos: (List of Lists) [[x, y], [x, y]]
            4. score: (Integer)
            5. food_count: (Integer)
            6. legal_actions: (List of Strings) ['North', 'South', ...]
            
            ================
            
            方向声明：'north'会使 y 减小，'south'会使 y 增加，'west'会使 x 减小，'east'会使 x 增加
            
            你的思路应该是：
            1. 从'legal_actions'中剔除掉'stop'，然后对剩下的动作进行遍历，思考选择这个动作后到达的新位置。
            2. 再从这个位置出发，遍历'north', 'south', 'west', 'east'，然后判断指向那个方向后会不会到'wall',                 如果会的话就不选择那个方向；以及是否会回到上一个格子，如果会的话也不加到路径中。重复这个步骤5次，行程多组路径。
            3. 判断这两条条路径上是否存在ghosts
                如果存在一条路径没有ghosts，选择这条路径的第一步。
                否则选择ghosts出现得最晚的路径或者出现了食物的那一条路径。
            请逐步推理，再给出最终答案，你的答案只能是第一步。
            
            ===============
            下面给出一个示例：
            
            'layout_list': ['(0,0)=Wall,(1,0)=Wall,(2,0)=Wall,(3,0)=Wall,(4,0)=Wall,(5,0)=Wall,(6,0)=Wall', 
                            '(0,1)=Wall,(1,1)=Empty,(2,1)=Pacman,(3,1)=Empty,(4,1)=Empty,(5,1)=Empty,(6,1)=Wall', 
                            '(0,2)=Wall,(1,2)=Empty,(2,2)=Wall,(3,2)=Wall,(4,2)=Wall,(5,2)=Empty,(6,2)=Wall', 
                            '(0,3)=Wall,(1,3)=Empty,(2,3)=Wall,(3,3)=Food,(4,3)=Empty,(5,3)=Empty,(6,3)=Wall', 
                            '(0,4)=Wall,(1,4)=Empty,(2,4)=Wall,(3,4)=Wall,(4,4)=Wall,(5,4)=Empty,(6,4)=Wall', 
                            '(0,5)=Wall,(1,5)=Food,(2,5)=Empty,(3,5)=Ghost1,(4,5)=Empty,(5,5)=Empty,(6,5)=Wall', 
                            '(0,6)=Wall,(1,6)=Wall,(2,6)=Wall,(3,6)=Wall,(4,6)=Wall,(5,6)=Wall,(6,6)=Wall'], 
            'pacman_pos': [2, 1], 
            'ghost_pos': [[3, 5]], 
            'score': 0.0, 
            'food_count': 2, 
            'legal_actions': ['West', 'Stop', 'East']
            
            分析：
            目前的位置在 [2, 1]，合法的操作去掉'stop'后，是 'West'和'East'。
            那么有两条路径可选，
            路径一目前是: '[2, 1], [1, 1]' (执行West后到达新位置[1, 1])
            路径二目前是：'[2, 1], [3, 1]' (执行East后到达新位置[3, 1])
            
            走了一步之后，需要开始进入思路的第2步
            遍历'north', 'south', 'west', 'east'，
            针对路径一：
                - 'north' 'west'对应的位置是'wall'，不可选
                - 'east'对应的位置'[2, 1]'已经出现在了路径一中了，因此也不选
            故路径一新执行的action 应该是 'south'
            路径一更新为：'[2, 1], [1, 1], [1, 2]'
            同理，针对路径二：
                - 'north' 'south'对应的位置是'wall'，不可选
                - 'west'对应的位置'[2, 1]'已经出现在了路径一中了，因此也不选
            故路径二新执行的action 应该是 'east'
            路径二更新为：'[2, 1], [3, 1], [4, 2]'
            
            重复这个更新步骤5次，最后应该能得到
            路径一：'[2, 1], [1, 1], [1, 2], [1, 3], [1, 4], [1, 5], [2, 5]'
            路径二：'[2, 1], [3, 1], [4, 1], [5, 1], [5, 2], [5, 3], [4, 3]'
            路径三：'[2, 1], [3, 1], [4, 1], [5, 1], [5, 2], [5, 3], [4, 4]'
            注意到这里的路径三的来源是因为原始的路径二拓展到'[5, 3]'时，发现'west'和'south'都是可选动作，
            针对这种大于一个可选动作的情况，可以复制该路径，然后两条路径分别执行不同动作。
            
            那么开始判断三个路径谁最优了，首先三个路径上都没有ghost出现，因此三条都是可选的。
            其次在第一条路径中出现了食物，而路径二、三没有，因此优先选择路径一。
            结果应该输出'West'。
            
            ===============
            
            请你每次给出结果的时候都仿照我上面的样例，来思考。
            
        
输出最终行动，格式必须严格如下：<action>行动</action>。其中"行动"必须是以下之一: North, South, East, West, Stop
 例如：<action>North</action>
--- RESPONSE ---
<action>West</action>
--- ACTION ---
West
------------------------------
TIME: 2025-12-10 23:39:25.172881
--- FULL USER INPUT ---

        "*** YOUR PROMPT HERE ***" 
            你现在是一个吃豆人。你要在避开ghosts的前提下，吃掉图中的所有食物。
            这个是当前的游戏数据：
            
            ================
            
            {'layout_list': ['(0,0)=Wall,(1,0)=Wall,(2,0)=Wall,(3,0)=Wall,(4,0)=Wall,(5,0)=Wall,(6,0)=Wall', '(0,1)=Wall,(1,1)=Pacman,(2,1)=Empty,(3,1)=Empty,(4,1)=Empty,(5,1)=Empty,(6,1)=Wall', '(0,2)=Wall,(1,2)=Ghost1,(2,2)=Wall,(3,2)=Wall,(4,2)=Wall,(5,2)=Empty,(6,2)=Wall', '(0,3)=Wall,(1,3)=Empty,(2,3)=Wall,(3,3)=Food,(4,3)=Empty,(5,3)=Empty,(6,3)=Wall', '(0,4)=Wall,(1,4)=Empty,(2,4)=Wall,(3,4)=Wall,(4,4)=Wall,(5,4)=Empty,(6,4)=Wall', '(0,5)=Wall,(1,5)=Food,(2,5)=Empty,(3,5)=Empty,(4,5)=Empty,(5,5)=Empty,(6,5)=Wall', '(0,6)=Wall,(1,6)=Wall,(2,6)=Wall,(3,6)=Wall,(4,6)=Wall,(5,6)=Wall,(6,6)=Wall'], 'pacman_pos': [1, 1], 'ghost_pos': [[1, 2]], 'score': -5.0, 'food_count': 2, 'legal_actions': ['Stop', 'East', 'South']}
            
            ================
            
            数据含义： 
            1. layout_list: (List of Strings) ["(0,0)=Wall", "(1,0)=Pacman"...]
            2. pacman_pos: (List of Integers) [x, y]
            3. ghost_pos: (List of Lists) [[x, y], [x, y]]
            4. score: (Integer)
            5. food_count: (Integer)
            6. legal_actions: (List of Strings) ['North', 'South', ...]
            
            ================
            
            方向声明：'north'会使 y 减小，'south'会使 y 增加，'west'会使 x 减小，'east'会使 x 增加
            
            你的思路应该是：
            1. 从'legal_actions'中剔除掉'stop'，然后对剩下的动作进行遍历，思考选择这个动作后到达的新位置。
            2. 再从这个位置出发，遍历'north', 'south', 'west', 'east'，然后判断指向那个方向后会不会到'wall',                 如果会的话就不选择那个方向；以及是否会回到上一个格子，如果会的话也不加到路径中。重复这个步骤5次，行程多组路径。
            3. 判断这两条条路径上是否存在ghosts
                如果存在一条路径没有ghosts，选择这条路径的第一步。
                否则选择ghosts出现得最晚的路径或者出现了食物的那一条路径。
            请逐步推理，再给出最终答案，你的答案只能是第一步。
            
            ===============
            下面给出一个示例：
            
            'layout_list': ['(0,0)=Wall,(1,0)=Wall,(2,0)=Wall,(3,0)=Wall,(4,0)=Wall,(5,0)=Wall,(6,0)=Wall', 
                            '(0,1)=Wall,(1,1)=Empty,(2,1)=Pacman,(3,1)=Empty,(4,1)=Empty,(5,1)=Empty,(6,1)=Wall', 
                            '(0,2)=Wall,(1,2)=Empty,(2,2)=Wall,(3,2)=Wall,(4,2)=Wall,(5,2)=Empty,(6,2)=Wall', 
                            '(0,3)=Wall,(1,3)=Empty,(2,3)=Wall,(3,3)=Food,(4,3)=Empty,(5,3)=Empty,(6,3)=Wall', 
                            '(0,4)=Wall,(1,4)=Empty,(2,4)=Wall,(3,4)=Wall,(4,4)=Wall,(5,4)=Empty,(6,4)=Wall', 
                            '(0,5)=Wall,(1,5)=Food,(2,5)=Empty,(3,5)=Ghost1,(4,5)=Empty,(5,5)=Empty,(6,5)=Wall', 
                            '(0,6)=Wall,(1,6)=Wall,(2,6)=Wall,(3,6)=Wall,(4,6)=Wall,(5,6)=Wall,(6,6)=Wall'], 
            'pacman_pos': [2, 1], 
            'ghost_pos': [[3, 5]], 
            'score': 0.0, 
            'food_count': 2, 
            'legal_actions': ['West', 'Stop', 'East']
            
            分析：
            目前的位置在 [2, 1]，合法的操作去掉'stop'后，是 'West'和'East'。
            那么有两条路径可选，
            路径一目前是: '[2, 1], [1, 1]' (执行West后到达新位置[1, 1])
            路径二目前是：'[2, 1], [3, 1]' (执行East后到达新位置[3, 1])
            
            走了一步之后，需要开始进入思路的第2步
            遍历'north', 'south', 'west', 'east'，
            针对路径一：
                - 'north' 'west'对应的位置是'wall'，不可选
                - 'east'对应的位置'[2, 1]'已经出现在了路径一中了，因此也不选
            故路径一新执行的action 应该是 'south'
            路径一更新为：'[2, 1], [1, 1], [1, 2]'
            同理，针对路径二：
                - 'north' 'south'对应的位置是'wall'，不可选
                - 'west'对应的位置'[2, 1]'已经出现在了路径一中了，因此也不选
            故路径二新执行的action 应该是 'east'
            路径二更新为：'[2, 1], [3, 1], [4, 2]'
            
            重复这个更新步骤5次，最后应该能得到
            路径一：'[2, 1], [1, 1], [1, 2], [1, 3], [1, 4], [1, 5], [2, 5]'
            路径二：'[2, 1], [3, 1], [4, 1], [5, 1], [5, 2], [5, 3], [4, 3]'
            路径三：'[2, 1], [3, 1], [4, 1], [5, 1], [5, 2], [5, 3], [4, 4]'
            注意到这里的路径三的来源是因为原始的路径二拓展到'[5, 3]'时，发现'west'和'south'都是可选动作，
            针对这种大于一个可选动作的情况，可以复制该路径，然后两条路径分别执行不同动作。
            
            那么开始判断三个路径谁最优了，首先三个路径上都没有ghost出现，因此三条都是可选的。
            其次在第一条路径中出现了食物，而路径二、三没有，因此优先选择路径一。
            结果应该输出'West'。
            
            ===============
            
            请你每次给出结果的时候都仿照我上面的样例，来思考。
            
        
输出最终行动，格式必须严格如下：<action>行动</action>。其中"行动"必须是以下之一: North, South, East, West, Stop
 例如：<action>North</action>
--- RESPONSE ---
<action>East</action>
--- ACTION ---
East
------------------------------
TIME: 2025-12-10 23:39:25.599613
--- FULL USER INPUT ---

        "*** YOUR PROMPT HERE ***" 
            你现在是一个吃豆人。你要在避开ghosts的前提下，吃掉图中的所有食物。
            这个是当前的游戏数据：
            
            ================
            
            {'layout_list': ['(0,0)=Wall,(1,0)=Wall,(2,0)=Wall,(3,0)=Wall,(4,0)=Wall,(5,0)=Wall,(6,0)=Wall', '(0,1)=Wall,(1,1)=Ghost1,(2,1)=Pacman,(3,1)=Empty,(4,1)=Empty,(5,1)=Empty,(6,1)=Wall', '(0,2)=Wall,(1,2)=Empty,(2,2)=Wall,(3,2)=Wall,(4,2)=Wall,(5,2)=Empty,(6,2)=Wall', '(0,3)=Wall,(1,3)=Empty,(2,3)=Wall,(3,3)=Food,(4,3)=Empty,(5,3)=Empty,(6,3)=Wall', '(0,4)=Wall,(1,4)=Empty,(2,4)=Wall,(3,4)=Wall,(4,4)=Wall,(5,4)=Empty,(6,4)=Wall', '(0,5)=Wall,(1,5)=Food,(2,5)=Empty,(3,5)=Empty,(4,5)=Empty,(5,5)=Empty,(6,5)=Wall', '(0,6)=Wall,(1,6)=Wall,(2,6)=Wall,(3,6)=Wall,(4,6)=Wall,(5,6)=Wall,(6,6)=Wall'], 'pacman_pos': [2, 1], 'ghost_pos': [[1, 1]], 'score': -6.0, 'food_count': 2, 'legal_actions': ['West', 'Stop', 'East']}
            
            ================
            
            数据含义： 
            1. layout_list: (List of Strings) ["(0,0)=Wall", "(1,0)=Pacman"...]
            2. pacman_pos: (List of Integers) [x, y]
            3. ghost_pos: (List of Lists) [[x, y], [x, y]]
            4. score: (Integer)
            5. food_count: (Integer)
            6. legal_actions: (List of Strings) ['North', 'South', ...]
            
            ================
            
            方向声明：'north'会使 y 减小，'south'会使 y 增加，'west'会使 x 减小，'east'会使 x 增加
            
            你的思路应该是：
            1. 从'legal_actions'中剔除掉'stop'，然后对剩下的动作进行遍历，思考选择这个动作后到达的新位置。
            2. 再从这个位置出发，遍历'north', 'south', 'west', 'east'，然后判断指向那个方向后会不会到'wall',                 如果会的话就不选择那个方向；以及是否会回到上一个格子，如果会的话也不加到路径中。重复这个步骤5次，行程多组路径。
            3. 判断这两条条路径上是否存在ghosts
                如果存在一条路径没有ghosts，选择这条路径的第一步。
                否则选择ghosts出现得最晚的路径或者出现了食物的那一条路径。
            请逐步推理，再给出最终答案，你的答案只能是第一步。
            
            ===============
            下面给出一个示例：
            
            'layout_list': ['(0,0)=Wall,(1,0)=Wall,(2,0)=Wall,(3,0)=Wall,(4,0)=Wall,(5,0)=Wall,(6,0)=Wall', 
                            '(0,1)=Wall,(1,1)=Empty,(2,1)=Pacman,(3,1)=Empty,(4,1)=Empty,(5,1)=Empty,(6,1)=Wall', 
                            '(0,2)=Wall,(1,2)=Empty,(2,2)=Wall,(3,2)=Wall,(4,2)=Wall,(5,2)=Empty,(6,2)=Wall', 
                            '(0,3)=Wall,(1,3)=Empty,(2,3)=Wall,(3,3)=Food,(4,3)=Empty,(5,3)=Empty,(6,3)=Wall', 
                            '(0,4)=Wall,(1,4)=Empty,(2,4)=Wall,(3,4)=Wall,(4,4)=Wall,(5,4)=Empty,(6,4)=Wall', 
                            '(0,5)=Wall,(1,5)=Food,(2,5)=Empty,(3,5)=Ghost1,(4,5)=Empty,(5,5)=Empty,(6,5)=Wall', 
                            '(0,6)=Wall,(1,6)=Wall,(2,6)=Wall,(3,6)=Wall,(4,6)=Wall,(5,6)=Wall,(6,6)=Wall'], 
            'pacman_pos': [2, 1], 
            'ghost_pos': [[3, 5]], 
            'score': 0.0, 
            'food_count': 2, 
            'legal_actions': ['West', 'Stop', 'East']
            
            分析：
            目前的位置在 [2, 1]，合法的操作去掉'stop'后，是 'West'和'East'。
            那么有两条路径可选，
            路径一目前是: '[2, 1], [1, 1]' (执行West后到达新位置[1, 1])
            路径二目前是：'[2, 1], [3, 1]' (执行East后到达新位置[3, 1])
            
            走了一步之后，需要开始进入思路的第2步
            遍历'north', 'south', 'west', 'east'，
            针对路径一：
                - 'north' 'west'对应的位置是'wall'，不可选
                - 'east'对应的位置'[2, 1]'已经出现在了路径一中了，因此也不选
            故路径一新执行的action 应该是 'south'
            路径一更新为：'[2, 1], [1, 1], [1, 2]'
            同理，针对路径二：
                - 'north' 'south'对应的位置是'wall'，不可选
                - 'west'对应的位置'[2, 1]'已经出现在了路径一中了，因此也不选
            故路径二新执行的action 应该是 'east'
            路径二更新为：'[2, 1], [3, 1], [4, 2]'
            
            重复这个更新步骤5次，最后应该能得到
            路径一：'[2, 1], [1, 1], [1, 2], [1, 3], [1, 4], [1, 5], [2, 5]'
            路径二：'[2, 1], [3, 1], [4, 1], [5, 1], [5, 2], [5, 3], [4, 3]'
            路径三：'[2, 1], [3, 1], [4, 1], [5, 1], [5, 2], [5, 3], [4, 4]'
            注意到这里的路径三的来源是因为原始的路径二拓展到'[5, 3]'时，发现'west'和'south'都是可选动作，
            针对这种大于一个可选动作的情况，可以复制该路径，然后两条路径分别执行不同动作。
            
            那么开始判断三个路径谁最优了，首先三个路径上都没有ghost出现，因此三条都是可选的。
            其次在第一条路径中出现了食物，而路径二、三没有，因此优先选择路径一。
            结果应该输出'West'。
            
            ===============
            
            请你每次给出结果的时候都仿照我上面的样例，来思考。
            
        
输出最终行动，格式必须严格如下：<action>行动</action>。其中"行动"必须是以下之一: North, South, East, West, Stop
 例如：<action>North</action>
--- RESPONSE ---
<action>West</action>
--- ACTION ---
West
------------------------------
