TIME: 2025-12-10 21:46:22.279038
--- FULL USER INPUT ---

        "*** YOUR PROMPT HERE ***" 
        你现在是一个操作顶尖的吃豆人。你有两个必须要完成的任务             1. 需要避开不断追赶你的ghosts，与他保持一定的距离。
            2. 需要把所有的豆子吃完。
        
        这个是当前的游戏数据：'''{'layout_list': ['(0,0)=Wall,(1,0)=Wall,(2,0)=Wall,(3,0)=Wall,(4,0)=Wall,(5,0)=Wall,(6,0)=Wall', '(0,1)=Wall,(1,1)=Empty,(2,1)=Pacman,(3,1)=Empty,(4,1)=Empty,(5,1)=Empty,(6,1)=Wall', '(0,2)=Wall,(1,2)=Empty,(2,2)=Wall,(3,2)=Wall,(4,2)=Wall,(5,2)=Empty,(6,2)=Wall', '(0,3)=Wall,(1,3)=Empty,(2,3)=Wall,(3,3)=Food,(4,3)=Empty,(5,3)=Empty,(6,3)=Wall', '(0,4)=Wall,(1,4)=Empty,(2,4)=Wall,(3,4)=Wall,(4,4)=Wall,(5,4)=Empty,(6,4)=Wall', '(0,5)=Wall,(1,5)=Food,(2,5)=Empty,(3,5)=Ghost1,(4,5)=Empty,(5,5)=Empty,(6,5)=Wall', '(0,6)=Wall,(1,6)=Wall,(2,6)=Wall,(3,6)=Wall,(4,6)=Wall,(5,6)=Wall,(6,6)=Wall'], 'pacman_pos': [2, 1], 'ghost_pos': [[3, 5]], 'score': 0.0, 'food_count': 2, 'legal_actions': ['West', 'Stop', 'East']}'''
        
        其中：
            1. layout_list: (List of Strings) ["(0,0)=Wall", "(1,0)=Pacman"...]
                - wall 是墙壁，不能通过这里
                - Pacman 是你所在的位置
            2. pacman_pos: (List of Integers) [x, y]
                - 表明你当前的位置
            3. ghost_pos: (List of Lists) [[x, y], [x, y]]
                - 表明ghost的位置，你需要尽可能避开它
            4. score: (Integer)
                - 当前的分数，你需要尽可能提高这个分数
            5. food_count: (Integer)
                - 地图中的食物数量，你需要获取所有的食物
            6. legal_actions: (List of Strings) ['North', 'South', ...]
                - 合法的操作。请注意绝大多数情况，不会选择'stop'，你可以理解为把'stop'移除。

        
        你的思路应该是
        1. 从'legal_actions'中，分别计算操作这些actions后到达的位置，以及新的位置到所有food、所有ghost的距离，分别取最小距离作为
            这个actions后到food和ghost的距离。
        2. 如果所有actions距离ghost的距离都小于等于3，那么你应该果断选择远离ghost的路径。
        3. 如果存在有actions距离ghost的距离大于3，那么找计算后的位置到food的距离等于0，则直接选择这个actions
        4. 不到万不得已，不选上一步的反方向。
        5. 如果最后没得选，则选一个离ghost距离最远的，总之不能选stop。
        其中以上的距离全部是|x_1 - x| + |y_1 - y|。
        请逐步推理，再给出可选的actions，你的答案只能是第一步。
        然后在给出答案前，请对答案进行检验，确定不会碰到ghosts
        好的请遵守游戏规则，并且牢记你的两个目标，完成任务吧。
        
输出最终行动，格式必须严格如下：<action>行动</action>。其中"行动"必须是以下之一: North, South, East, West, Stop
 例如：<action>North</action>
--- RESPONSE ---
首先，我们分析当前的游戏数据：

### 1. 当前布局信息
- `layout_list` 中的字符串表示地图的每个位置：
  - `(0,0)=Wall`：(0,0) 是墙。
  - `(1,1)=Empty`：(1,1) 是空地。
  - `(2,1)=Pacman`：吃豆人当前位置是 (2,1)。
  - `(3,5)=Ghost1`：鬼的位置是 (3,5)。
  - 其他位置中有一些是食物（Food）和空地（Empty）。

### 2. 吃豆人的位置
- `pacman_pos = [2, 1]`

### 3. 鬼的位置
- `ghost_pos = [[3, 5]]`

### 4. 可用动作
- `legal_actions = ['West', 'Stop', 'East']`

注意：根据规则，我们应尽量避免选择 `Stop`，除非没有其他选择。

---

### 3. 分析每个合法动作后的新位置

#### 动作：West（向西移动）
- 新位置：[1, 1]
- 检查是否是墙？不是，是 Empty。
- 到鬼的距离：|3 - 1| + |5 - 1| = 2 + 4 = **6**
- 到食物的距离：查看地图中是否有食物在 [1,1] 周围。从 layout_list 看，(1,1) 是 Empty，但附近有食物吗？
  - (1,5) 是 Food。
  - (3,3) 是 Food。
  - 所以 [1,1] 到最近的食物距离为：|1 - 1| + |1 - 5| = 0 + 4 = **4**

#### 动作：East（向东移动）
- 新位置：[3, 1]
- 检查是否是墙？不是，是 Empty。
- 到鬼的距离：|3 - 3| + |5 - 1| = 0 + 4 = **4**
- 到食物的距离：[3,1] 到最近的食物是 (3,3)，距离为 |3 - 3| + |1 - 3| = 0 + 2 = **2**

#### 动作：Stop（停止）
- 不移动，位置不变。
- 到鬼的距离：|3 - 2| + |5 - 1| = 1 + 4 = **5**
- 到食物的距离：[2,1] 到最近的食物是 (1,5)，距离为 |2 - 1| + |1 - 5| = 1 + 4 = **5**

---

### 4. 根据规则进行判断

- **规则 1**：计算每个动作后到 food 和 ghost 的最小距离。
  - West: 到 ghost 距离 6，到 food 距离 4
  - East: 到 ghost 距离 4，到 food 距离 2
  - Stop: 到 ghost 距离 5，到 food 距离 5

- **规则 2**：如果所有动作到 ghost 的距离都小于等于 3，则选远离 ghost 的路径。
  - 本例中，只有 East 到 ghost 的距离是 4，其余两个动作到 ghost 的距离分别是 6 和 5，均大于 3，所以不适用此规则。

- **规则 3**：如果有动作到 food 的距离为 0，直接选这个动作。
  - 本例中，没有动作能到达 food 的位置（food 在 (1,5) 和 (3,3)），所以不适用。

- **规则 4**：不到万不得已，不选上一步的反方向。
  - 本例中没有“上一步”的信息，可以忽略。

- **规则 5**：最后没得选时，选离 ghost 最远的。
  - 本例中，West 到 ghost 的距离是 6，是最大的，因此可选。

---

### 5. 检验是否可能碰到 ghost

- West：新位置是 (1,1)，与 ghost (3,5) 的距离是 6，不会碰到。
- East：新位置是 (3,1)，与 ghost (3,5) 的距离是 4，不会碰到。
- Stop：位置不变，与 ghost (3,5) 的距离是 5，不会碰到。

---

### 6. 综合判断

- 优先考虑到 food 更近的动作：**East**（距离 2）。
- 如果不能吃到食物，就选离 ghost 最远的：**West**（距离 6）。
- 但目前 **East** 是最合适的，因为它既离 food 近，又离 ghost 不太近。

---

### ✅ 最终行动

<action>East</action>
--- ACTION ---
East
------------------------------
TIME: 2025-12-10 21:46:22.675510
--- FULL USER INPUT ---

        "*** YOUR PROMPT HERE ***" 
        你现在是一个操作顶尖的吃豆人。你有两个必须要完成的任务             1. 需要避开不断追赶你的ghosts，与他保持一定的距离。
            2. 需要把所有的豆子吃完。
        
        这个是当前的游戏数据：'''{'layout_list': ['(0,0)=Wall,(1,0)=Wall,(2,0)=Wall,(3,0)=Wall,(4,0)=Wall,(5,0)=Wall,(6,0)=Wall', '(0,1)=Wall,(1,1)=Empty,(2,1)=Empty,(3,1)=Pacman,(4,1)=Empty,(5,1)=Empty,(6,1)=Wall', '(0,2)=Wall,(1,2)=Empty,(2,2)=Wall,(3,2)=Wall,(4,2)=Wall,(5,2)=Empty,(6,2)=Wall', '(0,3)=Wall,(1,3)=Empty,(2,3)=Wall,(3,3)=Food,(4,3)=Empty,(5,3)=Empty,(6,3)=Wall', '(0,4)=Wall,(1,4)=Empty,(2,4)=Wall,(3,4)=Wall,(4,4)=Wall,(5,4)=Empty,(6,4)=Wall', '(0,5)=Wall,(1,5)=Food,(2,5)=Empty,(3,5)=Empty,(4,5)=Ghost1,(5,5)=Empty,(6,5)=Wall', '(0,6)=Wall,(1,6)=Wall,(2,6)=Wall,(3,6)=Wall,(4,6)=Wall,(5,6)=Wall,(6,6)=Wall'], 'pacman_pos': [3, 1], 'ghost_pos': [[4, 5]], 'score': -1.0, 'food_count': 2, 'legal_actions': ['West', 'Stop', 'East']}'''
        
        其中：
            1. layout_list: (List of Strings) ["(0,0)=Wall", "(1,0)=Pacman"...]
                - wall 是墙壁，不能通过这里
                - Pacman 是你所在的位置
            2. pacman_pos: (List of Integers) [x, y]
                - 表明你当前的位置
            3. ghost_pos: (List of Lists) [[x, y], [x, y]]
                - 表明ghost的位置，你需要尽可能避开它
            4. score: (Integer)
                - 当前的分数，你需要尽可能提高这个分数
            5. food_count: (Integer)
                - 地图中的食物数量，你需要获取所有的食物
            6. legal_actions: (List of Strings) ['North', 'South', ...]
                - 合法的操作。请注意绝大多数情况，不会选择'stop'，你可以理解为把'stop'移除。

        
        你的思路应该是
        1. 从'legal_actions'中，分别计算操作这些actions后到达的位置，以及新的位置到所有food、所有ghost的距离，分别取最小距离作为
            这个actions后到food和ghost的距离。
        2. 如果所有actions距离ghost的距离都小于等于3，那么你应该果断选择远离ghost的路径。
        3. 如果存在有actions距离ghost的距离大于3，那么找计算后的位置到food的距离等于0，则直接选择这个actions
        4. 不到万不得已，不选上一步的反方向。
        5. 如果最后没得选，则选一个离ghost距离最远的，总之不能选stop。
        其中以上的距离全部是|x_1 - x| + |y_1 - y|。
        请逐步推理，再给出可选的actions，你的答案只能是第一步。
        然后在给出答案前，请对答案进行检验，确定不会碰到ghosts
        好的请遵守游戏规则，并且牢记你的两个目标，完成任务吧。
        
输出最终行动，格式必须严格如下：<action>行动</action>。其中"行动"必须是以下之一: North, South, East, West, Stop
 例如：<action>North</action>
--- RESPONSE ---
<action>West</action>
--- ACTION ---
West
------------------------------
TIME: 2025-12-10 21:46:32.806271
--- FULL USER INPUT ---

        "*** YOUR PROMPT HERE ***" 
        你现在是一个操作顶尖的吃豆人。你有两个必须要完成的任务             1. 需要避开不断追赶你的ghosts，与他保持一定的距离。
            2. 需要把所有的豆子吃完。
        
        这个是当前的游戏数据：'''{'layout_list': ['(0,0)=Wall,(1,0)=Wall,(2,0)=Wall,(3,0)=Wall,(4,0)=Wall,(5,0)=Wall,(6,0)=Wall', '(0,1)=Wall,(1,1)=Empty,(2,1)=Pacman,(3,1)=Empty,(4,1)=Empty,(5,1)=Empty,(6,1)=Wall', '(0,2)=Wall,(1,2)=Empty,(2,2)=Wall,(3,2)=Wall,(4,2)=Wall,(5,2)=Empty,(6,2)=Wall', '(0,3)=Wall,(1,3)=Empty,(2,3)=Wall,(3,3)=Food,(4,3)=Empty,(5,3)=Empty,(6,3)=Wall', '(0,4)=Wall,(1,4)=Empty,(2,4)=Wall,(3,4)=Wall,(4,4)=Wall,(5,4)=Empty,(6,4)=Wall', '(0,5)=Wall,(1,5)=Food,(2,5)=Empty,(3,5)=Empty,(4,5)=Empty,(5,5)=Ghost1,(6,5)=Wall', '(0,6)=Wall,(1,6)=Wall,(2,6)=Wall,(3,6)=Wall,(4,6)=Wall,(5,6)=Wall,(6,6)=Wall'], 'pacman_pos': [2, 1], 'ghost_pos': [[5, 5]], 'score': -2.0, 'food_count': 2, 'legal_actions': ['West', 'Stop', 'East']}'''
        
        其中：
            1. layout_list: (List of Strings) ["(0,0)=Wall", "(1,0)=Pacman"...]
                - wall 是墙壁，不能通过这里
                - Pacman 是你所在的位置
            2. pacman_pos: (List of Integers) [x, y]
                - 表明你当前的位置
            3. ghost_pos: (List of Lists) [[x, y], [x, y]]
                - 表明ghost的位置，你需要尽可能避开它
            4. score: (Integer)
                - 当前的分数，你需要尽可能提高这个分数
            5. food_count: (Integer)
                - 地图中的食物数量，你需要获取所有的食物
            6. legal_actions: (List of Strings) ['North', 'South', ...]
                - 合法的操作。请注意绝大多数情况，不会选择'stop'，你可以理解为把'stop'移除。

        
        你的思路应该是
        1. 从'legal_actions'中，分别计算操作这些actions后到达的位置，以及新的位置到所有food、所有ghost的距离，分别取最小距离作为
            这个actions后到food和ghost的距离。
        2. 如果所有actions距离ghost的距离都小于等于3，那么你应该果断选择远离ghost的路径。
        3. 如果存在有actions距离ghost的距离大于3，那么找计算后的位置到food的距离等于0，则直接选择这个actions
        4. 不到万不得已，不选上一步的反方向。
        5. 如果最后没得选，则选一个离ghost距离最远的，总之不能选stop。
        其中以上的距离全部是|x_1 - x| + |y_1 - y|。
        请逐步推理，再给出可选的actions，你的答案只能是第一步。
        然后在给出答案前，请对答案进行检验，确定不会碰到ghosts
        好的请遵守游戏规则，并且牢记你的两个目标，完成任务吧。
        
输出最终行动，格式必须严格如下：<action>行动</action>。其中"行动"必须是以下之一: North, South, East, West, Stop
 例如：<action>North</action>
--- RESPONSE ---
好的，我们来逐步分析当前的游戏状态，并按照规则进行推理。

---

### **1. 当前游戏数据解析**

- **布局**（layout_list）：
  - 墙壁（Wall）不能通过。
  - Pacman 的位置是 `(2,1)`。
  - Ghost 的位置是 `(5,5)`。
  - 食物的位置有：`(1,5)` 和 `(3,3)`。
  - 可以走的格子包括：`(1,1)`, `(3,1)`, `(4,1)`, `(5,1)`, `(1,3)`, `(5,3)`, `(1,5)`, `(3,3)` 等。

- **pacman_pos**: `[2, 1]`  
- **ghost_pos**: `[[5, 5]]`  
- **score**: `-2.0`  
- **food_count**: `2`  
- **legal_actions**: `['West', 'Stop', 'East']`

注意：`'Stop'` 不推荐使用，除非没有其他选择。

---

### **2. 分析 legal_actions**

我们只考虑 `'West'` 和 `'East'`，因为 `'Stop'` 不推荐。

#### **(a) West (向西移动)**

- 新位置: `(1, 1)`
- 检查是否是墙？不是。
- 到食物的最短距离：
  - `(1,5)` → |1-1| + |5-1| = 4
  - `(3,3)` → |3-1| + |3-1| = 4
  - 最小距离为 **4**
- 到 ghost 的距离：
  - `(5,5)` → |5-1| + |5-1| = 8
- 所以，`West` 后到 food 的最小距离是 **4**，到 ghost 的距离是 **8**

#### **(b) East (向东移动)**

- 新位置: `(3, 1)`
- 检查是否是墙？不是。
- 到食物的最短距离：
  - `(1,5)` → |1-3| + |5-1| = 6
  - `(3,3)` → |3-3| + |3-1| = 2
  - 最小距离为 **2**
- 到 ghost 的距离：
  - `(5,5)` → |5-3| + |5-1| = 6
- 所以，`East` 后到 food 的最小距离是 **2**，到 ghost 的距离是 **6**

---

### **3. 根据规则判断最佳行动**

- **规则 3**：如果存在 action 距离 ghost 的距离 > 3，且该 action 到 food 的距离等于 0，则直接选这个 action。  
  - 在本例中，没有 action 到 food 的距离为 0，所以不适用。

- **规则 2**：如果所有 action 到 ghost 的距离都 ≤ 3，那么要远离 ghost。  
  - `West` 到 ghost 是 8，`East` 是 6，都 > 3，所以不适用。

- **规则 4**：不到万不得已，不选上一步的反方向。  
  - 本题中没有提到“上一步”的方向，可以忽略。

- **规则 5**：如果最后没得选，选一个离 ghost 最远的，总之不能选 stop。  
  - `West` 到 ghost 的距离是 8，`East` 是 6，所以 `West` 更远。

---

### **4. 检验是否安全**

- `West` 移动后的位置是 `(1,1)`，检查是否是墙？不是。
- 是否会碰到 ghost？不会，因为 ghost 在 `(5,5)`，而 Pacman 在 `(1,1)`，两者相距 8 步。

---

### ✅ **最终结论：选择 West**

```xml
<action>West</action>
```
--- ACTION ---
West
------------------------------
TIME: 2025-12-10 21:46:40.274286
--- FULL USER INPUT ---

        "*** YOUR PROMPT HERE ***" 
        你现在是一个操作顶尖的吃豆人。你有两个必须要完成的任务             1. 需要避开不断追赶你的ghosts，与他保持一定的距离。
            2. 需要把所有的豆子吃完。
        
        这个是当前的游戏数据：'''{'layout_list': ['(0,0)=Wall,(1,0)=Wall,(2,0)=Wall,(3,0)=Wall,(4,0)=Wall,(5,0)=Wall,(6,0)=Wall', '(0,1)=Wall,(1,1)=Pacman,(2,1)=Empty,(3,1)=Empty,(4,1)=Empty,(5,1)=Empty,(6,1)=Wall', '(0,2)=Wall,(1,2)=Empty,(2,2)=Wall,(3,2)=Wall,(4,2)=Wall,(5,2)=Empty,(6,2)=Wall', '(0,3)=Wall,(1,3)=Empty,(2,3)=Wall,(3,3)=Food,(4,3)=Empty,(5,3)=Empty,(6,3)=Wall', '(0,4)=Wall,(1,4)=Empty,(2,4)=Wall,(3,4)=Wall,(4,4)=Wall,(5,4)=Ghost1,(6,4)=Wall', '(0,5)=Wall,(1,5)=Food,(2,5)=Empty,(3,5)=Empty,(4,5)=Empty,(5,5)=Empty,(6,5)=Wall', '(0,6)=Wall,(1,6)=Wall,(2,6)=Wall,(3,6)=Wall,(4,6)=Wall,(5,6)=Wall,(6,6)=Wall'], 'pacman_pos': [1, 1], 'ghost_pos': [[5, 4]], 'score': -3.0, 'food_count': 2, 'legal_actions': ['Stop', 'East', 'South']}'''
        
        其中：
            1. layout_list: (List of Strings) ["(0,0)=Wall", "(1,0)=Pacman"...]
                - wall 是墙壁，不能通过这里
                - Pacman 是你所在的位置
            2. pacman_pos: (List of Integers) [x, y]
                - 表明你当前的位置
            3. ghost_pos: (List of Lists) [[x, y], [x, y]]
                - 表明ghost的位置，你需要尽可能避开它
            4. score: (Integer)
                - 当前的分数，你需要尽可能提高这个分数
            5. food_count: (Integer)
                - 地图中的食物数量，你需要获取所有的食物
            6. legal_actions: (List of Strings) ['North', 'South', ...]
                - 合法的操作。请注意绝大多数情况，不会选择'stop'，你可以理解为把'stop'移除。

        
        你的思路应该是
        1. 从'legal_actions'中，分别计算操作这些actions后到达的位置，以及新的位置到所有food、所有ghost的距离，分别取最小距离作为
            这个actions后到food和ghost的距离。
        2. 如果所有actions距离ghost的距离都小于等于3，那么你应该果断选择远离ghost的路径。
        3. 如果存在有actions距离ghost的距离大于3，那么找计算后的位置到food的距离等于0，则直接选择这个actions
        4. 不到万不得已，不选上一步的反方向。
        5. 如果最后没得选，则选一个离ghost距离最远的，总之不能选stop。
        其中以上的距离全部是|x_1 - x| + |y_1 - y|。
        请逐步推理，再给出可选的actions，你的答案只能是第一步。
        然后在给出答案前，请对答案进行检验，确定不会碰到ghosts
        好的请遵守游戏规则，并且牢记你的两个目标，完成任务吧。
        
输出最终行动，格式必须严格如下：<action>行动</action>。其中"行动"必须是以下之一: North, South, East, West, Stop
 例如：<action>North</action>
--- RESPONSE ---
首先，我们分析当前的游戏数据：

### 当前状态：
- **Pacman 位置**: [1, 1]
- **Ghost 位置**: [[5, 4]]
- **合法操作**: ['Stop', 'East', 'South']
- **食物数量**: 2
- **分数**: -3.0

### 布局信息（简化）：
- (1,1) = Pacman
- (5,4) = Ghost1
- (3,3) = Food
- (1,5) = Food

---

### 第一步：计算每个合法动作后的新位置

#### 1. **East**（东）: (1+1, 1) = (2, 1)
- 检查是否是墙？(2,1) 是 Empty → 可行
- 到 Ghost 的距离：|5-2| + |4-1| = 3 + 3 = **6**
- 到 Food 的距离：
  - (3,3): |3-2| + |3-1| = 1 + 2 = **3**
  - (1,5): |1-2| + |5-1| = 1 + 4 = **5**
  - 最小距离为 **3**

#### 2. **South**（南）: (1, 1+1) = (1, 2)
- 检查是否是墙？(1,2) 是 Empty → 可行
- 到 Ghost 的距离：|5-1| + |4-2| = 4 + 2 = **6**
- 到 Food 的距离：
  - (3,3): |3-1| + |3-2| = 2 + 1 = **3**
  - (1,5): |1-1| + |5-2| = 0 + 3 = **3**
  - 最小距离为 **3**

#### 3. **Stop**（停止）: 保持原地不动
- 不移动，不考虑

---

### 第二步：根据规则筛选动作

- 所有动作中，到 Ghost 的距离都大于 3（East 和 South 都是 6）
- 存在动作到 Food 的最小距离为 3（不是 0），所以不能直接选
- 但没有动作能直接到达 Food（距离为 0）
- 因此，选择一个离 Ghost 最远的路径

---

### 第三步：比较 East 和 South 的距离

- **East** 到 Ghost 距离 = 6
- **South** 到 Ghost 距离 = 6

两者一样远，但我们要避免“反方向”（即如果之前是向北走，现在不要向南）

- 当前 Pacman 在 (1,1)，没有明确的“上一步”方向，因此可以任选

---

### 第四步：最终选择

- 选择 **East**（因为更靠近 Food，且不会撞到 Ghost）

---

### <action>East</action>
--- ACTION ---
East
------------------------------
TIME: 2025-12-10 21:46:40.810366
--- FULL USER INPUT ---

        "*** YOUR PROMPT HERE ***" 
        你现在是一个操作顶尖的吃豆人。你有两个必须要完成的任务             1. 需要避开不断追赶你的ghosts，与他保持一定的距离。
            2. 需要把所有的豆子吃完。
        
        这个是当前的游戏数据：'''{'layout_list': ['(0,0)=Wall,(1,0)=Wall,(2,0)=Wall,(3,0)=Wall,(4,0)=Wall,(5,0)=Wall,(6,0)=Wall', '(0,1)=Wall,(1,1)=Empty,(2,1)=Pacman,(3,1)=Empty,(4,1)=Empty,(5,1)=Empty,(6,1)=Wall', '(0,2)=Wall,(1,2)=Empty,(2,2)=Wall,(3,2)=Wall,(4,2)=Wall,(5,2)=Empty,(6,2)=Wall', '(0,3)=Wall,(1,3)=Empty,(2,3)=Wall,(3,3)=Food,(4,3)=Empty,(5,3)=Ghost1,(6,3)=Wall', '(0,4)=Wall,(1,4)=Empty,(2,4)=Wall,(3,4)=Wall,(4,4)=Wall,(5,4)=Empty,(6,4)=Wall', '(0,5)=Wall,(1,5)=Food,(2,5)=Empty,(3,5)=Empty,(4,5)=Empty,(5,5)=Empty,(6,5)=Wall', '(0,6)=Wall,(1,6)=Wall,(2,6)=Wall,(3,6)=Wall,(4,6)=Wall,(5,6)=Wall,(6,6)=Wall'], 'pacman_pos': [2, 1], 'ghost_pos': [[5, 3]], 'score': -4.0, 'food_count': 2, 'legal_actions': ['West', 'Stop', 'East']}'''
        
        其中：
            1. layout_list: (List of Strings) ["(0,0)=Wall", "(1,0)=Pacman"...]
                - wall 是墙壁，不能通过这里
                - Pacman 是你所在的位置
            2. pacman_pos: (List of Integers) [x, y]
                - 表明你当前的位置
            3. ghost_pos: (List of Lists) [[x, y], [x, y]]
                - 表明ghost的位置，你需要尽可能避开它
            4. score: (Integer)
                - 当前的分数，你需要尽可能提高这个分数
            5. food_count: (Integer)
                - 地图中的食物数量，你需要获取所有的食物
            6. legal_actions: (List of Strings) ['North', 'South', ...]
                - 合法的操作。请注意绝大多数情况，不会选择'stop'，你可以理解为把'stop'移除。

        
        你的思路应该是
        1. 从'legal_actions'中，分别计算操作这些actions后到达的位置，以及新的位置到所有food、所有ghost的距离，分别取最小距离作为
            这个actions后到food和ghost的距离。
        2. 如果所有actions距离ghost的距离都小于等于3，那么你应该果断选择远离ghost的路径。
        3. 如果存在有actions距离ghost的距离大于3，那么找计算后的位置到food的距离等于0，则直接选择这个actions
        4. 不到万不得已，不选上一步的反方向。
        5. 如果最后没得选，则选一个离ghost距离最远的，总之不能选stop。
        其中以上的距离全部是|x_1 - x| + |y_1 - y|。
        请逐步推理，再给出可选的actions，你的答案只能是第一步。
        然后在给出答案前，请对答案进行检验，确定不会碰到ghosts
        好的请遵守游戏规则，并且牢记你的两个目标，完成任务吧。
        
输出最终行动，格式必须严格如下：<action>行动</action>。其中"行动"必须是以下之一: North, South, East, West, Stop
 例如：<action>North</action>
--- RESPONSE ---
<action>West</action>
--- ACTION ---
West
------------------------------
TIME: 2025-12-10 21:46:47.614017
--- FULL USER INPUT ---

        "*** YOUR PROMPT HERE ***" 
        你现在是一个操作顶尖的吃豆人。你有两个必须要完成的任务             1. 需要避开不断追赶你的ghosts，与他保持一定的距离。
            2. 需要把所有的豆子吃完。
        
        这个是当前的游戏数据：'''{'layout_list': ['(0,0)=Wall,(1,0)=Wall,(2,0)=Wall,(3,0)=Wall,(4,0)=Wall,(5,0)=Wall,(6,0)=Wall', '(0,1)=Wall,(1,1)=Pacman,(2,1)=Empty,(3,1)=Empty,(4,1)=Empty,(5,1)=Empty,(6,1)=Wall', '(0,2)=Wall,(1,2)=Empty,(2,2)=Wall,(3,2)=Wall,(4,2)=Wall,(5,2)=Ghost1,(6,2)=Wall', '(0,3)=Wall,(1,3)=Empty,(2,3)=Wall,(3,3)=Food,(4,3)=Empty,(5,3)=Empty,(6,3)=Wall', '(0,4)=Wall,(1,4)=Empty,(2,4)=Wall,(3,4)=Wall,(4,4)=Wall,(5,4)=Empty,(6,4)=Wall', '(0,5)=Wall,(1,5)=Food,(2,5)=Empty,(3,5)=Empty,(4,5)=Empty,(5,5)=Empty,(6,5)=Wall', '(0,6)=Wall,(1,6)=Wall,(2,6)=Wall,(3,6)=Wall,(4,6)=Wall,(5,6)=Wall,(6,6)=Wall'], 'pacman_pos': [1, 1], 'ghost_pos': [[5, 2]], 'score': -5.0, 'food_count': 2, 'legal_actions': ['Stop', 'East', 'South']}'''
        
        其中：
            1. layout_list: (List of Strings) ["(0,0)=Wall", "(1,0)=Pacman"...]
                - wall 是墙壁，不能通过这里
                - Pacman 是你所在的位置
            2. pacman_pos: (List of Integers) [x, y]
                - 表明你当前的位置
            3. ghost_pos: (List of Lists) [[x, y], [x, y]]
                - 表明ghost的位置，你需要尽可能避开它
            4. score: (Integer)
                - 当前的分数，你需要尽可能提高这个分数
            5. food_count: (Integer)
                - 地图中的食物数量，你需要获取所有的食物
            6. legal_actions: (List of Strings) ['North', 'South', ...]
                - 合法的操作。请注意绝大多数情况，不会选择'stop'，你可以理解为把'stop'移除。

        
        你的思路应该是
        1. 从'legal_actions'中，分别计算操作这些actions后到达的位置，以及新的位置到所有food、所有ghost的距离，分别取最小距离作为
            这个actions后到food和ghost的距离。
        2. 如果所有actions距离ghost的距离都小于等于3，那么你应该果断选择远离ghost的路径。
        3. 如果存在有actions距离ghost的距离大于3，那么找计算后的位置到food的距离等于0，则直接选择这个actions
        4. 不到万不得已，不选上一步的反方向。
        5. 如果最后没得选，则选一个离ghost距离最远的，总之不能选stop。
        其中以上的距离全部是|x_1 - x| + |y_1 - y|。
        请逐步推理，再给出可选的actions，你的答案只能是第一步。
        然后在给出答案前，请对答案进行检验，确定不会碰到ghosts
        好的请遵守游戏规则，并且牢记你的两个目标，完成任务吧。
        
输出最终行动，格式必须严格如下：<action>行动</action>。其中"行动"必须是以下之一: North, South, East, West, Stop
 例如：<action>North</action>
--- RESPONSE ---
首先，我们分析当前的游戏数据：

### 1. 当前布局信息
- `layout_list` 中的每个字符串表示一个格子的状态。
- 我们可以从中提取出地图中各个位置的信息。

从 `layout_list` 中我们可以看到：
- Pacman 的位置是 `(1,1)`（即 x=1, y=1）。
- Ghost1 的位置是 `(5,2)`。
- 食物的位置有：
  - `(3,3)`
  - `(1,5)`

### 2. 当前合法操作
`legal_actions` 是：['Stop', 'East', 'South']

注意：题目中提到“绝大多数情况不会选择 'Stop'”，所以我们优先考虑 'East' 和 'South'。

---

### 3. 分析每个合法动作后的新位置

#### a. **East**（东）: 从 (1,1) → (2,1)
- 检查是否是墙？根据 layout_list:
  - `(2,1)=Empty` → 可以走。
- 新位置是 (2,1)

#### b. **South**（南）: 从 (1,1) → (1,2)
- 检查是否是墙？根据 layout_list:
  - `(1,2)=Empty` → 可以走。
- 新位置是 (1,2)

---

### 4. 计算每个新位置到食物和 ghost 的距离

#### a. **East** → (2,1)
- 到食物 (3,3): |3-2| + |3-1| = 1 + 2 = **3**
- 到 ghost (5,2): |5-2| + |2-1| = 3 + 1 = **4**

#### b. **South** → (1,2)
- 到食物 (3,3): |3-1| + |3-2| = 2 + 1 = **3**
- 到 ghost (5,2): |5-1| + |2-2| = 4 + 0 = **4**

---

### 5. 根据规则判断最佳行动

- 两个动作到 ghost 的距离都是 **4**，都大于 3。
- 两个动作到 food 的距离都是 **3**，没有达到 0。
- 所以我们不能直接选到 food 的动作。
- 但两个动作到 ghost 的距离相同，且都大于 3，所以都可以选。

在两者之间，我们应避免选择“上一步的反方向”。由于我们是从 (1,1) 出发，目前没有上一步，因此可以任选其一。

为了更安全地避开 ghost，我们选择 **South**，因为该方向更靠近食物（虽然距离一样），同时也能保持与 ghost 的距离。

---

### 6. 最终结论

<action>South</action>
--- ACTION ---
South
------------------------------
TIME: 2025-12-10 21:46:59.905277
--- FULL USER INPUT ---

        "*** YOUR PROMPT HERE ***" 
        你现在是一个操作顶尖的吃豆人。你有两个必须要完成的任务             1. 需要避开不断追赶你的ghosts，与他保持一定的距离。
            2. 需要把所有的豆子吃完。
        
        这个是当前的游戏数据：'''{'layout_list': ['(0,0)=Wall,(1,0)=Wall,(2,0)=Wall,(3,0)=Wall,(4,0)=Wall,(5,0)=Wall,(6,0)=Wall', '(0,1)=Wall,(1,1)=Empty,(2,1)=Empty,(3,1)=Empty,(4,1)=Empty,(5,1)=Ghost1,(6,1)=Wall', '(0,2)=Wall,(1,2)=Pacman,(2,2)=Wall,(3,2)=Wall,(4,2)=Wall,(5,2)=Empty,(6,2)=Wall', '(0,3)=Wall,(1,3)=Empty,(2,3)=Wall,(3,3)=Food,(4,3)=Empty,(5,3)=Empty,(6,3)=Wall', '(0,4)=Wall,(1,4)=Empty,(2,4)=Wall,(3,4)=Wall,(4,4)=Wall,(5,4)=Empty,(6,4)=Wall', '(0,5)=Wall,(1,5)=Food,(2,5)=Empty,(3,5)=Empty,(4,5)=Empty,(5,5)=Empty,(6,5)=Wall', '(0,6)=Wall,(1,6)=Wall,(2,6)=Wall,(3,6)=Wall,(4,6)=Wall,(5,6)=Wall,(6,6)=Wall'], 'pacman_pos': [1, 2], 'ghost_pos': [[5, 1]], 'score': -6.0, 'food_count': 2, 'legal_actions': ['Stop', 'North', 'South']}'''
        
        其中：
            1. layout_list: (List of Strings) ["(0,0)=Wall", "(1,0)=Pacman"...]
                - wall 是墙壁，不能通过这里
                - Pacman 是你所在的位置
            2. pacman_pos: (List of Integers) [x, y]
                - 表明你当前的位置
            3. ghost_pos: (List of Lists) [[x, y], [x, y]]
                - 表明ghost的位置，你需要尽可能避开它
            4. score: (Integer)
                - 当前的分数，你需要尽可能提高这个分数
            5. food_count: (Integer)
                - 地图中的食物数量，你需要获取所有的食物
            6. legal_actions: (List of Strings) ['North', 'South', ...]
                - 合法的操作。请注意绝大多数情况，不会选择'stop'，你可以理解为把'stop'移除。

        
        你的思路应该是
        1. 从'legal_actions'中，分别计算操作这些actions后到达的位置，以及新的位置到所有food、所有ghost的距离，分别取最小距离作为
            这个actions后到food和ghost的距离。
        2. 如果所有actions距离ghost的距离都小于等于3，那么你应该果断选择远离ghost的路径。
        3. 如果存在有actions距离ghost的距离大于3，那么找计算后的位置到food的距离等于0，则直接选择这个actions
        4. 不到万不得已，不选上一步的反方向。
        5. 如果最后没得选，则选一个离ghost距离最远的，总之不能选stop。
        其中以上的距离全部是|x_1 - x| + |y_1 - y|。
        请逐步推理，再给出可选的actions，你的答案只能是第一步。
        然后在给出答案前，请对答案进行检验，确定不会碰到ghosts
        好的请遵守游戏规则，并且牢记你的两个目标，完成任务吧。
        
输出最终行动，格式必须严格如下：<action>行动</action>。其中"行动"必须是以下之一: North, South, East, West, Stop
 例如：<action>North</action>
--- RESPONSE ---
首先，我们分析当前的游戏数据：

### 当前状态：
- **Pacman的位置**：[1, 2]
- **Ghost的位置**：[[5, 1]]
- **合法操作**：['Stop', 'North', 'South']
- **食物数量**：2
- **地图布局**（简化）：
  - (1,2) 是 Pacman 的位置。
  - (5,1) 是 Ghost1 的位置。
  - (3,3) 和 (1,5) 是食物。

---

### 第一步：计算每个合法动作后的新位置

#### 1. **North**（北）: [1, 2] → [1, 3]
- 检查是否是合法位置：根据 layout_list 中的描述，(1,3) 是 Empty，可以走。
- 新位置：[1, 3]

#### 2. **South**（南）: [1, 2] → [1, 1]
- 检查是否是合法位置：根据 layout_list 中的描述，(1,1) 是 Empty，可以走。
- 新位置：[1, 1]

#### 3. **Stop**（停止）: 不移动，位置不变 [1, 2]

---

### 第二步：计算每个新位置到食物和 ghost 的距离

#### 食物位置：
- (3,3)
- (1,5)

#### Ghost 位置：
- (5,1)

#### 计算距离公式：曼哈顿距离 = |x1 - x2| + |y1 - y2|

##### 1. **North**（[1,3]）:
- 到 (3,3): |1-3| + |3-3| = 2
- 到 (1,5): |1-1| + |3-5| = 2
- 到 ghost (5,1): |1-5| + |3-1| = 4 + 2 = 6
- 最小到 food 距离：2
- 最小到 ghost 距离：6

##### 2. **South**（[1,1]）:
- 到 (3,3): |1-3| + |1-3| = 2 + 2 = 4
- 到 (1,5): |1-1| + |1-5| = 0 + 4 = 4
- 到 ghost (5,1): |1-5| + |1-1| = 4 + 0 = 4
- 最小到 food 距离：4
- 最小到 ghost 距离：4

##### 3. **Stop**（[1,2]）:
- 到 (3,3): |1-3| + |2-3| = 2 + 1 = 3
- 到 (1,5): |1-1| + |2-5| = 0 + 3 = 3
- 到 ghost (5,1): |1-5| + |2-1| = 4 + 1 = 5
- 最小到 food 距离：3
- 最小到 ghost 距离：5

---

### 第三步：根据规则筛选最佳行动

#### 规则回顾：
1. 如果所有 actions 到 ghost 的距离都 ≤ 3，则选择远离 ghost 的路径。
2. 如果存在 action 到 ghost 的距离 > 3，且该 action 到 food 的距离为 0，则选这个 action。
3. 不到万不得已，不选上一步的反方向。
4. 如果最后没得选，则选一个离 ghost 最远的，总之不能选 stop。

#### 分析：
- 所有 action 到 ghost 的距离：
  - North: 6
  - South: 4
  - Stop: 5
- 所有 action 到 ghost 的距离都 > 3，所以满足条件 2。
- 现在看是否有 action 到 food 的距离为 0。
  - North: 到 food 的最小距离是 2
  - South: 到 food 的最小距离是 4
  - Stop: 到 food 的最小距离是 3
- 没有 action 到 food 的距离为 0，因此不满足条件 2。

#### 接下来，检查是否要避免“上一步的反方向”。
- 上一步没有移动，所以这条规则不适用。

#### 最后，如果没得选，就选离 ghost 最远的 action。
- North: 到 ghost 的距离是 6
- South: 到 ghost 的距离是 4
- Stop: 到 ghost 的距离是 5
- 所以，**North** 是最远的。

---

### 第四步：验证是否安全（不会碰到 ghost）

- **North** 后的位置是 [1,3]，根据 layout_list，(1,3) 是 Empty，不是 ghost 的位置。
- 所以 **North** 是安全的。

---

### ✅ 最终答案：
<action>North</action>
--- ACTION ---
North
------------------------------
TIME: 2025-12-10 21:47:07.358365
--- FULL USER INPUT ---

        "*** YOUR PROMPT HERE ***" 
        你现在是一个操作顶尖的吃豆人。你有两个必须要完成的任务             1. 需要避开不断追赶你的ghosts，与他保持一定的距离。
            2. 需要把所有的豆子吃完。
        
        这个是当前的游戏数据：'''{'layout_list': ['(0,0)=Wall,(1,0)=Wall,(2,0)=Wall,(3,0)=Wall,(4,0)=Wall,(5,0)=Wall,(6,0)=Wall', '(0,1)=Wall,(1,1)=Pacman,(2,1)=Empty,(3,1)=Empty,(4,1)=Ghost1,(5,1)=Empty,(6,1)=Wall', '(0,2)=Wall,(1,2)=Empty,(2,2)=Wall,(3,2)=Wall,(4,2)=Wall,(5,2)=Empty,(6,2)=Wall', '(0,3)=Wall,(1,3)=Empty,(2,3)=Wall,(3,3)=Food,(4,3)=Empty,(5,3)=Empty,(6,3)=Wall', '(0,4)=Wall,(1,4)=Empty,(2,4)=Wall,(3,4)=Wall,(4,4)=Wall,(5,4)=Empty,(6,4)=Wall', '(0,5)=Wall,(1,5)=Food,(2,5)=Empty,(3,5)=Empty,(4,5)=Empty,(5,5)=Empty,(6,5)=Wall', '(0,6)=Wall,(1,6)=Wall,(2,6)=Wall,(3,6)=Wall,(4,6)=Wall,(5,6)=Wall,(6,6)=Wall'], 'pacman_pos': [1, 1], 'ghost_pos': [[4, 1]], 'score': -7.0, 'food_count': 2, 'legal_actions': ['Stop', 'East', 'South']}'''
        
        其中：
            1. layout_list: (List of Strings) ["(0,0)=Wall", "(1,0)=Pacman"...]
                - wall 是墙壁，不能通过这里
                - Pacman 是你所在的位置
            2. pacman_pos: (List of Integers) [x, y]
                - 表明你当前的位置
            3. ghost_pos: (List of Lists) [[x, y], [x, y]]
                - 表明ghost的位置，你需要尽可能避开它
            4. score: (Integer)
                - 当前的分数，你需要尽可能提高这个分数
            5. food_count: (Integer)
                - 地图中的食物数量，你需要获取所有的食物
            6. legal_actions: (List of Strings) ['North', 'South', ...]
                - 合法的操作。请注意绝大多数情况，不会选择'stop'，你可以理解为把'stop'移除。

        
        你的思路应该是
        1. 从'legal_actions'中，分别计算操作这些actions后到达的位置，以及新的位置到所有food、所有ghost的距离，分别取最小距离作为
            这个actions后到food和ghost的距离。
        2. 如果所有actions距离ghost的距离都小于等于3，那么你应该果断选择远离ghost的路径。
        3. 如果存在有actions距离ghost的距离大于3，那么找计算后的位置到food的距离等于0，则直接选择这个actions
        4. 不到万不得已，不选上一步的反方向。
        5. 如果最后没得选，则选一个离ghost距离最远的，总之不能选stop。
        其中以上的距离全部是|x_1 - x| + |y_1 - y|。
        请逐步推理，再给出可选的actions，你的答案只能是第一步。
        然后在给出答案前，请对答案进行检验，确定不会碰到ghosts
        好的请遵守游戏规则，并且牢记你的两个目标，完成任务吧。
        
输出最终行动，格式必须严格如下：<action>行动</action>。其中"行动"必须是以下之一: North, South, East, West, Stop
 例如：<action>North</action>
--- RESPONSE ---
### Step 1: 解析当前游戏数据
- **Pacman 的位置**: [1, 1]
- **Ghost 的位置**: [[4, 1]]
- **合法操作**: ['Stop', 'East', 'South']
- **食物数量**: 2
- **当前分数**: -7.0

### Step 2: 分析每个合法动作后的新位置
我们逐一分析每个合法动作（排除 `Stop`）后 Pacman 的新位置：

#### 1. East (向东移动)
- 新位置: [2, 1]
- 检查是否是墙：`layout_list[1]` 中 `(2,1)=Empty`，不是墙，合法。
- 到 Ghost 的距离: |2 - 4| + |1 - 1| = 2
- 到 Food 的距离:
  - 食物位置在 (1,5) 和 (3,3)
  - 到 (1,5): |2 - 1| + |1 - 5| = 1 + 4 = 5
  - 到 (3,3): |2 - 3| + |1 - 3| = 1 + 2 = 3
  - 最小距离: 3

#### 2. South (向南移动)
- 新位置: [1, 2]
- 检查是否是墙：`layout_list[2]` 中 `(1,2)=Empty`，不是墙，合法。
- 到 Ghost 的距离: |1 - 4| + |2 - 1| = 3 + 1 = 4
- 到 Food 的距离:
  - 到 (1,5): |1 - 1| + |2 - 5| = 0 + 3 = 3
  - 到 (3,3): |1 - 3| + |2 - 3| = 2 + 1 = 3
  - 最小距离: 3

### Step 3: 根据规则筛选最佳行动
- 所有合法动作中，**East** 和 **South** 的到 Ghost 的距离分别为 2 和 4。
- 其中 **South** 的距离大于 3，符合“存在有 actions 距离 ghost 的距离大于 3”的条件。
- 接下来检查这些动作是否能到达食物：
  - **South** 到食物的最小距离为 3，不是 0。
  - **East** 到食物的最小距离为 3，也不是 0。
- 因此没有动作能直接到达食物。

### Step 4: 选择最安全的路径
- **South** 的距离到 Ghost 是 4，比 **East** 的 2 更远，更安全。
- 不违反“不到万不得已不选反方向”原则。
- 且 **South** 是合法动作，不会碰到 Ghost。

---

### ✅ 最终行动：
<action>South</action>
--- ACTION ---
South
------------------------------
TIME: 2025-12-10 21:47:17.123445
--- FULL USER INPUT ---

        "*** YOUR PROMPT HERE ***" 
        你现在是一个操作顶尖的吃豆人。你有两个必须要完成的任务             1. 需要避开不断追赶你的ghosts，与他保持一定的距离。
            2. 需要把所有的豆子吃完。
        
        这个是当前的游戏数据：'''{'layout_list': ['(0,0)=Wall,(1,0)=Wall,(2,0)=Wall,(3,0)=Wall,(4,0)=Wall,(5,0)=Wall,(6,0)=Wall', '(0,1)=Wall,(1,1)=Empty,(2,1)=Empty,(3,1)=Ghost1,(4,1)=Empty,(5,1)=Empty,(6,1)=Wall', '(0,2)=Wall,(1,2)=Pacman,(2,2)=Wall,(3,2)=Wall,(4,2)=Wall,(5,2)=Empty,(6,2)=Wall', '(0,3)=Wall,(1,3)=Empty,(2,3)=Wall,(3,3)=Food,(4,3)=Empty,(5,3)=Empty,(6,3)=Wall', '(0,4)=Wall,(1,4)=Empty,(2,4)=Wall,(3,4)=Wall,(4,4)=Wall,(5,4)=Empty,(6,4)=Wall', '(0,5)=Wall,(1,5)=Food,(2,5)=Empty,(3,5)=Empty,(4,5)=Empty,(5,5)=Empty,(6,5)=Wall', '(0,6)=Wall,(1,6)=Wall,(2,6)=Wall,(3,6)=Wall,(4,6)=Wall,(5,6)=Wall,(6,6)=Wall'], 'pacman_pos': [1, 2], 'ghost_pos': [[3, 1]], 'score': -8.0, 'food_count': 2, 'legal_actions': ['Stop', 'North', 'South']}'''
        
        其中：
            1. layout_list: (List of Strings) ["(0,0)=Wall", "(1,0)=Pacman"...]
                - wall 是墙壁，不能通过这里
                - Pacman 是你所在的位置
            2. pacman_pos: (List of Integers) [x, y]
                - 表明你当前的位置
            3. ghost_pos: (List of Lists) [[x, y], [x, y]]
                - 表明ghost的位置，你需要尽可能避开它
            4. score: (Integer)
                - 当前的分数，你需要尽可能提高这个分数
            5. food_count: (Integer)
                - 地图中的食物数量，你需要获取所有的食物
            6. legal_actions: (List of Strings) ['North', 'South', ...]
                - 合法的操作。请注意绝大多数情况，不会选择'stop'，你可以理解为把'stop'移除。

        
        你的思路应该是
        1. 从'legal_actions'中，分别计算操作这些actions后到达的位置，以及新的位置到所有food、所有ghost的距离，分别取最小距离作为
            这个actions后到food和ghost的距离。
        2. 如果所有actions距离ghost的距离都小于等于3，那么你应该果断选择远离ghost的路径。
        3. 如果存在有actions距离ghost的距离大于3，那么找计算后的位置到food的距离等于0，则直接选择这个actions
        4. 不到万不得已，不选上一步的反方向。
        5. 如果最后没得选，则选一个离ghost距离最远的，总之不能选stop。
        其中以上的距离全部是|x_1 - x| + |y_1 - y|。
        请逐步推理，再给出可选的actions，你的答案只能是第一步。
        然后在给出答案前，请对答案进行检验，确定不会碰到ghosts
        好的请遵守游戏规则，并且牢记你的两个目标，完成任务吧。
        
输出最终行动，格式必须严格如下：<action>行动</action>。其中"行动"必须是以下之一: North, South, East, West, Stop
 例如：<action>North</action>
--- RESPONSE ---
首先，我们分析当前的游戏数据：

- **Pacman的位置**：[1, 2]
- **Ghost的位置**：[[3, 1]]
- **合法操作**：['Stop', 'North', 'South']
- **食物数量**：2
- **地图布局**：
  - (1,1) = Empty
  - (1,2) = Pacman
  - (3,1) = Ghost1
  - (3,2) = Wall
  - (3,3) = Food
  - (1,5) = Food

---

### 第一步：计算每个合法动作后的新位置

#### 1. **North (北)**  
- 当前位置 [1, 2] → 北方向是 [1, 3]
- 检查是否是墙：(1,3) = Empty → 可以移动
- 新位置：[1, 3]

#### 2. **South (南)**  
- 当前位置 [1, 2] → 南方向是 [1, 1]
- 检查是否是墙：(1,1) = Empty → 可以移动
- 新位置：[1, 1]

#### 3. **Stop (停止)**  
- 不移动，位置仍为 [1, 2]

---

### 第二步：计算每个新位置到所有food和ghost的距离（曼哈顿距离）

#### 1. **North (北) → [1, 3]**
- 到Food1 (3,3): |1-3| + |3-3| = 2
- 到Food2 (1,5): |1-1| + |3-5| = 2
- 到Ghost (3,1): |1-3| + |3-1| = 4
- 最小到food距离：2
- 最小到ghost距离：4

#### 2. **South (南) → [1, 1]**
- 到Food1 (3,3): |1-3| + |1-3| = 4
- 到Food2 (1,5): |1-1| + |1-5| = 4
- 到Ghost (3,1): |1-3| + |1-1| = 2
- 最小到food距离：4
- 最小到ghost距离：2

#### 3. **Stop (停止) → [1, 2]**
- 到Food1 (3,3): |1-3| + |2-3| = 3
- 到Food2 (1,5): |1-1| + |2-5| = 3
- 到Ghost (3,1): |1-3| + |2-1| = 3
- 最小到food距离：3
- 最小到ghost距离：3

---

### 第三步：根据规则筛选最佳行动

- **规则1**：如果所有action到ghost的距离都 ≤ 3，则选择远离ghost的路径。
- **规则2**：如果有action到ghost的距离 > 3，且该action到food的距离为0，则优先选这个action。
- **规则3**：不到万不得已，不选上一步的反方向。
- **规则4**：最后没得选时，选离ghost最远的。

#### 分析各action：
- **North**：到ghost距离 = 4 > 3，到food最小距离 = 2
- **South**：到ghost距离 = 2 ≤ 3，到food最小距离 = 4
- **Stop**：到ghost距离 = 3 ≤ 3，到food最小距离 = 3

根据规则1，**North** 是唯一一个到ghost距离 > 3 的动作。同时，它到food的距离为2，不是0，但它是目前唯一可以远离ghost的动作。

因此，**选择 North** 是最优解。

---

### 最终答案：

<action>North</action>
--- ACTION ---
North
------------------------------
TIME: 2025-12-10 21:47:24.821974
--- FULL USER INPUT ---

        "*** YOUR PROMPT HERE ***" 
        你现在是一个操作顶尖的吃豆人。你有两个必须要完成的任务             1. 需要避开不断追赶你的ghosts，与他保持一定的距离。
            2. 需要把所有的豆子吃完。
        
        这个是当前的游戏数据：'''{'layout_list': ['(0,0)=Wall,(1,0)=Wall,(2,0)=Wall,(3,0)=Wall,(4,0)=Wall,(5,0)=Wall,(6,0)=Wall', '(0,1)=Wall,(1,1)=Pacman,(2,1)=Ghost1,(3,1)=Empty,(4,1)=Empty,(5,1)=Empty,(6,1)=Wall', '(0,2)=Wall,(1,2)=Empty,(2,2)=Wall,(3,2)=Wall,(4,2)=Wall,(5,2)=Empty,(6,2)=Wall', '(0,3)=Wall,(1,3)=Empty,(2,3)=Wall,(3,3)=Food,(4,3)=Empty,(5,3)=Empty,(6,3)=Wall', '(0,4)=Wall,(1,4)=Empty,(2,4)=Wall,(3,4)=Wall,(4,4)=Wall,(5,4)=Empty,(6,4)=Wall', '(0,5)=Wall,(1,5)=Food,(2,5)=Empty,(3,5)=Empty,(4,5)=Empty,(5,5)=Empty,(6,5)=Wall', '(0,6)=Wall,(1,6)=Wall,(2,6)=Wall,(3,6)=Wall,(4,6)=Wall,(5,6)=Wall,(6,6)=Wall'], 'pacman_pos': [1, 1], 'ghost_pos': [[2, 1]], 'score': -9.0, 'food_count': 2, 'legal_actions': ['Stop', 'East', 'South']}'''
        
        其中：
            1. layout_list: (List of Strings) ["(0,0)=Wall", "(1,0)=Pacman"...]
                - wall 是墙壁，不能通过这里
                - Pacman 是你所在的位置
            2. pacman_pos: (List of Integers) [x, y]
                - 表明你当前的位置
            3. ghost_pos: (List of Lists) [[x, y], [x, y]]
                - 表明ghost的位置，你需要尽可能避开它
            4. score: (Integer)
                - 当前的分数，你需要尽可能提高这个分数
            5. food_count: (Integer)
                - 地图中的食物数量，你需要获取所有的食物
            6. legal_actions: (List of Strings) ['North', 'South', ...]
                - 合法的操作。请注意绝大多数情况，不会选择'stop'，你可以理解为把'stop'移除。

        
        你的思路应该是
        1. 从'legal_actions'中，分别计算操作这些actions后到达的位置，以及新的位置到所有food、所有ghost的距离，分别取最小距离作为
            这个actions后到food和ghost的距离。
        2. 如果所有actions距离ghost的距离都小于等于3，那么你应该果断选择远离ghost的路径。
        3. 如果存在有actions距离ghost的距离大于3，那么找计算后的位置到food的距离等于0，则直接选择这个actions
        4. 不到万不得已，不选上一步的反方向。
        5. 如果最后没得选，则选一个离ghost距离最远的，总之不能选stop。
        其中以上的距离全部是|x_1 - x| + |y_1 - y|。
        请逐步推理，再给出可选的actions，你的答案只能是第一步。
        然后在给出答案前，请对答案进行检验，确定不会碰到ghosts
        好的请遵守游戏规则，并且牢记你的两个目标，完成任务吧。
        
输出最终行动，格式必须严格如下：<action>行动</action>。其中"行动"必须是以下之一: North, South, East, West, Stop
 例如：<action>North</action>
--- RESPONSE ---
### 1. 分析当前游戏数据

- **pacman_pos**: [1, 1]
- **ghost_pos**: [[2, 1]]
- **legal_actions**: ['Stop', 'East', 'South']
- **food_count**: 2
- **layout_list**:
  - (1,1) = Pacman
  - (2,1) = Ghost1
  - (1,5) = Food
  - (3,3) = Food

---

### 2. 计算每个合法动作后的新位置和距离

#### 2.1. 'Stop'（停止）
- 新位置: [1, 1]（不移动）
- 到Ghost的距离: |1 - 2| + |1 - 1| = 1
- 到Food的距离: 
  - (1,5): |1 - 1| + |1 - 5| = 4
  - (3,3): |1 - 3| + |1 - 3| = 4
- 最小到Food距离: 4
- 但不能选 Stop，因为题目要求“不选 Stop”。

#### 2.2. 'East'（东）
- 新位置: [2, 1]
- 该位置是 Ghost 的位置 → 会撞鬼 ❌
- 所以这个动作不可行。

#### 2.3. 'South'（南）
- 新位置: [1, 2]
- 检查是否是墙：根据 layout_list 中的第2行：
  - (1,2) = Empty → 可以走
- 到Ghost的距离: |1 - 2| + |2 - 1| = 1 + 1 = 2
- 到Food的距离:
  - (1,5): |1 - 1| + |2 - 5| = 3
  - (3,3): |1 - 3| + |2 - 3| = 2 + 1 = 3
- 最小到Food距离: 3

---

### 3. 根据规则判断最佳行动

- **'Stop'** 不可选。
- **'East'** 会撞鬼 ❌。
- **'South'** 是唯一可行的选项，且：
  - 到Ghost的距离为 2（小于 3）。
  - 到Food的最小距离为 3。
  - 没有更优的路径（没有到Food距离为0的路径）。
  - 也没有其他方向可以选。

---

### 4. 检验最终选择

- 选择 'South'，新位置 [1, 2] 是空地。
- 不会碰到 Ghost。
- 有利于继续吃豆子。

---

### ✅ 最终答案：

<action>South</action>
--- ACTION ---
South
------------------------------
TIME: 2025-12-10 21:47:30.703180
--- FULL USER INPUT ---

        "*** YOUR PROMPT HERE ***" 
        你现在是一个操作顶尖的吃豆人。你有两个必须要完成的任务             1. 需要避开不断追赶你的ghosts，与他保持一定的距离。
            2. 需要把所有的豆子吃完。
        
        这个是当前的游戏数据：'''{'layout_list': ['(0,0)=Wall,(1,0)=Wall,(2,0)=Wall,(3,0)=Wall,(4,0)=Wall,(5,0)=Wall,(6,0)=Wall', '(0,1)=Wall,(1,1)=Ghost1,(2,1)=Empty,(3,1)=Empty,(4,1)=Empty,(5,1)=Empty,(6,1)=Wall', '(0,2)=Wall,(1,2)=Pacman,(2,2)=Wall,(3,2)=Wall,(4,2)=Wall,(5,2)=Empty,(6,2)=Wall', '(0,3)=Wall,(1,3)=Empty,(2,3)=Wall,(3,3)=Food,(4,3)=Empty,(5,3)=Empty,(6,3)=Wall', '(0,4)=Wall,(1,4)=Empty,(2,4)=Wall,(3,4)=Wall,(4,4)=Wall,(5,4)=Empty,(6,4)=Wall', '(0,5)=Wall,(1,5)=Food,(2,5)=Empty,(3,5)=Empty,(4,5)=Empty,(5,5)=Empty,(6,5)=Wall', '(0,6)=Wall,(1,6)=Wall,(2,6)=Wall,(3,6)=Wall,(4,6)=Wall,(5,6)=Wall,(6,6)=Wall'], 'pacman_pos': [1, 2], 'ghost_pos': [[1, 1]], 'score': -10.0, 'food_count': 2, 'legal_actions': ['Stop', 'North', 'South']}'''
        
        其中：
            1. layout_list: (List of Strings) ["(0,0)=Wall", "(1,0)=Pacman"...]
                - wall 是墙壁，不能通过这里
                - Pacman 是你所在的位置
            2. pacman_pos: (List of Integers) [x, y]
                - 表明你当前的位置
            3. ghost_pos: (List of Lists) [[x, y], [x, y]]
                - 表明ghost的位置，你需要尽可能避开它
            4. score: (Integer)
                - 当前的分数，你需要尽可能提高这个分数
            5. food_count: (Integer)
                - 地图中的食物数量，你需要获取所有的食物
            6. legal_actions: (List of Strings) ['North', 'South', ...]
                - 合法的操作。请注意绝大多数情况，不会选择'stop'，你可以理解为把'stop'移除。

        
        你的思路应该是
        1. 从'legal_actions'中，分别计算操作这些actions后到达的位置，以及新的位置到所有food、所有ghost的距离，分别取最小距离作为
            这个actions后到food和ghost的距离。
        2. 如果所有actions距离ghost的距离都小于等于3，那么你应该果断选择远离ghost的路径。
        3. 如果存在有actions距离ghost的距离大于3，那么找计算后的位置到food的距离等于0，则直接选择这个actions
        4. 不到万不得已，不选上一步的反方向。
        5. 如果最后没得选，则选一个离ghost距离最远的，总之不能选stop。
        其中以上的距离全部是|x_1 - x| + |y_1 - y|。
        请逐步推理，再给出可选的actions，你的答案只能是第一步。
        然后在给出答案前，请对答案进行检验，确定不会碰到ghosts
        好的请遵守游戏规则，并且牢记你的两个目标，完成任务吧。
        
输出最终行动，格式必须严格如下：<action>行动</action>。其中"行动"必须是以下之一: North, South, East, West, Stop
 例如：<action>North</action>
--- RESPONSE ---
### 第一步：分析当前游戏数据

根据提供的数据：

- **Pacman的位置**是 `[1, 2]`
- **Ghost的位置**是 `[[1, 1]]`
- **合法操作**是 `['Stop', 'North', 'South']`
- **食物数量**是 `2`，说明还有两个食物需要吃
- **地图布局**中，Pacman位于 `(1,2)`，周围有墙壁和空地。

---

### 第二步：计算每个合法动作后的新位置

我们只考虑 `'North'` 和 `'South'`（因为 `'Stop'` 不推荐）。

#### 1. North (向上)
- 新位置: `[1, 3]`
- 检查是否是墙？从 layout_list 中看：
  - `(1,3)=Empty` → 可以走
- 所以可以走 North

#### 2. South (向下)
- 新位置: `[1, 1]`
- 检查是否是墙？从 layout_list 中看：
  - `(1,1)=Ghost1` → 不能走，会撞到 Ghost
- 所以不能走 South

---

### 第三步：检查是否能吃到食物

目前食物在：
- `(3,3)`
- `(1,5)`

#### North 后的位置是 `(1,3)`，离食物 `(1,5)` 的距离是 `|1-1| + |5-3| = 0 + 2 = 2`
- 离食物较近，但不是直接在食物上

#### South 是不可行的，所以不考虑

---

### 第四步：判断是否要远离 Ghost

Ghost 在 `(1,1)`，Pacman 当前在 `(1,2)`，两者距离是 `|1-1| + |2-1| = 0 + 1 = 1`

如果选择 North 到 `(1,3)`，则与 Ghost 的距离是 `|1-1| + |3-1| = 0 + 2 = 2`，比原来更远了。

---

### 第五步：综合判断

- 只有 `North` 是可行的
- 走 `North` 后，离 Ghost 更远，且靠近食物
- 没有其他可选动作

---

### 最终结论

<action>North</action>
--- ACTION ---
North
------------------------------
