TIME: 2025-12-11 18:46:55.800577
--- FULL USER INPUT ---

        "*** YOUR PROMPT HERE ***" 
            请输出SOUTH
            
        
输出最终行动，格式必须严格如下：<action>行动</action>。其中"行动"必须是以下之一: North, South, East, West, Stop
 例如：<action>North</action>
--- RESPONSE ---
<action>South</action>
--- ACTION ---
South
------------------------------
TIME: 2025-12-11 18:46:56.163471
--- FULL USER INPUT ---

        "*** YOUR PROMPT HERE ***" 
            请输出SOUTH
            
        
输出最终行动，格式必须严格如下：<action>行动</action>。其中"行动"必须是以下之一: North, South, East, West, Stop
 例如：<action>North</action>
--- RESPONSE ---
<action>South</action>
--- ACTION ---
South
------------------------------
TIME: 2025-12-11 18:46:56.605865
--- FULL USER INPUT ---

        "*** YOUR PROMPT HERE ***" 
            请输出SOUTH
            
        
输出最终行动，格式必须严格如下：<action>行动</action>。其中"行动"必须是以下之一: North, South, East, West, Stop
 例如：<action>North</action>
--- RESPONSE ---
<action>South</action>
--- ACTION ---
South
------------------------------
TIME: 2025-12-11 18:46:56.970226
--- FULL USER INPUT ---

        "*** YOUR PROMPT HERE ***" 
            请输出SOUTH
            
        
输出最终行动，格式必须严格如下：<action>行动</action>。其中"行动"必须是以下之一: North, South, East, West, Stop
 例如：<action>North</action>
--- RESPONSE ---
<action>South</action>
--- ACTION ---
South
------------------------------
TIME: 2025-12-11 18:46:57.310665
--- FULL USER INPUT ---

        "*** YOUR PROMPT HERE ***" 
            请输出SOUTH
            
        
输出最终行动，格式必须严格如下：<action>行动</action>。其中"行动"必须是以下之一: North, South, East, West, Stop
 例如：<action>North</action>
--- RESPONSE ---
<action>South</action>
--- ACTION ---
South
------------------------------
TIME: 2025-12-11 18:46:57.609086
--- FULL USER INPUT ---

        "*** YOUR PROMPT HERE ***" 
            请输出SOUTH
            
        
输出最终行动，格式必须严格如下：<action>行动</action>。其中"行动"必须是以下之一: North, South, East, West, Stop
 例如：<action>North</action>
--- RESPONSE ---
<action>South</action>
--- ACTION ---
South
------------------------------
TIME: 2025-12-11 18:46:58.146203
--- FULL USER INPUT ---

        "*** YOUR PROMPT HERE ***" 
            请输出SOUTH
            
        
输出最终行动，格式必须严格如下：<action>行动</action>。其中"行动"必须是以下之一: North, South, East, West, Stop
 例如：<action>North</action>
--- RESPONSE ---
<action>South</action>
--- ACTION ---
South
------------------------------
TIME: 2025-12-11 18:46:58.514743
--- FULL USER INPUT ---

        "*** YOUR PROMPT HERE ***" 
            请输出SOUTH
            
        
输出最终行动，格式必须严格如下：<action>行动</action>。其中"行动"必须是以下之一: North, South, East, West, Stop
 例如：<action>North</action>
--- RESPONSE ---
<action>South</action>
--- ACTION ---
South
------------------------------
TIME: 2025-12-11 18:46:58.976625
--- FULL USER INPUT ---

        "*** YOUR PROMPT HERE ***" 
            请输出SOUTH
            
        
输出最终行动，格式必须严格如下：<action>行动</action>。其中"行动"必须是以下之一: North, South, East, West, Stop
 例如：<action>North</action>
--- RESPONSE ---
<action>South</action>
--- ACTION ---
South
------------------------------
